#
# There is insufficient memory for the Java Runtime Environment to continue.
# Native memory allocation (mmap) failed to map 92274688 bytes. Error detail: G1 virtual space
# Possible reasons:
#   The system is out of physical RAM or swap space
#   This process is running with CompressedOops enabled, and the Java Heap may be blocking the growth of the native heap
# Possible solutions:
#   Reduce memory load on the system
#   Increase physical memory or swap space
#   Check if swap backing store is full
#   Decrease Java heap size (-Xmx/-Xms)
#   Decrease number of Java threads
#   Decrease Java thread stack sizes (-Xss)
#   Set larger code cache with -XX:ReservedCodeCacheSize=
#   JVM is running with Unscaled Compressed Oops mode in which the Java heap is
#     placed in the first 4GB address space. The Java Heap base address is the
#     maximum limit for the native heap growth. Please use -XX:HeapBaseMinAddress
#     to set the Java Heap base and to place the Java Heap above 4GB virtual address.
# This output file may be truncated or incomplete.
#
#  Out of Memory Error (os_windows.cpp:3825), pid=16584, tid=8188
#
# JRE version: OpenJDK Runtime Environment (17.0.11) (build 17.0.11+0--11852314)
# Java VM: OpenJDK 64-Bit Server VM (17.0.11+0--11852314, mixed mode, tiered, compressed oops, compressed class ptrs, g1 gc, windows-amd64)
# No core dump will be written. Minidumps are not enabled by default on client versions of Windows
#

---------------  S U M M A R Y ------------

Command Line: --add-opens=java.base/java.util=ALL-UNNAMED --add-opens=java.base/java.lang=ALL-UNNAMED --add-opens=java.base/java.lang.invoke=ALL-UNNAMED --add-opens=java.prefs/java.util.prefs=ALL-UNNAMED --add-opens=java.base/java.nio.charset=ALL-UNNAMED --add-opens=java.base/java.net=ALL-UNNAMED --add-opens=java.base/java.util.concurrent.atomic=ALL-UNNAMED -Xmx2048m -Dfile.encoding=UTF-8 -Duser.country=KR -Duser.language=ko -Duser.variant -javaagent:C:\Users\user\.gradle\wrapper\dists\gradle-8.7-bin\bhs2wmbdwecv87pi65oeuq5iu\gradle-8.7\lib\agents\gradle-instrumentation-agent-8.7.jar org.gradle.launcher.daemon.bootstrap.GradleDaemon 8.7

Host: 13th Gen Intel(R) Core(TM) i5-13400, 16 cores, 15G,  Windows 11 , 64 bit Build 22621 (10.0.22621.3958)
Time: Tue Aug 27 12:42:56 2024  Windows 11 , 64 bit Build 22621 (10.0.22621.3958) elapsed time: 3.949077 seconds (0d 0h 0m 3s)

---------------  T H R E A D  ---------------

Current thread (0x000002857f00b470):  VMThread "VM Thread" [stack: 0x000000a5f0400000,0x000000a5f0500000] [id=8188]

Stack: [0x000000a5f0400000,0x000000a5f0500000]
Native frames: (J=compiled Java code, j=interpreted, Vv=VM code, C=native code)
V  [jvm.dll+0x687bb9]
V  [jvm.dll+0x84142a]
V  [jvm.dll+0x8430ae]
V  [jvm.dll+0x843713]
V  [jvm.dll+0x24a35f]
V  [jvm.dll+0x684989]
V  [jvm.dll+0x67923a]
V  [jvm.dll+0x30af0b]
V  [jvm.dll+0x3123b6]
V  [jvm.dll+0x361dfe]
V  [jvm.dll+0x36202f]
V  [jvm.dll+0x2e0d38]
V  [jvm.dll+0x2df144]
V  [jvm.dll+0x2de74c]
V  [jvm.dll+0x32305b]
V  [jvm.dll+0x847e0b]
V  [jvm.dll+0x848b42]
V  [jvm.dll+0x84905d]
V  [jvm.dll+0x849434]
V  [jvm.dll+0x849500]
V  [jvm.dll+0x7efa4a]
V  [jvm.dll+0x686a35]
C  [ucrtbase.dll+0x29333]
C  [KERNEL32.DLL+0x1257d]
C  [ntdll.dll+0x5af28]

VM_Operation (0x000000a5f21f1ca0): G1CollectForAllocation, mode: safepoint, requested by thread 0x000002850fc6f1f0


---------------  P R O C E S S  ---------------

Threads class SMR info:
_java_thread_list=0x0000028512278810, length=72, elements={
0x000002856d2faf10, 0x000002857f05a2c0, 0x000002857f05acf0, 0x000002857f0af170,
0x000002857f0afa40, 0x000002857f0cd7a0, 0x000002857f0ce070, 0x000002857f0d6c80,
0x000002857f0d9ef0, 0x000002857f0da8f0, 0x000002857f1abb90, 0x000002857f215bf0,
0x000002857ac254e0, 0x000002857f322450, 0x000002857f3dc830, 0x000002857f45daa0,
0x000002857f6fe710, 0x0000028510b17ed0, 0x0000028510c8e6b0, 0x00000285106ecb70,
0x00000285109bf030, 0x00000285109bf510, 0x000002850fb718f0, 0x000002850fc6f1f0,
0x000002851082fbd0, 0x000002851082e790, 0x000002851082eca0, 0x00000285108305f0,
0x000002851082f6c0, 0x000002851082f1b0, 0x00000285108300e0, 0x0000028510830b00,
0x0000028510831a30, 0x0000028510831010, 0x0000028510831520, 0x0000028512df3120,
0x0000028512df4a70, 0x0000028510595c10, 0x000002851367f990, 0x0000028512df2c10,
0x0000028512df0db0, 0x0000028512df3b40, 0x0000028512deea40, 0x0000028512df12c0,
0x0000028512deef50, 0x0000028512df0390, 0x0000028512df59a0, 0x0000028512df4050,
0x0000028512def460, 0x0000028512df21f0, 0x0000028512defe80, 0x0000028512df4560,
0x0000028512def970, 0x0000028512df17d0, 0x0000028512df1ce0, 0x0000028512df3630,
0x0000028512df5490, 0x0000028512df5eb0, 0x0000028512df08a0, 0x00000285129309c0,
0x0000028512932820, 0x00000285129313e0, 0x000002851292ffa0, 0x0000028512930ed0,
0x00000285129304b0, 0x000002851292f580, 0x0000028512934680, 0x0000028512932d30,
0x0000028512933c60, 0x00000285129350a0, 0x0000028512934b90, 0x0000028512933240
}

Java Threads: ( => current thread )
  0x000002856d2faf10 JavaThread "main" [_thread_blocked, id=17376, stack(0x000000a5efe00000,0x000000a5eff00000)]
  0x000002857f05a2c0 JavaThread "Reference Handler" daemon [_thread_blocked, id=20388, stack(0x000000a5f0500000,0x000000a5f0600000)]
  0x000002857f05acf0 JavaThread "Finalizer" daemon [_thread_blocked, id=22988, stack(0x000000a5f0600000,0x000000a5f0700000)]
  0x000002857f0af170 JavaThread "Signal Dispatcher" daemon [_thread_blocked, id=20148, stack(0x000000a5f0700000,0x000000a5f0800000)]
  0x000002857f0afa40 JavaThread "Attach Listener" daemon [_thread_blocked, id=16576, stack(0x000000a5f0800000,0x000000a5f0900000)]
  0x000002857f0cd7a0 JavaThread "Service Thread" daemon [_thread_blocked, id=17012, stack(0x000000a5f0900000,0x000000a5f0a00000)]
  0x000002857f0ce070 JavaThread "Monitor Deflation Thread" daemon [_thread_blocked, id=20420, stack(0x000000a5f0a00000,0x000000a5f0b00000)]
  0x000002857f0d6c80 JavaThread "C2 CompilerThread0" daemon [_thread_in_native, id=18796, stack(0x000000a5f0b00000,0x000000a5f0c00000)]
  0x000002857f0d9ef0 JavaThread "C1 CompilerThread0" daemon [_thread_blocked, id=15208, stack(0x000000a5f0c00000,0x000000a5f0d00000)]
  0x000002857f0da8f0 JavaThread "Sweeper thread" daemon [_thread_blocked, id=13700, stack(0x000000a5f0d00000,0x000000a5f0e00000)]
  0x000002857f1abb90 JavaThread "Common-Cleaner" daemon [_thread_blocked, id=17020, stack(0x000000a5f0e00000,0x000000a5f0f00000)]
  0x000002857f215bf0 JavaThread "C1 CompilerThread1" daemon [_thread_blocked, id=10304, stack(0x000000a5f0f00000,0x000000a5f1000000)]
  0x000002857ac254e0 JavaThread "C1 CompilerThread2" daemon [_thread_blocked, id=10532, stack(0x000000a5f1000000,0x000000a5f1100000)]
  0x000002857f322450 JavaThread "C2 CompilerThread1" daemon [_thread_blocked, id=2844, stack(0x000000a5f1100000,0x000000a5f1200000)]
  0x000002857f3dc830 JavaThread "Notification Thread" daemon [_thread_blocked, id=2636, stack(0x000000a5f1200000,0x000000a5f1300000)]
  0x000002857f45daa0 JavaThread "C2 CompilerThread2" daemon [_thread_blocked, id=8508, stack(0x000000a5f1400000,0x000000a5f1500000)]
  0x000002857f6fe710 JavaThread "C1 CompilerThread3" daemon [_thread_blocked, id=7276, stack(0x000000a5f1a00000,0x000000a5f1b00000)]
  0x0000028510b17ed0 JavaThread "Daemon health stats" [_thread_blocked, id=9060, stack(0x000000a5f1b00000,0x000000a5f1c00000)]
  0x0000028510c8e6b0 JavaThread "Incoming local TCP Connector on port 64706" [_thread_in_native, id=18088, stack(0x000000a5f1c00000,0x000000a5f1d00000)]
  0x00000285106ecb70 JavaThread "Daemon periodic checks" [_thread_blocked, id=8384, stack(0x000000a5f1d00000,0x000000a5f1e00000)]
  0x00000285109bf030 JavaThread "Daemon" [_thread_blocked, id=20428, stack(0x000000a5f1e00000,0x000000a5f1f00000)]
  0x00000285109bf510 JavaThread "Handler for socket connection from /127.0.0.1:64706 to /127.0.0.1:64707" [_thread_in_native, id=17640, stack(0x000000a5f1f00000,0x000000a5f2000000)]
  0x000002850fb718f0 JavaThread "Cancel handler" [_thread_blocked, id=20876, stack(0x000000a5f2000000,0x000000a5f2100000)]
  0x000002850fc6f1f0 JavaThread "Daemon worker" [_thread_blocked, id=17604, stack(0x000000a5f2100000,0x000000a5f2200000)]
  0x000002851082fbd0 JavaThread "Asynchronous log dispatcher for DefaultDaemonConnection: socket connection from /127.0.0.1:64706 to /127.0.0.1:64707" [_thread_blocked, id=15196, stack(0x000000a5f2200000,0x000000a5f2300000)]
  0x000002851082e790 JavaThread "Stdin handler" [_thread_blocked, id=7728, stack(0x000000a5f2300000,0x000000a5f2400000)]
  0x000002851082eca0 JavaThread "Daemon client event forwarder" [_thread_blocked, id=7756, stack(0x000000a5f2400000,0x000000a5f2500000)]
  0x00000285108305f0 JavaThread "Cache worker for journal cache (C:\Users\user\.gradle\caches\journal-1)" [_thread_blocked, id=15472, stack(0x000000a5f2e00000,0x000000a5f2f00000)]
  0x000002851082f6c0 JavaThread "File lock request listener" [_thread_in_native, id=10688, stack(0x000000a5f2f00000,0x000000a5f3000000)]
  0x000002851082f1b0 JavaThread "Cache worker for file hash cache (C:\Users\user\.gradle\caches\8.7\fileHashes)" [_thread_blocked, id=12768, stack(0x000000a5f3000000,0x000000a5f3100000)]
  0x00000285108300e0 JavaThread "Cache worker for file hash cache (C:\Users\user\AndroidStudioProjects\MyProject\.gradle\8.7\fileHashes)" [_thread_blocked, id=3420, stack(0x000000a5f3100000,0x000000a5f3200000)]
  0x0000028510830b00 JavaThread "File watcher server" daemon [_thread_blocked, id=2576, stack(0x000000a5f3200000,0x000000a5f3300000)]
  0x0000028510831a30 JavaThread "File watcher consumer" daemon [_thread_blocked, id=16300, stack(0x000000a5f3300000,0x000000a5f3400000)]
  0x0000028510831010 JavaThread "Cache worker for checksums cache (C:\Users\user\AndroidStudioProjects\MyProject\.gradle\8.7\checksums)" [_thread_blocked, id=19380, stack(0x000000a5f3400000,0x000000a5f3500000)]
  0x0000028510831520 JavaThread "Cache worker for cache directory md-supplier (C:\Users\user\.gradle\caches\8.7\md-supplier)" [_thread_blocked, id=8640, stack(0x000000a5f3500000,0x000000a5f3600000)]
  0x0000028512df3120 JavaThread "Cache worker for cache directory md-rule (C:\Users\user\.gradle\caches\8.7\md-rule)" [_thread_blocked, id=24568, stack(0x000000a5f3600000,0x000000a5f3700000)]
  0x0000028512df4a70 JavaThread "Cache worker for file content cache (C:\Users\user\.gradle\caches\8.7\fileContent)" [_thread_blocked, id=7076, stack(0x000000a5f3700000,0x000000a5f3800000)]
  0x0000028510595c10 JavaThread "C2 CompilerThread3" daemon [_thread_blocked, id=24052, stack(0x000000a5f3800000,0x000000a5f3900000)]
  0x000002851367f990 JavaThread "C2 CompilerThread4" daemon [_thread_blocked, id=13988, stack(0x000000a5f3900000,0x000000a5f3a00000)]
  0x0000028512df2c10 JavaThread "Cache worker for Build Output Cleanup Cache (C:\Users\user\AndroidStudioProjects\MyProject\.gradle\buildOutputCleanup)" [_thread_blocked, id=21952, stack(0x000000a5f3b00000,0x000000a5f3c00000)]
  0x0000028512df0db0 JavaThread "Unconstrained build operations" [_thread_blocked, id=24264, stack(0x000000a5f3c00000,0x000000a5f3d00000)]
  0x0000028512df3b40 JavaThread "Unconstrained build operations Thread 2" [_thread_blocked, id=22180, stack(0x000000a5f3d00000,0x000000a5f3e00000)]
  0x0000028512deea40 JavaThread "Unconstrained build operations Thread 3" [_thread_blocked, id=12192, stack(0x000000a5f3e00000,0x000000a5f3f00000)]
  0x0000028512df12c0 JavaThread "Unconstrained build operations Thread 4" [_thread_blocked, id=19952, stack(0x000000a5f3f00000,0x000000a5f4000000)]
  0x0000028512deef50 JavaThread "Unconstrained build operations Thread 5" [_thread_blocked, id=15712, stack(0x000000a5f4000000,0x000000a5f4100000)]
  0x0000028512df0390 JavaThread "Unconstrained build operations Thread 6" [_thread_blocked, id=8096, stack(0x000000a5f4100000,0x000000a5f4200000)]
  0x0000028512df59a0 JavaThread "Unconstrained build operations Thread 7" [_thread_blocked, id=24144, stack(0x000000a5f4200000,0x000000a5f4300000)]
  0x0000028512df4050 JavaThread "Unconstrained build operations Thread 8" [_thread_blocked, id=20312, stack(0x000000a5f4300000,0x000000a5f4400000)]
  0x0000028512def460 JavaThread "Unconstrained build operations Thread 9" [_thread_blocked, id=23776, stack(0x000000a5f4400000,0x000000a5f4500000)]
  0x0000028512df21f0 JavaThread "Unconstrained build operations Thread 10" [_thread_blocked, id=16240, stack(0x000000a5f4500000,0x000000a5f4600000)]
  0x0000028512defe80 JavaThread "Unconstrained build operations Thread 11" [_thread_blocked, id=24128, stack(0x000000a5f4600000,0x000000a5f4700000)]
  0x0000028512df4560 JavaThread "Unconstrained build operations Thread 12" [_thread_blocked, id=23216, stack(0x000000a5f4700000,0x000000a5f4800000)]
  0x0000028512def970 JavaThread "Unconstrained build operations Thread 13" [_thread_blocked, id=10388, stack(0x000000a5f4800000,0x000000a5f4900000)]
  0x0000028512df17d0 JavaThread "Unconstrained build operations Thread 14" [_thread_blocked, id=11824, stack(0x000000a5f4900000,0x000000a5f4a00000)]
  0x0000028512df1ce0 JavaThread "Unconstrained build operations Thread 15" [_thread_blocked, id=9504, stack(0x000000a5f4a00000,0x000000a5f4b00000)]
  0x0000028512df3630 JavaThread "Unconstrained build operations Thread 16" [_thread_blocked, id=10072, stack(0x000000a5f4b00000,0x000000a5f4c00000)]
  0x0000028512df5490 JavaThread "Unconstrained build operations Thread 17" [_thread_blocked, id=3560, stack(0x000000a5f4c00000,0x000000a5f4d00000)]
  0x0000028512df5eb0 JavaThread "Unconstrained build operations Thread 18" [_thread_blocked, id=13184, stack(0x000000a5f4d00000,0x000000a5f4e00000)]
  0x0000028512df08a0 JavaThread "Unconstrained build operations Thread 19" [_thread_blocked, id=7156, stack(0x000000a5f4e00000,0x000000a5f4f00000)]
  0x00000285129309c0 JavaThread "Unconstrained build operations Thread 20" [_thread_blocked, id=8012, stack(0x000000a5f4f00000,0x000000a5f5000000)]
  0x0000028512932820 JavaThread "Unconstrained build operations Thread 21" [_thread_blocked, id=14164, stack(0x000000a5f5000000,0x000000a5f5100000)]
  0x00000285129313e0 JavaThread "Unconstrained build operations Thread 22" [_thread_blocked, id=8540, stack(0x000000a5f5100000,0x000000a5f5200000)]
  0x000002851292ffa0 JavaThread "Unconstrained build operations Thread 23" [_thread_blocked, id=17296, stack(0x000000a5f5200000,0x000000a5f5300000)]
  0x0000028512930ed0 JavaThread "Unconstrained build operations Thread 24" [_thread_blocked, id=17136, stack(0x000000a5f5300000,0x000000a5f5400000)]
  0x00000285129304b0 JavaThread "Unconstrained build operations Thread 25" [_thread_blocked, id=19584, stack(0x000000a5f5400000,0x000000a5f5500000)]
  0x000002851292f580 JavaThread "Unconstrained build operations Thread 26" [_thread_blocked, id=11884, stack(0x000000a5f5500000,0x000000a5f5600000)]
  0x0000028512934680 JavaThread "Unconstrained build operations Thread 27" [_thread_blocked, id=10536, stack(0x000000a5f5600000,0x000000a5f5700000)]
  0x0000028512932d30 JavaThread "Unconstrained build operations Thread 28" [_thread_blocked, id=11660, stack(0x000000a5f5700000,0x000000a5f5800000)]
  0x0000028512933c60 JavaThread "Unconstrained build operations Thread 29" [_thread_blocked, id=7604, stack(0x000000a5f5800000,0x000000a5f5900000)]
  0x00000285129350a0 JavaThread "Unconstrained build operations Thread 30" [_thread_blocked, id=22340, stack(0x000000a5f5900000,0x000000a5f5a00000)]
  0x0000028512934b90 JavaThread "build event listener" [_thread_blocked, id=18612, stack(0x000000a5f5c00000,0x000000a5f5d00000)]
  0x0000028512933240 JavaThread "Memory manager" [_thread_blocked, id=2540, stack(0x000000a5f3a00000,0x000000a5f3b00000)]

Other Threads:
=>0x000002857f00b470 VMThread "VM Thread" [stack: 0x000000a5f0400000,0x000000a5f0500000] [id=8188]
  0x000002857f354a20 WatcherThread [stack: 0x000000a5f1300000,0x000000a5f1400000] [id=13620]
  0x000002856d358f90 GCTaskThread "GC Thread#0" [stack: 0x000000a5eff00000,0x000000a5f0000000] [id=14624]
  0x000002850fccf8b0 GCTaskThread "GC Thread#1" [stack: 0x000000a5f1500000,0x000000a5f1600000] [id=14748]
  0x000002850fccfb70 GCTaskThread "GC Thread#2" [stack: 0x000000a5f1600000,0x000000a5f1700000] [id=7504]
  0x000002850fc1de00 GCTaskThread "GC Thread#3" [stack: 0x000000a5f1700000,0x000000a5f1800000] [id=16848]
  0x000002857f654e70 GCTaskThread "GC Thread#4" [stack: 0x000000a5f1800000,0x000000a5f1900000] [id=12344]
  0x000002857f655130 GCTaskThread "GC Thread#5" [stack: 0x000000a5f1900000,0x000000a5f1a00000] [id=784]
  0x0000028510493d40 GCTaskThread "GC Thread#6" [stack: 0x000000a5f2500000,0x000000a5f2600000] [id=17628]
  0x0000028510292c60 GCTaskThread "GC Thread#7" [stack: 0x000000a5f2600000,0x000000a5f2700000] [id=22440]
  0x000002857f9f0cd0 GCTaskThread "GC Thread#8" [stack: 0x000000a5f2700000,0x000000a5f2800000] [id=9328]
  0x0000028510064510 GCTaskThread "GC Thread#9" [stack: 0x000000a5f2800000,0x000000a5f2900000] [id=20784]
  0x000002850fd1dd10 GCTaskThread "GC Thread#10" [stack: 0x000000a5f2900000,0x000000a5f2a00000] [id=22748]
  0x000002850fef7050 GCTaskThread "GC Thread#11" [stack: 0x000000a5f2a00000,0x000000a5f2b00000] [id=13888]
  0x000002851063d2d0 GCTaskThread "GC Thread#12" [stack: 0x000000a5f2b00000,0x000000a5f2c00000] [id=13848]
  0x000002856d369ee0 ConcurrentGCThread "G1 Main Marker" [stack: 0x000000a5f0000000,0x000000a5f0100000] [id=15740]
  0x000002856d36a900 ConcurrentGCThread "G1 Conc#0" [stack: 0x000000a5f0100000,0x000000a5f0200000] [id=24532]
  0x000002857f612a70 ConcurrentGCThread "G1 Conc#1" [stack: 0x000000a5f2c00000,0x000000a5f2d00000] [id=14552]
  0x000002857f612ff0 ConcurrentGCThread "G1 Conc#2" [stack: 0x000000a5f2d00000,0x000000a5f2e00000] [id=11564]
  0x000002857aaf0ea0 ConcurrentGCThread "G1 Refine#0" [stack: 0x000000a5f0200000,0x000000a5f0300000] [id=10724]
  0x00000285107a8ba0 ConcurrentGCThread "G1 Refine#1" [stack: 0x000000a5f5a00000,0x000000a5f5b00000] [id=2040]
  0x00000285107a9470 ConcurrentGCThread "G1 Refine#2" [stack: 0x000000a5f5b00000,0x000000a5f5c00000] [id=6908]
  0x000002857aaf36f0 ConcurrentGCThread "G1 Service" [stack: 0x000000a5f0300000,0x000000a5f0400000] [id=16416]

Threads with active compile tasks:
C2 CompilerThread0     3957 8238 % !   4       java.util.jar.Attributes::read @ 12 (494 bytes)

VM state: at safepoint (normal execution)

VM Mutex/Monitor currently owned by a thread:  ([mutex/lock_event])
[0x000002856d2f7c90] Threads_lock - owner thread: 0x000002857f00b470
[0x000002856d2f7150] Heap_lock - owner thread: 0x000002850fc6f1f0

Heap address: 0x0000000080000000, size: 2048 MB, Compressed Oops mode: 32-bit

CDS archive(s) not mapped
Compressed class space mapped at: 0x0000000100000000-0x0000000140000000, reserved size: 1073741824
Narrow klass base: 0x0000000000000000, Narrow klass shift: 3, Narrow klass range: 0x140000000

GC Precious Log:
 CPUs: 16 total, 16 available
 Memory: 16060M
 Large Page Support: Disabled
 NUMA Support: Disabled
 Compressed Oops: Enabled (32-bit)
 Heap Region Size: 1M
 Heap Min Capacity: 8M
 Heap Initial Capacity: 252M
 Heap Max Capacity: 2G
 Pre-touch: Disabled
 Parallel Workers: 13
 Concurrent Workers: 3
 Concurrent Refinement Workers: 13
 Periodic GC: Disabled

Heap:
 garbage-first heap   total 111616K, used 65867K [0x0000000080000000, 0x0000000100000000)
  region size 1024K, 4 young (4096K), 4 survivors (4096K)
 Metaspace       used 67558K, committed 68224K, reserved 1114112K
  class space    used 9135K, committed 9472K, reserved 1048576K

Heap Regions: E=young(eden), S=young(survivor), O=old, HS=humongous(starts), HC=humongous(continues), CS=collection set, F=free, OA=open archive, CA=closed archive, TAMS=top-at-mark-start (previous, next)
|   0|0x0000000080000000, 0x0000000080100000, 0x0000000080100000|100%|HS|  |TAMS 0x0000000080100000, 0x0000000080000000| Complete 
|   1|0x0000000080100000, 0x0000000080200000, 0x0000000080200000|100%|HC|  |TAMS 0x0000000080200000, 0x0000000080100000| Complete 
|   2|0x0000000080200000, 0x0000000080300000, 0x0000000080300000|100%|HC|  |TAMS 0x0000000080300000, 0x0000000080200000| Complete 
|   3|0x0000000080300000, 0x0000000080400000, 0x0000000080400000|100%|HC|  |TAMS 0x0000000080400000, 0x0000000080300000| Complete 
|   4|0x0000000080400000, 0x0000000080500000, 0x0000000080500000|100%| O|  |TAMS 0x0000000080500000, 0x0000000080400000| Untracked 
|   5|0x0000000080500000, 0x0000000080600000, 0x0000000080600000|100%| O|  |TAMS 0x0000000080600000, 0x0000000080500000| Untracked 
|   6|0x0000000080600000, 0x0000000080700000, 0x0000000080700000|100%| O|  |TAMS 0x0000000080700000, 0x0000000080600000| Untracked 
|   7|0x0000000080700000, 0x0000000080800000, 0x0000000080800000|100%| O|  |TAMS 0x0000000080800000, 0x0000000080700000| Untracked 
|   8|0x0000000080800000, 0x0000000080900000, 0x0000000080900000|100%| O|  |TAMS 0x0000000080900000, 0x0000000080800000| Untracked 
|   9|0x0000000080900000, 0x0000000080a00000, 0x0000000080a00000|100%| O|  |TAMS 0x0000000080a00000, 0x0000000080900000| Untracked 
|  10|0x0000000080a00000, 0x0000000080a00000, 0x0000000080b00000|  0%| F|  |TAMS 0x0000000080a00000, 0x0000000080a00000| Untracked 
|  11|0x0000000080b00000, 0x0000000080c00000, 0x0000000080c00000|100%| O|  |TAMS 0x0000000080c00000, 0x0000000080b00000| Untracked 
|  12|0x0000000080c00000, 0x0000000080d00000, 0x0000000080d00000|100%| O|  |TAMS 0x0000000080d00000, 0x0000000080c00000| Untracked 
|  13|0x0000000080d00000, 0x0000000080e00000, 0x0000000080e00000|100%| O|  |TAMS 0x0000000080e00000, 0x0000000080d00000| Untracked 
|  14|0x0000000080e00000, 0x0000000080f00000, 0x0000000080f00000|100%| O|  |TAMS 0x0000000080f00000, 0x0000000080e00000| Untracked 
|  15|0x0000000080f00000, 0x0000000080fd6400, 0x0000000081000000| 83%| O|  |TAMS 0x0000000080fd6400, 0x0000000080f00000| Untracked 
|  16|0x0000000081000000, 0x0000000081100000, 0x0000000081100000|100%| O|  |TAMS 0x0000000081100000, 0x0000000081000000| Untracked 
|  17|0x0000000081100000, 0x0000000081200000, 0x0000000081200000|100%| O|  |TAMS 0x0000000081200000, 0x0000000081100000| Untracked 
|  18|0x0000000081200000, 0x0000000081300000, 0x0000000081300000|100%| O|  |TAMS 0x0000000081300000, 0x0000000081200000| Untracked 
|  19|0x0000000081300000, 0x0000000081400000, 0x0000000081400000|100%| O|  |TAMS 0x0000000081400000, 0x0000000081300000| Untracked 
|  20|0x0000000081400000, 0x0000000081500000, 0x0000000081500000|100%| O|  |TAMS 0x0000000081500000, 0x0000000081400000| Untracked 
|  21|0x0000000081500000, 0x0000000081600000, 0x0000000081600000|100%| O|  |TAMS 0x0000000081600000, 0x0000000081500000| Untracked 
|  22|0x0000000081600000, 0x0000000081700000, 0x0000000081700000|100%| O|  |TAMS 0x0000000081700000, 0x0000000081600000| Untracked 
|  23|0x0000000081700000, 0x0000000081800000, 0x0000000081800000|100%| O|  |TAMS 0x0000000081800000, 0x0000000081700000| Untracked 
|  24|0x0000000081800000, 0x0000000081900000, 0x0000000081900000|100%| O|  |TAMS 0x0000000081900000, 0x0000000081800000| Untracked 
|  25|0x0000000081900000, 0x0000000081a00000, 0x0000000081a00000|100%| O|  |TAMS 0x0000000081a00000, 0x0000000081900000| Untracked 
|  26|0x0000000081a00000, 0x0000000081affff8, 0x0000000081b00000| 99%| O|  |TAMS 0x0000000081affff8, 0x0000000081a00000| Untracked 
|  27|0x0000000081b00000, 0x0000000081c00000, 0x0000000081c00000|100%| O|  |TAMS 0x0000000081c00000, 0x0000000081b00000| Untracked 
|  28|0x0000000081c00000, 0x0000000081d00000, 0x0000000081d00000|100%| O|  |TAMS 0x0000000081d00000, 0x0000000081c00000| Untracked 
|  29|0x0000000081d00000, 0x0000000081e00000, 0x0000000081e00000|100%| O|  |TAMS 0x0000000081e00000, 0x0000000081d00000| Untracked 
|  30|0x0000000081e00000, 0x0000000081f00000, 0x0000000081f00000|100%| O|  |TAMS 0x0000000081f00000, 0x0000000081e00000| Untracked 
|  31|0x0000000081f00000, 0x0000000082000000, 0x0000000082000000|100%| O|  |TAMS 0x0000000082000000, 0x0000000081f00000| Untracked 
|  32|0x0000000082000000, 0x0000000082100000, 0x0000000082100000|100%|HS|  |TAMS 0x0000000082100000, 0x0000000082000000| Complete 
|  33|0x0000000082100000, 0x0000000082200000, 0x0000000082200000|100%| O|  |TAMS 0x0000000082200000, 0x0000000082100000| Complete 
|  34|0x0000000082200000, 0x0000000082300000, 0x0000000082300000|100%| O|  |TAMS 0x0000000082300000, 0x0000000082200000| Untracked 
|  35|0x0000000082300000, 0x0000000082400000, 0x0000000082400000|100%| O|  |TAMS 0x0000000082400000, 0x0000000082300000| Untracked 
|  36|0x0000000082400000, 0x0000000082500000, 0x0000000082500000|100%| O|  |TAMS 0x0000000082500000, 0x0000000082400000| Untracked 
|  37|0x0000000082500000, 0x0000000082600000, 0x0000000082600000|100%| O|  |TAMS 0x0000000082600000, 0x0000000082500000| Untracked 
|  38|0x0000000082600000, 0x0000000082700000, 0x0000000082700000|100%| O|  |TAMS 0x0000000082700000, 0x0000000082600000| Untracked 
|  39|0x0000000082700000, 0x0000000082800000, 0x0000000082800000|100%| O|  |TAMS 0x0000000082800000, 0x0000000082700000| Untracked 
|  40|0x0000000082800000, 0x0000000082900000, 0x0000000082900000|100%| O|  |TAMS 0x0000000082900000, 0x0000000082800000| Untracked 
|  41|0x0000000082900000, 0x0000000082a00000, 0x0000000082a00000|100%| O|  |TAMS 0x0000000082a00000, 0x0000000082900000| Untracked 
|  42|0x0000000082a00000, 0x0000000082b00000, 0x0000000082b00000|100%| O|  |TAMS 0x0000000082b00000, 0x0000000082a00000| Untracked 
|  43|0x0000000082b00000, 0x0000000082c00000, 0x0000000082c00000|100%|HS|  |TAMS 0x0000000082c00000, 0x0000000082b00000| Complete 
|  44|0x0000000082c00000, 0x0000000082d00000, 0x0000000082d00000|100%|HS|  |TAMS 0x0000000082d00000, 0x0000000082c00000| Complete 
|  45|0x0000000082d00000, 0x0000000082e00000, 0x0000000082e00000|100%|HS|  |TAMS 0x0000000082e00000, 0x0000000082d00000| Complete 
|  46|0x0000000082e00000, 0x0000000082f00000, 0x0000000082f00000|100%|HC|  |TAMS 0x0000000082f00000, 0x0000000082e00000| Complete 
|  47|0x0000000082f00000, 0x0000000083000000, 0x0000000083000000|100%|HS|  |TAMS 0x0000000083000000, 0x0000000082f00000| Complete 
|  48|0x0000000083000000, 0x0000000083100000, 0x0000000083100000|100%|HS|  |TAMS 0x0000000083100000, 0x0000000083000000| Complete 
|  49|0x0000000083100000, 0x0000000083200000, 0x0000000083200000|100%|HC|  |TAMS 0x0000000083200000, 0x0000000083100000| Complete 
|  50|0x0000000083200000, 0x0000000083300000, 0x0000000083300000|100%|HC|  |TAMS 0x0000000083300000, 0x0000000083200000| Complete 
|  51|0x0000000083300000, 0x0000000083400000, 0x0000000083400000|100%|HC|  |TAMS 0x0000000083400000, 0x0000000083300000| Complete 
|  52|0x0000000083400000, 0x0000000083500000, 0x0000000083500000|100%|HS|  |TAMS 0x0000000083500000, 0x0000000083400000| Complete 
|  53|0x0000000083500000, 0x0000000083600000, 0x0000000083600000|100%| O|  |TAMS 0x0000000083600000, 0x0000000083500000| Untracked 
|  54|0x0000000083600000, 0x0000000083700000, 0x0000000083700000|100%|HS|  |TAMS 0x0000000083700000, 0x0000000083600000| Complete 
|  55|0x0000000083700000, 0x0000000083800000, 0x0000000083800000|100%| O|  |TAMS 0x0000000083800000, 0x0000000083700000| Untracked 
|  56|0x0000000083800000, 0x000000008387a600, 0x0000000083900000| 47%| O|  |TAMS 0x000000008387a408, 0x0000000083800000| Untracked 
|  57|0x0000000083900000, 0x0000000083900000, 0x0000000083a00000|  0%| F|  |TAMS 0x0000000083900000, 0x0000000083900000| Untracked 
|  58|0x0000000083a00000, 0x0000000083a00000, 0x0000000083b00000|  0%| F|  |TAMS 0x0000000083a00000, 0x0000000083a00000| Untracked 
|  59|0x0000000083b00000, 0x0000000083b00000, 0x0000000083c00000|  0%| F|  |TAMS 0x0000000083b00000, 0x0000000083b00000| Untracked 
|  60|0x0000000083c00000, 0x0000000083d00000, 0x0000000083d00000|100%| O|  |TAMS 0x0000000083d00000, 0x0000000083c00000| Untracked 
|  61|0x0000000083d00000, 0x0000000083e00000, 0x0000000083e00000|100%| O|  |TAMS 0x0000000083e00000, 0x0000000083d00000| Untracked 
|  62|0x0000000083e00000, 0x0000000083f00000, 0x0000000083f00000|100%| O|  |TAMS 0x0000000083f00000, 0x0000000083e00000| Untracked 
|  63|0x0000000083f00000, 0x0000000084000000, 0x0000000084000000|100%| O|  |TAMS 0x0000000084000000, 0x0000000083f00000| Untracked 
|  64|0x0000000084000000, 0x0000000084000000, 0x0000000084100000|  0%| F|  |TAMS 0x0000000084000000, 0x0000000084000000| Untracked 
|  65|0x0000000084100000, 0x0000000084100000, 0x0000000084200000|  0%| F|  |TAMS 0x0000000084100000, 0x0000000084100000| Untracked 
|  66|0x0000000084200000, 0x0000000084200000, 0x0000000084300000|  0%| F|  |TAMS 0x0000000084200000, 0x0000000084200000| Untracked 
|  67|0x0000000084300000, 0x0000000084300000, 0x0000000084400000|  0%| F|  |TAMS 0x0000000084300000, 0x0000000084300000| Untracked 
|  68|0x0000000084400000, 0x0000000084400000, 0x0000000084500000|  0%| F|  |TAMS 0x0000000084400000, 0x0000000084400000| Untracked 
|  69|0x0000000084500000, 0x0000000084500000, 0x0000000084600000|  0%| F|  |TAMS 0x0000000084500000, 0x0000000084500000| Untracked 
|  70|0x0000000084600000, 0x0000000084600000, 0x0000000084700000|  0%| F|  |TAMS 0x0000000084600000, 0x0000000084600000| Untracked 
|  71|0x0000000084700000, 0x0000000084700000, 0x0000000084800000|  0%| F|  |TAMS 0x0000000084700000, 0x0000000084700000| Untracked 
|  72|0x0000000084800000, 0x0000000084800000, 0x0000000084900000|  0%| F|  |TAMS 0x0000000084800000, 0x0000000084800000| Untracked 
|  73|0x0000000084900000, 0x0000000084900000, 0x0000000084a00000|  0%| F|  |TAMS 0x0000000084900000, 0x0000000084900000| Untracked 
|  74|0x0000000084a00000, 0x0000000084a00000, 0x0000000084b00000|  0%| F|  |TAMS 0x0000000084a00000, 0x0000000084a00000| Untracked 
|  75|0x0000000084b00000, 0x0000000084b02328, 0x0000000084c00000|  0%| S|CS|TAMS 0x0000000084b00000, 0x0000000084b00000| Complete 
|  76|0x0000000084c00000, 0x0000000084d00000, 0x0000000084d00000|100%| S|CS|TAMS 0x0000000084c00000, 0x0000000084c00000| Complete 
|  77|0x0000000084d00000, 0x0000000084e00000, 0x0000000084e00000|100%| S|CS|TAMS 0x0000000084d00000, 0x0000000084d00000| Complete 
|  78|0x0000000084e00000, 0x0000000084f00000, 0x0000000084f00000|100%| S|CS|TAMS 0x0000000084e00000, 0x0000000084e00000| Complete 
|  79|0x0000000084f00000, 0x0000000084f00000, 0x0000000085000000|  0%| F|  |TAMS 0x0000000084f00000, 0x0000000084f00000| Untracked 
|  80|0x0000000085000000, 0x0000000085000000, 0x0000000085100000|  0%| F|  |TAMS 0x0000000085000000, 0x0000000085000000| Untracked 
|  81|0x0000000085100000, 0x0000000085100000, 0x0000000085200000|  0%| F|  |TAMS 0x0000000085100000, 0x0000000085100000| Untracked 
|  82|0x0000000085200000, 0x0000000085200000, 0x0000000085300000|  0%| F|  |TAMS 0x0000000085200000, 0x0000000085200000| Untracked 
|  83|0x0000000085300000, 0x0000000085300000, 0x0000000085400000|  0%| F|  |TAMS 0x0000000085300000, 0x0000000085300000| Untracked 
|  84|0x0000000085400000, 0x0000000085400000, 0x0000000085500000|  0%| F|  |TAMS 0x0000000085400000, 0x0000000085400000| Untracked 
|  85|0x0000000085500000, 0x0000000085500000, 0x0000000085600000|  0%| F|  |TAMS 0x0000000085500000, 0x0000000085500000| Untracked 
|  86|0x0000000085600000, 0x0000000085600000, 0x0000000085700000|  0%| F|  |TAMS 0x0000000085600000, 0x0000000085600000| Untracked 
|  87|0x0000000085700000, 0x0000000085700000, 0x0000000085800000|  0%| F|  |TAMS 0x0000000085700000, 0x0000000085700000| Untracked 
|  88|0x0000000085800000, 0x0000000085800000, 0x0000000085900000|  0%| F|  |TAMS 0x0000000085800000, 0x0000000085800000| Untracked 
|  89|0x0000000085900000, 0x0000000085900000, 0x0000000085a00000|  0%| F|  |TAMS 0x0000000085900000, 0x0000000085900000| Untracked 
|  90|0x0000000085a00000, 0x0000000085a00000, 0x0000000085b00000|  0%| F|  |TAMS 0x0000000085a00000, 0x0000000085a00000| Untracked 
|  91|0x0000000085b00000, 0x0000000085b00000, 0x0000000085c00000|  0%| F|  |TAMS 0x0000000085b00000, 0x0000000085b00000| Untracked 
|  92|0x0000000085c00000, 0x0000000085c00000, 0x0000000085d00000|  0%| F|  |TAMS 0x0000000085c00000, 0x0000000085c00000| Untracked 
|  93|0x0000000085d00000, 0x0000000085d00000, 0x0000000085e00000|  0%| F|  |TAMS 0x0000000085d00000, 0x0000000085d00000| Untracked 
|  94|0x0000000085e00000, 0x0000000085e00000, 0x0000000085f00000|  0%| F|  |TAMS 0x0000000085e00000, 0x0000000085e00000| Untracked 
|  95|0x0000000085f00000, 0x0000000085f00000, 0x0000000086000000|  0%| F|  |TAMS 0x0000000085f00000, 0x0000000085f00000| Untracked 
|  96|0x0000000086000000, 0x0000000086000000, 0x0000000086100000|  0%| F|  |TAMS 0x0000000086000000, 0x0000000086000000| Untracked 
|  97|0x0000000086100000, 0x0000000086100000, 0x0000000086200000|  0%| F|  |TAMS 0x0000000086100000, 0x0000000086100000| Untracked 
|  98|0x0000000086200000, 0x0000000086200000, 0x0000000086300000|  0%| F|  |TAMS 0x0000000086200000, 0x0000000086200000| Untracked 
|  99|0x0000000086300000, 0x0000000086300000, 0x0000000086400000|  0%| F|  |TAMS 0x0000000086300000, 0x0000000086300000| Untracked 
| 100|0x0000000086400000, 0x0000000086400000, 0x0000000086500000|  0%| F|  |TAMS 0x0000000086400000, 0x0000000086400000| Untracked 
| 101|0x0000000086500000, 0x0000000086500000, 0x0000000086600000|  0%| F|  |TAMS 0x0000000086500000, 0x0000000086500000| Untracked 
| 190|0x000000008be00000, 0x000000008be00000, 0x000000008bf00000|  0%| F|  |TAMS 0x000000008be00000, 0x000000008be00000| Untracked 
| 191|0x000000008bf00000, 0x000000008bf00000, 0x000000008c000000|  0%| F|  |TAMS 0x000000008bf00000, 0x000000008bf00000| Untracked 
| 192|0x000000008c000000, 0x000000008c000000, 0x000000008c100000|  0%| F|  |TAMS 0x000000008c000000, 0x000000008c000000| Untracked 
| 193|0x000000008c100000, 0x000000008c100000, 0x000000008c200000|  0%| F|  |TAMS 0x000000008c100000, 0x000000008c100000| Untracked 
| 251|0x000000008fb00000, 0x000000008fb00000, 0x000000008fc00000|  0%| F|  |TAMS 0x000000008fb00000, 0x000000008fb00000| Untracked 
|2046|0x00000000ffe00000, 0x00000000fff00000, 0x00000000fff00000|100%| O|  |TAMS 0x00000000fff00000, 0x00000000ffe00000| Untracked 
|2047|0x00000000fff00000, 0x0000000100000000, 0x0000000100000000|100%| O|  |TAMS 0x0000000100000000, 0x00000000fff00000| Untracked 

Card table byte_map: [0x0000028573380000,0x0000028573780000] _byte_map_base: 0x0000028572f80000

Marking Bits (Prev, Next): (CMBitMap*) 0x000002856d3595f0, (CMBitMap*) 0x000002856d3595b0
 Prev Bits: [0x0000028575b80000, 0x0000028577b80000)
 Next Bits: [0x0000028573b80000, 0x0000028575b80000)

Polling page: 0x000002856d3b0000

Metaspace:

Usage:
  Non-class:     57.05 MB used.
      Class:      8.92 MB used.
       Both:     65.97 MB used.

Virtual space:
  Non-class space:       64.00 MB reserved,      57.38 MB ( 90%) committed,  1 nodes.
      Class space:        1.00 GB reserved,       9.25 MB ( <1%) committed,  1 nodes.
             Both:        1.06 GB reserved,      66.62 MB (  6%) committed. 

Chunk freelists:
   Non-Class:  6.19 MB
       Class:  6.61 MB
        Both:  12.80 MB

MaxMetaspaceSize: unlimited
CompressedClassSpaceSize: 1.00 GB
Initial GC threshold: 21.00 MB
Current GC threshold: 105.56 MB
CDS: off
MetaspaceReclaimPolicy: balanced
 - commit_granule_bytes: 65536.
 - commit_granule_words: 8192.
 - virtual_space_node_default_size: 8388608.
 - enlarge_chunks_in_place: 1.
 - new_chunks_are_fully_committed: 0.
 - uncommit_free_chunks: 1.
 - use_allocation_guard: 0.
 - handle_deallocations: 1.


Internal statistics:

num_allocs_failed_limit: 6.
num_arena_births: 778.
num_arena_deaths: 0.
num_vsnodes_births: 2.
num_vsnodes_deaths: 0.
num_space_committed: 1066.
num_space_uncommitted: 0.
num_chunks_returned_to_freelist: 6.
num_chunks_taken_from_freelist: 3138.
num_chunk_merges: 6.
num_chunk_splits: 2041.
num_chunks_enlarged: 1325.
num_inconsistent_stats: 0.

CodeHeap 'non-profiled nmethods': size=119168Kb used=3978Kb max_used=3978Kb free=115189Kb
 bounds [0x0000028507ba0000, 0x0000028507f90000, 0x000002850f000000]
CodeHeap 'profiled nmethods': size=119104Kb used=14391Kb max_used=14391Kb free=104712Kb
 bounds [0x0000028500000000, 0x0000028500e10000, 0x0000028507450000]
CodeHeap 'non-nmethods': size=7488Kb used=3343Kb max_used=3407Kb free=4144Kb
 bounds [0x0000028507450000, 0x00000285077b0000, 0x0000028507ba0000]
 total_blobs=8265 nmethods=7531 adapters=643
 compilation: enabled
              stopped_count=0, restarted_count=0
 full_count=0

Compilation events (20 events):
Event: 3.942 Thread 0x000002857f0d9ef0 nmethod 8265 0x0000028500e08e90 code [0x0000028500e09040, 0x0000028500e091d8]
Event: 3.942 Thread 0x000002857f215bf0 nmethod 8267 0x0000028500e09290 code [0x0000028500e09440, 0x0000028500e097b8]
Event: 3.942 Thread 0x000002857f45daa0 8268 %     4       java.math.BigInteger::implMulAdd @ 24 (81 bytes)
Event: 3.943 Thread 0x000002857f6fe710 nmethod 8266 0x0000028500e09910 code [0x0000028500e09da0, 0x0000028500e0b858]
Event: 3.943 Thread 0x000002851367f990 nmethod 8262 0x0000028507f81490 code [0x0000028507f81620, 0x0000028507f81b18]
Event: 3.943 Thread 0x000002857f45daa0 nmethod 8268% 0x0000028507f81d90 code [0x0000028507f81f20, 0x0000028507f820d8]
Event: 3.944 Thread 0x000002857f45daa0 8269       4       java.math.BigInteger::implMulAdd (81 bytes)
Event: 3.945 Thread 0x000002857f322450 8270       4       java.lang.Character::isWhitespace (5 bytes)
Event: 3.945 Thread 0x000002857f215bf0 8271       3       sun.security.util.DerValue::isPrintableStringChar (184 bytes)
Event: 3.945 Thread 0x000002857f6fe710 8272       3       java.util.Arrays::hashCode (44 bytes)
Event: 3.945 Thread 0x000002857f6fe710 nmethod 8272 0x0000028500e0c210 code [0x0000028500e0c3c0, 0x0000028500e0c5d8]
Event: 3.945 Thread 0x000002857f215bf0 nmethod 8271 0x0000028500e0c710 code [0x0000028500e0c8c0, 0x0000028500e0ce58]
Event: 3.945 Thread 0x000002857f322450 nmethod 8270 0x0000028507f82290 code [0x0000028507f82420, 0x0000028507f82518]
Event: 3.946 Thread 0x000002857f45daa0 nmethod 8269 0x0000028507f82690 code [0x0000028507f82800, 0x0000028507f82a98]
Event: 3.946 Thread 0x000002857f0d9ef0 8273       3       java.math.BigInteger::bitLengthForInt (8 bytes)
Event: 3.946 Thread 0x000002857f0d9ef0 nmethod 8273 0x0000028500e0cf10 code [0x0000028500e0d0a0, 0x0000028500e0d1c8]
Event: 3.946 Thread 0x000002857f0d9ef0 8274       3       java.math.MutableBigInteger::compare (106 bytes)
Event: 3.946 Thread 0x000002857ac254e0 8275       3       java.lang.Integer::numberOfTrailingZeros (80 bytes)
Event: 3.947 Thread 0x000002857f0d9ef0 nmethod 8274 0x0000028500e0d290 code [0x0000028500e0d460, 0x0000028500e0d838]
Event: 3.947 Thread 0x000002857ac254e0 nmethod 8275 0x0000028500e0da10 code [0x0000028500e0dbc0, 0x0000028500e0de38]

GC Heap History (20 events):
Event: 2.864 GC heap after
{Heap after GC invocations=13 (full 0):
 garbage-first heap   total 89088K, used 35442K [0x0000000080000000, 0x0000000100000000)
  region size 1024K, 5 young (5120K), 5 survivors (5120K)
 Metaspace       used 55014K, committed 55552K, reserved 1114112K
  class space    used 7522K, committed 7808K, reserved 1048576K
}
Event: 3.127 GC heap before
{Heap before GC invocations=13 (full 0):
 garbage-first heap   total 89088K, used 69234K [0x0000000080000000, 0x0000000100000000)
  region size 1024K, 39 young (39936K), 5 survivors (5120K)
 Metaspace       used 57013K, committed 57600K, reserved 1114112K
  class space    used 7770K, committed 8064K, reserved 1048576K
}
Event: 3.129 GC heap after
{Heap after GC invocations=14 (full 0):
 garbage-first heap   total 89088K, used 40349K [0x0000000080000000, 0x0000000100000000)
  region size 1024K, 5 young (5120K), 5 survivors (5120K)
 Metaspace       used 57013K, committed 57600K, reserved 1114112K
  class space    used 7770K, committed 8064K, reserved 1048576K
}
Event: 3.204 GC heap before
{Heap before GC invocations=14 (full 0):
 garbage-first heap   total 89088K, used 67997K [0x0000000080000000, 0x0000000100000000)
  region size 1024K, 33 young (33792K), 5 survivors (5120K)
 Metaspace       used 57282K, committed 57856K, reserved 1114112K
  class space    used 7772K, committed 8064K, reserved 1048576K
}
Event: 3.206 GC heap after
{Heap after GC invocations=15 (full 0):
 garbage-first heap   total 89088K, used 42764K [0x0000000080000000, 0x0000000100000000)
  region size 1024K, 4 young (4096K), 4 survivors (4096K)
 Metaspace       used 57282K, committed 57856K, reserved 1114112K
  class space    used 7772K, committed 8064K, reserved 1048576K
}
Event: 3.247 GC heap before
{Heap before GC invocations=15 (full 0):
 garbage-first heap   total 89088K, used 48908K [0x0000000080000000, 0x0000000100000000)
  region size 1024K, 11 young (11264K), 4 survivors (4096K)
 Metaspace       used 57540K, committed 58176K, reserved 1114112K
  class space    used 7809K, committed 8128K, reserved 1048576K
}
Event: 3.249 GC heap after
{Heap after GC invocations=16 (full 0):
 garbage-first heap   total 89088K, used 43487K [0x0000000080000000, 0x0000000100000000)
  region size 1024K, 1 young (1024K), 1 survivors (1024K)
 Metaspace       used 57540K, committed 58176K, reserved 1114112K
  class space    used 7809K, committed 8128K, reserved 1048576K
}
Event: 3.404 GC heap before
{Heap before GC invocations=17 (full 0):
 garbage-first heap   total 89088K, used 80351K [0x0000000080000000, 0x0000000100000000)
  region size 1024K, 27 young (27648K), 1 survivors (1024K)
 Metaspace       used 58905K, committed 59520K, reserved 1114112K
  class space    used 8023K, committed 8320K, reserved 1048576K
}
Event: 3.406 GC heap after
{Heap after GC invocations=18 (full 0):
 garbage-first heap   total 91136K, used 61485K [0x0000000080000000, 0x0000000100000000)
  region size 1024K, 4 young (4096K), 4 survivors (4096K)
 Metaspace       used 58905K, committed 59520K, reserved 1114112K
  class space    used 8023K, committed 8320K, reserved 1048576K
}
Event: 3.411 GC heap before
{Heap before GC invocations=18 (full 0):
 garbage-first heap   total 91136K, used 62509K [0x0000000080000000, 0x0000000100000000)
  region size 1024K, 5 young (5120K), 4 survivors (4096K)
 Metaspace       used 58971K, committed 59584K, reserved 1114112K
  class space    used 8027K, committed 8320K, reserved 1048576K
}
Event: 3.413 GC heap after
{Heap after GC invocations=19 (full 0):
 garbage-first heap   total 109568K, used 61333K [0x0000000080000000, 0x0000000100000000)
  region size 1024K, 1 young (1024K), 1 survivors (1024K)
 Metaspace       used 58971K, committed 59584K, reserved 1114112K
  class space    used 8027K, committed 8320K, reserved 1048576K
}
Event: 3.419 GC heap before
{Heap before GC invocations=19 (full 0):
 garbage-first heap   total 109568K, used 61333K [0x0000000080000000, 0x0000000100000000)
  region size 1024K, 2 young (2048K), 1 survivors (1024K)
 Metaspace       used 59016K, committed 59648K, reserved 1114112K
  class space    used 8031K, committed 8320K, reserved 1048576K
}
Event: 3.419 GC heap after
{Heap after GC invocations=20 (full 0):
 garbage-first heap   total 109568K, used 61265K [0x0000000080000000, 0x0000000100000000)
  region size 1024K, 1 young (1024K), 1 survivors (1024K)
 Metaspace       used 59016K, committed 59648K, reserved 1114112K
  class space    used 8031K, committed 8320K, reserved 1048576K
}
Event: 3.566 GC heap before
{Heap before GC invocations=21 (full 0):
 garbage-first heap   total 111616K, used 86865K [0x0000000080000000, 0x0000000100000000)
  region size 1024K, 25 young (25600K), 1 survivors (1024K)
 Metaspace       used 60953K, committed 61568K, reserved 1114112K
  class space    used 8306K, committed 8576K, reserved 1048576K
}
Event: 3.567 GC heap after
{Heap after GC invocations=22 (full 0):
 garbage-first heap   total 111616K, used 62921K [0x0000000080000000, 0x0000000100000000)
  region size 1024K, 1 young (1024K), 1 survivors (1024K)
 Metaspace       used 60953K, committed 61568K, reserved 1114112K
  class space    used 8306K, committed 8576K, reserved 1048576K
}
Event: 3.598 GC heap before
{Heap before GC invocations=22 (full 0):
 garbage-first heap   total 111616K, used 67017K [0x0000000080000000, 0x0000000100000000)
  region size 1024K, 5 young (5120K), 1 survivors (1024K)
 Metaspace       used 61300K, committed 61952K, reserved 1114112K
  class space    used 8340K, committed 8640K, reserved 1048576K
}
Event: 3.600 GC heap after
{Heap after GC invocations=23 (full 0):
 garbage-first heap   total 111616K, used 63067K [0x0000000080000000, 0x0000000100000000)
  region size 1024K, 1 young (1024K), 1 survivors (1024K)
 Metaspace       used 61300K, committed 61952K, reserved 1114112K
  class space    used 8340K, committed 8640K, reserved 1048576K
}
Event: 3.749 GC heap before
{Heap before GC invocations=23 (full 0):
 garbage-first heap   total 111616K, used 87643K [0x0000000080000000, 0x0000000100000000)
  region size 1024K, 26 young (26624K), 1 survivors (1024K)
 Metaspace       used 64044K, committed 64576K, reserved 1114112K
  class space    used 8633K, committed 8896K, reserved 1048576K
}
Event: 3.750 GC heap after
{Heap after GC invocations=24 (full 0):
 garbage-first heap   total 111616K, used 63529K [0x0000000080000000, 0x0000000100000000)
  region size 1024K, 1 young (1024K), 1 survivors (1024K)
 Metaspace       used 64044K, committed 64576K, reserved 1114112K
  class space    used 8633K, committed 8896K, reserved 1048576K
}
Event: 3.947 GC heap before
{Heap before GC invocations=25 (full 0):
 garbage-first heap   total 111616K, used 91177K [0x0000000080000000, 0x0000000100000000)
  region size 1024K, 28 young (28672K), 1 survivors (1024K)
 Metaspace       used 67558K, committed 68224K, reserved 1114112K
  class space    used 9135K, committed 9472K, reserved 1048576K
}

Dll operation events (3 events):
Event: 0.004 Loaded shared library C:\Program Files\Android\Android Studio\jbr\bin\java.dll
Event: 0.077 Loaded shared library C:\Program Files\Android\Android Studio\jbr\bin\zip.dll
Event: 0.231 Loaded shared library C:\Program Files\Android\Android Studio\jbr\bin\verify.dll

Deoptimization events (20 events):
Event: 3.937 Thread 0x000002850fc6f1f0 DEOPT PACKING pc=0x0000028507c21a10 sp=0x000000a5f21f0000
Event: 3.937 Thread 0x000002850fc6f1f0 DEOPT UNPACKING pc=0x00000285074a69a3 sp=0x000000a5f21efec8 mode 2
Event: 3.944 Thread 0x000002850fc6f1f0 DEOPT PACKING pc=0x0000028500e08c80 sp=0x000000a5f21f1a90
Event: 3.944 Thread 0x000002850fc6f1f0 DEOPT UNPACKING pc=0x00000285074a7143 sp=0x000000a5f21f0ee8 mode 0
Event: 3.944 Thread 0x000002850fc6f1f0 DEOPT PACKING pc=0x0000028500e08c80 sp=0x000000a5f21f1a90
Event: 3.944 Thread 0x000002850fc6f1f0 DEOPT UNPACKING pc=0x00000285074a7143 sp=0x000000a5f21f0ee8 mode 0
Event: 3.944 Thread 0x000002850fc6f1f0 DEOPT PACKING pc=0x0000028500e08c80 sp=0x000000a5f21f1a00
Event: 3.944 Thread 0x000002850fc6f1f0 DEOPT UNPACKING pc=0x00000285074a7143 sp=0x000000a5f21f0e58 mode 0
Event: 3.944 Thread 0x000002850fc6f1f0 DEOPT PACKING pc=0x0000028500e08c80 sp=0x000000a5f21f1a90
Event: 3.944 Thread 0x000002850fc6f1f0 DEOPT UNPACKING pc=0x00000285074a7143 sp=0x000000a5f21f0ee8 mode 0
Event: 3.944 Thread 0x000002850fc6f1f0 DEOPT PACKING pc=0x0000028500e08c80 sp=0x000000a5f21f1a90
Event: 3.944 Thread 0x000002850fc6f1f0 DEOPT UNPACKING pc=0x00000285074a7143 sp=0x000000a5f21f0ee8 mode 0
Event: 3.944 Thread 0x000002850fc6f1f0 DEOPT PACKING pc=0x0000028500e08c80 sp=0x000000a5f21f1a80
Event: 3.944 Thread 0x000002850fc6f1f0 DEOPT UNPACKING pc=0x00000285074a7143 sp=0x000000a5f21f0ed8 mode 0
Event: 3.944 Thread 0x000002850fc6f1f0 DEOPT PACKING pc=0x0000028500e08c80 sp=0x000000a5f21f1a80
Event: 3.944 Thread 0x000002850fc6f1f0 DEOPT UNPACKING pc=0x00000285074a7143 sp=0x000000a5f21f0ed8 mode 0
Event: 3.944 Thread 0x000002850fc6f1f0 DEOPT PACKING pc=0x0000028500e08c80 sp=0x000000a5f21f1ba0
Event: 3.944 Thread 0x000002850fc6f1f0 DEOPT UNPACKING pc=0x00000285074a7143 sp=0x000000a5f21f0ff8 mode 0
Event: 3.944 Thread 0x000002850fc6f1f0 DEOPT PACKING pc=0x0000028500e08c80 sp=0x000000a5f21f1ba0
Event: 3.944 Thread 0x000002850fc6f1f0 DEOPT UNPACKING pc=0x00000285074a7143 sp=0x000000a5f21f0ff8 mode 0

Classes unloaded (0 events):
No events

Classes redefined (0 events):
No events

Internal exceptions (20 events):
Event: 2.890 Thread 0x000002850fc6f1f0 Exception <a 'java/lang/NoSuchMethodError'{0x000000008bf85158}: 'void java.lang.invoke.DirectMethodHandle$Holder.invokeStatic(java.lang.Object, java.lang.Object, java.lang.Object, int, java.lang.Object)'> (0x000000008bf85158) 
thrown [s\src\hotspot\share\interpreter\linkResolver.cpp, line 771]
Event: 3.082 Thread 0x000002850fc6f1f0 Exception <a 'java/lang/NoSuchMethodError'{0x0000000083e7cce0}: 'java.lang.Object java.lang.invoke.DirectMethodHandle$Holder.newInvokeSpecial(java.lang.Object, java.lang.Object, java.lang.Object, java.lang.Object, int, java.lang.Object)'> (0x0000000083e7cce0) 
thrown [s\src\hotspot\share\interpreter\linkResolver.cpp, line 771]
Event: 3.082 Thread 0x000002850fc6f1f0 Exception <a 'java/lang/NoSuchMethodError'{0x0000000083e82230}: 'java.lang.Object java.lang.invoke.Invokers$Holder.linkToTargetMethod(java.lang.Object, java.lang.Object, java.lang.Object, int, java.lang.Object, java.lang.Object)'> (0x0000000083e82230) 
thrown [s\src\hotspot\share\interpreter\linkResolver.cpp, line 771]
Event: 3.214 Thread 0x000002850fc6f1f0 Exception <a 'java/lang/NoSuchMethodError'{0x000000008c11b1e0}: 'long java.lang.invoke.DirectMethodHandle$Holder.invokeVirtual(java.lang.Object, java.lang.Object)'> (0x000000008c11b1e0) 
thrown [s\src\hotspot\share\interpreter\linkResolver.cpp, line 771]
Event: 3.216 Thread 0x000002851082eca0 Exception <a 'java/lang/NoSuchMethodError'{0x000000008c155a88}: static Lorg/gradle/internal/build/event/types/DefaultOperationFinishedProgressEvent;.<clinit>()V> (0x000000008c155a88) 
thrown [s\src\hotspot\share\prims\jni.cpp, line 1127]
Event: 3.216 Thread 0x000002851082eca0 Exception <a 'java/lang/NoSuchMethodError'{0x000000008c1c8a58}: static Lorg/gradle/internal/build/event/types/DefaultProjectConfigurationSuccessResult;.<clinit>()V> (0x000000008c1c8a58) 
thrown [s\src\hotspot\share\prims\jni.cpp, line 1127]
Event: 3.217 Thread 0x000002851082eca0 Exception <a 'java/lang/NoSuchMethodError'{0x000000008c1cd438}: static Lorg/gradle/internal/build/event/types/AbstractProjectConfigurationResult;.<clinit>()V> (0x000000008c1cd438) 
thrown [s\src\hotspot\share\prims\jni.cpp, line 1127]
Event: 3.217 Thread 0x000002851082eca0 Exception <a 'java/lang/NoSuchMethodError'{0x000000008c1ce950}: static Lorg/gradle/internal/build/event/types/AbstractOperationResult;.<clinit>()V> (0x000000008c1ce950) 
thrown [s\src\hotspot\share\prims\jni.cpp, line 1127]
Event: 3.217 Thread 0x000002851082eca0 Exception <a 'java/lang/NoSuchMethodError'{0x000000008c1cfdc8}: static Lorg/gradle/internal/build/event/types/AbstractResult;.<clinit>()V> (0x000000008c1cfdc8) 
thrown [s\src\hotspot\share\prims\jni.cpp, line 1127]
Event: 3.217 Thread 0x000002851082eca0 Exception <a 'java/lang/NoSuchMethodError'{0x000000008c1e7ce8}: static Lorg/gradle/internal/build/event/types/DefaultPluginApplicationResult;.<clinit>()V> (0x000000008c1e7ce8) 
thrown [s\src\hotspot\share\prims\jni.cpp, line 1127]
Event: 3.217 Thread 0x000002851082eca0 Exception <a 'java/lang/NoSuchMethodError'{0x000000008c1f4428}: static Lorg/gradle/internal/build/event/types/DefaultBinaryPluginIdentifier;.<clinit>()V> (0x000000008c1f4428) 
thrown [s\src\hotspot\share\prims\jni.cpp, line 1127]
Event: 3.218 Thread 0x000002851082eca0 Exception <a 'java/lang/NoSuchMethodError'{0x000000008c079030}: static Lorg/gradle/internal/build/event/types/DefaultScriptPluginIdentifier;.<clinit>()V> (0x000000008c079030) 
thrown [s\src\hotspot\share\prims\jni.cpp, line 1127]
Event: 3.243 Thread 0x000002850fc6f1f0 Implicit null exception at 0x0000028507de638f to 0x0000028507de6a1c
Event: 3.243 Thread 0x000002850fc6f1f0 Implicit null exception at 0x0000028507de4e14 to 0x0000028507de54a8
Event: 3.257 Thread 0x000002850fc6f1f0 Exception <a 'java/lang/NoSuchMethodError'{0x000000008c11a068}: 'void java.lang.invoke.Invokers$Holder.invoke_MT(java.lang.Object, java.lang.Object, java.lang.Object, java.lang.Object)'> (0x000000008c11a068) 
thrown [s\src\hotspot\share\interpreter\linkResolver.cpp, line 771]
Event: 3.265 Thread 0x000002850fc6f1f0 Exception <a 'java/lang/NoSuchMethodError'{0x000000008c19d118}: 'java.lang.Object java.lang.invoke.DirectMethodHandle$Holder.invokeSpecial(java.lang.Object, java.lang.Object, java.lang.Object, int, java.lang.Object, java.lang.Object)'> (0x000000008c19d118) 
thrown [s\src\hotspot\share\interpreter\linkResolver.cpp, line 771]
Event: 3.306 Thread 0x000002850fc6f1f0 Exception <a 'java/lang/ClassNotFoundException'{0x0000000084a41f40}: sun/misc/SharedSecrets> (0x0000000084a41f40) 
thrown [s\src\hotspot\share\classfile\systemDictionary.cpp, line 256]
Event: 3.306 Thread 0x000002850fc6f1f0 Exception <a 'java/lang/ClassNotFoundException'{0x0000000084a43518}: org/gradle/api/internal/plugins/DefaultObjectConfigurationActionBeanInfo> (0x0000000084a43518) 
thrown [s\src\hotspot\share\classfile\systemDictionary.cpp, line 256]
Event: 3.306 Thread 0x000002850fc6f1f0 Exception <a 'java/lang/ClassNotFoundException'{0x0000000084a59b78}: org/gradle/api/internal/plugins/DefaultObjectConfigurationActionCustomizer> (0x0000000084a59b78) 
thrown [s\src\hotspot\share\classfile\systemDictionary.cpp, line 256]
Event: 3.933 Thread 0x000002850fc6f1f0 Implicit null exception at 0x0000028507d8b18c to 0x0000028507d8b2c2

VM Operations (20 events):
Event: 3.431 Executing VM operation: G1PauseRemark done
Event: 3.437 Executing VM operation: G1PauseCleanup
Event: 3.437 Executing VM operation: G1PauseCleanup done
Event: 3.566 Executing VM operation: G1CollectForAllocation
Event: 3.567 Executing VM operation: G1CollectForAllocation done
Event: 3.598 Executing VM operation: G1CollectForAllocation
Event: 3.600 Executing VM operation: G1CollectForAllocation done
Event: 3.749 Executing VM operation: G1CollectForAllocation
Event: 3.750 Executing VM operation: G1CollectForAllocation done
Event: 3.762 Executing VM operation: G1PauseRemark
Event: 3.763 Executing VM operation: G1PauseRemark done
Event: 3.769 Executing VM operation: G1PauseCleanup
Event: 3.769 Executing VM operation: G1PauseCleanup done
Event: 3.919 Executing VM operation: HandshakeAllThreads
Event: 3.919 Executing VM operation: HandshakeAllThreads done
Event: 3.919 Executing VM operation: HandshakeAllThreads
Event: 3.919 Executing VM operation: HandshakeAllThreads done
Event: 3.937 Executing VM operation: HandshakeAllThreads
Event: 3.937 Executing VM operation: HandshakeAllThreads done
Event: 3.947 Executing VM operation: G1CollectForAllocation

Events (20 events):
Event: 3.945 loading class sun/security/provider/certpath/X509CertPath
Event: 3.945 loading class java/security/cert/CertPath
Event: 3.945 loading class java/security/cert/CertPath done
Event: 3.945 loading class sun/security/provider/certpath/X509CertPath done
Event: 3.945 loading class sun/security/timestamp/TimestampToken
Event: 3.945 loading class sun/security/timestamp/TimestampToken done
Event: 3.945 loading class java/security/Timestamp
Event: 3.945 loading class java/security/Timestamp done
Event: 3.946 loading class sun/security/provider/DSA$SHA256withDSA
Event: 3.946 loading class sun/security/provider/DSA
Event: 3.946 loading class sun/security/provider/DSA done
Event: 3.946 loading class sun/security/provider/DSA$SHA256withDSA done
Event: 3.946 loading class java/security/interfaces/DSAPrivateKey
Event: 3.946 loading class java/security/interfaces/DSAPrivateKey done
Event: 3.946 loading class java/security/interfaces/DSAParams
Event: 3.946 loading class java/security/interfaces/DSAParams done
Event: 3.946 loading class java/security/spec/DSAParameterSpec
Event: 3.946 loading class java/security/spec/DSAParameterSpec done
Event: 3.946 loading class java/math/SignedMutableBigInteger
Event: 3.946 loading class java/math/SignedMutableBigInteger done


Dynamic libraries:
0x00007ff7f4ed0000 - 0x00007ff7f4eda000 	C:\Program Files\Android\Android Studio\jbr\bin\java.exe
0x00007ffb881b0000 - 0x00007ffb883c7000 	C:\windows\SYSTEM32\ntdll.dll
0x00007ffb86da0000 - 0x00007ffb86e64000 	C:\windows\System32\KERNEL32.DLL
0x00007ffb85b30000 - 0x00007ffb85edd000 	C:\windows\System32\KERNELBASE.dll
0x00007ffb855a0000 - 0x00007ffb856b1000 	C:\windows\System32\ucrtbase.dll
0x00007ffb6f440000 - 0x00007ffb6f457000 	C:\Program Files\Android\Android Studio\jbr\bin\jli.dll
0x00007ffb5bca0000 - 0x00007ffb5bcbb000 	C:\Program Files\Android\Android Studio\jbr\bin\VCRUNTIME140.dll
0x00007ffb86bf0000 - 0x00007ffb86d9e000 	C:\windows\System32\USER32.dll
0x00007ffb5d080000 - 0x00007ffb5d313000 	C:\windows\WinSxS\amd64_microsoft.windows.common-controls_6595b64144ccf1df_6.0.22621.3672_none_2713b9d173822955\COMCTL32.dll
0x00007ffb85570000 - 0x00007ffb85596000 	C:\windows\System32\win32u.dll
0x00007ffb87fc0000 - 0x00007ffb88067000 	C:\windows\System32\msvcrt.dll
0x00007ffb86ef0000 - 0x00007ffb86f19000 	C:\windows\System32\GDI32.dll
0x00007ffb85730000 - 0x00007ffb85849000 	C:\windows\System32\gdi32full.dll
0x00007ffb854d0000 - 0x00007ffb8556a000 	C:\windows\System32\msvcp_win.dll
0x00007ffb87960000 - 0x00007ffb87991000 	C:\windows\System32\IMM32.DLL
0x00007ffb5bfe0000 - 0x00007ffb5bfec000 	C:\Program Files\Android\Android Studio\jbr\bin\vcruntime140_1.dll
0x00007ffb2ed70000 - 0x00007ffb2edfd000 	C:\Program Files\Android\Android Studio\jbr\bin\msvcp140.dll
0x00007ffb2b040000 - 0x00007ffb2bcc3000 	C:\Program Files\Android\Android Studio\jbr\bin\server\jvm.dll
0x00007ffb878a0000 - 0x00007ffb87952000 	C:\windows\System32\ADVAPI32.dll
0x00007ffb86770000 - 0x00007ffb86819000 	C:\windows\System32\sechost.dll
0x00007ffb859c0000 - 0x00007ffb859e8000 	C:\windows\System32\bcrypt.dll
0x00007ffb86090000 - 0x00007ffb861a4000 	C:\windows\System32\RPCRT4.dll
0x00007ffb7fa70000 - 0x00007ffb7fa79000 	C:\windows\SYSTEM32\WSOCK32.dll
0x00007ffb793d0000 - 0x00007ffb79404000 	C:\windows\SYSTEM32\WINMM.dll
0x00007ffb86e70000 - 0x00007ffb86ee1000 	C:\windows\System32\WS2_32.dll
0x00007ffb7d9d0000 - 0x00007ffb7d9da000 	C:\windows\SYSTEM32\VERSION.dll
0x00007ffb847c0000 - 0x00007ffb8480d000 	C:\windows\SYSTEM32\POWRPROF.dll
0x00007ffb847a0000 - 0x00007ffb847b3000 	C:\windows\SYSTEM32\UMPDC.dll
0x00007ffb84530000 - 0x00007ffb84548000 	C:\windows\SYSTEM32\kernel.appcore.dll
0x00007ffb7f370000 - 0x00007ffb7f37a000 	C:\Program Files\Android\Android Studio\jbr\bin\jimage.dll
0x00007ffb7f510000 - 0x00007ffb7f742000 	C:\windows\SYSTEM32\DBGHELP.DLL
0x00007ffb879a0000 - 0x00007ffb87d2d000 	C:\windows\System32\combase.dll
0x00007ffb87ee0000 - 0x00007ffb87fb7000 	C:\windows\System32\OLEAUT32.dll
0x00007ffb7f400000 - 0x00007ffb7f432000 	C:\windows\SYSTEM32\dbgcore.DLL
0x00007ffb859f0000 - 0x00007ffb85a6b000 	C:\windows\System32\bcryptPrimitives.dll
0x00007ffb7c810000 - 0x00007ffb7c81e000 	C:\Program Files\Android\Android Studio\jbr\bin\instrument.dll
0x00007ffb5e690000 - 0x00007ffb5e6b5000 	C:\Program Files\Android\Android Studio\jbr\bin\java.dll
0x00007ffb7efa0000 - 0x00007ffb7efb8000 	C:\Program Files\Android\Android Studio\jbr\bin\zip.dll
0x00007ffb87030000 - 0x00007ffb87898000 	C:\windows\System32\SHELL32.dll
0x00007ffb833d0000 - 0x00007ffb83cce000 	C:\windows\SYSTEM32\windows.storage.dll
0x00007ffb83290000 - 0x00007ffb833cf000 	C:\windows\SYSTEM32\wintypes.dll
0x00007ffb86f20000 - 0x00007ffb87019000 	C:\windows\System32\SHCORE.dll
0x00007ffb88070000 - 0x00007ffb880ce000 	C:\windows\System32\shlwapi.dll
0x00007ffb85400000 - 0x00007ffb85421000 	C:\windows\SYSTEM32\profapi.dll
0x00007ffb7e170000 - 0x00007ffb7e189000 	C:\Program Files\Android\Android Studio\jbr\bin\net.dll
0x00007ffb80660000 - 0x00007ffb80796000 	C:\windows\SYSTEM32\WINHTTP.dll
0x00007ffb84a10000 - 0x00007ffb84a79000 	C:\windows\system32\mswsock.dll
0x00007ffb7cce0000 - 0x00007ffb7ccf6000 	C:\Program Files\Android\Android Studio\jbr\bin\nio.dll
0x00007ffb7e110000 - 0x00007ffb7e120000 	C:\Program Files\Android\Android Studio\jbr\bin\verify.dll
0x00007ffb6f3c0000 - 0x00007ffb6f3e7000 	C:\Users\user\.gradle\native\c067742578af261105cb4f569cf0c3c89f3d7b1fecec35dd04571415982c5e48\windows-amd64\native-platform.dll
0x00007ffb258c0000 - 0x00007ffb25a04000 	C:\Users\user\.gradle\native\38dada09dfb8b06ba9b0570ebf7e218e3eb74d4ef43ca46872605cf95ebc2f47\windows-amd64\native-platform-file-events.dll
0x00007ffb7ebb0000 - 0x00007ffb7ebb9000 	C:\Program Files\Android\Android Studio\jbr\bin\management.dll
0x00007ffb7e1b0000 - 0x00007ffb7e1bb000 	C:\Program Files\Android\Android Studio\jbr\bin\management_ext.dll
0x00007ffb869f0000 - 0x00007ffb869f8000 	C:\windows\System32\PSAPI.DLL
0x00007ffb84d60000 - 0x00007ffb84d7b000 	C:\windows\SYSTEM32\CRYPTSP.dll
0x00007ffb84420000 - 0x00007ffb84455000 	C:\windows\system32\rsaenh.dll
0x00007ffb84ab0000 - 0x00007ffb84ad8000 	C:\windows\SYSTEM32\USERENV.dll
0x00007ffb84d40000 - 0x00007ffb84d4c000 	C:\windows\SYSTEM32\CRYPTBASE.dll
0x00007ffb83f30000 - 0x00007ffb83f5d000 	C:\windows\SYSTEM32\IPHLPAPI.DLL
0x00007ffb86a00000 - 0x00007ffb86a09000 	C:\windows\System32\NSI.dll
0x00007ffb807e0000 - 0x00007ffb807f9000 	C:\windows\SYSTEM32\dhcpcsvc6.DLL
0x00007ffb807c0000 - 0x00007ffb807df000 	C:\windows\SYSTEM32\dhcpcsvc.DLL
0x00007ffb83fa0000 - 0x00007ffb84098000 	C:\windows\SYSTEM32\DNSAPI.dll
0x00007ffb7f360000 - 0x00007ffb7f369000 	C:\Program Files\Android\Android Studio\jbr\bin\extnet.dll
0x00007ffb566e0000 - 0x00007ffb566e8000 	C:\windows\system32\wshunix.dll

dbghelp: loaded successfully - version: 4.0.5 - missing functions: none
symbol engine: initialized successfully - sym options: 0x614 - pdb path: .;C:\Program Files\Android\Android Studio\jbr\bin;C:\windows\SYSTEM32;C:\windows\WinSxS\amd64_microsoft.windows.common-controls_6595b64144ccf1df_6.0.22621.3672_none_2713b9d173822955;C:\Program Files\Android\Android Studio\jbr\bin\server;C:\Users\user\.gradle\native\c067742578af261105cb4f569cf0c3c89f3d7b1fecec35dd04571415982c5e48\windows-amd64;C:\Users\user\.gradle\native\38dada09dfb8b06ba9b0570ebf7e218e3eb74d4ef43ca46872605cf95ebc2f47\windows-amd64

VM Arguments:
jvm_args: --add-opens=java.base/java.util=ALL-UNNAMED --add-opens=java.base/java.lang=ALL-UNNAMED --add-opens=java.base/java.lang.invoke=ALL-UNNAMED --add-opens=java.prefs/java.util.prefs=ALL-UNNAMED --add-opens=java.base/java.nio.charset=ALL-UNNAMED --add-opens=java.base/java.net=ALL-UNNAMED --add-opens=java.base/java.util.concurrent.atomic=ALL-UNNAMED -Xmx2048m -Dfile.encoding=UTF-8 -Duser.country=KR -Duser.language=ko -Duser.variant -javaagent:C:\Users\user\.gradle\wrapper\dists\gradle-8.7-bin\bhs2wmbdwecv87pi65oeuq5iu\gradle-8.7\lib\agents\gradle-instrumentation-agent-8.7.jar 
java_command: org.gradle.launcher.daemon.bootstrap.GradleDaemon 8.7
java_class_path (initial): C:\Users\user\.gradle\wrapper\dists\gradle-8.7-bin\bhs2wmbdwecv87pi65oeuq5iu\gradle-8.7\lib\gradle-launcher-8.7.jar
Launcher Type: SUN_STANDARD

[Global flags]
     intx CICompilerCount                          = 12                                        {product} {ergonomic}
     uint ConcGCThreads                            = 3                                         {product} {ergonomic}
     uint G1ConcRefinementThreads                  = 13                                        {product} {ergonomic}
   size_t G1HeapRegionSize                         = 1048576                                   {product} {ergonomic}
    uintx GCDrainStackTargetSize                   = 64                                        {product} {ergonomic}
   size_t InitialHeapSize                          = 264241152                                 {product} {ergonomic}
   size_t MarkStackSize                            = 4194304                                   {product} {ergonomic}
   size_t MaxHeapSize                              = 2147483648                                {product} {command line}
   size_t MaxNewSize                               = 1287651328                                {product} {ergonomic}
   size_t MinHeapDeltaBytes                        = 1048576                                   {product} {ergonomic}
   size_t MinHeapSize                              = 8388608                                   {product} {ergonomic}
    uintx NonNMethodCodeHeapSize                   = 7602480                                {pd product} {ergonomic}
    uintx NonProfiledCodeHeapSize                  = 122027880                              {pd product} {ergonomic}
    uintx ProfiledCodeHeapSize                     = 122027880                              {pd product} {ergonomic}
    uintx ReservedCodeCacheSize                    = 251658240                              {pd product} {ergonomic}
     bool SegmentedCodeCache                       = true                                      {product} {ergonomic}
   size_t SoftMaxHeapSize                          = 2147483648                             {manageable} {ergonomic}
     bool UseCompressedClassPointers               = true                           {product lp64_product} {ergonomic}
     bool UseCompressedOops                        = true                           {product lp64_product} {ergonomic}
     bool UseG1GC                                  = true                                      {product} {ergonomic}
     bool UseLargePagesIndividualAllocation        = false                                  {pd product} {ergonomic}

Logging:
Log output configuration:
 #0: stdout all=warning uptime,level,tags
 #1: stderr all=off uptime,level,tags

Environment Variables:
JAVA_HOME=C:\Users\user\playground\jdk-17.0.10
PATH=C:\oraclexe\app\oracle\product\10.2.0\server\bin;C:\windows\system32;C:\windows;C:\windows\System32\Wbem;C:\windows\System32\WindowsPowerShell\v1.0\;C:\windows\System32\OpenSSH\;C:\Program Files\Git\cmd;C:\Program Files\Bandizip\;C:\Program Files\dotnet\;C:\Program Files\nodejs\;C:\Users\user\AppData\Local\Microsoft\WindowsApps;C:\Users\user\AppData\Local\Programs\Microsoft VS Code\bin;C:\Users\user\AppData\Roaming\npm;C:\Users\user\playground\jdk-17.0.10\bin;
USERNAME=user
OS=Windows_NT
PROCESSOR_IDENTIFIER=Intel64 Family 6 Model 191 Stepping 2, GenuineIntel
TMP=C:\Users\user\AppData\Local\Temp
TEMP=C:\Users\user\AppData\Local\Temp



Periodic native trim disabled

JNI global refs:
JNI global refs: 35, weak refs: 0

JNI global refs memory usage: 843, weak refs: 841

Process memory usage:
Resident Set Size: 348764K (2% of 16446036K total physical memory with 2055824K free physical memory)

OOME stack traces (most recent first):
Classloader memory used:
Loader org.gradle.internal.classloader.VisitableURLClassLoader                         : 3654K
Loader bootstrap                                                                       : 2711K
Loader org.gradle.initialization.MixInLegacyTypesClassLoader                           : 1237K
Loader org.gradle.internal.classloader.VisitableURLClassLoader$InstrumentingVisitableURLClassLoader: 696K
Loader jdk.internal.loader.ClassLoaders$PlatformClassLoader                            : 69151B
Loader jdk.internal.reflect.DelegatingClassLoader                                      : 31887B
Loader jdk.internal.loader.ClassLoaders$AppClassLoader                                 : 28764B
Loader org.gradle.internal.classloader.VisitableURLClassLoader                         : 18829B

Classes loaded by more than one classloader:
Class Program                                                                         : loaded 4 times (x 72B)
Class com.google.common.collect.Iterators$MergingIterator                             : loaded 2 times (x 79B)
Class [Lcom.google.common.collect.AbstractMapEntry;                                   : loaded 2 times (x 67B)
Class com.google.common.collect.SingletonImmutableList                                : loaded 2 times (x 167B)
Class com.google.common.cache.CacheLoader$SupplierToCacheLoader                       : loaded 2 times (x 73B)
Class org.gradle.internal.classpath.ClassPath                                         : loaded 2 times (x 68B)
Class com.google.common.cache.RemovalListener                                         : loaded 2 times (x 68B)
Class org.gradle.api.internal.classpath.DefaultModuleRegistry                         : loaded 2 times (x 84B)
Class Settings_gradle$1$1                                                             : loaded 2 times (x 72B)
Class com.google.common.collect.ListMultimap                                          : loaded 2 times (x 68B)
Class com.google.common.base.CharMatcher$JavaDigit                                    : loaded 2 times (x 109B)
Class com.google.common.base.CharMatcher$Digit                                        : loaded 2 times (x 110B)
Class com.google.common.collect.AbstractMultimap                                      : loaded 2 times (x 121B)
Class com.google.common.cache.CacheBuilder$OneWeigher                                 : loaded 2 times (x 80B)
Class org.gradle.api.Action                                                           : loaded 2 times (x 68B)
Class com.google.common.collect.ImmutableEntry                                        : loaded 2 times (x 80B)
Class com.google.common.collect.Lists$StringAsImmutableList                           : loaded 2 times (x 167B)
Class com.google.common.base.CharMatcher                                              : loaded 2 times (x 109B)
Class com.google.common.base.CharMatcher$IsNot                                        : loaded 2 times (x 109B)
Class com.google.common.base.Splitter                                                 : loaded 2 times (x 70B)
Class [Lcom.google.common.cache.Weigher;                                              : loaded 2 times (x 67B)
Class com.google.common.collect.Iterators$ArrayItr                                    : loaded 2 times (x 95B)
Class com.google.common.cache.LocalCache$Segment                                      : loaded 2 times (x 152B)
Class org.gradle.api.internal.DefaultClassPathProvider                                : loaded 2 times (x 74B)
Class org.gradle.internal.installation.GradleInstallation$1                           : loaded 2 times (x 73B)
Class com.google.common.base.CharMatcher$BitSetMatcher                                : loaded 2 times (x 110B)
Class com.google.common.collect.ImmutableMap$IteratorBasedImmutableMap                : loaded 2 times (x 123B)
Class com.google.common.collect.ImmutableMap                                          : loaded 2 times (x 118B)
Class com.google.common.base.Converter                                                : loaded 2 times (x 88B)
Class com.google.common.collect.ImmutableSet$EmptySetBuilderImpl                      : loaded 2 times (x 74B)
Class com.google.common.base.Equivalence                                              : loaded 2 times (x 80B)
Class com.google.common.cache.LocalCache$EntryFactory$1                               : loaded 2 times (x 81B)
Class com.google.common.cache.LocalCache$EntryFactory$2                               : loaded 2 times (x 81B)
Class com.google.common.cache.LocalCache$EntryFactory$3                               : loaded 2 times (x 81B)
Class com.google.common.cache.LocalCache$EntryFactory$4                               : loaded 2 times (x 81B)
Class com.google.common.cache.LocalCache$EntryFactory$5                               : loaded 2 times (x 81B)
Class com.google.common.cache.LocalCache$EntryFactory$6                               : loaded 2 times (x 81B)
Class com.google.common.cache.LocalCache$EntryFactory$7                               : loaded 2 times (x 81B)
Class com.google.common.cache.LocalCache$EntryFactory$8                               : loaded 2 times (x 81B)
Class com.google.common.base.Predicate                                                : loaded 2 times (x 68B)
Class org.gradle.internal.classloader.FilteringClassLoader                            : loaded 2 times (x 103B)
Class com.google.common.collect.RegularImmutableSet                                   : loaded 2 times (x 146B)
Class [Lcom.google.common.cache.LocalCache$Strength;                                  : loaded 2 times (x 67B)
Class org.gradle.internal.classpath.DefaultClassPath$ImmutableUniqueList$Builder      : loaded 2 times (x 73B)
Class com.google.common.collect.Maps$8                                                : loaded 2 times (x 80B)
Class [Lcom.google.common.cache.CacheBuilder$NullListener;                            : loaded 2 times (x 67B)
Class com.google.common.base.PatternCompiler                                          : loaded 2 times (x 68B)
Class com.google.common.base.CharMatcher$InRange                                      : loaded 2 times (x 109B)
Class com.google.common.collect.BiMap                                                 : loaded 2 times (x 68B)
Class com.google.common.collect.Lists                                                 : loaded 2 times (x 69B)
Class com.google.common.math.IntMath$1                                                : loaded 2 times (x 69B)
Class org.gradle.internal.classloader.ClassLoaderVisitor                              : loaded 2 times (x 74B)
Class com.google.common.cache.CacheBuilder$NullListener                               : loaded 2 times (x 80B)
Class com.google.common.math.MathPreconditions                                        : loaded 2 times (x 69B)
Class org.gradle.internal.service.DefaultServiceLocator                               : loaded 2 times (x 81B)
Class org.gradle.internal.service.UnknownServiceException                             : loaded 2 times (x 81B)
Class com.google.common.collect.ArrayListMultimap                                     : loaded 2 times (x 170B)
Class com.google.common.base.Strings                                                  : loaded 2 times (x 69B)
Class com.google.common.cache.CacheLoader$InvalidCacheLoadException                   : loaded 2 times (x 80B)
Class org.gradle.internal.classloader.DefaultClassLoaderFactory                       : loaded 2 times (x 80B)
Class com.google.common.collect.UnmodifiableIterator                                  : loaded 2 times (x 78B)
Class com.google.common.base.Platform$JdkPatternCompiler                              : loaded 2 times (x 73B)
Class com.google.common.cache.LocalCache$LoadingValueReference                        : loaded 2 times (x 94B)
Class com.google.common.base.CharMatcher$SingleWidth                                  : loaded 2 times (x 110B)
Class com.google.common.collect.Hashing                                               : loaded 2 times (x 69B)
Class com.google.common.base.JdkPattern                                               : loaded 2 times (x 73B)
Class com.google.common.collect.Multimap                                              : loaded 2 times (x 68B)
Class com.google.common.base.FunctionalEquivalence                                    : loaded 2 times (x 81B)
Class com.google.common.cache.LocalCache$1                                            : loaded 2 times (x 87B)
Class com.google.common.cache.LocalCache$2                                            : loaded 2 times (x 140B)
Class com.google.common.collect.RegularImmutableBiMap                                 : loaded 2 times (x 146B)
Class org.gradle.internal.classloader.VisitableURLClassLoader$Spec                    : loaded 2 times (x 72B)
Class org.gradle.api.GradleException                                                  : loaded 2 times (x 80B)
Class com.google.common.base.CharMatcher$JavaLetterOrDigit                            : loaded 2 times (x 109B)
Class org.gradle.api.internal.classpath.ModuleRegistry                                : loaded 2 times (x 68B)
Class com.google.common.cache.CacheBuilder                                            : loaded 2 times (x 70B)
Class com.google.common.collect.ImmutableCollection                                   : loaded 2 times (x 123B)
Class com.google.common.base.PairwiseEquivalence                                      : loaded 2 times (x 81B)
Class com.google.common.base.Ticker                                                   : loaded 2 times (x 70B)
Class org.gradle.api.internal.ClassPathProvider                                       : loaded 2 times (x 68B)
Class com.google.common.collect.RegularImmutableMap$Values                            : loaded 2 times (x 167B)
Class org.gradle.internal.classloader.ClasspathUtil$1                                 : loaded 2 times (x 74B)
Class com.google.common.collect.ImmutableEnumMap                                      : loaded 2 times (x 123B)
Class com.google.common.collect.ImmutableList$ReverseImmutableList                    : loaded 2 times (x 168B)
Class com.google.common.cache.AbstractCache$StatsCounter                              : loaded 2 times (x 68B)
Class com.google.common.cache.LocalCache$Strength$1                                   : loaded 2 times (x 79B)
Class com.google.common.cache.LocalCache$Strength$2                                   : loaded 2 times (x 79B)
Class com.google.common.cache.LocalCache$Strength$3                                   : loaded 2 times (x 79B)
Class org.gradle.internal.classloader.ClassLoaderFactory                              : loaded 2 times (x 68B)
Class com.google.common.collect.ObjectArrays                                          : loaded 2 times (x 69B)
Class com.google.common.collect.Iterators$10                                          : loaded 2 times (x 79B)
Class com.google.common.collect.ImmutableList                                         : loaded 2 times (x 166B)
Class org.gradle.api.internal.classpath.ManifestUtil                                  : loaded 2 times (x 69B)
Class org.gradle.api.specs.Spec                                                       : loaded 2 times (x 68B)
Class com.google.common.cache.CacheLoader$UnsupportedLoadingOperationException        : loaded 2 times (x 80B)
Class com.google.common.base.CharMatcher$Whitespace                                   : loaded 2 times (x 110B)
Class com.google.common.collect.Iterators$1                                           : loaded 2 times (x 79B)
Class com.google.common.collect.Iterators$4                                           : loaded 2 times (x 80B)
Class com.google.common.collect.RegularImmutableMap$BucketOverflowException           : loaded 2 times (x 80B)
Class com.google.common.collect.Iterators$5                                           : loaded 2 times (x 80B)
Class com.google.common.base.Equivalence$Equals                                       : loaded 2 times (x 80B)
Class com.google.common.base.Preconditions                                            : loaded 2 times (x 69B)
Class com.google.common.base.Function                                                 : loaded 2 times (x 68B)
Class com.google.common.collect.Iterators$9                                           : loaded 2 times (x 79B)
Class org.gradle.internal.IoActions                                                   : loaded 2 times (x 69B)
Class com.google.common.cache.ReferenceEntry                                          : loaded 2 times (x 68B)
Class com.google.common.collect.RegularImmutableMap$KeySet                            : loaded 2 times (x 148B)
Class com.google.common.collect.CollectPreconditions                                  : loaded 2 times (x 69B)
Class com.google.common.collect.Maps                                                  : loaded 2 times (x 69B)
Class com.google.common.collect.RegularImmutableMap                                   : loaded 2 times (x 119B)
Class com.google.common.collect.AbstractIndexedListIterator                           : loaded 2 times (x 94B)
Class com.google.common.base.CharMatcher$None                                         : loaded 2 times (x 110B)
Class org.gradle.api.internal.classpath.EffectiveClassPath                            : loaded 2 times (x 88B)
Class com.google.common.collect.UnmodifiableListIterator                              : loaded 2 times (x 93B)
Class com.google.common.cache.CacheLoader$FunctionToCacheLoader                       : loaded 2 times (x 73B)
Class com.google.common.cache.CacheBuilder$1                                          : loaded 2 times (x 83B)
Class com.google.common.cache.CacheBuilder$2                                          : loaded 2 times (x 70B)
Class com.google.common.collect.ImmutableList$1                                       : loaded 2 times (x 95B)
Class com.google.common.base.Splitter$Strategy                                        : loaded 2 times (x 68B)
Class com.google.common.collect.ImmutableMapEntrySet$RegularEntrySet                  : loaded 2 times (x 149B)
Class [Lcom.google.common.cache.RemovalListener;                                      : loaded 2 times (x 67B)
Class [Lcom.google.common.collect.ImmutableMapEntry;                                  : loaded 2 times (x 67B)
Class org.gradle.internal.installation.CurrentGradleInstallation                      : loaded 2 times (x 71B)
Class org.gradle.internal.agents.InstrumentingClassLoader                             : loaded 2 times (x 68B)
Class org.gradle.internal.installation.CurrentGradleInstallationLocator               : loaded 2 times (x 69B)
Class [Lcom.google.common.cache.LocalCache$Segment;                                   : loaded 2 times (x 67B)
Class org.gradle.api.internal.classpath.Module                                        : loaded 2 times (x 68B)
Class com.google.common.base.Splitter$1$1                                             : loaded 2 times (x 84B)
Class com.google.common.collect.ImmutableSet$JdkBackedSetBuilderImpl                  : loaded 2 times (x 74B)
Class com.google.common.collect.ImmutableSet$RegularSetBuilderImpl                    : loaded 2 times (x 75B)
Class org.gradle.internal.service.CachingServiceLocator                               : loaded 2 times (x 80B)
Class [Lcom.google.common.collect.ImmutableEntry;                                     : loaded 2 times (x 67B)
Class org.gradle.internal.classpath.DefaultClassPath                                  : loaded 2 times (x 88B)
Class com.google.common.base.Splitter$SplittingIterator                               : loaded 2 times (x 82B)
Class com.google.common.cache.LocalCache$LocalManualCache$1                           : loaded 2 times (x 73B)
Class Build_gradle$1                                                                  : loaded 2 times (x 76B)
Class [Lcom.google.common.cache.LocalCache$EntryFactory;                              : loaded 2 times (x 67B)
Class com.google.common.base.CharMatcher$Is                                           : loaded 2 times (x 109B)
Class com.google.common.base.Platform                                                 : loaded 2 times (x 69B)
Class com.google.common.collect.RegularImmutableAsList                                : loaded 2 times (x 176B)
Class com.google.common.collect.PeekingIterator                                       : loaded 2 times (x 68B)
Class com.google.common.collect.ImmutableMapEntrySet                                  : loaded 2 times (x 149B)
Class com.google.common.cache.CacheLoader                                             : loaded 2 times (x 72B)
Class com.google.common.collect.ImmutableBiMapFauxverideShim                          : loaded 2 times (x 118B)
Class com.google.common.cache.Cache                                                   : loaded 2 times (x 68B)
Class org.gradle.internal.classloader.SystemClassLoaderSpec                           : loaded 2 times (x 69B)
Class com.google.common.collect.SingletonImmutableSet                                 : loaded 2 times (x 144B)
Class [Lcom.google.common.base.AbstractIterator$State;                                : loaded 2 times (x 67B)
Class com.google.common.collect.ImmutableMap$Builder                                  : loaded 2 times (x 80B)
Class com.google.common.base.AbstractIterator                                         : loaded 2 times (x 78B)
Class com.google.common.base.AbstractIterator$1                                       : loaded 2 times (x 69B)
Class [Lcom.google.common.cache.CacheBuilder$OneWeigher;                              : loaded 2 times (x 67B)
Class com.google.common.collect.Iterators                                             : loaded 2 times (x 69B)
Class com.google.common.base.CharMatcher$Ascii                                        : loaded 2 times (x 110B)
Class com.google.common.base.CharMatcher$1                                            : loaded 2 times (x 111B)
Class com.google.common.cache.LocalCache$ComputingValueReference                      : loaded 2 times (x 94B)
Class org.gradle.api.UncheckedIOException                                             : loaded 2 times (x 80B)
Class com.google.common.base.CharMatcher$And                                          : loaded 2 times (x 110B)
Class com.google.common.collect.IndexedImmutableSet                                   : loaded 2 times (x 148B)
Class com.google.common.collect.AbstractListMultimap                                  : loaded 2 times (x 170B)
Class com.google.common.base.CharMatcher$Any                                          : loaded 2 times (x 110B)
Class org.gradle.internal.installation.GradleInstallation                             : loaded 2 times (x 73B)
Class com.google.common.cache.LocalCache$Strength                                     : loaded 2 times (x 79B)
Class com.google.common.collect.ArrayListMultimapGwtSerializationDependencies         : loaded 2 times (x 170B)
Class com.google.common.base.CharMatcher$RangesMatcher                                : loaded 2 times (x 110B)
Class com.google.common.collect.ImmutableList$SubList                                 : loaded 2 times (x 168B)
Class com.google.common.cache.LocalCache$ValueReference                               : loaded 2 times (x 68B)
Class org.gradle.internal.classloader.ClasspathUtil                                   : loaded 2 times (x 69B)
Class com.google.common.base.Splitter$1                                               : loaded 2 times (x 75B)
Class com.google.common.base.Ticker$1                                                 : loaded 2 times (x 70B)
Class com.google.common.collect.Maps$BiMapConverter                                   : loaded 2 times (x 88B)
Class org.gradle.api.internal.DefaultClassPathRegistry                                : loaded 2 times (x 74B)
Class com.google.common.collect.ImmutableSet$SetBuilderImpl                           : loaded 2 times (x 74B)
Class org.gradle.api.internal.classpath.DefaultModuleRegistry$DefaultModule           : loaded 2 times (x 84B)
Class com.google.common.base.CharMatcher$JavaIsoControl                               : loaded 2 times (x 110B)
Class com.google.common.collect.ImmutableMap$1                                        : loaded 2 times (x 79B)
Class com.google.common.base.CharMatcher$Or                                           : loaded 2 times (x 110B)
Class org.gradle.kotlin.dsl.VersionCatalogAccessorsKt                                 : loaded 2 times (x 69B)
Class com.google.common.base.Suppliers$SupplierOfInstance                             : loaded 2 times (x 77B)
Class com.google.common.collect.Iterables                                             : loaded 2 times (x 69B)
Class com.google.common.base.CharMatcher$JavaLowerCase                                : loaded 2 times (x 109B)
Class org.gradle.api.internal.classpath.UnknownModuleException                        : loaded 2 times (x 80B)
Class com.google.common.collect.Maps$EntryTransformer                                 : loaded 2 times (x 68B)
Class com.google.common.collect.ImmutableCollection$Builder                           : loaded 2 times (x 74B)
Class com.google.common.collect.SingletonImmutableBiMap                               : loaded 2 times (x 141B)
Class com.google.common.base.CommonPattern                                            : loaded 2 times (x 72B)
Class com.google.common.base.Suppliers                                                : loaded 2 times (x 69B)
Class com.google.common.cache.LoadingCache                                            : loaded 2 times (x 68B)
Class org.gradle.internal.service.ServiceLookupException                              : loaded 2 times (x 80B)
Class org.gradle.cache.GlobalCache                                                    : loaded 2 times (x 68B)
Class com.google.common.base.CharMatcher$NegatedFastMatcher                           : loaded 2 times (x 111B)
Class [Lorg.gradle.api.internal.ClassPathProvider;                                    : loaded 2 times (x 67B)
Class org.gradle.util.internal.GUtil                                                  : loaded 2 times (x 69B)
Class com.google.common.math.IntMath                                                  : loaded 2 times (x 69B)
Class com.google.common.collect.AbstractIterator                                      : loaded 2 times (x 80B)
Class org.gradle.internal.classloader.ClassLoaderSpec                                 : loaded 2 times (x 69B)
Class com.google.common.base.NullnessCasts                                            : loaded 2 times (x 69B)
Class com.google.common.cache.LocalCache$LocalManualCache                             : loaded 2 times (x 97B)
Class com.google.common.collect.AbstractMapEntry                                      : loaded 2 times (x 79B)
Class com.google.common.base.CharMatcher$Negated                                      : loaded 2 times (x 111B)
Class com.google.common.cache.CacheLoader$1                                           : loaded 2 times (x 73B)
Class com.google.common.collect.ImmutableSet$Builder                                  : loaded 2 times (x 83B)
Class com.google.common.base.CharMatcher$ForPredicate                                 : loaded 2 times (x 110B)
Class com.google.common.collect.ImmutableMap$MapViewOfValuesAsSingletonSets           : loaded 2 times (x 123B)
Class com.google.common.base.MoreObjects                                              : loaded 2 times (x 69B)
Class com.google.common.collect.SortedMapDifference                                   : loaded 2 times (x 68B)
Class com.google.common.cache.CacheStats                                              : loaded 2 times (x 69B)
Class org.gradle.internal.classloader.VisitableURLClassLoader                         : loaded 2 times (x 115B)
Class com.google.common.cache.LocalCache$LocalLoadingCache                            : loaded 2 times (x 132B)
Class com.google.common.base.Supplier                                                 : loaded 2 times (x 68B)
Class com.google.common.collect.ImmutableBiMap                                        : loaded 2 times (x 141B)
Class org.gradle.internal.Cast                                                        : loaded 2 times (x 69B)
Class Build_gradle                                                                    : loaded 2 times (x 70B)
Class org.gradle.api.internal.ClassPathRegistry                                       : loaded 2 times (x 68B)
Class com.google.common.cache.LocalCache$EntryFactory                                 : loaded 2 times (x 81B)
Class com.google.common.util.concurrent.UncheckedExecutionException                   : loaded 2 times (x 80B)
Class com.google.common.collect.ImmutableSet                                          : loaded 2 times (x 143B)
Class org.gradle.internal.classloader.VisitableURLClassLoader$InstrumentingVisitableURLClassLoader: loaded 2 times (x 121B)
Class org.gradle.internal.classloader.ClassLoaderHierarchy                            : loaded 2 times (x 68B)
Class com.google.common.base.AbstractIterator$State                                   : loaded 2 times (x 77B)
Class com.google.common.cache.Weigher                                                 : loaded 2 times (x 68B)
Class com.google.common.base.CharMatcher$NamedFastMatcher                             : loaded 2 times (x 110B)
Class org.gradle.internal.InternalTransformer                                         : loaded 2 times (x 68B)
Class org.gradle.internal.service.ServiceLocator                                      : loaded 2 times (x 68B)
Class Settings_gradle$1                                                               : loaded 2 times (x 72B)
Class com.google.common.collect.ImmutableMapEntry                                     : loaded 2 times (x 83B)
Class com.google.common.base.CharMatcher$Invisible                                    : loaded 2 times (x 110B)
Class com.google.common.base.CharMatcher$FastMatcher                                  : loaded 2 times (x 109B)
Class org.gradle.internal.classpath.DefaultClassPath$ImmutableUniqueList              : loaded 2 times (x 159B)
Class com.google.common.base.CharMatcher$JavaLetter                                   : loaded 2 times (x 109B)
Class org.gradle.internal.classpath.TransformedClassPath                              : loaded 2 times (x 94B)
Class com.google.common.collect.MapDifference                                         : loaded 2 times (x 68B)
Class Settings_gradle                                                                 : loaded 2 times (x 126B)
Class com.google.common.collect.Platform                                              : loaded 2 times (x 69B)
Class com.google.common.collect.ImmutableAsList                                       : loaded 2 times (x 169B)
Class com.google.common.util.concurrent.ExecutionError                                : loaded 2 times (x 80B)
Class com.google.common.base.Equivalence$Identity                                     : loaded 2 times (x 80B)
Class com.google.common.base.CharMatcher$AnyOf                                        : loaded 2 times (x 110B)
Class com.google.common.base.CharMatcher$IsEither                                     : loaded 2 times (x 109B)
Class com.google.common.cache.LocalCache                                              : loaded 2 times (x 185B)
Class com.google.common.collect.RegularImmutableList                                  : loaded 2 times (x 172B)
Class com.google.common.base.CharMatcher$JavaUpperCase                                : loaded 2 times (x 109B)
Class com.google.common.collect.Multiset                                              : loaded 2 times (x 68B)
Class com.google.common.collect.ImmutableSet$CachingAsList                            : loaded 2 times (x 145B)
Class com.google.common.collect.ImmutableMapEntry$NonTerminalImmutableMapEntry        : loaded 2 times (x 83B)
Class com.google.common.collect.AbstractMapBasedMultimap                              : loaded 2 times (x 137B)


---------------  S Y S T E M  ---------------

OS:
 Windows 11 , 64 bit Build 22621 (10.0.22621.3958)
OS uptime: 12 days 18:17 hours
Hyper-V role detected

CPU: total 16 (initial active 16) (8 cores per cpu, 2 threads per core) family 6 model 191 stepping 2 microcode 0x26, cx8, cmov, fxsr, ht, mmx, 3dnowpref, sse, sse2, sse3, ssse3, sse4.1, sse4.2, popcnt, lzcnt, tsc, tscinvbit, avx, avx2, aes, erms, clmul, bmi1, bmi2, adx, sha, fma, vzeroupper, clflush, clflushopt, clwb, hv
Processor Information for all 16 processors :
  Max Mhz: 2500, Current Mhz: 2500, Mhz Limit: 2500

Memory: 4k page, system-wide physical 16060M (2007M free)
TotalPageFile size 44310M (AvailPageFile size 31M)
current process WorkingSet (physical memory assigned to process): 340M, peak: 342M
current process commit charge ("private bytes"): 384M, peak: 473M

vm_info: OpenJDK 64-Bit Server VM (17.0.11+0--11852314) for windows-amd64 JRE (17.0.11+0--11852314), built on May 16 2024 21:29:20 by "androidbuild" with MS VC++ 16.10 / 16.11 (VS2019)

END.
