#
# There is insufficient memory for the Java Runtime Environment to continue.
# Native memory allocation (mmap) failed to map 66060288 bytes. Error detail: G1 virtual space
# Possible reasons:
#   The system is out of physical RAM or swap space
#   This process is running with CompressedOops enabled, and the Java Heap may be blocking the growth of the native heap
# Possible solutions:
#   Reduce memory load on the system
#   Increase physical memory or swap space
#   Check if swap backing store is full
#   Decrease Java heap size (-Xmx/-Xms)
#   Decrease number of Java threads
#   Decrease Java thread stack sizes (-Xss)
#   Set larger code cache with -XX:ReservedCodeCacheSize=
#   JVM is running with Unscaled Compressed Oops mode in which the Java heap is
#     placed in the first 4GB address space. The Java Heap base address is the
#     maximum limit for the native heap growth. Please use -XX:HeapBaseMinAddress
#     to set the Java Heap base and to place the Java Heap above 4GB virtual address.
# This output file may be truncated or incomplete.
#
#  Out of Memory Error (os_windows.cpp:3825), pid=7120, tid=17580
#
# JRE version: OpenJDK Runtime Environment (17.0.11) (build 17.0.11+0--11852314)
# Java VM: OpenJDK 64-Bit Server VM (17.0.11+0--11852314, mixed mode, tiered, compressed oops, compressed class ptrs, g1 gc, windows-amd64)
# No core dump will be written. Minidumps are not enabled by default on client versions of Windows
#

---------------  S U M M A R Y ------------

Command Line: --add-opens=java.base/java.util=ALL-UNNAMED --add-opens=java.base/java.lang=ALL-UNNAMED --add-opens=java.base/java.lang.invoke=ALL-UNNAMED --add-opens=java.prefs/java.util.prefs=ALL-UNNAMED --add-opens=java.base/java.nio.charset=ALL-UNNAMED --add-opens=java.base/java.net=ALL-UNNAMED --add-opens=java.base/java.util.concurrent.atomic=ALL-UNNAMED -Xmx2048m -Dfile.encoding=UTF-8 -Duser.country=KR -Duser.language=ko -Duser.variant -javaagent:C:\Users\user\.gradle\wrapper\dists\gradle-8.7-bin\bhs2wmbdwecv87pi65oeuq5iu\gradle-8.7\lib\agents\gradle-instrumentation-agent-8.7.jar org.gradle.launcher.daemon.bootstrap.GradleDaemon 8.7

Host: 13th Gen Intel(R) Core(TM) i5-13400, 16 cores, 15G,  Windows 11 , 64 bit Build 22621 (10.0.22621.3958)
Time: Tue Aug 27 12:34:28 2024  Windows 11 , 64 bit Build 22621 (10.0.22621.3958) elapsed time: 4.187525 seconds (0d 0h 0m 4s)

---------------  T H R E A D  ---------------

Current thread (0x000001cc539ead60):  VMThread "VM Thread" [stack: 0x0000003b4a400000,0x0000003b4a500000] [id=17580]

Stack: [0x0000003b4a400000,0x0000003b4a500000]
Native frames: (J=compiled Java code, j=interpreted, Vv=VM code, C=native code)
V  [jvm.dll+0x687bb9]
V  [jvm.dll+0x84142a]
V  [jvm.dll+0x8430ae]
V  [jvm.dll+0x843713]
V  [jvm.dll+0x24a35f]
V  [jvm.dll+0x684989]
V  [jvm.dll+0x67923a]
V  [jvm.dll+0x30af0b]
V  [jvm.dll+0x3123b6]
V  [jvm.dll+0x361dfe]
V  [jvm.dll+0x36202f]
V  [jvm.dll+0x2e0d38]
V  [jvm.dll+0x2df144]
V  [jvm.dll+0x2de74c]
V  [jvm.dll+0x32305b]
V  [jvm.dll+0x847e0b]
V  [jvm.dll+0x848b42]
V  [jvm.dll+0x84905d]
V  [jvm.dll+0x849434]
V  [jvm.dll+0x849500]
V  [jvm.dll+0x7efa4a]
V  [jvm.dll+0x686a35]
C  [ucrtbase.dll+0x29333]
C  [KERNEL32.DLL+0x1257d]
C  [ntdll.dll+0x5af28]

VM_Operation (0x0000003b4c2f3a10): G1CollectForAllocation, mode: safepoint, requested by thread 0x000001cc59b84500


---------------  P R O C E S S  ---------------

Threads class SMR info:
_java_thread_list=0x000001cc5bd72960, length=63, elements={
0x000001cc38eaad40, 0x000001cc53a24b50, 0x000001cc53a257e0, 0x000001cc53a77800,
0x000001cc53a782d0, 0x000001cc53a794b0, 0x000001cc53aa9190, 0x000001cc53aaa3a0,
0x000001cc53aaacb0, 0x000001cc53aadbe0, 0x000001cc53bffcc0, 0x000001cc53c38770,
0x000001cc53c367c0, 0x000001cc53c370f0, 0x000001cc53dda310, 0x000001cc580a7870,
0x000001cc583e9740, 0x000001cc599e9880, 0x000001cc5a88b770, 0x000001cc5a1ee7d0,
0x000001cc59bc50a0, 0x000001cc59bc5580, 0x000001cc5a972240, 0x000001cc59b84500,
0x000001cc5a646a20, 0x000001cc5a646f30, 0x000001cc5a647440, 0x000001cc5a646000,
0x000001cc5a646510, 0x000001cc59b403b0, 0x000001cc59b43140, 0x000001cc59b40dd0,
0x000001cc59b43b60, 0x000001cc59b3d620, 0x000001cc59b42720, 0x000001cc59b3ef70,
0x000001cc59b43650, 0x000001cc59b3e550, 0x000001cc59b408c0, 0x000001cc59b3f480,
0x000001cc59b42c30, 0x000001cc59b44070, 0x000001cc59b3ea60, 0x000001cc59b412e0,
0x000001cc59b44580, 0x000001cc59b3f990, 0x000001cc59b3fea0, 0x000001cc59b3d110,
0x000001cc59b44a90, 0x000001cc59b3db30, 0x000001cc59b42210, 0x000001cc59b3e040,
0x000001cc59b417f0, 0x000001cc5c87dfa0, 0x000001cc5c879dd0, 0x000001cc5c87e9c0,
0x000001cc5c87eed0, 0x000001cc5c878480, 0x000001cc5c87a7f0, 0x000001cc5c87c140,
0x000001cc5c87b210, 0x000001cc5c87c650, 0x000001cc5c87d070
}

Java Threads: ( => current thread )
  0x000001cc38eaad40 JavaThread "main" [_thread_blocked, id=3476, stack(0x0000003b49e00000,0x0000003b49f00000)]
  0x000001cc53a24b50 JavaThread "Reference Handler" daemon [_thread_blocked, id=8728, stack(0x0000003b4a500000,0x0000003b4a600000)]
  0x000001cc53a257e0 JavaThread "Finalizer" daemon [_thread_blocked, id=14932, stack(0x0000003b4a600000,0x0000003b4a700000)]
  0x000001cc53a77800 JavaThread "Signal Dispatcher" daemon [_thread_blocked, id=20660, stack(0x0000003b4a700000,0x0000003b4a800000)]
  0x000001cc53a782d0 JavaThread "Attach Listener" daemon [_thread_blocked, id=7424, stack(0x0000003b4a800000,0x0000003b4a900000)]
  0x000001cc53a794b0 JavaThread "Service Thread" daemon [_thread_blocked, id=10784, stack(0x0000003b4a900000,0x0000003b4aa00000)]
  0x000001cc53aa9190 JavaThread "Monitor Deflation Thread" daemon [_thread_blocked, id=8508, stack(0x0000003b4aa00000,0x0000003b4ab00000)]
  0x000001cc53aaa3a0 JavaThread "C2 CompilerThread0" daemon [_thread_blocked, id=11088, stack(0x0000003b4ab00000,0x0000003b4ac00000)]
  0x000001cc53aaacb0 JavaThread "C1 CompilerThread0" daemon [_thread_blocked, id=8088, stack(0x0000003b4ac00000,0x0000003b4ad00000)]
  0x000001cc53aadbe0 JavaThread "Sweeper thread" daemon [_thread_blocked, id=8160, stack(0x0000003b4ad00000,0x0000003b4ae00000)]
  0x000001cc53bffcc0 JavaThread "Common-Cleaner" daemon [_thread_blocked, id=2216, stack(0x0000003b4ae00000,0x0000003b4af00000)]
  0x000001cc53c38770 JavaThread "C1 CompilerThread1" daemon [_thread_blocked, id=7900, stack(0x0000003b4af00000,0x0000003b4b000000)]
  0x000001cc53c367c0 JavaThread "C1 CompilerThread2" daemon [_thread_blocked, id=11008, stack(0x0000003b4b000000,0x0000003b4b100000)]
  0x000001cc53c370f0 JavaThread "C1 CompilerThread3" daemon [_thread_blocked, id=6664, stack(0x0000003b4b100000,0x0000003b4b200000)]
  0x000001cc53dda310 JavaThread "Notification Thread" daemon [_thread_blocked, id=3564, stack(0x0000003b4b200000,0x0000003b4b300000)]
  0x000001cc580a7870 JavaThread "C2 CompilerThread1" daemon [_thread_blocked, id=6504, stack(0x0000003b4b400000,0x0000003b4b500000)]
  0x000001cc583e9740 JavaThread "C2 CompilerThread2" daemon [_thread_blocked, id=20020, stack(0x0000003b4b500000,0x0000003b4b600000)]
  0x000001cc599e9880 JavaThread "Daemon health stats" [_thread_blocked, id=19824, stack(0x0000003b4bc00000,0x0000003b4bd00000)]
  0x000001cc5a88b770 JavaThread "Incoming local TCP Connector on port 64239" [_thread_in_native, id=15372, stack(0x0000003b4bd00000,0x0000003b4be00000)]
  0x000001cc5a1ee7d0 JavaThread "Daemon periodic checks" [_thread_blocked, id=12436, stack(0x0000003b4be00000,0x0000003b4bf00000)]
  0x000001cc59bc50a0 JavaThread "Daemon" [_thread_blocked, id=12616, stack(0x0000003b4bf00000,0x0000003b4c000000)]
  0x000001cc59bc5580 JavaThread "Handler for socket connection from /127.0.0.1:64239 to /127.0.0.1:64240" [_thread_in_native, id=1928, stack(0x0000003b4c000000,0x0000003b4c100000)]
  0x000001cc5a972240 JavaThread "Cancel handler" [_thread_blocked, id=8788, stack(0x0000003b4c100000,0x0000003b4c200000)]
  0x000001cc59b84500 JavaThread "Daemon worker" [_thread_blocked, id=23240, stack(0x0000003b4c200000,0x0000003b4c300000)]
  0x000001cc5a646a20 JavaThread "Asynchronous log dispatcher for DefaultDaemonConnection: socket connection from /127.0.0.1:64239 to /127.0.0.1:64240" [_thread_blocked, id=9364, stack(0x0000003b4c300000,0x0000003b4c400000)]
  0x000001cc5a646f30 JavaThread "Stdin handler" [_thread_blocked, id=20824, stack(0x0000003b4c400000,0x0000003b4c500000)]
  0x000001cc5a647440 JavaThread "Daemon client event forwarder" [_thread_blocked, id=17428, stack(0x0000003b4c500000,0x0000003b4c600000)]
  0x000001cc5a646000 JavaThread "Cache worker for journal cache (C:\Users\user\.gradle\caches\journal-1)" [_thread_blocked, id=8556, stack(0x0000003b4b600000,0x0000003b4b700000)]
  0x000001cc5a646510 JavaThread "File lock request listener" [_thread_in_native, id=15424, stack(0x0000003b4cf00000,0x0000003b4d000000)]
  0x000001cc59b403b0 JavaThread "Cache worker for file hash cache (C:\Users\user\.gradle\caches\8.7\fileHashes)" [_thread_blocked, id=19060, stack(0x0000003b4d000000,0x0000003b4d100000)]
  0x000001cc59b43140 JavaThread "Cache worker for file hash cache (C:\Users\user\AndroidStudioProjects\MyProject\.gradle\8.7\fileHashes)" [_thread_blocked, id=17424, stack(0x0000003b4d100000,0x0000003b4d200000)]
  0x000001cc59b40dd0 JavaThread "File watcher server" daemon [_thread_in_native, id=4688, stack(0x0000003b4d400000,0x0000003b4d500000)]
  0x000001cc59b43b60 JavaThread "File watcher consumer" daemon [_thread_blocked, id=17516, stack(0x0000003b4d500000,0x0000003b4d600000)]
  0x000001cc59b3d620 JavaThread "jar transforms" [_thread_blocked, id=13876, stack(0x0000003b4d600000,0x0000003b4d700000)]
  0x000001cc59b42720 JavaThread "jar transforms Thread 2" [_thread_blocked, id=13372, stack(0x0000003b4d700000,0x0000003b4d800000)]
  0x000001cc59b3ef70 JavaThread "jar transforms Thread 3" [_thread_blocked, id=6380, stack(0x0000003b4d800000,0x0000003b4d900000)]
  0x000001cc59b43650 JavaThread "jar transforms Thread 4" [_thread_blocked, id=14496, stack(0x0000003b4d900000,0x0000003b4da00000)]
  0x000001cc59b3e550 JavaThread "jar transforms Thread 5" [_thread_blocked, id=2572, stack(0x0000003b4da00000,0x0000003b4db00000)]
  0x000001cc59b408c0 JavaThread "jar transforms Thread 6" [_thread_blocked, id=23428, stack(0x0000003b4db00000,0x0000003b4dc00000)]
  0x000001cc59b3f480 JavaThread "jar transforms Thread 7" [_thread_blocked, id=14984, stack(0x0000003b4dc00000,0x0000003b4dd00000)]
  0x000001cc59b42c30 JavaThread "jar transforms Thread 8" [_thread_blocked, id=176, stack(0x0000003b4dd00000,0x0000003b4de00000)]
  0x000001cc59b44070 JavaThread "jar transforms Thread 9" [_thread_blocked, id=18728, stack(0x0000003b4de00000,0x0000003b4df00000)]
  0x000001cc59b3ea60 JavaThread "jar transforms Thread 10" [_thread_blocked, id=22508, stack(0x0000003b4df00000,0x0000003b4e000000)]
  0x000001cc59b412e0 JavaThread "jar transforms Thread 11" [_thread_blocked, id=11084, stack(0x0000003b4e000000,0x0000003b4e100000)]
  0x000001cc59b44580 JavaThread "jar transforms Thread 12" [_thread_blocked, id=2544, stack(0x0000003b4e100000,0x0000003b4e200000)]
  0x000001cc59b3f990 JavaThread "jar transforms Thread 13" [_thread_blocked, id=21812, stack(0x0000003b4e200000,0x0000003b4e300000)]
  0x000001cc59b3fea0 JavaThread "jar transforms Thread 14" [_thread_blocked, id=13520, stack(0x0000003b4e300000,0x0000003b4e400000)]
  0x000001cc59b3d110 JavaThread "jar transforms Thread 15" [_thread_blocked, id=22584, stack(0x0000003b4e400000,0x0000003b4e500000)]
  0x000001cc59b44a90 JavaThread "jar transforms Thread 16" [_thread_blocked, id=15764, stack(0x0000003b4e500000,0x0000003b4e600000)]
  0x000001cc59b3db30 JavaThread "Cache worker for checksums cache (C:\Users\user\AndroidStudioProjects\MyProject\.gradle\8.7\checksums)" [_thread_blocked, id=6480, stack(0x0000003b4e600000,0x0000003b4e700000)]
  0x000001cc59b42210 JavaThread "Cache worker for cache directory md-supplier (C:\Users\user\.gradle\caches\8.7\md-supplier)" [_thread_blocked, id=14112, stack(0x0000003b4e700000,0x0000003b4e800000)]
  0x000001cc59b3e040 JavaThread "Cache worker for cache directory md-rule (C:\Users\user\.gradle\caches\8.7\md-rule)" [_thread_blocked, id=15504, stack(0x0000003b4e800000,0x0000003b4e900000)]
  0x000001cc59b417f0 JavaThread "Cache worker for file content cache (C:\Users\user\.gradle\caches\8.7\fileContent)" [_thread_blocked, id=5392, stack(0x0000003b4e900000,0x0000003b4ea00000)]
  0x000001cc5c87dfa0 JavaThread "Unconstrained build operations" [_thread_blocked, id=14196, stack(0x0000003b4ea00000,0x0000003b4eb00000)]
  0x000001cc5c879dd0 JavaThread "Unconstrained build operations Thread 2" [_thread_blocked, id=21740, stack(0x0000003b4eb00000,0x0000003b4ec00000)]
  0x000001cc5c87e9c0 JavaThread "Unconstrained build operations Thread 3" [_thread_blocked, id=24008, stack(0x0000003b4ef00000,0x0000003b4f000000)]
  0x000001cc5c87eed0 JavaThread "Unconstrained build operations Thread 4" [_thread_blocked, id=20336, stack(0x0000003b4f000000,0x0000003b4f100000)]
  0x000001cc5c878480 JavaThread "Unconstrained build operations Thread 5" [_thread_blocked, id=1804, stack(0x0000003b4f100000,0x0000003b4f200000)]
  0x000001cc5c87a7f0 JavaThread "Unconstrained build operations Thread 6" [_thread_blocked, id=16132, stack(0x0000003b4f200000,0x0000003b4f300000)]
  0x000001cc5c87c140 JavaThread "Unconstrained build operations Thread 7" [_thread_blocked, id=13160, stack(0x0000003b4f300000,0x0000003b4f400000)]
  0x000001cc5c87b210 JavaThread "Unconstrained build operations Thread 8" [_thread_blocked, id=18872, stack(0x0000003b4f400000,0x0000003b4f500000)]
  0x000001cc5c87c650 JavaThread "Unconstrained build operations Thread 9" [_thread_blocked, id=14340, stack(0x0000003b4f500000,0x0000003b4f600000)]
  0x000001cc5c87d070 JavaThread "Unconstrained build operations Thread 10" [_thread_blocked, id=12928, stack(0x0000003b4f600000,0x0000003b4f700000)]

Other Threads:
=>0x000001cc539ead60 VMThread "VM Thread" [stack: 0x0000003b4a400000,0x0000003b4a500000] [id=17580]
  0x000001cc53dc8390 WatcherThread [stack: 0x0000003b4b300000,0x0000003b4b400000] [id=23328]
  0x000001cc38f096c0 GCTaskThread "GC Thread#0" [stack: 0x0000003b49f00000,0x0000003b4a000000] [id=14072]
  0x000001cc59d52d10 GCTaskThread "GC Thread#1" [stack: 0x0000003b4b700000,0x0000003b4b800000] [id=7404]
  0x000001cc58c4bdd0 GCTaskThread "GC Thread#2" [stack: 0x0000003b4b800000,0x0000003b4b900000] [id=724]
  0x000001cc59618590 GCTaskThread "GC Thread#3" [stack: 0x0000003b4b900000,0x0000003b4ba00000] [id=19272]
  0x000001cc5908e610 GCTaskThread "GC Thread#4" [stack: 0x0000003b4ba00000,0x0000003b4bb00000] [id=20172]
  0x000001cc59048260 GCTaskThread "GC Thread#5" [stack: 0x0000003b4bb00000,0x0000003b4bc00000] [id=10504]
  0x000001cc5a46c9c0 GCTaskThread "GC Thread#6" [stack: 0x0000003b4c600000,0x0000003b4c700000] [id=10300]
  0x000001cc5a46e540 GCTaskThread "GC Thread#7" [stack: 0x0000003b4c700000,0x0000003b4c800000] [id=16636]
  0x000001cc5a46cc80 GCTaskThread "GC Thread#8" [stack: 0x0000003b4c800000,0x0000003b4c900000] [id=1076]
  0x000001cc5a46d4c0 GCTaskThread "GC Thread#9" [stack: 0x0000003b4c900000,0x0000003b4ca00000] [id=22284]
  0x000001cc5a46cf40 GCTaskThread "GC Thread#10" [stack: 0x0000003b4ca00000,0x0000003b4cb00000] [id=19524]
  0x000001cc5a46d200 GCTaskThread "GC Thread#11" [stack: 0x0000003b4cb00000,0x0000003b4cc00000] [id=10340]
  0x000001cc5a46d780 GCTaskThread "GC Thread#12" [stack: 0x0000003b4cc00000,0x0000003b4cd00000] [id=8664]
  0x000001cc38f1a520 ConcurrentGCThread "G1 Main Marker" [stack: 0x0000003b4a000000,0x0000003b4a100000] [id=13040]
  0x000001cc38f1ae50 ConcurrentGCThread "G1 Conc#0" [stack: 0x0000003b4a100000,0x0000003b4a200000] [id=15476]
  0x000001cc590bdc50 ConcurrentGCThread "G1 Conc#1" [stack: 0x0000003b4cd00000,0x0000003b4ce00000] [id=7940]
  0x000001cc590bd990 ConcurrentGCThread "G1 Conc#2" [stack: 0x0000003b4ce00000,0x0000003b4cf00000] [id=14484]
  0x000001cc53760eb0 ConcurrentGCThread "G1 Refine#0" [stack: 0x0000003b4a200000,0x0000003b4a300000] [id=2072]
  0x000001cc53761590 ConcurrentGCThread "G1 Service" [stack: 0x0000003b4a300000,0x0000003b4a400000] [id=15260]

Threads with active compile tasks:

VM state: at safepoint (normal execution)

VM Mutex/Monitor currently owned by a thread:  ([mutex/lock_event])
[0x000001cc38ea6dd0] Threads_lock - owner thread: 0x000001cc539ead60
[0x000001cc38ea8180] Heap_lock - owner thread: 0x000001cc59b84500

Heap address: 0x0000000080000000, size: 2048 MB, Compressed Oops mode: 32-bit

CDS archive(s) not mapped
Compressed class space mapped at: 0x0000000100000000-0x0000000140000000, reserved size: 1073741824
Narrow klass base: 0x0000000000000000, Narrow klass shift: 3, Narrow klass range: 0x140000000

GC Precious Log:
 CPUs: 16 total, 16 available
 Memory: 16060M
 Large Page Support: Disabled
 NUMA Support: Disabled
 Compressed Oops: Enabled (32-bit)
 Heap Region Size: 1M
 Heap Min Capacity: 8M
 Heap Initial Capacity: 252M
 Heap Max Capacity: 2G
 Pre-touch: Disabled
 Parallel Workers: 13
 Concurrent Workers: 3
 Concurrent Refinement Workers: 13
 Periodic GC: Disabled

Heap:
 garbage-first heap   total 140288K, used 78953K [0x0000000080000000, 0x0000000100000000)
  region size 1024K, 1 young (1024K), 1 survivors (1024K)
 Metaspace       used 67093K, committed 67648K, reserved 1114112K
  class space    used 9409K, committed 9664K, reserved 1048576K

Heap Regions: E=young(eden), S=young(survivor), O=old, HS=humongous(starts), HC=humongous(continues), CS=collection set, F=free, OA=open archive, CA=closed archive, TAMS=top-at-mark-start (previous, next)
|   0|0x0000000080000000, 0x0000000080100000, 0x0000000080100000|100%|HS|  |TAMS 0x0000000080100000, 0x0000000080100000| Complete 
|   1|0x0000000080100000, 0x0000000080200000, 0x0000000080200000|100%|HC|  |TAMS 0x0000000080200000, 0x0000000080200000| Complete 
|   2|0x0000000080200000, 0x0000000080300000, 0x0000000080300000|100%|HC|  |TAMS 0x0000000080300000, 0x0000000080300000| Complete 
|   3|0x0000000080300000, 0x0000000080400000, 0x0000000080400000|100%|HC|  |TAMS 0x0000000080400000, 0x0000000080400000| Complete 
|   4|0x0000000080400000, 0x0000000080500000, 0x0000000080500000|100%| O|  |TAMS 0x0000000080500000, 0x0000000080500000| Untracked 
|   5|0x0000000080500000, 0x0000000080600000, 0x0000000080600000|100%| O|  |TAMS 0x0000000080600000, 0x0000000080600000| Untracked 
|   6|0x0000000080600000, 0x0000000080700000, 0x0000000080700000|100%| O|  |TAMS 0x0000000080700000, 0x0000000080700000| Untracked 
|   7|0x0000000080700000, 0x0000000080800000, 0x0000000080800000|100%| O|  |TAMS 0x0000000080800000, 0x0000000080800000| Untracked 
|   8|0x0000000080800000, 0x0000000080900000, 0x0000000080900000|100%| O|  |TAMS 0x0000000080900000, 0x0000000080900000| Untracked 
|   9|0x0000000080900000, 0x0000000080a00000, 0x0000000080a00000|100%| O|  |TAMS 0x0000000080a00000, 0x0000000080a00000| Untracked 
|  10|0x0000000080a00000, 0x0000000080b00000, 0x0000000080b00000|100%| O|  |TAMS 0x0000000080a00000, 0x0000000080b00000| Untracked 
|  11|0x0000000080b00000, 0x0000000080c00000, 0x0000000080c00000|100%| O|  |TAMS 0x0000000080c00000, 0x0000000080c00000| Untracked 
|  12|0x0000000080c00000, 0x0000000080d00000, 0x0000000080d00000|100%| O|  |TAMS 0x0000000080d00000, 0x0000000080d00000| Untracked 
|  13|0x0000000080d00000, 0x0000000080e00000, 0x0000000080e00000|100%|HS|  |TAMS 0x0000000080e00000, 0x0000000080e00000| Complete 
|  14|0x0000000080e00000, 0x0000000080f00000, 0x0000000080f00000|100%|HC|  |TAMS 0x0000000080f00000, 0x0000000080f00000| Complete 
|  15|0x0000000080f00000, 0x0000000081000000, 0x0000000081000000|100%|HC|  |TAMS 0x0000000081000000, 0x0000000081000000| Complete 
|  16|0x0000000081000000, 0x0000000081100000, 0x0000000081100000|100%|HC|  |TAMS 0x0000000081100000, 0x0000000081100000| Complete 
|  17|0x0000000081100000, 0x0000000081200000, 0x0000000081200000|100%|HC|  |TAMS 0x0000000081200000, 0x0000000081200000| Complete 
|  18|0x0000000081200000, 0x0000000081300000, 0x0000000081300000|100%|HS|  |TAMS 0x0000000081300000, 0x0000000081300000| Complete 
|  19|0x0000000081300000, 0x0000000081400000, 0x0000000081400000|100%|HC|  |TAMS 0x0000000081400000, 0x0000000081400000| Complete 
|  20|0x0000000081400000, 0x0000000081500000, 0x0000000081500000|100%|HC|  |TAMS 0x0000000081500000, 0x0000000081500000| Complete 
|  21|0x0000000081500000, 0x0000000081600000, 0x0000000081600000|100%|HS|  |TAMS 0x0000000081600000, 0x0000000081600000| Complete 
|  22|0x0000000081600000, 0x0000000081700000, 0x0000000081700000|100%|HC|  |TAMS 0x0000000081700000, 0x0000000081700000| Complete 
|  23|0x0000000081700000, 0x0000000081800000, 0x0000000081800000|100%|HC|  |TAMS 0x0000000081800000, 0x0000000081800000| Complete 
|  24|0x0000000081800000, 0x0000000081900000, 0x0000000081900000|100%| O|  |TAMS 0x0000000081900000, 0x0000000081900000| Untracked 
|  25|0x0000000081900000, 0x0000000081a00000, 0x0000000081a00000|100%| O|  |TAMS 0x0000000081a00000, 0x0000000081a00000| Untracked 
|  26|0x0000000081a00000, 0x0000000081b00000, 0x0000000081b00000|100%| O|  |TAMS 0x0000000081b00000, 0x0000000081b00000| Untracked 
|  27|0x0000000081b00000, 0x0000000081c00000, 0x0000000081c00000|100%| O|  |TAMS 0x0000000081c00000, 0x0000000081c00000| Untracked 
|  28|0x0000000081c00000, 0x0000000081d00000, 0x0000000081d00000|100%| O|  |TAMS 0x0000000081d00000, 0x0000000081d00000| Untracked 
|  29|0x0000000081d00000, 0x0000000081e00000, 0x0000000081e00000|100%| O|  |TAMS 0x0000000081e00000, 0x0000000081e00000| Untracked 
|  30|0x0000000081e00000, 0x0000000081f00000, 0x0000000081f00000|100%| O|  |TAMS 0x0000000081f00000, 0x0000000081f00000| Untracked 
|  31|0x0000000081f00000, 0x0000000082000000, 0x0000000082000000|100%| O|  |TAMS 0x0000000082000000, 0x0000000082000000| Untracked 
|  32|0x0000000082000000, 0x0000000082100000, 0x0000000082100000|100%| O|  |TAMS 0x0000000082100000, 0x0000000082100000| Untracked 
|  33|0x0000000082100000, 0x0000000082200000, 0x0000000082200000|100%| O|  |TAMS 0x0000000082200000, 0x0000000082200000| Untracked 
|  34|0x0000000082200000, 0x0000000082300000, 0x0000000082300000|100%| O|  |TAMS 0x0000000082300000, 0x0000000082300000| Untracked 
|  35|0x0000000082300000, 0x0000000082400000, 0x0000000082400000|100%|HS|  |TAMS 0x0000000082400000, 0x0000000082400000| Complete 
|  36|0x0000000082400000, 0x0000000082500000, 0x0000000082500000|100%| O|  |TAMS 0x0000000082500000, 0x0000000082500000| Untracked 
|  37|0x0000000082500000, 0x0000000082600000, 0x0000000082600000|100%| O|  |TAMS 0x0000000082600000, 0x0000000082600000| Untracked 
|  38|0x0000000082600000, 0x0000000082700000, 0x0000000082700000|100%| O|  |TAMS 0x0000000082700000, 0x0000000082700000| Untracked 
|  39|0x0000000082700000, 0x0000000082800000, 0x0000000082800000|100%| O|  |TAMS 0x0000000082800000, 0x0000000082800000| Untracked 
|  40|0x0000000082800000, 0x0000000082900000, 0x0000000082900000|100%| O|  |TAMS 0x0000000082900000, 0x0000000082900000| Untracked 
|  41|0x0000000082900000, 0x0000000082900000, 0x0000000082a00000|  0%| F|  |TAMS 0x0000000082900000, 0x0000000082900000| Untracked 
|  42|0x0000000082a00000, 0x0000000082b00000, 0x0000000082b00000|100%| O|  |TAMS 0x0000000082b00000, 0x0000000082b00000| Untracked 
|  43|0x0000000082b00000, 0x0000000082c00000, 0x0000000082c00000|100%| O|  |TAMS 0x0000000082c00000, 0x0000000082c00000| Untracked 
|  44|0x0000000082c00000, 0x0000000082d00000, 0x0000000082d00000|100%| O|  |TAMS 0x0000000082d00000, 0x0000000082d00000| Untracked 
|  45|0x0000000082d00000, 0x0000000082e00000, 0x0000000082e00000|100%| O|  |TAMS 0x0000000082e00000, 0x0000000082e00000| Untracked 
|  46|0x0000000082e00000, 0x0000000082f00000, 0x0000000082f00000|100%| O|  |TAMS 0x0000000082f00000, 0x0000000082f00000| Untracked 
|  47|0x0000000082f00000, 0x0000000083000000, 0x0000000083000000|100%| O|  |TAMS 0x0000000083000000, 0x0000000083000000| Untracked 
|  48|0x0000000083000000, 0x0000000083100000, 0x0000000083100000|100%| O|  |TAMS 0x0000000083100000, 0x0000000083100000| Untracked 
|  49|0x0000000083100000, 0x0000000083200000, 0x0000000083200000|100%| O|  |TAMS 0x0000000083200000, 0x0000000083200000| Untracked 
|  50|0x0000000083200000, 0x0000000083300000, 0x0000000083300000|100%| O|  |TAMS 0x0000000083300000, 0x0000000083300000| Untracked 
|  51|0x0000000083300000, 0x0000000083400000, 0x0000000083400000|100%| O|  |TAMS 0x0000000083400000, 0x0000000083400000| Untracked 
|  52|0x0000000083400000, 0x0000000083500000, 0x0000000083500000|100%| O|  |TAMS 0x0000000083500000, 0x0000000083500000| Untracked 
|  53|0x0000000083500000, 0x0000000083600000, 0x0000000083600000|100%| O|  |TAMS 0x0000000083600000, 0x0000000083600000| Untracked 
|  54|0x0000000083600000, 0x0000000083700000, 0x0000000083700000|100%|HS|  |TAMS 0x0000000083700000, 0x0000000083700000| Complete 
|  55|0x0000000083700000, 0x0000000083800000, 0x0000000083800000|100%|HC|  |TAMS 0x0000000083800000, 0x0000000083800000| Complete 
|  56|0x0000000083800000, 0x0000000083900000, 0x0000000083900000|100%|HC|  |TAMS 0x0000000083900000, 0x0000000083900000| Complete 
|  57|0x0000000083900000, 0x0000000083a00000, 0x0000000083a00000|100%|HS|  |TAMS 0x0000000083a00000, 0x0000000083a00000| Complete 
|  58|0x0000000083a00000, 0x0000000083b00000, 0x0000000083b00000|100%|HC|  |TAMS 0x0000000083b00000, 0x0000000083b00000| Complete 
|  59|0x0000000083b00000, 0x0000000083c00000, 0x0000000083c00000|100%|HC|  |TAMS 0x0000000083c00000, 0x0000000083c00000| Complete 
|  60|0x0000000083c00000, 0x0000000083d00000, 0x0000000083d00000|100%|HC|  |TAMS 0x0000000083d00000, 0x0000000083d00000| Complete 
|  61|0x0000000083d00000, 0x0000000083e00000, 0x0000000083e00000|100%|HC|  |TAMS 0x0000000083e00000, 0x0000000083e00000| Complete 
|  62|0x0000000083e00000, 0x0000000083f00000, 0x0000000083f00000|100%| O|  |TAMS 0x0000000083f00000, 0x0000000083f00000| Untracked 
|  63|0x0000000083f00000, 0x0000000084000000, 0x0000000084000000|100%| O|  |TAMS 0x0000000084000000, 0x0000000084000000| Untracked 
|  64|0x0000000084000000, 0x0000000084100000, 0x0000000084100000|100%| O|  |TAMS 0x0000000084100000, 0x0000000084100000| Untracked 
|  65|0x0000000084100000, 0x0000000084200000, 0x0000000084200000|100%| O|  |TAMS 0x0000000084200000, 0x0000000084200000| Untracked 
|  66|0x0000000084200000, 0x0000000084300000, 0x0000000084300000|100%| O|  |TAMS 0x0000000084300000, 0x0000000084300000| Untracked 
|  67|0x0000000084300000, 0x0000000084400000, 0x0000000084400000|100%| O|  |TAMS 0x0000000084400000, 0x0000000084400000| Untracked 
|  68|0x0000000084400000, 0x0000000084500000, 0x0000000084500000|100%| O|  |TAMS 0x000000008445d000, 0x0000000084500000| Untracked 
|  69|0x0000000084500000, 0x0000000084600000, 0x0000000084600000|100%|HS|  |TAMS 0x0000000084500000, 0x0000000084600000| Complete 
|  70|0x0000000084600000, 0x0000000084700000, 0x0000000084700000|100%|HC|  |TAMS 0x0000000084600000, 0x0000000084700000| Complete 
|  71|0x0000000084700000, 0x0000000084800000, 0x0000000084800000|100%|HC|  |TAMS 0x0000000084700000, 0x0000000084800000| Complete 
|  72|0x0000000084800000, 0x0000000084900000, 0x0000000084900000|100%|HC|  |TAMS 0x0000000084800000, 0x0000000084900000| Complete 
|  73|0x0000000084900000, 0x0000000084a00000, 0x0000000084a00000|100%|HC|  |TAMS 0x0000000084900000, 0x0000000084a00000| Complete 
|  74|0x0000000084a00000, 0x0000000084b00000, 0x0000000084b00000|100%| O|  |TAMS 0x0000000084a00000, 0x0000000084b00000| Untracked 
|  75|0x0000000084b00000, 0x0000000084c00000, 0x0000000084c00000|100%| O|  |TAMS 0x0000000084b00000, 0x0000000084c00000| Untracked 
|  76|0x0000000084c00000, 0x0000000084d00000, 0x0000000084d00000|100%| O|  |TAMS 0x0000000084c00000, 0x0000000084d00000| Untracked 
|  77|0x0000000084d00000, 0x0000000084d24800, 0x0000000084e00000| 14%| O|  |TAMS 0x0000000084d00000, 0x0000000084d24800| Untracked 
|  78|0x0000000084e00000, 0x0000000084e00000, 0x0000000084f00000|  0%| F|  |TAMS 0x0000000084e00000, 0x0000000084e00000| Untracked 
|  79|0x0000000084f00000, 0x0000000084f00000, 0x0000000085000000|  0%| F|  |TAMS 0x0000000084f00000, 0x0000000084f00000| Untracked 
|  80|0x0000000085000000, 0x0000000085000000, 0x0000000085100000|  0%| F|  |TAMS 0x0000000085000000, 0x0000000085000000| Untracked 
|  81|0x0000000085100000, 0x0000000085100000, 0x0000000085200000|  0%| F|  |TAMS 0x0000000085100000, 0x0000000085100000| Untracked 
|  82|0x0000000085200000, 0x0000000085200000, 0x0000000085300000|  0%| F|  |TAMS 0x0000000085200000, 0x0000000085200000| Untracked 
|  83|0x0000000085300000, 0x0000000085300000, 0x0000000085400000|  0%| F|  |TAMS 0x0000000085300000, 0x0000000085300000| Untracked 
|  84|0x0000000085400000, 0x0000000085400000, 0x0000000085500000|  0%| F|  |TAMS 0x0000000085400000, 0x0000000085400000| Untracked 
|  85|0x0000000085500000, 0x0000000085500000, 0x0000000085600000|  0%| F|  |TAMS 0x0000000085500000, 0x0000000085500000| Untracked 
|  86|0x0000000085600000, 0x0000000085600000, 0x0000000085700000|  0%| F|  |TAMS 0x0000000085600000, 0x0000000085600000| Untracked 
|  87|0x0000000085700000, 0x0000000085700000, 0x0000000085800000|  0%| F|  |TAMS 0x0000000085700000, 0x0000000085700000| Untracked 
|  88|0x0000000085800000, 0x0000000085800000, 0x0000000085900000|  0%| F|  |TAMS 0x0000000085800000, 0x0000000085800000| Untracked 
|  89|0x0000000085900000, 0x0000000085900000, 0x0000000085a00000|  0%| F|  |TAMS 0x0000000085900000, 0x0000000085900000| Untracked 
|  90|0x0000000085a00000, 0x0000000085a00000, 0x0000000085b00000|  0%| F|  |TAMS 0x0000000085a00000, 0x0000000085a00000| Untracked 
|  91|0x0000000085b00000, 0x0000000085b00000, 0x0000000085c00000|  0%| F|  |TAMS 0x0000000085b00000, 0x0000000085b00000| Untracked 
|  92|0x0000000085c00000, 0x0000000085c00000, 0x0000000085d00000|  0%| F|  |TAMS 0x0000000085c00000, 0x0000000085c00000| Untracked 
|  93|0x0000000085d00000, 0x0000000085d00000, 0x0000000085e00000|  0%| F|  |TAMS 0x0000000085d00000, 0x0000000085d00000| Untracked 
|  94|0x0000000085e00000, 0x0000000085e00000, 0x0000000085f00000|  0%| F|  |TAMS 0x0000000085e00000, 0x0000000085e00000| Untracked 
|  95|0x0000000085f00000, 0x0000000085f00000, 0x0000000086000000|  0%| F|  |TAMS 0x0000000085f00000, 0x0000000085f00000| Untracked 
|  96|0x0000000086000000, 0x0000000086000000, 0x0000000086100000|  0%| F|  |TAMS 0x0000000086000000, 0x0000000086000000| Untracked 
|  97|0x0000000086100000, 0x0000000086100000, 0x0000000086200000|  0%| F|  |TAMS 0x0000000086100000, 0x0000000086100000| Untracked 
|  98|0x0000000086200000, 0x0000000086200000, 0x0000000086300000|  0%| F|  |TAMS 0x0000000086200000, 0x0000000086200000| Untracked 
|  99|0x0000000086300000, 0x00000000863f5ce8, 0x0000000086400000| 96%| S|CS|TAMS 0x0000000086300000, 0x0000000086300000| Complete 
| 100|0x0000000086400000, 0x0000000086400000, 0x0000000086500000|  0%| F|  |TAMS 0x0000000086400000, 0x0000000086400000| Untracked 
| 101|0x0000000086500000, 0x0000000086500000, 0x0000000086600000|  0%| F|  |TAMS 0x0000000086500000, 0x0000000086500000| Untracked 
| 102|0x0000000086600000, 0x0000000086600000, 0x0000000086700000|  0%| F|  |TAMS 0x0000000086600000, 0x0000000086600000| Untracked 
| 103|0x0000000086700000, 0x0000000086700000, 0x0000000086800000|  0%| F|  |TAMS 0x0000000086700000, 0x0000000086700000| Untracked 
| 104|0x0000000086800000, 0x0000000086800000, 0x0000000086900000|  0%| F|  |TAMS 0x0000000086800000, 0x0000000086800000| Untracked 
| 105|0x0000000086900000, 0x0000000086900000, 0x0000000086a00000|  0%| F|  |TAMS 0x0000000086900000, 0x0000000086900000| Untracked 
| 106|0x0000000086a00000, 0x0000000086a00000, 0x0000000086b00000|  0%| F|  |TAMS 0x0000000086a00000, 0x0000000086a00000| Untracked 
| 107|0x0000000086b00000, 0x0000000086b00000, 0x0000000086c00000|  0%| F|  |TAMS 0x0000000086b00000, 0x0000000086b00000| Untracked 
| 108|0x0000000086c00000, 0x0000000086c00000, 0x0000000086d00000|  0%| F|  |TAMS 0x0000000086c00000, 0x0000000086c00000| Untracked 
| 109|0x0000000086d00000, 0x0000000086d00000, 0x0000000086e00000|  0%| F|  |TAMS 0x0000000086d00000, 0x0000000086d00000| Untracked 
| 110|0x0000000086e00000, 0x0000000086e00000, 0x0000000086f00000|  0%| F|  |TAMS 0x0000000086e00000, 0x0000000086e00000| Untracked 
| 111|0x0000000086f00000, 0x0000000086f00000, 0x0000000087000000|  0%| F|  |TAMS 0x0000000086f00000, 0x0000000086f00000| Untracked 
| 112|0x0000000087000000, 0x0000000087000000, 0x0000000087100000|  0%| F|  |TAMS 0x0000000087000000, 0x0000000087000000| Untracked 
| 113|0x0000000087100000, 0x0000000087100000, 0x0000000087200000|  0%| F|  |TAMS 0x0000000087100000, 0x0000000087100000| Untracked 
| 114|0x0000000087200000, 0x0000000087200000, 0x0000000087300000|  0%| F|  |TAMS 0x0000000087200000, 0x0000000087200000| Untracked 
| 115|0x0000000087300000, 0x0000000087300000, 0x0000000087400000|  0%| F|  |TAMS 0x0000000087300000, 0x0000000087300000| Untracked 
| 116|0x0000000087400000, 0x0000000087400000, 0x0000000087500000|  0%| F|  |TAMS 0x0000000087400000, 0x0000000087400000| Untracked 
| 117|0x0000000087500000, 0x0000000087500000, 0x0000000087600000|  0%| F|  |TAMS 0x0000000087500000, 0x0000000087500000| Untracked 
| 118|0x0000000087600000, 0x0000000087600000, 0x0000000087700000|  0%| F|  |TAMS 0x0000000087600000, 0x0000000087600000| Untracked 
| 119|0x0000000087700000, 0x0000000087700000, 0x0000000087800000|  0%| F|  |TAMS 0x0000000087700000, 0x0000000087700000| Untracked 
| 120|0x0000000087800000, 0x0000000087800000, 0x0000000087900000|  0%| F|  |TAMS 0x0000000087800000, 0x0000000087800000| Untracked 
| 121|0x0000000087900000, 0x0000000087900000, 0x0000000087a00000|  0%| F|  |TAMS 0x0000000087900000, 0x0000000087900000| Untracked 
| 122|0x0000000087a00000, 0x0000000087a00000, 0x0000000087b00000|  0%| F|  |TAMS 0x0000000087a00000, 0x0000000087a00000| Untracked 
| 123|0x0000000087b00000, 0x0000000087b00000, 0x0000000087c00000|  0%| F|  |TAMS 0x0000000087b00000, 0x0000000087b00000| Untracked 
| 124|0x0000000087c00000, 0x0000000087c00000, 0x0000000087d00000|  0%| F|  |TAMS 0x0000000087c00000, 0x0000000087c00000| Untracked 
| 125|0x0000000087d00000, 0x0000000087d00000, 0x0000000087e00000|  0%| F|  |TAMS 0x0000000087d00000, 0x0000000087d00000| Untracked 
| 126|0x0000000087e00000, 0x0000000087e00000, 0x0000000087f00000|  0%| F|  |TAMS 0x0000000087e00000, 0x0000000087e00000| Untracked 
| 190|0x000000008be00000, 0x000000008be00000, 0x000000008bf00000|  0%| F|  |TAMS 0x000000008be00000, 0x000000008be00000| Untracked 
| 191|0x000000008bf00000, 0x000000008bf00000, 0x000000008c000000|  0%| F|  |TAMS 0x000000008bf00000, 0x000000008bf00000| Untracked 
| 192|0x000000008c000000, 0x000000008c000000, 0x000000008c100000|  0%| F|  |TAMS 0x000000008c000000, 0x000000008c000000| Untracked 
| 193|0x000000008c100000, 0x000000008c100000, 0x000000008c200000|  0%| F|  |TAMS 0x000000008c100000, 0x000000008c100000| Untracked 
| 194|0x000000008c200000, 0x000000008c200000, 0x000000008c300000|  0%| F|  |TAMS 0x000000008c200000, 0x000000008c200000| Untracked 
| 195|0x000000008c300000, 0x000000008c300000, 0x000000008c400000|  0%| F|  |TAMS 0x000000008c300000, 0x000000008c300000| Untracked 
| 196|0x000000008c400000, 0x000000008c400000, 0x000000008c500000|  0%| F|  |TAMS 0x000000008c400000, 0x000000008c400000| Untracked 
| 197|0x000000008c500000, 0x000000008c500000, 0x000000008c600000|  0%| F|  |TAMS 0x000000008c500000, 0x000000008c500000| Untracked 
| 198|0x000000008c600000, 0x000000008c600000, 0x000000008c700000|  0%| F|  |TAMS 0x000000008c600000, 0x000000008c600000| Untracked 
| 251|0x000000008fb00000, 0x000000008fb00000, 0x000000008fc00000|  0%| F|  |TAMS 0x000000008fb00000, 0x000000008fb00000| Untracked 

Card table byte_map: [0x000001cc4c000000,0x000001cc4c400000] _byte_map_base: 0x000001cc4bc00000

Marking Bits (Prev, Next): (CMBitMap*) 0x000001cc38f09bf0, (CMBitMap*) 0x000001cc38f09c30
 Prev Bits: [0x000001cc4c800000, 0x000001cc4e800000)
 Next Bits: [0x000001cc4e800000, 0x000001cc50800000)

Polling page: 0x000001cc36e00000

Metaspace:

Usage:
  Non-class:     56.33 MB used.
      Class:      9.19 MB used.
       Both:     65.52 MB used.

Virtual space:
  Non-class space:       64.00 MB reserved,      56.62 MB ( 88%) committed,  1 nodes.
      Class space:        1.00 GB reserved,       9.44 MB ( <1%) committed,  1 nodes.
             Both:        1.06 GB reserved,      66.06 MB (  6%) committed. 

Chunk freelists:
   Non-Class:  7.08 MB
       Class:  6.59 MB
        Both:  13.67 MB

MaxMetaspaceSize: unlimited
CompressedClassSpaceSize: 1.00 GB
Initial GC threshold: 21.00 MB
Current GC threshold: 94.81 MB
CDS: off
MetaspaceReclaimPolicy: balanced
 - commit_granule_bytes: 65536.
 - commit_granule_words: 8192.
 - virtual_space_node_default_size: 8388608.
 - enlarge_chunks_in_place: 1.
 - new_chunks_are_fully_committed: 0.
 - uncommit_free_chunks: 1.
 - use_allocation_guard: 0.
 - handle_deallocations: 1.


Internal statistics:

num_allocs_failed_limit: 6.
num_arena_births: 650.
num_arena_deaths: 2.
num_vsnodes_births: 2.
num_vsnodes_deaths: 0.
num_space_committed: 1057.
num_space_uncommitted: 0.
num_chunks_returned_to_freelist: 9.
num_chunks_taken_from_freelist: 2881.
num_chunk_merges: 6.
num_chunk_splits: 1970.
num_chunks_enlarged: 1424.
num_inconsistent_stats: 0.

CodeHeap 'non-profiled nmethods': size=119168Kb used=4567Kb max_used=4567Kb free=114600Kb
 bounds [0x000001cc43f20000, 0x000001cc443a0000, 0x000001cc4b380000]
CodeHeap 'profiled nmethods': size=119104Kb used=12373Kb max_used=12373Kb free=106731Kb
 bounds [0x000001cc3c380000, 0x000001cc3cfa0000, 0x000001cc437d0000]
CodeHeap 'non-nmethods': size=7488Kb used=4038Kb max_used=4164Kb free=3449Kb
 bounds [0x000001cc437d0000, 0x000001cc43bf0000, 0x000001cc43f20000]
 total_blobs=7026 nmethods=6157 adapters=777
 compilation: enabled
              stopped_count=0, restarted_count=0
 full_count=0

Compilation events (20 events):
Event: 4.147 Thread 0x000001cc53c367c0 6944       3       kotlin.reflect.jvm.internal.ReflectProperties::lazySoft (14 bytes)
Event: 4.147 Thread 0x000001cc53c38770 6945       3       kotlin.LazyKt__LazyJVMKt::lazy (102 bytes)
Event: 4.148 Thread 0x000001cc53aaa3a0 6947       4       kotlin.jvm.internal.Intrinsics::checkNotNullParameter (9 bytes)
Event: 4.148 Thread 0x000001cc53c370f0 nmethod 6943 0x000001cc3cf90390 code [0x000001cc3cf905a0, 0x000001cc3cf90d88]
Event: 4.148 Thread 0x000001cc53aaacb0 6946       3       kotlin.SafePublicationLazyImpl::<init> (30 bytes)
Event: 4.148 Thread 0x000001cc53c367c0 nmethod 6944 0x000001cc3cf91010 code [0x000001cc3cf911e0, 0x000001cc3cf914a8]
Event: 4.148 Thread 0x000001cc53c367c0 6948       3       kotlin.reflect.jvm.internal.ReflectProperties$Val::<init> (5 bytes)
Event: 4.148 Thread 0x000001cc53c367c0 nmethod 6948 0x000001cc3cf91610 code [0x000001cc3cf917a0, 0x000001cc3cf918f8]
Event: 4.148 Thread 0x000001cc53aaa3a0 nmethod 6947 0x000001cc44391f10 code [0x000001cc44392080, 0x000001cc443920f8]
Event: 4.148 Thread 0x000001cc53aaacb0 nmethod 6946 0x000001cc3cf91990 code [0x000001cc3cf91bc0, 0x000001cc3cf922f8]
Event: 4.148 Thread 0x000001cc53c38770 nmethod 6945 0x000001cc3cf92590 code [0x000001cc3cf929a0, 0x000001cc3cf94438]
Event: 4.150 Thread 0x000001cc580a7870 nmethod 6934 0x000001cc44392210 code [0x000001cc443924a0, 0x000001cc44394788]
Event: 4.152 Thread 0x000001cc53aaacb0 6949       3       kotlin.reflect.jvm.internal.impl.renderer.DescriptorRendererOptionsImpl::property (20 bytes)
Event: 4.152 Thread 0x000001cc53c38770 6950       3       kotlin.reflect.jvm.internal.impl.renderer.DescriptorRendererOptionsImpl$property$$inlined$vetoable$1::<init> (11 bytes)
Event: 4.152 Thread 0x000001cc53c367c0 6951       3       kotlin.properties.ObservableProperty::<init> (10 bytes)
Event: 4.152 Thread 0x000001cc53aaacb0 nmethod 6949 0x000001cc3cf94d10 code [0x000001cc3cf94ec0, 0x000001cc3cf951f8]
Event: 4.152 Thread 0x000001cc53c38770 nmethod 6950 0x000001cc3cf95310 code [0x000001cc3cf954c0, 0x000001cc3cf95738]
Event: 4.152 Thread 0x000001cc53c367c0 nmethod 6951 0x000001cc3cf95810 code [0x000001cc3cf959a0, 0x000001cc3cf95b58]
Event: 4.165 Thread 0x000001cc53c367c0 6952   !   3       java.util.ServiceLoader$LazyClassPathLookupIterator::hasNextService (144 bytes)
Event: 4.166 Thread 0x000001cc53c367c0 nmethod 6952 0x000001cc3cf95c10 code [0x000001cc3cf95fa0, 0x000001cc3cf97378]

GC Heap History (20 events):
Event: 2.888 GC heap after
{Heap after GC invocations=15 (full 0):
 garbage-first heap   total 116736K, used 52386K [0x0000000080000000, 0x0000000100000000)
  region size 1024K, 6 young (6144K), 6 survivors (6144K)
 Metaspace       used 53911K, committed 54400K, reserved 1114112K
  class space    used 7384K, committed 7616K, reserved 1048576K
}
Event: 3.031 GC heap before
{Heap before GC invocations=15 (full 0):
 garbage-first heap   total 116736K, used 91298K [0x0000000080000000, 0x0000000100000000)
  region size 1024K, 44 young (45056K), 6 survivors (6144K)
 Metaspace       used 54035K, committed 54528K, reserved 1114112K
  class space    used 7384K, committed 7616K, reserved 1048576K
}
Event: 3.034 GC heap after
{Heap after GC invocations=16 (full 0):
 garbage-first heap   total 116736K, used 54595K [0x0000000080000000, 0x0000000100000000)
  region size 1024K, 5 young (5120K), 5 survivors (5120K)
 Metaspace       used 54035K, committed 54528K, reserved 1114112K
  class space    used 7384K, committed 7616K, reserved 1048576K
}
Event: 3.163 GC heap before
{Heap before GC invocations=16 (full 0):
 garbage-first heap   total 116736K, used 93507K [0x0000000080000000, 0x0000000100000000)
  region size 1024K, 43 young (44032K), 5 survivors (5120K)
 Metaspace       used 54060K, committed 54528K, reserved 1114112K
  class space    used 7386K, committed 7616K, reserved 1048576K
}
Event: 3.165 GC heap after
{Heap after GC invocations=17 (full 0):
 garbage-first heap   total 116736K, used 54995K [0x0000000080000000, 0x0000000100000000)
  region size 1024K, 3 young (3072K), 3 survivors (3072K)
 Metaspace       used 54060K, committed 54528K, reserved 1114112K
  class space    used 7386K, committed 7616K, reserved 1048576K
}
Event: 3.280 GC heap before
{Heap before GC invocations=17 (full 0):
 garbage-first heap   total 116736K, used 94931K [0x0000000080000000, 0x0000000100000000)
  region size 1024K, 42 young (43008K), 3 survivors (3072K)
 Metaspace       used 54067K, committed 54528K, reserved 1114112K
  class space    used 7387K, committed 7616K, reserved 1048576K
}
Event: 3.282 GC heap after
{Heap after GC invocations=18 (full 0):
 garbage-first heap   total 116736K, used 56262K [0x0000000080000000, 0x0000000100000000)
  region size 1024K, 4 young (4096K), 4 survivors (4096K)
 Metaspace       used 54067K, committed 54528K, reserved 1114112K
  class space    used 7387K, committed 7616K, reserved 1048576K
}
Event: 3.501 GC heap before
{Heap before GC invocations=19 (full 0):
 garbage-first heap   total 116736K, used 79814K [0x0000000080000000, 0x0000000100000000)
  region size 1024K, 29 young (29696K), 4 survivors (4096K)
 Metaspace       used 56761K, committed 57280K, reserved 1114112K
  class space    used 7710K, committed 7936K, reserved 1048576K
}
Event: 3.503 GC heap after
{Heap after GC invocations=20 (full 0):
 garbage-first heap   total 116736K, used 58833K [0x0000000080000000, 0x0000000100000000)
  region size 1024K, 5 young (5120K), 5 survivors (5120K)
 Metaspace       used 56761K, committed 57280K, reserved 1114112K
  class space    used 7710K, committed 7936K, reserved 1048576K
}
Event: 3.563 GC heap before
{Heap before GC invocations=21 (full 0):
 garbage-first heap   total 116736K, used 101841K [0x0000000080000000, 0x0000000100000000)
  region size 1024K, 40 young (40960K), 5 survivors (5120K)
 Metaspace       used 56866K, committed 57344K, reserved 1114112K
  class space    used 7713K, committed 7936K, reserved 1048576K
}
Event: 3.564 GC heap after
{Heap after GC invocations=22 (full 0):
 garbage-first heap   total 140288K, used 69495K [0x0000000080000000, 0x0000000100000000)
  region size 1024K, 3 young (3072K), 3 survivors (3072K)
 Metaspace       used 56866K, committed 57344K, reserved 1114112K
  class space    used 7713K, committed 7936K, reserved 1048576K
}
Event: 3.567 GC heap before
{Heap before GC invocations=22 (full 0):
 garbage-first heap   total 140288K, used 72567K [0x0000000080000000, 0x0000000100000000)
  region size 1024K, 6 young (6144K), 3 survivors (3072K)
 Metaspace       used 56866K, committed 57344K, reserved 1114112K
  class space    used 7713K, committed 7936K, reserved 1048576K
}
Event: 3.568 GC heap after
{Heap after GC invocations=23 (full 0):
 garbage-first heap   total 140288K, used 69194K [0x0000000080000000, 0x0000000100000000)
  region size 1024K, 1 young (1024K), 1 survivors (1024K)
 Metaspace       used 56866K, committed 57344K, reserved 1114112K
  class space    used 7713K, committed 7936K, reserved 1048576K
}
Event: 3.717 GC heap before
{Heap before GC invocations=23 (full 0):
 garbage-first heap   total 140288K, used 105034K [0x0000000080000000, 0x0000000100000000)
  region size 1024K, 38 young (38912K), 1 survivors (1024K)
 Metaspace       used 57656K, committed 58112K, reserved 1114112K
  class space    used 7794K, committed 8000K, reserved 1048576K
}
Event: 3.718 GC heap after
{Heap after GC invocations=24 (full 0):
 garbage-first heap   total 140288K, used 70885K [0x0000000080000000, 0x0000000100000000)
  region size 1024K, 2 young (2048K), 2 survivors (2048K)
 Metaspace       used 57656K, committed 58112K, reserved 1114112K
  class space    used 7794K, committed 8000K, reserved 1048576K
}
Event: 3.972 GC heap before
{Heap before GC invocations=25 (full 0):
 garbage-first heap   total 140288K, used 117989K [0x0000000080000000, 0x0000000100000000)
  region size 1024K, 42 young (43008K), 2 survivors (2048K)
 Metaspace       used 61186K, committed 61760K, reserved 1114112K
  class space    used 8172K, committed 8448K, reserved 1048576K
}
Event: 3.974 GC heap after
{Heap after GC invocations=26 (full 0):
 garbage-first heap   total 140288K, used 78967K [0x0000000080000000, 0x0000000100000000)
  region size 1024K, 5 young (5120K), 5 survivors (5120K)
 Metaspace       used 61186K, committed 61760K, reserved 1114112K
  class space    used 8172K, committed 8448K, reserved 1048576K
}
Event: 3.981 GC heap before
{Heap before GC invocations=26 (full 0):
 garbage-first heap   total 140288K, used 79991K [0x0000000080000000, 0x0000000100000000)
  region size 1024K, 6 young (6144K), 5 survivors (5120K)
 Metaspace       used 61311K, committed 61888K, reserved 1114112K
  class space    used 8190K, committed 8448K, reserved 1048576K
}
Event: 3.983 GC heap after
{Heap after GC invocations=27 (full 0):
 garbage-first heap   total 140288K, used 78325K [0x0000000080000000, 0x0000000100000000)
  region size 1024K, 1 young (1024K), 1 survivors (1024K)
 Metaspace       used 61311K, committed 61888K, reserved 1114112K
  class space    used 8190K, committed 8448K, reserved 1048576K
}
Event: 4.184 GC heap before
{Heap before GC invocations=27 (full 0):
 garbage-first heap   total 140288K, used 115189K [0x0000000080000000, 0x0000000100000000)
  region size 1024K, 37 young (37888K), 1 survivors (1024K)
 Metaspace       used 67093K, committed 67648K, reserved 1114112K
  class space    used 9409K, committed 9664K, reserved 1048576K
}

Dll operation events (3 events):
Event: 0.004 Loaded shared library C:\Program Files\Android\Android Studio\jbr\bin\java.dll
Event: 0.073 Loaded shared library C:\Program Files\Android\Android Studio\jbr\bin\zip.dll
Event: 0.216 Loaded shared library C:\Program Files\Android\Android Studio\jbr\bin\verify.dll

Deoptimization events (20 events):
Event: 4.006 Thread 0x000001cc59b84500 Uncommon trap: trap_request=0xfffffff4 fr.pc=0x000001cc4428e1f4 relative=0x0000000000000174
Event: 4.006 Thread 0x000001cc59b84500 Uncommon trap: reason=null_check action=make_not_entrant pc=0x000001cc4428e1f4 method=java.lang.reflect.Array.newInstance(Ljava/lang/Class;I)Ljava/lang/Object; @ 2 c2
Event: 4.006 Thread 0x000001cc59b84500 DEOPT PACKING pc=0x000001cc4428e1f4 sp=0x0000003b4c2f4d20
Event: 4.006 Thread 0x000001cc59b84500 DEOPT UNPACKING pc=0x000001cc438269a3 sp=0x0000003b4c2f4cb8 mode 2
Event: 4.062 Thread 0x000001cc59b84500 Uncommon trap: trap_request=0xffffff45 fr.pc=0x000001cc44015b3c relative=0x000000000000127c
Event: 4.062 Thread 0x000001cc59b84500 Uncommon trap: reason=unstable_if action=reinterpret pc=0x000001cc44015b3c method=java.util.concurrent.ConcurrentHashMap.putVal(Ljava/lang/Object;Ljava/lang/Object;Z)Ljava/lang/Object; @ 245 c2
Event: 4.062 Thread 0x000001cc59b84500 DEOPT PACKING pc=0x000001cc44015b3c sp=0x0000003b4c2f66b0
Event: 4.062 Thread 0x000001cc59b84500 DEOPT UNPACKING pc=0x000001cc438269a3 sp=0x0000003b4c2f6638 mode 2
Event: 4.062 Thread 0x000001cc59b84500 Uncommon trap: trap_request=0xffffff45 fr.pc=0x000001cc43fe8c84 relative=0x0000000000000084
Event: 4.062 Thread 0x000001cc59b84500 Uncommon trap: reason=unstable_if action=reinterpret pc=0x000001cc43fe8c84 method=java.lang.CharacterDataLatin1.isWhitespace(I)Z @ 14 c2
Event: 4.062 Thread 0x000001cc59b84500 DEOPT PACKING pc=0x000001cc43fe8c84 sp=0x0000003b4c2f70f0
Event: 4.062 Thread 0x000001cc59b84500 DEOPT UNPACKING pc=0x000001cc438269a3 sp=0x0000003b4c2f7060 mode 2
Event: 4.108 Thread 0x000001cc59b84500 Uncommon trap: trap_request=0xffffff45 fr.pc=0x000001cc43f7a680 relative=0x0000000000002220
Event: 4.108 Thread 0x000001cc59b84500 Uncommon trap: reason=unstable_if action=reinterpret pc=0x000001cc43f7a680 method=java.util.jar.JarFile.getEntry(Ljava/lang/String;)Ljava/util/zip/ZipEntry; @ 15 c2
Event: 4.108 Thread 0x000001cc59b84500 DEOPT PACKING pc=0x000001cc43f7a680 sp=0x0000003b4c2f5550
Event: 4.108 Thread 0x000001cc59b84500 DEOPT UNPACKING pc=0x000001cc438269a3 sp=0x0000003b4c2f5558 mode 2
Event: 4.154 Thread 0x000001cc59b84500 Uncommon trap: trap_request=0xffffff45 fr.pc=0x000001cc43f63360 relative=0x0000000000000620
Event: 4.154 Thread 0x000001cc59b84500 Uncommon trap: reason=unstable_if action=reinterpret pc=0x000001cc43f63360 method=java.lang.AbstractStringBuilder.append(Ljava/lang/String;)Ljava/lang/AbstractStringBuilder; @ 1 c2
Event: 4.154 Thread 0x000001cc59b84500 DEOPT PACKING pc=0x000001cc43f63360 sp=0x0000003b4c2f5900
Event: 4.154 Thread 0x000001cc59b84500 DEOPT UNPACKING pc=0x000001cc438269a3 sp=0x0000003b4c2f5880 mode 2

Classes unloaded (3 events):
Event: 3.729 Thread 0x000001cc539ead60 Unloading class 0x00000001007a8968 '_BuildScript_$_run_closure1$_closure2'
Event: 3.729 Thread 0x000001cc539ead60 Unloading class 0x00000001007a8558 '_BuildScript_$_run_closure1'
Event: 3.729 Thread 0x000001cc539ead60 Unloading class 0x00000001007a8000 '_BuildScript_'

Classes redefined (0 events):
No events

Internal exceptions (20 events):
Event: 3.838 Thread 0x000001cc59b84500 Exception <a 'java/lang/NoSuchMethodError'{0x00000000878428f8}: 'java.lang.Object java.lang.invoke.Invokers$Holder.invoker(java.lang.Object, java.lang.Object, java.lang.Object, java.lang.Object, java.lang.Object, java.lang.Object)'> (0x00000000878428f8) 
thrown [s\src\hotspot\share\interpreter\linkResolver.cpp, line 771]
Event: 3.843 Thread 0x000001cc59b84500 Exception <a 'java/lang/NoSuchMethodError'{0x00000000878ccd50}: 'java.lang.Object java.lang.invoke.Invokers$Holder.invoker(java.lang.Object, java.lang.Object, java.lang.Object, java.lang.Object)'> (0x00000000878ccd50) 
thrown [s\src\hotspot\share\interpreter\linkResolver.cpp, line 771]
Event: 3.850 Thread 0x000001cc59b84500 Exception <a 'java/lang/NoSuchMethodError'{0x0000000087741c90}: 'java.lang.Object java.lang.invoke.Invokers$Holder.invoker(java.lang.Object, java.lang.Object, java.lang.Object, java.lang.Object, java.lang.Object)'> (0x0000000087741c90) 
thrown [s\src\hotspot\share\interpreter\linkResolver.cpp, line 771]
Event: 3.851 Thread 0x000001cc59b84500 Exception <a 'java/lang/NoSuchMethodError'{0x000000008775f978}: 'java.lang.Object java.lang.invoke.DirectMethodHandle$Holder.invokeSpecial(java.lang.Object, java.lang.Object, java.lang.Object, java.lang.Object, java.lang.Object, java.lang.Object, java.lang.Object, java.lang.Object, java.lang.Object, java.lang.Object, java.lang.Object, java.lang.Object, java.lang.Object, java.lang.Object, java.lang.Object, java.lang.Object, java.lang.Object, java.lang.Object, java.lang.Object, java.lang.Object, java.lang.Ob
Event: 3.851 Thread 0x000001cc59b84500 Exception <a 'java/lang/NoSuchMethodError'{0x0000000087765a88}: 'java.lang.Object java.lang.invoke.DelegatingMethodHandle$Holder.reinvoke_L(java.lang.Object, java.lang.Object, java.lang.Object, java.lang.Object, java.lang.Object, java.lang.Object, java.lang.Object, java.lang.Object, java.lang.Object, java.lang.Object, java.lang.Object, java.lang.Object, java.lang.Object, java.lang.Object, java.lang.Object, java.lang.Object, java.lang.Object, java.lang.Object, java.lang.Object, java.lang.Object, java.lang.O
Event: 3.851 Thread 0x000001cc59b84500 Exception <a 'java/lang/NoSuchMethodError'{0x0000000087771c60}: 'java.lang.Object java.lang.invoke.Invokers$Holder.invoker(java.lang.Object, java.lang.Object, java.lang.Object, java.lang.Object, java.lang.Object, java.lang.Object, java.lang.Object, java.lang.Object, java.lang.Object, java.lang.Object, java.lang.Object, java.lang.Object, java.lang.Object, java.lang.Object, java.lang.Object, java.lang.Object, java.lang.Object, java.lang.Object, java.lang.Object, java.lang.Object, java.lang.Object, java.lang.
Event: 3.852 Thread 0x000001cc59b84500 Exception <a 'java/lang/NoSuchMethodError'{0x0000000087778ce0}: 'java.lang.Object java.lang.invoke.DelegatingMethodHandle$Holder.delegate(java.lang.Object, java.lang.Object, java.lang.Object, java.lang.Object, java.lang.Object, java.lang.Object, java.lang.Object, java.lang.Object, java.lang.Object, java.lang.Object, java.lang.Object, java.lang.Object, java.lang.Object, java.lang.Object, java.lang.Object, java.lang.Object, java.lang.Object, java.lang.Object, java.lang.Object, java.lang.Object, java.lang.Obj
Event: 3.856 Thread 0x000001cc59b84500 Exception <a 'java/lang/NoSuchMethodError'{0x00000000877f4198}: 'java.lang.Object java.lang.invoke.DirectMethodHandle$Holder.invokeStatic(java.lang.Object, java.lang.Object, java.lang.Object, java.lang.Object, java.lang.Object, java.lang.Object, java.lang.Object, java.lang.Object, java.lang.Object, java.lang.Object, java.lang.Object, java.lang.Object, java.lang.Object, java.lang.Object, java.lang.Object, java.lang.Object, java.lang.Object)'> (0x00000000877f4198) 
thrown [s\src\hotspot\share\interpreter\lin
Event: 3.858 Thread 0x000001cc59b84500 Exception <a 'java/lang/NoSuchMethodError'{0x000000008761d958}: 'java.lang.Object java.lang.invoke.DirectMethodHandle$Holder.invokeStatic(java.lang.Object, java.lang.Object, java.lang.Object, java.lang.Object, java.lang.Object, java.lang.Object, java.lang.Object, java.lang.Object, java.lang.Object, java.lang.Object, java.lang.Object, java.lang.Object, java.lang.Object, java.lang.Object, java.lang.Object, java.lang.Object, java.lang.Object, java.lang.Object)'> (0x000000008761d958) 
thrown [s\src\hotspot\sha
Event: 3.859 Thread 0x000001cc59b84500 Exception <a 'java/lang/NoSuchMethodError'{0x0000000087648168}: 'java.lang.Object java.lang.invoke.DirectMethodHandle$Holder.invokeStatic(java.lang.Object, java.lang.Object, java.lang.Object, java.lang.Object, java.lang.Object, java.lang.Object, java.lang.Object, java.lang.Object, java.lang.Object, java.lang.Object, java.lang.Object, java.lang.Object, java.lang.Object, java.lang.Object, java.lang.Object, java.lang.Object, java.lang.Object, java.lang.Object, java.lang.Object)'> (0x0000000087648168) 
thrown 
Event: 3.862 Thread 0x000001cc59b84500 Exception <a 'java/lang/NoSuchMethodError'{0x0000000087673dd0}: 'java.lang.Object java.lang.invoke.DirectMethodHandle$Holder.invokeStatic(java.lang.Object, java.lang.Object, java.lang.Object, java.lang.Object, java.lang.Object, java.lang.Object, java.lang.Object, java.lang.Object, java.lang.Object, java.lang.Object, java.lang.Object, java.lang.Object, java.lang.Object, java.lang.Object, java.lang.Object, java.lang.Object, java.lang.Object, java.lang.Object, java.lang.Object, java.lang.Object)'> (0x00000000
Event: 3.864 Thread 0x000001cc59b84500 Exception <a 'java/lang/NoSuchMethodError'{0x00000000876a2880}: 'java.lang.Object java.lang.invoke.DirectMethodHandle$Holder.invokeStatic(java.lang.Object, java.lang.Object, java.lang.Object, java.lang.Object, java.lang.Object, java.lang.Object, java.lang.Object, java.lang.Object, java.lang.Object, java.lang.Object, java.lang.Object, java.lang.Object, java.lang.Object, java.lang.Object, java.lang.Object, java.lang.Object, java.lang.Object, java.lang.Object, java.lang.Object, java.lang.Object, java.lang.Obj
Event: 3.865 Thread 0x000001cc59b84500 Exception <a 'java/lang/NoSuchMethodError'{0x00000000876d00e8}: 'java.lang.Object java.lang.invoke.DirectMethodHandle$Holder.invokeStatic(java.lang.Object, java.lang.Object, java.lang.Object, java.lang.Object, java.lang.Object, java.lang.Object, java.lang.Object, java.lang.Object, java.lang.Object, java.lang.Object, java.lang.Object, java.lang.Object, java.lang.Object, java.lang.Object, java.lang.Object, java.lang.Object, java.lang.Object, java.lang.Object, java.lang.Object, java.lang.Object, java.lang.Obj
Event: 3.866 Thread 0x000001cc59b84500 Exception <a 'java/lang/NoSuchMethodError'{0x00000000876fe910}: 'java.lang.Object java.lang.invoke.DirectMethodHandle$Holder.invokeStatic(java.lang.Object, java.lang.Object, java.lang.Object, java.lang.Object, java.lang.Object, java.lang.Object, java.lang.Object, java.lang.Object, java.lang.Object, java.lang.Object, java.lang.Object, java.lang.Object, java.lang.Object, java.lang.Object, java.lang.Object, java.lang.Object, java.lang.Object, java.lang.Object, java.lang.Object, java.lang.Object, java.lang.Obj
Event: 3.868 Thread 0x000001cc59b84500 Exception <a 'java/lang/NoSuchMethodError'{0x000000008752e628}: 'java.lang.Object java.lang.invoke.DirectMethodHandle$Holder.invokeStatic(java.lang.Object, java.lang.Object, java.lang.Object, java.lang.Object, java.lang.Object, java.lang.Object, java.lang.Object, java.lang.Object, java.lang.Object, java.lang.Object, java.lang.Object, java.lang.Object, java.lang.Object, java.lang.Object, java.lang.Object, java.lang.Object, java.lang.Object, java.lang.Object, java.lang.Object, java.lang.Object, java.lang.Obj
Event: 3.869 Thread 0x000001cc59b84500 Exception <a 'java/lang/NoSuchMethodError'{0x000000008755f700}: 'java.lang.Object java.lang.invoke.DirectMethodHandle$Holder.invokeStatic(java.lang.Object, java.lang.Object, java.lang.Object, java.lang.Object, java.lang.Object, java.lang.Object, java.lang.Object, java.lang.Object, java.lang.Object, java.lang.Object, java.lang.Object, java.lang.Object, java.lang.Object, java.lang.Object, java.lang.Object, java.lang.Object, java.lang.Object, java.lang.Object, java.lang.Object, java.lang.Object, java.lang.Obj
Event: 3.871 Thread 0x000001cc59b84500 Exception <a 'java/lang/NoSuchMethodError'{0x00000000875920b8}: 'java.lang.Object java.lang.invoke.DirectMethodHandle$Holder.invokeStatic(java.lang.Object, java.lang.Object, java.lang.Object, java.lang.Object, java.lang.Object, java.lang.Object, java.lang.Object, java.lang.Object, java.lang.Object, java.lang.Object, java.lang.Object, java.lang.Object, java.lang.Object, java.lang.Object, java.lang.Object, java.lang.Object, java.lang.Object, java.lang.Object, java.lang.Object, java.lang.Object, java.lang.Obj
Event: 3.943 Thread 0x000001cc59b84500 Exception <a 'java/lang/NoSuchMethodError'{0x0000000086423af0}: 'java.lang.Object java.lang.invoke.DirectMethodHandle$Holder.invokeStaticInit(java.lang.Object, int)'> (0x0000000086423af0) 
thrown [s\src\hotspot\share\interpreter\linkResolver.cpp, line 771]
Event: 4.006 Thread 0x000001cc59b84500 Implicit null exception at 0x000001cc4428e093 to 0x000001cc4428e1e0
Event: 4.154 Thread 0x000001cc59b84500 Implicit null exception at 0x000001cc43f62d72 to 0x000001cc43f63348

VM Operations (20 events):
Event: 3.718 Executing VM operation: G1TryInitiateConcMark done
Event: 3.729 Executing VM operation: G1PauseRemark
Event: 3.732 Executing VM operation: G1PauseRemark done
Event: 3.738 Executing VM operation: G1PauseCleanup
Event: 3.738 Executing VM operation: G1PauseCleanup done
Event: 3.773 Executing VM operation: HandshakeAllThreads
Event: 3.773 Executing VM operation: HandshakeAllThreads done
Event: 3.939 Executing VM operation: HandshakeAllThreads
Event: 3.939 Executing VM operation: HandshakeAllThreads done
Event: 3.942 Executing VM operation: HandshakeAllThreads
Event: 3.943 Executing VM operation: HandshakeAllThreads done
Event: 3.972 Executing VM operation: G1CollectForAllocation
Event: 3.974 Executing VM operation: G1CollectForAllocation done
Event: 3.981 Executing VM operation: G1CollectForAllocation
Event: 3.983 Executing VM operation: G1CollectForAllocation done
Event: 3.984 Executing VM operation: HandshakeAllThreads
Event: 3.984 Executing VM operation: HandshakeAllThreads done
Event: 3.985 Executing VM operation: HandshakeAllThreads
Event: 3.985 Executing VM operation: HandshakeAllThreads done
Event: 4.184 Executing VM operation: G1CollectForAllocation

Events (20 events):
Event: 3.865 loading class java/lang/invoke/BoundMethodHandle$Species_LLLLLLLLLLLLLLLLLLL done
Event: 3.866 loading class java/lang/invoke/BoundMethodHandle$Species_LLLLLLLLLLLLLLLLLLLL
Event: 3.866 loading class java/lang/invoke/BoundMethodHandle$Species_LLLLLLLLLLLLLLLLLLLL done
Event: 3.867 loading class java/lang/invoke/BoundMethodHandle$Species_LLLLLLLLLLLLLLLLLLLLL
Event: 3.867 loading class java/lang/invoke/BoundMethodHandle$Species_LLLLLLLLLLLLLLLLLLLLL done
Event: 3.869 loading class java/lang/invoke/BoundMethodHandle$Species_LLLLLLLLLLLLLLLLLLLLLL
Event: 3.869 loading class java/lang/invoke/BoundMethodHandle$Species_LLLLLLLLLLLLLLLLLLLLLL done
Event: 3.870 loading class java/lang/invoke/BoundMethodHandle$Species_LLLLLLLLLLLLLLLLLLLLLLL
Event: 3.870 loading class java/lang/invoke/BoundMethodHandle$Species_LLLLLLLLLLLLLLLLLLLLLLL done
Event: 4.025 Thread 0x000001cc5da09f70 Thread exited: 0x000001cc5da09f70
Event: 4.047 Thread 0x000001cc5da10f00 Thread exited: 0x000001cc5da10f00
Event: 4.057 Thread 0x000001cc5da119a0 Thread exited: 0x000001cc5da119a0
Event: 4.057 Thread 0x000001cc59e8b9c0 Thread exited: 0x000001cc59e8b9c0
Event: 4.057 Thread 0x000001cc59e8a9d0 Thread exited: 0x000001cc59e8a9d0
Event: 4.078 loading class java/util/concurrent/atomic/AtomicReferenceFieldUpdater
Event: 4.078 loading class java/util/concurrent/atomic/AtomicReferenceFieldUpdater done
Event: 4.078 loading class java/util/concurrent/atomic/AtomicReferenceFieldUpdater$AtomicReferenceFieldUpdaterImpl
Event: 4.078 loading class java/util/concurrent/atomic/AtomicReferenceFieldUpdater$AtomicReferenceFieldUpdaterImpl done
Event: 4.078 loading class java/util/concurrent/atomic/AtomicReferenceFieldUpdater$AtomicReferenceFieldUpdaterImpl$1
Event: 4.078 loading class java/util/concurrent/atomic/AtomicReferenceFieldUpdater$AtomicReferenceFieldUpdaterImpl$1 done


Dynamic libraries:
0x00007ff7f4ed0000 - 0x00007ff7f4eda000 	C:\Program Files\Android\Android Studio\jbr\bin\java.exe
0x00007ffb881b0000 - 0x00007ffb883c7000 	C:\windows\SYSTEM32\ntdll.dll
0x00007ffb86da0000 - 0x00007ffb86e64000 	C:\windows\System32\KERNEL32.DLL
0x00007ffb85b30000 - 0x00007ffb85edd000 	C:\windows\System32\KERNELBASE.dll
0x00007ffb855a0000 - 0x00007ffb856b1000 	C:\windows\System32\ucrtbase.dll
0x00007ffb6f440000 - 0x00007ffb6f457000 	C:\Program Files\Android\Android Studio\jbr\bin\jli.dll
0x00007ffb5c140000 - 0x00007ffb5c15b000 	C:\Program Files\Android\Android Studio\jbr\bin\VCRUNTIME140.dll
0x00007ffb86bf0000 - 0x00007ffb86d9e000 	C:\windows\System32\USER32.dll
0x00007ffb5d080000 - 0x00007ffb5d313000 	C:\windows\WinSxS\amd64_microsoft.windows.common-controls_6595b64144ccf1df_6.0.22621.3672_none_2713b9d173822955\COMCTL32.dll
0x00007ffb85570000 - 0x00007ffb85596000 	C:\windows\System32\win32u.dll
0x00007ffb87fc0000 - 0x00007ffb88067000 	C:\windows\System32\msvcrt.dll
0x00007ffb86ef0000 - 0x00007ffb86f19000 	C:\windows\System32\GDI32.dll
0x00007ffb85730000 - 0x00007ffb85849000 	C:\windows\System32\gdi32full.dll
0x00007ffb854d0000 - 0x00007ffb8556a000 	C:\windows\System32\msvcp_win.dll
0x00007ffb87960000 - 0x00007ffb87991000 	C:\windows\System32\IMM32.DLL
0x00007ffb5c2d0000 - 0x00007ffb5c2dc000 	C:\Program Files\Android\Android Studio\jbr\bin\vcruntime140_1.dll
0x00007ffb4cc10000 - 0x00007ffb4cc9d000 	C:\Program Files\Android\Android Studio\jbr\bin\msvcp140.dll
0x00007ffb2b040000 - 0x00007ffb2bcc3000 	C:\Program Files\Android\Android Studio\jbr\bin\server\jvm.dll
0x00007ffb878a0000 - 0x00007ffb87952000 	C:\windows\System32\ADVAPI32.dll
0x00007ffb86770000 - 0x00007ffb86819000 	C:\windows\System32\sechost.dll
0x00007ffb859c0000 - 0x00007ffb859e8000 	C:\windows\System32\bcrypt.dll
0x00007ffb86090000 - 0x00007ffb861a4000 	C:\windows\System32\RPCRT4.dll
0x00007ffb7fa70000 - 0x00007ffb7fa79000 	C:\windows\SYSTEM32\WSOCK32.dll
0x00007ffb847c0000 - 0x00007ffb8480d000 	C:\windows\SYSTEM32\POWRPROF.dll
0x00007ffb86e70000 - 0x00007ffb86ee1000 	C:\windows\System32\WS2_32.dll
0x00007ffb793d0000 - 0x00007ffb79404000 	C:\windows\SYSTEM32\WINMM.dll
0x00007ffb7d9d0000 - 0x00007ffb7d9da000 	C:\windows\SYSTEM32\VERSION.dll
0x00007ffb847a0000 - 0x00007ffb847b3000 	C:\windows\SYSTEM32\UMPDC.dll
0x00007ffb84530000 - 0x00007ffb84548000 	C:\windows\SYSTEM32\kernel.appcore.dll
0x00007ffb7f370000 - 0x00007ffb7f37a000 	C:\Program Files\Android\Android Studio\jbr\bin\jimage.dll
0x00007ffb7f510000 - 0x00007ffb7f742000 	C:\windows\SYSTEM32\DBGHELP.DLL
0x00007ffb879a0000 - 0x00007ffb87d2d000 	C:\windows\System32\combase.dll
0x00007ffb87ee0000 - 0x00007ffb87fb7000 	C:\windows\System32\OLEAUT32.dll
0x00007ffb7f400000 - 0x00007ffb7f432000 	C:\windows\SYSTEM32\dbgcore.DLL
0x00007ffb859f0000 - 0x00007ffb85a6b000 	C:\windows\System32\bcryptPrimitives.dll
0x00007ffb7c810000 - 0x00007ffb7c81e000 	C:\Program Files\Android\Android Studio\jbr\bin\instrument.dll
0x00007ffb5e690000 - 0x00007ffb5e6b5000 	C:\Program Files\Android\Android Studio\jbr\bin\java.dll
0x00007ffb7efa0000 - 0x00007ffb7efb8000 	C:\Program Files\Android\Android Studio\jbr\bin\zip.dll
0x00007ffb87030000 - 0x00007ffb87898000 	C:\windows\System32\SHELL32.dll
0x00007ffb833d0000 - 0x00007ffb83cce000 	C:\windows\SYSTEM32\windows.storage.dll
0x00007ffb83290000 - 0x00007ffb833cf000 	C:\windows\SYSTEM32\wintypes.dll
0x00007ffb86f20000 - 0x00007ffb87019000 	C:\windows\System32\SHCORE.dll
0x00007ffb88070000 - 0x00007ffb880ce000 	C:\windows\System32\shlwapi.dll
0x00007ffb85400000 - 0x00007ffb85421000 	C:\windows\SYSTEM32\profapi.dll
0x00007ffb7e170000 - 0x00007ffb7e189000 	C:\Program Files\Android\Android Studio\jbr\bin\net.dll
0x00007ffb80660000 - 0x00007ffb80796000 	C:\windows\SYSTEM32\WINHTTP.dll
0x00007ffb84a10000 - 0x00007ffb84a79000 	C:\windows\system32\mswsock.dll
0x00007ffb7cce0000 - 0x00007ffb7ccf6000 	C:\Program Files\Android\Android Studio\jbr\bin\nio.dll
0x00007ffb7e110000 - 0x00007ffb7e120000 	C:\Program Files\Android\Android Studio\jbr\bin\verify.dll
0x00007ffb5b910000 - 0x00007ffb5b937000 	C:\Users\user\.gradle\native\c067742578af261105cb4f569cf0c3c89f3d7b1fecec35dd04571415982c5e48\windows-amd64\native-platform.dll
0x00007ffb2a820000 - 0x00007ffb2a964000 	C:\Users\user\.gradle\native\38dada09dfb8b06ba9b0570ebf7e218e3eb74d4ef43ca46872605cf95ebc2f47\windows-amd64\native-platform-file-events.dll
0x00007ffb7ebb0000 - 0x00007ffb7ebb9000 	C:\Program Files\Android\Android Studio\jbr\bin\management.dll
0x00007ffb7e1b0000 - 0x00007ffb7e1bb000 	C:\Program Files\Android\Android Studio\jbr\bin\management_ext.dll
0x00007ffb869f0000 - 0x00007ffb869f8000 	C:\windows\System32\PSAPI.DLL
0x00007ffb84d60000 - 0x00007ffb84d7b000 	C:\windows\SYSTEM32\CRYPTSP.dll
0x00007ffb84420000 - 0x00007ffb84455000 	C:\windows\system32\rsaenh.dll
0x00007ffb84ab0000 - 0x00007ffb84ad8000 	C:\windows\SYSTEM32\USERENV.dll
0x00007ffb84d40000 - 0x00007ffb84d4c000 	C:\windows\SYSTEM32\CRYPTBASE.dll
0x00007ffb83f30000 - 0x00007ffb83f5d000 	C:\windows\SYSTEM32\IPHLPAPI.DLL
0x00007ffb86a00000 - 0x00007ffb86a09000 	C:\windows\System32\NSI.dll
0x00007ffb807e0000 - 0x00007ffb807f9000 	C:\windows\SYSTEM32\dhcpcsvc6.DLL
0x00007ffb807c0000 - 0x00007ffb807df000 	C:\windows\SYSTEM32\dhcpcsvc.DLL
0x00007ffb83fa0000 - 0x00007ffb84098000 	C:\windows\SYSTEM32\DNSAPI.dll
0x00007ffb7f360000 - 0x00007ffb7f369000 	C:\Program Files\Android\Android Studio\jbr\bin\extnet.dll
0x00007ffb566e0000 - 0x00007ffb566e8000 	C:\windows\system32\wshunix.dll

dbghelp: loaded successfully - version: 4.0.5 - missing functions: none
symbol engine: initialized successfully - sym options: 0x614 - pdb path: .;C:\Program Files\Android\Android Studio\jbr\bin;C:\windows\SYSTEM32;C:\windows\WinSxS\amd64_microsoft.windows.common-controls_6595b64144ccf1df_6.0.22621.3672_none_2713b9d173822955;C:\Program Files\Android\Android Studio\jbr\bin\server;C:\Users\user\.gradle\native\c067742578af261105cb4f569cf0c3c89f3d7b1fecec35dd04571415982c5e48\windows-amd64;C:\Users\user\.gradle\native\38dada09dfb8b06ba9b0570ebf7e218e3eb74d4ef43ca46872605cf95ebc2f47\windows-amd64

VM Arguments:
jvm_args: --add-opens=java.base/java.util=ALL-UNNAMED --add-opens=java.base/java.lang=ALL-UNNAMED --add-opens=java.base/java.lang.invoke=ALL-UNNAMED --add-opens=java.prefs/java.util.prefs=ALL-UNNAMED --add-opens=java.base/java.nio.charset=ALL-UNNAMED --add-opens=java.base/java.net=ALL-UNNAMED --add-opens=java.base/java.util.concurrent.atomic=ALL-UNNAMED -Xmx2048m -Dfile.encoding=UTF-8 -Duser.country=KR -Duser.language=ko -Duser.variant -javaagent:C:\Users\user\.gradle\wrapper\dists\gradle-8.7-bin\bhs2wmbdwecv87pi65oeuq5iu\gradle-8.7\lib\agents\gradle-instrumentation-agent-8.7.jar 
java_command: org.gradle.launcher.daemon.bootstrap.GradleDaemon 8.7
java_class_path (initial): C:\Users\user\.gradle\wrapper\dists\gradle-8.7-bin\bhs2wmbdwecv87pi65oeuq5iu\gradle-8.7\lib\gradle-launcher-8.7.jar
Launcher Type: SUN_STANDARD

[Global flags]
     intx CICompilerCount                          = 12                                        {product} {ergonomic}
     uint ConcGCThreads                            = 3                                         {product} {ergonomic}
     uint G1ConcRefinementThreads                  = 13                                        {product} {ergonomic}
   size_t G1HeapRegionSize                         = 1048576                                   {product} {ergonomic}
    uintx GCDrainStackTargetSize                   = 64                                        {product} {ergonomic}
   size_t InitialHeapSize                          = 264241152                                 {product} {ergonomic}
   size_t MarkStackSize                            = 4194304                                   {product} {ergonomic}
   size_t MaxHeapSize                              = 2147483648                                {product} {command line}
   size_t MaxNewSize                               = 1287651328                                {product} {ergonomic}
   size_t MinHeapDeltaBytes                        = 1048576                                   {product} {ergonomic}
   size_t MinHeapSize                              = 8388608                                   {product} {ergonomic}
    uintx NonNMethodCodeHeapSize                   = 7602480                                {pd product} {ergonomic}
    uintx NonProfiledCodeHeapSize                  = 122027880                              {pd product} {ergonomic}
    uintx ProfiledCodeHeapSize                     = 122027880                              {pd product} {ergonomic}
    uintx ReservedCodeCacheSize                    = 251658240                              {pd product} {ergonomic}
     bool SegmentedCodeCache                       = true                                      {product} {ergonomic}
   size_t SoftMaxHeapSize                          = 2147483648                             {manageable} {ergonomic}
     bool UseCompressedClassPointers               = true                           {product lp64_product} {ergonomic}
     bool UseCompressedOops                        = true                           {product lp64_product} {ergonomic}
     bool UseG1GC                                  = true                                      {product} {ergonomic}
     bool UseLargePagesIndividualAllocation        = false                                  {pd product} {ergonomic}

Logging:
Log output configuration:
 #0: stdout all=warning uptime,level,tags
 #1: stderr all=off uptime,level,tags

Environment Variables:
JAVA_HOME=C:\Users\user\playground\jdk-17.0.10
PATH=C:\oraclexe\app\oracle\product\10.2.0\server\bin;C:\windows\system32;C:\windows;C:\windows\System32\Wbem;C:\windows\System32\WindowsPowerShell\v1.0\;C:\windows\System32\OpenSSH\;C:\Program Files\Git\cmd;C:\Program Files\Bandizip\;C:\Program Files\dotnet\;C:\Program Files\nodejs\;C:\Users\user\AppData\Local\Microsoft\WindowsApps;C:\Users\user\AppData\Local\Programs\Microsoft VS Code\bin;C:\Users\user\AppData\Roaming\npm;C:\Users\user\playground\jdk-17.0.10\bin;
USERNAME=user
OS=Windows_NT
PROCESSOR_IDENTIFIER=Intel64 Family 6 Model 191 Stepping 2, GenuineIntel
TMP=C:\Users\user\AppData\Local\Temp
TEMP=C:\Users\user\AppData\Local\Temp



Periodic native trim disabled

JNI global refs:
JNI global refs: 34, weak refs: 0

JNI global refs memory usage: 843, weak refs: 841

Process memory usage:
Resident Set Size: 438388K (2% of 16446036K total physical memory with 2868500K free physical memory)

OOME stack traces (most recent first):
Classloader memory used:
Loader org.gradle.internal.classloader.VisitableURLClassLoader                         : 4830K
Loader bootstrap                                                                       : 2489K
Loader org.gradle.initialization.MixInLegacyTypesClassLoader                           : 769K
Loader org.gradle.internal.classloader.VisitableURLClassLoader                         : 81093B
Loader org.gradle.internal.classloader.VisitableURLClassLoader$InstrumentingVisitableURLClassLoader: 74754B
Loader jdk.internal.loader.ClassLoaders$PlatformClassLoader                            : 69316B
Loader jdk.internal.loader.ClassLoaders$AppClassLoader                                 : 28764B
Loader jdk.internal.reflect.DelegatingClassLoader                                      : 27928B
Loader org.gradle.groovy.scripts.internal.DefaultScriptCompilationHandler$ScriptClassLoader: 10681B
Loader org.codehaus.groovy.runtime.callsite.CallSiteClassLoader                        : 6077B
Loader groovy.lang.GroovyClassLoader$InnerLoader                                       : 5661B

Classes loaded by more than one classloader:
Class org.gradle.api.GradleException                                                  : loaded 3 times (x 80B)
Class org.gradle.util.GradleVersion                                                   : loaded 2 times (x 81B)
Class org.jetbrains.plugins.gradle.model.MavenRepositoryModel                         : loaded 2 times (x 68B)
Class org.gradle.internal.classpath.ClassPath                                         : loaded 2 times (x 68B)
Class org.gradle.api.internal.classpath.DefaultModuleRegistry                         : loaded 2 times (x 84B)
Class org.gradle.internal.exceptions.NonGradleCauseExceptionsHolder                   : loaded 2 times (x 68B)
Class org.gradle.api.Action                                                           : loaded 2 times (x 68B)
Class org.gradle.api.internal.DefaultClassPathProvider                                : loaded 2 times (x 74B)
Class org.gradle.internal.installation.GradleInstallation$1                           : loaded 2 times (x 73B)
Class org.gradle.internal.exceptions.DefaultMultiCauseException                       : loaded 2 times (x 93B)
Class org.gradle.internal.time.MonotonicClock                                         : loaded 2 times (x 75B)
Class org.gradle.internal.classloader.FilteringClassLoader                            : loaded 2 times (x 103B)
Class org.gradle.internal.classpath.DefaultClassPath$ImmutableUniqueList$Builder      : loaded 2 times (x 73B)
Class org.gradle.internal.classloader.ClassLoaderVisitor                              : loaded 2 times (x 74B)
Class org.gradle.internal.time.DefaultCountdownTimer                                  : loaded 2 times (x 86B)
Class org.gradle.internal.service.DefaultServiceLocator                               : loaded 2 times (x 81B)
Class org.gradle.internal.service.UnknownServiceException                             : loaded 2 times (x 81B)
Class org.gradle.internal.classloader.DefaultClassLoaderFactory                       : loaded 2 times (x 80B)
Class org.gradle.internal.classloader.VisitableURLClassLoader$Spec                    : loaded 2 times (x 72B)
Class org.gradle.tooling.model.ProjectModel                                           : loaded 2 times (x 68B)
Class org.gradle.internal.installation.GradleInstallation                             : loaded 2 times (x 73B)
Class org.gradle.api.internal.classpath.ModuleRegistry                                : loaded 2 times (x 68B)
Class org.jetbrains.plugins.gradle.model.RepositoriesModel                            : loaded 2 times (x 68B)
Class kotlin.jvm.internal.markers.KMappedMarker                                       : loaded 2 times (x 68B)
Class org.gradle.api.internal.ClassPathProvider                                       : loaded 2 times (x 68B)
Class org.gradle.internal.classloader.ClasspathUtil$1                                 : loaded 2 times (x 74B)
Class ijInit2_29h9gt8mtwbpd29sfvvene1je                                               : loaded 2 times (x 177B)
Class org.gradle.internal.classloader.ClassLoaderFactory                              : loaded 2 times (x 68B)
Class org.gradle.api.internal.classpath.ManifestUtil                                  : loaded 2 times (x 69B)
Class org.gradle.api.specs.Spec                                                       : loaded 2 times (x 68B)
Class sync_studio_tooling10_e7esb87711ek0b4q0lnd97zoj$_run_closure1                   : loaded 2 times (x 137B)
Class org.gradle.internal.IoActions                                                   : loaded 2 times (x 69B)
Class org.gradle.api.internal.classpath.EffectiveClassPath                            : loaded 2 times (x 88B)
Class kotlin.jvm.internal.DefaultConstructorMarker                                    : loaded 2 times (x 69B)
Class org.gradle.internal.exceptions.ResolutionProvider                               : loaded 2 times (x 68B)
Class org.gradle.internal.installation.CurrentGradleInstallation                      : loaded 2 times (x 71B)
Class org.gradle.internal.agents.InstrumentingClassLoader                             : loaded 2 times (x 68B)
Class org.gradle.internal.installation.CurrentGradleInstallationLocator               : loaded 2 times (x 69B)
Class org.gradle.api.internal.classpath.Module                                        : loaded 2 times (x 68B)
Class org.gradle.internal.service.CachingServiceLocator                               : loaded 2 times (x 80B)
Class org.gradle.internal.time.Timer                                                  : loaded 2 times (x 68B)
Class org.gradle.internal.classpath.DefaultClassPath                                  : loaded 2 times (x 88B)
Class kotlin.jvm.functions.Function1                                                  : loaded 2 times (x 68B)
Class org.gradle.internal.time.Time                                                   : loaded 2 times (x 69B)
Class org.gradle.internal.time.TimeSource$1                                           : loaded 2 times (x 75B)
Class org.gradle.internal.classloader.SystemClassLoaderSpec                           : loaded 2 times (x 69B)
Class kotlin.Function                                                                 : loaded 2 times (x 68B)
Class org.gradle.api.UncheckedIOException                                             : loaded 2 times (x 80B)
Class org.gradle.internal.time.CountdownTimer                                         : loaded 2 times (x 68B)
Class org.gradle.internal.time.Clock                                                  : loaded 2 times (x 68B)
Class org.gradle.internal.classloader.ClasspathUtil                                   : loaded 2 times (x 69B)
Class org.gradle.api.internal.DefaultClassPathRegistry                                : loaded 2 times (x 74B)
Class org.gradle.api.internal.classpath.DefaultModuleRegistry$DefaultModule           : loaded 2 times (x 84B)
Class org.gradle.internal.time.TimeSource                                             : loaded 2 times (x 68B)
Class sync_studio_tooling10_e7esb87711ek0b4q0lnd97zoj                                 : loaded 2 times (x 177B)
Class org.gradle.api.internal.classpath.UnknownModuleException                        : loaded 2 times (x 80B)
Class org.gradle.internal.service.ServiceLookupException                              : loaded 2 times (x 80B)
Class org.gradle.cache.GlobalCache                                                    : loaded 2 times (x 68B)
Class [Lorg.gradle.api.internal.ClassPathProvider;                                    : loaded 2 times (x 67B)
Class org.gradle.internal.operations.MultipleBuildOperationFailures                   : loaded 2 times (x 93B)
Class org.gradle.util.internal.GUtil                                                  : loaded 2 times (x 69B)
Class org.gradle.internal.classloader.ClassLoaderSpec                                 : loaded 2 times (x 69B)
Class org.gradle.internal.classloader.VisitableURLClassLoader                         : loaded 2 times (x 115B)
Class org.gradle.internal.Cast                                                        : loaded 2 times (x 69B)
Class org.gradle.api.internal.ClassPathRegistry                                       : loaded 2 times (x 68B)
Class org.gradle.internal.classloader.VisitableURLClassLoader$InstrumentingVisitableURLClassLoader: loaded 2 times (x 121B)
Class org.gradle.internal.classloader.ClassLoaderHierarchy                            : loaded 2 times (x 68B)
Class org.gradle.internal.exceptions.MultiCauseException                              : loaded 2 times (x 68B)
Class JetGradlePlugin                                                                 : loaded 2 times (x 94B)
Class org.gradle.internal.InternalTransformer                                         : loaded 2 times (x 68B)
Class org.gradle.internal.service.ServiceLocator                                      : loaded 2 times (x 68B)
Class org.gradle.internal.classpath.DefaultClassPath$ImmutableUniqueList              : loaded 2 times (x 159B)
Class org.gradle.internal.time.DefaultTimer                                           : loaded 2 times (x 78B)
Class org.gradle.internal.classpath.TransformedClassPath                              : loaded 2 times (x 94B)


---------------  S Y S T E M  ---------------

OS:
 Windows 11 , 64 bit Build 22621 (10.0.22621.3958)
OS uptime: 12 days 18:09 hours
Hyper-V role detected

CPU: total 16 (initial active 16) (8 cores per cpu, 2 threads per core) family 6 model 191 stepping 2 microcode 0x26, cx8, cmov, fxsr, ht, mmx, 3dnowpref, sse, sse2, sse3, ssse3, sse4.1, sse4.2, popcnt, lzcnt, tsc, tscinvbit, avx, avx2, aes, erms, clmul, bmi1, bmi2, adx, sha, fma, vzeroupper, clflush, clflushopt, clwb, hv
Processor Information for all 16 processors :
  Max Mhz: 2500, Current Mhz: 2500, Mhz Limit: 2500

Memory: 4k page, system-wide physical 16060M (2800M free)
TotalPageFile size 44310M (AvailPageFile size 65M)
current process WorkingSet (physical memory assigned to process): 428M, peak: 440M
current process commit charge ("private bytes"): 471M, peak: 535M

vm_info: OpenJDK 64-Bit Server VM (17.0.11+0--11852314) for windows-amd64 JRE (17.0.11+0--11852314), built on May 16 2024 21:29:20 by "androidbuild" with MS VC++ 16.10 / 16.11 (VS2019)

END.
