#
# There is insufficient memory for the Java Runtime Environment to continue.
# Native memory allocation (mmap) failed to map 264241152 bytes. Error detail: G1 virtual space
# Possible reasons:
#   The system is out of physical RAM or swap space
#   This process is running with CompressedOops enabled, and the Java Heap may be blocking the growth of the native heap
# Possible solutions:
#   Reduce memory load on the system
#   Increase physical memory or swap space
#   Check if swap backing store is full
#   Decrease Java heap size (-Xmx/-Xms)
#   Decrease number of Java threads
#   Decrease Java thread stack sizes (-Xss)
#   Set larger code cache with -XX:ReservedCodeCacheSize=
#   JVM is running with Zero Based Compressed Oops mode in which the Java heap is
#     placed in the first 32GB address space. The Java Heap base address is the
#     maximum limit for the native heap growth. Please use -XX:HeapBaseMinAddress
#     to set the Java Heap base and to place the Java Heap above 32GB virtual address.
# This output file may be truncated or incomplete.
#
#  Out of Memory Error (os_windows.cpp:3825), pid=23888, tid=23780
#
# JRE version:  (17.0.11) (build )
# Java VM: OpenJDK 64-Bit Server VM (17.0.11+0--11852314, mixed mode, sharing, tiered, compressed oops, compressed class ptrs, g1 gc, windows-amd64)
# No core dump will be written. Minidumps are not enabled by default on client versions of Windows
#

---------------  S U M M A R Y ------------

Command Line: -javaagent:C:\Program Files\Android\Android Studio\lib\idea_rt.jar=52022:C:\Program Files\Android\Android Studio\bin -Dfile.encoding=UTF-8 com.example.kotlin_study.Step20_SetterGetterKt

Host: 13th Gen Intel(R) Core(TM) i5-13400, 16 cores, 15G,  Windows 11 , 64 bit Build 22621 (10.0.22621.3958)
Time: Thu Aug 29 11:14:21 2024  Windows 11 , 64 bit Build 22621 (10.0.22621.3958) elapsed time: 0.007098 seconds (0d 0h 0m 0s)

---------------  T H R E A D  ---------------

Current thread (0x00000263ea52a150):  JavaThread "Unknown thread" [_thread_in_vm, id=23780, stack(0x000000eeb5d00000,0x000000eeb5e00000)]

Stack: [0x000000eeb5d00000,0x000000eeb5e00000]
Native frames: (J=compiled Java code, j=interpreted, Vv=VM code, C=native code)
V  [jvm.dll+0x687bb9]
V  [jvm.dll+0x84142a]
V  [jvm.dll+0x8430ae]
V  [jvm.dll+0x843713]
V  [jvm.dll+0x24a35f]
V  [jvm.dll+0x684989]
V  [jvm.dll+0x67923a]
V  [jvm.dll+0x30af0b]
V  [jvm.dll+0x3123b6]
V  [jvm.dll+0x361dfe]
V  [jvm.dll+0x36202f]
V  [jvm.dll+0x2e0d38]
V  [jvm.dll+0x2e1ca4]
V  [jvm.dll+0x811f21]
V  [jvm.dll+0x36fb68]
V  [jvm.dll+0x7f0896]
V  [jvm.dll+0x3f3d2f]
V  [jvm.dll+0x3f58e1]
C  [jli.dll+0x528f]
C  [ucrtbase.dll+0x29333]
C  [KERNEL32.DLL+0x1257d]
C  [ntdll.dll+0x5af28]


---------------  P R O C E S S  ---------------

Threads class SMR info:
_java_thread_list=0x00007ffafcc6efd8, length=0, elements={
}

Java Threads: ( => current thread )

Other Threads:
  0x00000263ea598000 GCTaskThread "GC Thread#0" [stack: 0x000000eeb5e00000,0x000000eeb5f00000] [id=8004]
  0x00000263ea5a8a50 ConcurrentGCThread "G1 Main Marker" [stack: 0x000000eeb5f00000,0x000000eeb6000000] [id=20148]
  0x00000263ea5a9470 ConcurrentGCThread "G1 Conc#0" [stack: 0x000000eeb6000000,0x000000eeb6100000] [id=13440]

[error occurred during error reporting (printing all threads), id 0xc0000005, EXCEPTION_ACCESS_VIOLATION (0xc0000005) at pc=0x00007ffafc421907]

VM state: not at safepoint (not fully initialized)

VM Mutex/Monitor currently owned by a thread:  ([mutex/lock_event])
[0x00000263ea525e30] Heap_lock - owner thread: 0x00000263ea52a150

Heap address: 0x0000000705000000, size: 4016 MB, Compressed Oops mode: Zero based, Oop shift amount: 3

CDS archive(s) mapped at: [0x0000000000000000-0x0000000000000000-0x0000000000000000), size 0, SharedBaseAddress: 0x0000000800000000, ArchiveRelocationMode: 1.
Narrow klass base: 0x0000000000000000, Narrow klass shift: 0, Narrow klass range: 0x0

GC Precious Log:
<Empty>

Heap:
 garbage-first heap   total 0K, used 0K [0x0000000705000000, 0x0000000800000000)
  region size 2048K, 0 young (0K), 0 survivors (0K)
 Metaspace       used 0K, committed 0K, reserved 0K
  class space    used 0K, committed 0K, reserved 0K

Heap Regions: E=young(eden), S=young(survivor), O=old, HS=humongous(starts), HC=humongous(continues), CS=collection set, F=free, OA=open archive, CA=closed archive, TAMS=top-at-mark-start (previous, next)

Card table byte_map: [0x00000263fda60000,0x00000263fe240000] _byte_map_base: 0x00000263fa238000

Marking Bits (Prev, Next): (CMBitMap*) 0x00000263ea598620, (CMBitMap*) 0x00000263ea598660
 Prev Bits: [0x0000026380000000, 0x0000026383ec0000)
 Next Bits: [0x0000026383ec0000, 0x0000026387d80000)

GC Heap History (0 events):
No events

Dll operation events (1 events):
Event: 0.005 Loaded shared library C:\Program Files\Android\Android Studio\jbr\bin\java.dll

Deoptimization events (0 events):
No events

Classes unloaded (0 events):
No events

Classes redefined (0 events):
No events

Internal exceptions (0 events):
No events

VM Operations (0 events):
No events

Events (0 events):
No events


Dynamic libraries:
0x00007ff75eeb0000 - 0x00007ff75eeba000 	C:\Program Files\Android\Android Studio\jbr\bin\java.exe
0x00007ffb881b0000 - 0x00007ffb883c7000 	C:\windows\SYSTEM32\ntdll.dll
0x00007ffb86da0000 - 0x00007ffb86e64000 	C:\windows\System32\KERNEL32.DLL
0x00007ffb85b30000 - 0x00007ffb85edd000 	C:\windows\System32\KERNELBASE.dll
0x00007ffb855a0000 - 0x00007ffb856b1000 	C:\windows\System32\ucrtbase.dll
0x00007ffb7dd70000 - 0x00007ffb7dd8b000 	C:\Program Files\Android\Android Studio\jbr\bin\VCRUNTIME140.dll
0x00007ffb6e030000 - 0x00007ffb6e047000 	C:\Program Files\Android\Android Studio\jbr\bin\jli.dll
0x00007ffb86bf0000 - 0x00007ffb86d9e000 	C:\windows\System32\USER32.dll
0x00007ffb5d080000 - 0x00007ffb5d313000 	C:\windows\WinSxS\amd64_microsoft.windows.common-controls_6595b64144ccf1df_6.0.22621.3672_none_2713b9d173822955\COMCTL32.dll
0x00007ffb85570000 - 0x00007ffb85596000 	C:\windows\System32\win32u.dll
0x00007ffb87fc0000 - 0x00007ffb88067000 	C:\windows\System32\msvcrt.dll
0x00007ffb86ef0000 - 0x00007ffb86f19000 	C:\windows\System32\GDI32.dll
0x00007ffb85730000 - 0x00007ffb85849000 	C:\windows\System32\gdi32full.dll
0x00007ffb854d0000 - 0x00007ffb8556a000 	C:\windows\System32\msvcp_win.dll
0x00007ffb87960000 - 0x00007ffb87991000 	C:\windows\System32\IMM32.DLL
0x00007ffb826e0000 - 0x00007ffb826ec000 	C:\Program Files\Android\Android Studio\jbr\bin\vcruntime140_1.dll
0x00007ffb5d3e0000 - 0x00007ffb5d46d000 	C:\Program Files\Android\Android Studio\jbr\bin\msvcp140.dll
0x00007ffafc130000 - 0x00007ffafcdb3000 	C:\Program Files\Android\Android Studio\jbr\bin\server\jvm.dll
0x00007ffb878a0000 - 0x00007ffb87952000 	C:\windows\System32\ADVAPI32.dll
0x00007ffb86770000 - 0x00007ffb86819000 	C:\windows\System32\sechost.dll
0x00007ffb859c0000 - 0x00007ffb859e8000 	C:\windows\System32\bcrypt.dll
0x00007ffb86090000 - 0x00007ffb861a4000 	C:\windows\System32\RPCRT4.dll
0x00007ffb847c0000 - 0x00007ffb8480d000 	C:\windows\SYSTEM32\POWRPROF.dll
0x00007ffb826a0000 - 0x00007ffb826a9000 	C:\windows\SYSTEM32\WSOCK32.dll
0x00007ffb793d0000 - 0x00007ffb79404000 	C:\windows\SYSTEM32\WINMM.dll
0x00007ffb7d9d0000 - 0x00007ffb7d9da000 	C:\windows\SYSTEM32\VERSION.dll
0x00007ffb86e70000 - 0x00007ffb86ee1000 	C:\windows\System32\WS2_32.dll
0x00007ffb847a0000 - 0x00007ffb847b3000 	C:\windows\SYSTEM32\UMPDC.dll
0x00007ffb84530000 - 0x00007ffb84548000 	C:\windows\SYSTEM32\kernel.appcore.dll
0x00007ffb80870000 - 0x00007ffb8087a000 	C:\Program Files\Android\Android Studio\jbr\bin\jimage.dll
0x00007ffb7f510000 - 0x00007ffb7f742000 	C:\windows\SYSTEM32\DBGHELP.DLL
0x00007ffb879a0000 - 0x00007ffb87d2d000 	C:\windows\System32\combase.dll
0x00007ffb87ee0000 - 0x00007ffb87fb7000 	C:\windows\System32\OLEAUT32.dll
0x00007ffb7f400000 - 0x00007ffb7f432000 	C:\windows\SYSTEM32\dbgcore.DLL
0x00007ffb859f0000 - 0x00007ffb85a6b000 	C:\windows\System32\bcryptPrimitives.dll
0x00007ffb7dd00000 - 0x00007ffb7dd0e000 	C:\Program Files\Android\Android Studio\jbr\bin\instrument.dll
0x00007ffb7e140000 - 0x00007ffb7e165000 	C:\Program Files\Android\Android Studio\jbr\bin\java.dll

dbghelp: loaded successfully - version: 4.0.5 - missing functions: none
symbol engine: initialized successfully - sym options: 0x614 - pdb path: .;C:\Program Files\Android\Android Studio\jbr\bin;C:\windows\SYSTEM32;C:\windows\WinSxS\amd64_microsoft.windows.common-controls_6595b64144ccf1df_6.0.22621.3672_none_2713b9d173822955;C:\Program Files\Android\Android Studio\jbr\bin\server

VM Arguments:
jvm_args: -javaagent:C:\Program Files\Android\Android Studio\lib\idea_rt.jar=52022:C:\Program Files\Android\Android Studio\bin -Dfile.encoding=UTF-8 
java_command: com.example.kotlin_study.Step20_SetterGetterKt
java_class_path (initial): C:\Users\user\AndroidStudioProjects\MyProject\Kotlin_study\build\classes\java\main;C:\Users\user\AndroidStudioProjects\MyProject\Kotlin_study\build\classes\kotlin\main;C:\Users\user\.gradle\caches\modules-2\files-2.1\org.jetbrains.kotlin\kotlin-stdlib-jdk8\1.9.0\e000bd084353d84c9e888f6fb341dc1f5b79d948\kotlin-stdlib-jdk8-1.9.0.jar;C:\Users\user\.gradle\caches\modules-2\files-2.1\org.jetbrains.kotlin\kotlin-stdlib-jdk7\1.9.0\f320478990d05e0cfaadd74f9619fd6027adbf37\kotlin-stdlib-jdk7-1.9.0.jar;C:\Users\user\.gradle\caches\modules-2\files-2.1\org.jetbrains.kotlin\kotlin-stdlib\1.9.0\8ee15ef0c67dc83d874f412d84378d7f0eb50b63\kotlin-stdlib-1.9.0.jar;C:\Users\user\.gradle\caches\modules-2\files-2.1\org.jetbrains.kotlin\kotlin-stdlib-common\1.9.0\cd65c21cfd1eec4d44ef09f9f52b6d9f8a720636\kotlin-stdlib-common-1.9.0.jar;C:\Users\user\.gradle\caches\modules-2\files-2.1\org.jetbrains\annotations\13.0\919f0dfe192fb4e063e7dacadee7f8bb9a2672a9\annotations-13.0.jar
Launcher Type: SUN_STANDARD

[Global flags]
     intx CICompilerCount                          = 12                                        {product} {ergonomic}
     uint ConcGCThreads                            = 3                                         {product} {ergonomic}
     uint G1ConcRefinementThreads                  = 13                                        {product} {ergonomic}
   size_t G1HeapRegionSize                         = 2097152                                   {product} {ergonomic}
    uintx GCDrainStackTargetSize                   = 64                                        {product} {ergonomic}
   size_t InitialHeapSize                          = 264241152                                 {product} {ergonomic}
   size_t MarkStackSize                            = 4194304                                   {product} {ergonomic}
   size_t MaxHeapSize                              = 4211081216                                {product} {ergonomic}
   size_t MinHeapDeltaBytes                        = 2097152                                   {product} {ergonomic}
   size_t MinHeapSize                              = 8388608                                   {product} {ergonomic}
    uintx NonNMethodCodeHeapSize                   = 7602480                                {pd product} {ergonomic}
    uintx NonProfiledCodeHeapSize                  = 122027880                              {pd product} {ergonomic}
    uintx ProfiledCodeHeapSize                     = 122027880                              {pd product} {ergonomic}
    uintx ReservedCodeCacheSize                    = 251658240                              {pd product} {ergonomic}
     bool SegmentedCodeCache                       = true                                      {product} {ergonomic}
   size_t SoftMaxHeapSize                          = 4211081216                             {manageable} {ergonomic}
     bool UseCompressedClassPointers               = true                           {product lp64_product} {ergonomic}
     bool UseCompressedOops                        = true                           {product lp64_product} {ergonomic}
     bool UseG1GC                                  = true                                      {product} {ergonomic}
     bool UseLargePagesIndividualAllocation        = false                                  {pd product} {ergonomic}

Logging:
Log output configuration:
 #0: stdout all=warning uptime,level,tags
 #1: stderr all=off uptime,level,tags

Environment Variables:
JAVA_HOME=C:\Users\user\playground\jdk-17.0.10
PATH=C:\oraclexe\app\oracle\product\10.2.0\server\bin;C:\windows\system32;C:\windows;C:\windows\System32\Wbem;C:\windows\System32\WindowsPowerShell\v1.0\;C:\windows\System32\OpenSSH\;C:\Program Files\Git\cmd;C:\Program Files\Bandizip\;C:\Program Files\dotnet\;C:\Program Files\nodejs\;C:\Users\user\AppData\Local\Microsoft\WindowsApps;C:\Users\user\AppData\Local\Programs\Microsoft VS Code\bin;C:\Users\user\AppData\Roaming\npm;C:\Users\user\playground\jdk-17.0.10\bin;
USERNAME=user
OS=Windows_NT
PROCESSOR_IDENTIFIER=Intel64 Family 6 Model 191 Stepping 2, GenuineIntel
TMP=C:\Users\user\AppData\Local\Temp
TEMP=C:\Users\user\AppData\Local\Temp



Periodic native trim disabled

JNI global refs:
JNI global refs: 0, weak refs: 0

JNI global refs memory usage: 0, weak refs: 0

Process memory usage:
Resident Set Size: 11936K (0% of 16446036K total physical memory with 4499600K free physical memory)

OOME stack traces (most recent first):
Classloader memory used:


---------------  S Y S T E M  ---------------

OS:
 Windows 11 , 64 bit Build 22621 (10.0.22621.3958)
OS uptime: 14 days 16:49 hours
Hyper-V role detected

CPU: total 16 (initial active 16) (8 cores per cpu, 2 threads per core) family 6 model 191 stepping 2 microcode 0x26, cx8, cmov, fxsr, ht, mmx, 3dnowpref, sse, sse2, sse3, ssse3, sse4.1, sse4.2, popcnt, lzcnt, tsc, tscinvbit, avx, avx2, aes, erms, clmul, bmi1, bmi2, adx, sha, fma, vzeroupper, clflush, clflushopt, clwb, hv
Processor Information for all 16 processors :
  Max Mhz: 2500, Current Mhz: 2500, Mhz Limit: 2500

Memory: 4k page, system-wide physical 16060M (4394M free)
TotalPageFile size 44310M (AvailPageFile size 143M)
current process WorkingSet (physical memory assigned to process): 11M, peak: 11M
current process commit charge ("private bytes"): 71M, peak: 323M

vm_info: OpenJDK 64-Bit Server VM (17.0.11+0--11852314) for windows-amd64 JRE (17.0.11+0--11852314), built on May 16 2024 21:29:20 by "androidbuild" with MS VC++ 16.10 / 16.11 (VS2019)

END.
