#
# There is insufficient memory for the Java Runtime Environment to continue.
# Native memory allocation (malloc) failed to allocate 1232720 bytes. Error detail: Chunk::new
# Possible reasons:
#   The system is out of physical RAM or swap space
#   This process is running with CompressedOops enabled, and the Java Heap may be blocking the growth of the native heap
# Possible solutions:
#   Reduce memory load on the system
#   Increase physical memory or swap space
#   Check if swap backing store is full
#   Decrease Java heap size (-Xmx/-Xms)
#   Decrease number of Java threads
#   Decrease Java thread stack sizes (-Xss)
#   Set larger code cache with -XX:ReservedCodeCacheSize=
#   JVM is running with Unscaled Compressed Oops mode in which the Java heap is
#     placed in the first 4GB address space. The Java Heap base address is the
#     maximum limit for the native heap growth. Please use -XX:HeapBaseMinAddress
#     to set the Java Heap base and to place the Java Heap above 4GB virtual address.
# This output file may be truncated or incomplete.
#
#  Out of Memory Error (arena.cpp:191), pid=11692, tid=20612
#
# JRE version: OpenJDK Runtime Environment (17.0.11) (build 17.0.11+0--11852314)
# Java VM: OpenJDK 64-Bit Server VM (17.0.11+0--11852314, mixed mode, tiered, compressed oops, compressed class ptrs, g1 gc, windows-amd64)
# No core dump will be written. Minidumps are not enabled by default on client versions of Windows
#

---------------  S U M M A R Y ------------

Command Line: --add-opens=java.base/java.util=ALL-UNNAMED --add-opens=java.base/java.lang=ALL-UNNAMED --add-opens=java.base/java.lang.invoke=ALL-UNNAMED --add-opens=java.prefs/java.util.prefs=ALL-UNNAMED --add-opens=java.base/java.nio.charset=ALL-UNNAMED --add-opens=java.base/java.net=ALL-UNNAMED --add-opens=java.base/java.util.concurrent.atomic=ALL-UNNAMED -Xmx2048m -Dfile.encoding=UTF-8 -Duser.country=KR -Duser.language=ko -Duser.variant -javaagent:C:\Users\user\.gradle\wrapper\dists\gradle-8.7-bin\bhs2wmbdwecv87pi65oeuq5iu\gradle-8.7\lib\agents\gradle-instrumentation-agent-8.7.jar org.gradle.launcher.daemon.bootstrap.GradleDaemon 8.7

Host: 13th Gen Intel(R) Core(TM) i5-13400, 16 cores, 15G,  Windows 11 , 64 bit Build 22621 (10.0.22621.3958)
Time: Mon Sep  9 11:10:58 2024  Windows 11 , 64 bit Build 22621 (10.0.22621.3958) elapsed time: 6.129268 seconds (0d 0h 0m 6s)

---------------  T H R E A D  ---------------

Current thread (0x0000022af3d6fb90):  JavaThread "C2 CompilerThread1" daemon [_thread_in_native, id=20612, stack(0x000000de67c00000,0x000000de67d00000)]


Current CompileTask:
C2:   6129 10384       4       java.util.regex.Pattern::compile (500 bytes)

Stack: [0x000000de67c00000,0x000000de67d00000]
Native frames: (J=compiled Java code, j=interpreted, Vv=VM code, C=native code)
V  [jvm.dll+0x687bb9]
V  [jvm.dll+0x84142a]
V  [jvm.dll+0x8430ae]
V  [jvm.dll+0x843713]
V  [jvm.dll+0x24a35f]
V  [jvm.dll+0xac544]
V  [jvm.dll+0xacb8c]
V  [jvm.dll+0x369c37]
V  [jvm.dll+0x33416a]
V  [jvm.dll+0x33360a]
V  [jvm.dll+0x21bed1]
V  [jvm.dll+0x21b311]
V  [jvm.dll+0x1a63ed]
V  [jvm.dll+0x22b1ee]
V  [jvm.dll+0x229375]
V  [jvm.dll+0x7f5647]
V  [jvm.dll+0x7efa4a]
V  [jvm.dll+0x686a35]
C  [ucrtbase.dll+0x29333]
C  [KERNEL32.DLL+0x1257d]
C  [ntdll.dll+0x5af28]


---------------  P R O C E S S  ---------------

Threads class SMR info:
_java_thread_list=0x0000022af5c61fe0, length=64, elements={
0x0000022acf26b9a0, 0x0000022ae941d280, 0x0000022ae941e100, 0x0000022ae9c61c40,
0x0000022ae9c62800, 0x0000022ae9c632c0, 0x0000022ae9c858a0, 0x0000022ae9c868b0,
0x0000022ae9c87680, 0x0000022ae9c8d590, 0x0000022ae9de63e0, 0x0000022ae9e1cbd0,
0x0000022ae9e6b200, 0x0000022ae9ecbab0, 0x0000022aea8334a0, 0x0000022aeff05260,
0x0000022af0945090, 0x0000022af0e0ee50, 0x0000022af08e3af0, 0x0000022af0621c40,
0x0000022af09b0480, 0x0000022af0abcc20, 0x0000022af01b59c0, 0x0000022af01b7310,
0x0000022af01b7820, 0x0000022af01b4070, 0x0000022af01b4580, 0x0000022af01b63e0,
0x0000022af25ec7f0, 0x0000022af25e5da0, 0x0000022af25e9550, 0x0000022af25eb8c0,
0x0000022af25ea480, 0x0000022af25e9a60, 0x0000022af25ea990, 0x0000022af25e62b0,
0x0000022af25e9f70, 0x0000022af25e7c00, 0x0000022af25e9040, 0x0000022af25e67c0,
0x0000022af25eaea0, 0x0000022af25eb3b0, 0x0000022af25ec2e0, 0x0000022af25e8110,
0x0000022af25ebdd0, 0x0000022af25ecd00, 0x0000022af25e8620, 0x0000022af25e6cd0,
0x0000022af25e8b30, 0x0000022af25ed210, 0x0000022af25e71e0, 0x0000022af10e5720,
0x0000022af10ea820, 0x0000022af10e7a90, 0x0000022af10e7070, 0x0000022af10e7580,
0x0000022af10e5c30, 0x0000022af10e89c0, 0x0000022af10e8ed0, 0x0000022af10ead30,
0x0000022af10e6140, 0x0000022af3d6fb90, 0x0000022af3d740a0, 0x0000022af63dd350
}

Java Threads: ( => current thread )
  0x0000022acf26b9a0 JavaThread "main" [_thread_blocked, id=9564, stack(0x000000de66700000,0x000000de66800000)]
  0x0000022ae941d280 JavaThread "Reference Handler" daemon [_thread_blocked, id=268, stack(0x000000de66e00000,0x000000de66f00000)]
  0x0000022ae941e100 JavaThread "Finalizer" daemon [_thread_blocked, id=16832, stack(0x000000de66f00000,0x000000de67000000)]
  0x0000022ae9c61c40 JavaThread "Signal Dispatcher" daemon [_thread_blocked, id=23040, stack(0x000000de67000000,0x000000de67100000)]
  0x0000022ae9c62800 JavaThread "Attach Listener" daemon [_thread_blocked, id=3132, stack(0x000000de67100000,0x000000de67200000)]
  0x0000022ae9c632c0 JavaThread "Service Thread" daemon [_thread_blocked, id=10244, stack(0x000000de67200000,0x000000de67300000)]
  0x0000022ae9c858a0 JavaThread "Monitor Deflation Thread" daemon [_thread_blocked, id=15924, stack(0x000000de67300000,0x000000de67400000)]
  0x0000022ae9c868b0 JavaThread "C2 CompilerThread0" daemon [_thread_in_native, id=12536, stack(0x000000de67400000,0x000000de67500000)]
  0x0000022ae9c87680 JavaThread "C1 CompilerThread0" daemon [_thread_blocked, id=22668, stack(0x000000de67500000,0x000000de67600000)]
  0x0000022ae9c8d590 JavaThread "Sweeper thread" daemon [_thread_blocked, id=13468, stack(0x000000de67600000,0x000000de67700000)]
  0x0000022ae9de63e0 JavaThread "Common-Cleaner" daemon [_thread_blocked, id=13260, stack(0x000000de67700000,0x000000de67800000)]
  0x0000022ae9e1cbd0 JavaThread "C1 CompilerThread1" daemon [_thread_blocked, id=18708, stack(0x000000de67800000,0x000000de67900000)]
  0x0000022ae9e6b200 JavaThread "C1 CompilerThread2" daemon [_thread_blocked, id=19308, stack(0x000000de67900000,0x000000de67a00000)]
  0x0000022ae9ecbab0 JavaThread "Notification Thread" daemon [_thread_blocked, id=22620, stack(0x000000de67a00000,0x000000de67b00000)]
  0x0000022aea8334a0 JavaThread "C1 CompilerThread3" daemon [_thread_blocked, id=13452, stack(0x000000de68500000,0x000000de68600000)]
  0x0000022aeff05260 JavaThread "Daemon health stats" [_thread_blocked, id=12772, stack(0x000000de67f00000,0x000000de68000000)]
  0x0000022af0945090 JavaThread "Incoming local TCP Connector on port 51704" [_thread_in_native, id=22248, stack(0x000000de68600000,0x000000de68700000)]
  0x0000022af0e0ee50 JavaThread "Daemon periodic checks" [_thread_blocked, id=5040, stack(0x000000de68700000,0x000000de68800000)]
  0x0000022af08e3af0 JavaThread "Daemon" [_thread_blocked, id=11856, stack(0x000000de68800000,0x000000de68900000)]
  0x0000022af0621c40 JavaThread "Handler for socket connection from /127.0.0.1:51704 to /127.0.0.1:51705" [_thread_in_native, id=21656, stack(0x000000de68900000,0x000000de68a00000)]
  0x0000022af09b0480 JavaThread "Cancel handler" [_thread_blocked, id=8496, stack(0x000000de68a00000,0x000000de68b00000)]
  0x0000022af0abcc20 JavaThread "Daemon worker" [_thread_in_vm, id=5708, stack(0x000000de68b00000,0x000000de68c00000)]
  0x0000022af01b59c0 JavaThread "Asynchronous log dispatcher for DefaultDaemonConnection: socket connection from /127.0.0.1:51704 to /127.0.0.1:51705" [_thread_blocked, id=17660, stack(0x000000de68c00000,0x000000de68d00000)]
  0x0000022af01b7310 JavaThread "Stdin handler" [_thread_blocked, id=13204, stack(0x000000de68d00000,0x000000de68e00000)]
  0x0000022af01b7820 JavaThread "Daemon client event forwarder" [_thread_blocked, id=15828, stack(0x000000de68e00000,0x000000de68f00000)]
  0x0000022af01b4070 JavaThread "Cache worker for journal cache (C:\Users\user\.gradle\caches\journal-1)" [_thread_blocked, id=11244, stack(0x000000de69800000,0x000000de69900000)]
  0x0000022af01b4580 JavaThread "File lock request listener" [_thread_in_native, id=22572, stack(0x000000de69900000,0x000000de69a00000)]
  0x0000022af01b63e0 JavaThread "Cache worker for file hash cache (C:\Users\user\.gradle\caches\8.7\fileHashes)" [_thread_blocked, id=11752, stack(0x000000de69a00000,0x000000de69b00000)]
  0x0000022af25ec7f0 JavaThread "Cache worker for file hash cache (C:\Users\user\AndroidStudioProjects\MyProject\.gradle\8.7\fileHashes)" [_thread_blocked, id=21272, stack(0x000000de69b00000,0x000000de69c00000)]
  0x0000022af25e5da0 JavaThread "File watcher server" daemon [_thread_in_native, id=2232, stack(0x000000de69c00000,0x000000de69d00000)]
  0x0000022af25e9550 JavaThread "File watcher consumer" daemon [_thread_blocked, id=23224, stack(0x000000de69d00000,0x000000de69e00000)]
  0x0000022af25eb8c0 JavaThread "jar transforms" [_thread_blocked, id=9444, stack(0x000000de69e00000,0x000000de69f00000)]
  0x0000022af25ea480 JavaThread "jar transforms Thread 2" [_thread_blocked, id=14448, stack(0x000000de69f00000,0x000000de6a000000)]
  0x0000022af25e9a60 JavaThread "jar transforms Thread 3" [_thread_blocked, id=22720, stack(0x000000de6a000000,0x000000de6a100000)]
  0x0000022af25ea990 JavaThread "jar transforms Thread 4" [_thread_blocked, id=5284, stack(0x000000de6a100000,0x000000de6a200000)]
  0x0000022af25e62b0 JavaThread "jar transforms Thread 5" [_thread_blocked, id=9992, stack(0x000000de6a200000,0x000000de6a300000)]
  0x0000022af25e9f70 JavaThread "jar transforms Thread 6" [_thread_blocked, id=12352, stack(0x000000de6a300000,0x000000de6a400000)]
  0x0000022af25e7c00 JavaThread "jar transforms Thread 7" [_thread_blocked, id=21664, stack(0x000000de6a400000,0x000000de6a500000)]
  0x0000022af25e9040 JavaThread "jar transforms Thread 8" [_thread_blocked, id=15688, stack(0x000000de6a500000,0x000000de6a600000)]
  0x0000022af25e67c0 JavaThread "jar transforms Thread 9" [_thread_blocked, id=2264, stack(0x000000de6a600000,0x000000de6a700000)]
  0x0000022af25eaea0 JavaThread "jar transforms Thread 10" [_thread_blocked, id=7212, stack(0x000000de6a700000,0x000000de6a800000)]
  0x0000022af25eb3b0 JavaThread "jar transforms Thread 11" [_thread_blocked, id=11424, stack(0x000000de6a800000,0x000000de6a900000)]
  0x0000022af25ec2e0 JavaThread "jar transforms Thread 12" [_thread_blocked, id=12004, stack(0x000000de6a900000,0x000000de6aa00000)]
  0x0000022af25e8110 JavaThread "jar transforms Thread 13" [_thread_blocked, id=16360, stack(0x000000de6aa00000,0x000000de6ab00000)]
  0x0000022af25ebdd0 JavaThread "jar transforms Thread 14" [_thread_blocked, id=21528, stack(0x000000de6ab00000,0x000000de6ac00000)]
  0x0000022af25ecd00 JavaThread "jar transforms Thread 15" [_thread_blocked, id=9028, stack(0x000000de6ac00000,0x000000de6ad00000)]
  0x0000022af25e8620 JavaThread "jar transforms Thread 16" [_thread_blocked, id=22964, stack(0x000000de6ad00000,0x000000de6ae00000)]
  0x0000022af25e6cd0 JavaThread "Cache worker for checksums cache (C:\Users\user\AndroidStudioProjects\MyProject\.gradle\8.7\checksums)" [_thread_blocked, id=11920, stack(0x000000de6ae00000,0x000000de6af00000)]
  0x0000022af25e8b30 JavaThread "Cache worker for cache directory md-supplier (C:\Users\user\.gradle\caches\8.7\md-supplier)" [_thread_blocked, id=23316, stack(0x000000de6af00000,0x000000de6b000000)]
  0x0000022af25ed210 JavaThread "Cache worker for cache directory md-rule (C:\Users\user\.gradle\caches\8.7\md-rule)" [_thread_blocked, id=11176, stack(0x000000de6b000000,0x000000de6b100000)]
  0x0000022af25e71e0 JavaThread "Cache worker for file content cache (C:\Users\user\.gradle\caches\8.7\fileContent)" [_thread_blocked, id=8572, stack(0x000000de6b100000,0x000000de6b200000)]
  0x0000022af10e5720 JavaThread "Unconstrained build operations" [_thread_blocked, id=21736, stack(0x000000de6b300000,0x000000de6b400000)]
  0x0000022af10ea820 JavaThread "Unconstrained build operations Thread 2" [_thread_blocked, id=4736, stack(0x000000de6b400000,0x000000de6b500000)]
  0x0000022af10e7a90 JavaThread "Unconstrained build operations Thread 3" [_thread_blocked, id=20040, stack(0x000000de6b500000,0x000000de6b600000)]
  0x0000022af10e7070 JavaThread "Unconstrained build operations Thread 4" [_thread_blocked, id=20472, stack(0x000000de6b600000,0x000000de6b700000)]
  0x0000022af10e7580 JavaThread "Unconstrained build operations Thread 5" [_thread_blocked, id=14780, stack(0x000000de6b700000,0x000000de6b800000)]
  0x0000022af10e5c30 JavaThread "Unconstrained build operations Thread 6" [_thread_blocked, id=9592, stack(0x000000de6b800000,0x000000de6b900000)]
  0x0000022af10e89c0 JavaThread "Unconstrained build operations Thread 7" [_thread_blocked, id=23188, stack(0x000000de6b900000,0x000000de6ba00000)]
  0x0000022af10e8ed0 JavaThread "Unconstrained build operations Thread 8" [_thread_blocked, id=11872, stack(0x000000de6ba00000,0x000000de6bb00000)]
  0x0000022af10ead30 JavaThread "Unconstrained build operations Thread 9" [_thread_blocked, id=20512, stack(0x000000de6bb00000,0x000000de6bc00000)]
  0x0000022af10e6140 JavaThread "Unconstrained build operations Thread 10" [_thread_blocked, id=21700, stack(0x000000de6bc00000,0x000000de6bd00000)]
=>0x0000022af3d6fb90 JavaThread "C2 CompilerThread1" daemon [_thread_in_native, id=20612, stack(0x000000de67c00000,0x000000de67d00000)]
  0x0000022af3d740a0 JavaThread "C2 CompilerThread2" daemon [_thread_in_vm, id=8296, stack(0x000000de67d00000,0x000000de67e00000)]
  0x0000022af63dd350 JavaThread "Cache worker for Build Output Cleanup Cache (C:\Users\user\AndroidStudioProjects\MyProject\.gradle\buildOutputCleanup)" [_thread_blocked, id=22532, stack(0x000000de67e00000,0x000000de67f00000)]

Other Threads:
  0x0000022ae9c31510 VMThread "VM Thread" [stack: 0x000000de66d00000,0x000000de66e00000] [id=9308]
  0x0000022ae9f39050 WatcherThread [stack: 0x000000de67b00000,0x000000de67c00000] [id=9404]
  0x0000022acf2c7fd0 GCTaskThread "GC Thread#0" [stack: 0x000000de66800000,0x000000de66900000] [id=13068]
  0x0000022aefdc0cd0 GCTaskThread "GC Thread#1" [stack: 0x000000de68000000,0x000000de68100000] [id=20024]
  0x0000022af02a46c0 GCTaskThread "GC Thread#2" [stack: 0x000000de68100000,0x000000de68200000] [id=20176]
  0x0000022aef5ebde0 GCTaskThread "GC Thread#3" [stack: 0x000000de68200000,0x000000de68300000] [id=3176]
  0x0000022aef633be0 GCTaskThread "GC Thread#4" [stack: 0x000000de68300000,0x000000de68400000] [id=6820]
  0x0000022aefc99b40 GCTaskThread "GC Thread#5" [stack: 0x000000de68400000,0x000000de68500000] [id=22916]
  0x0000022af0449d80 GCTaskThread "GC Thread#6" [stack: 0x000000de68f00000,0x000000de69000000] [id=20816]
  0x0000022af08a6150 GCTaskThread "GC Thread#7" [stack: 0x000000de69000000,0x000000de69100000] [id=23476]
  0x0000022af07ec040 GCTaskThread "GC Thread#8" [stack: 0x000000de69100000,0x000000de69200000] [id=9116]
  0x0000022af08e4ff0 GCTaskThread "GC Thread#9" [stack: 0x000000de69200000,0x000000de69300000] [id=23060]
  0x0000022af02373b0 GCTaskThread "GC Thread#10" [stack: 0x000000de69300000,0x000000de69400000] [id=20084]
  0x0000022af02370f0 GCTaskThread "GC Thread#11" [stack: 0x000000de69400000,0x000000de69500000] [id=8576]
  0x0000022af0236070 GCTaskThread "GC Thread#12" [stack: 0x000000de69500000,0x000000de69600000] [id=5932]
  0x0000022acf2daf30 ConcurrentGCThread "G1 Main Marker" [stack: 0x000000de66900000,0x000000de66a00000] [id=6848]
  0x0000022acf2db950 ConcurrentGCThread "G1 Conc#0" [stack: 0x000000de66a00000,0x000000de66b00000] [id=18428]
  0x0000022af0237bf0 ConcurrentGCThread "G1 Conc#1" [stack: 0x000000de69600000,0x000000de69700000] [id=8452]
  0x0000022af0237930 ConcurrentGCThread "G1 Conc#2" [stack: 0x000000de69700000,0x000000de69800000] [id=8912]
  0x0000022ae92f25d0 ConcurrentGCThread "G1 Refine#0" [stack: 0x000000de66b00000,0x000000de66c00000] [id=3272]
  0x0000022af3aab820 ConcurrentGCThread "G1 Refine#1" [stack: 0x000000de6b200000,0x000000de6b300000] [id=8488]
  0x0000022af3aad290 ConcurrentGCThread "G1 Refine#2" [stack: 0x000000de6bd00000,0x000000de6be00000] [id=15256]
  0x0000022af3aae140 ConcurrentGCThread "G1 Refine#3" [stack: 0x000000de6be00000,0x000000de6bf00000] [id=13084]
  0x0000022af3aac6d0 ConcurrentGCThread "G1 Refine#4" [stack: 0x000000de6bf00000,0x000000de6c000000] [id=22920]
  0x0000022ae92f2e10 ConcurrentGCThread "G1 Service" [stack: 0x000000de66c00000,0x000000de66d00000] [id=15436]

Threads with active compile tasks:
C2 CompilerThread0     6137 10345       4       jdk.internal.loader.URLClassPath::getResource (74 bytes)
C2 CompilerThread1     6137 10384       4       java.util.regex.Pattern::compile (500 bytes)
C2 CompilerThread2     6137 10505 %     4       java.util.LinkedHashMap::keysToArray @ 10 (38 bytes)

VM state: not at safepoint (normal execution)

VM Mutex/Monitor currently owned by a thread: None

Heap address: 0x0000000080000000, size: 2048 MB, Compressed Oops mode: 32-bit

CDS archive(s) not mapped
Compressed class space mapped at: 0x0000000100000000-0x0000000140000000, reserved size: 1073741824
Narrow klass base: 0x0000000000000000, Narrow klass shift: 3, Narrow klass range: 0x140000000

GC Precious Log:
 CPUs: 16 total, 16 available
 Memory: 16060M
 Large Page Support: Disabled
 NUMA Support: Disabled
 Compressed Oops: Enabled (32-bit)
 Heap Region Size: 1M
 Heap Min Capacity: 8M
 Heap Initial Capacity: 252M
 Heap Max Capacity: 2G
 Pre-touch: Disabled
 Parallel Workers: 13
 Concurrent Workers: 3
 Concurrent Refinement Workers: 13
 Periodic GC: Disabled

Heap:
 garbage-first heap   total 217088K, used 145239K [0x0000000080000000, 0x0000000100000000)
  region size 1024K, 38 young (38912K), 3 survivors (3072K)
 Metaspace       used 120781K, committed 121600K, reserved 1179648K
  class space    used 15649K, committed 16000K, reserved 1048576K

Heap Regions: E=young(eden), S=young(survivor), O=old, HS=humongous(starts), HC=humongous(continues), CS=collection set, F=free, OA=open archive, CA=closed archive, TAMS=top-at-mark-start (previous, next)
|   0|0x0000000080000000, 0x0000000080100000, 0x0000000080100000|100%|HS|  |TAMS 0x0000000080100000, 0x0000000080000000| Complete 
|   1|0x0000000080100000, 0x0000000080200000, 0x0000000080200000|100%|HC|  |TAMS 0x0000000080200000, 0x0000000080100000| Complete 
|   2|0x0000000080200000, 0x0000000080300000, 0x0000000080300000|100%|HC|  |TAMS 0x0000000080300000, 0x0000000080200000| Complete 
|   3|0x0000000080300000, 0x0000000080400000, 0x0000000080400000|100%|HC|  |TAMS 0x0000000080400000, 0x0000000080300000| Complete 
|   4|0x0000000080400000, 0x0000000080500000, 0x0000000080500000|100%| O|  |TAMS 0x0000000080500000, 0x0000000080400000| Untracked 
|   5|0x0000000080500000, 0x0000000080600000, 0x0000000080600000|100%| O|  |TAMS 0x0000000080600000, 0x0000000080500000| Untracked 
|   6|0x0000000080600000, 0x0000000080700000, 0x0000000080700000|100%| O|  |TAMS 0x0000000080700000, 0x0000000080600000| Untracked 
|   7|0x0000000080700000, 0x0000000080800000, 0x0000000080800000|100%| O|  |TAMS 0x0000000080800000, 0x0000000080700000| Untracked 
|   8|0x0000000080800000, 0x0000000080900000, 0x0000000080900000|100%| O|  |TAMS 0x0000000080900000, 0x0000000080800000| Untracked 
|   9|0x0000000080900000, 0x0000000080a00000, 0x0000000080a00000|100%| O|  |TAMS 0x0000000080a00000, 0x0000000080900000| Untracked 
|  10|0x0000000080a00000, 0x0000000080b00000, 0x0000000080b00000|100%| O|  |TAMS 0x0000000080b00000, 0x0000000080a00000| Complete 
|  11|0x0000000080b00000, 0x0000000080c00000, 0x0000000080c00000|100%| O|  |TAMS 0x0000000080c00000, 0x0000000080b00000| Untracked 
|  12|0x0000000080c00000, 0x0000000080d00000, 0x0000000080d00000|100%|HS|  |TAMS 0x0000000080d00000, 0x0000000080c00000| Complete 
|  13|0x0000000080d00000, 0x0000000080e00000, 0x0000000080e00000|100%|HC|  |TAMS 0x0000000080e00000, 0x0000000080d00000| Complete 
|  14|0x0000000080e00000, 0x0000000080f00000, 0x0000000080f00000|100%|HC|  |TAMS 0x0000000080f00000, 0x0000000080e00000| Complete 
|  15|0x0000000080f00000, 0x0000000081000000, 0x0000000081000000|100%|HC|  |TAMS 0x0000000081000000, 0x0000000080f00000| Complete 
|  16|0x0000000081000000, 0x0000000081100000, 0x0000000081100000|100%|HC|  |TAMS 0x0000000081100000, 0x0000000081000000| Complete 
|  17|0x0000000081100000, 0x0000000081200000, 0x0000000081200000|100%|HS|  |TAMS 0x0000000081200000, 0x0000000081100000| Complete 
|  18|0x0000000081200000, 0x0000000081300000, 0x0000000081300000|100%|HC|  |TAMS 0x0000000081300000, 0x0000000081200000| Complete 
|  19|0x0000000081300000, 0x0000000081400000, 0x0000000081400000|100%|HC|  |TAMS 0x0000000081400000, 0x0000000081300000| Complete 
|  20|0x0000000081400000, 0x0000000081500000, 0x0000000081500000|100%|HS|  |TAMS 0x0000000081500000, 0x0000000081400000| Complete 
|  21|0x0000000081500000, 0x0000000081600000, 0x0000000081600000|100%|HC|  |TAMS 0x0000000081600000, 0x0000000081500000| Complete 
|  22|0x0000000081600000, 0x0000000081700000, 0x0000000081700000|100%|HC|  |TAMS 0x0000000081700000, 0x0000000081600000| Complete 
|  23|0x0000000081700000, 0x0000000081800000, 0x0000000081800000|100%| O|  |TAMS 0x0000000081800000, 0x0000000081700000| Untracked 
|  24|0x0000000081800000, 0x0000000081900000, 0x0000000081900000|100%| O|  |TAMS 0x0000000081900000, 0x0000000081800000| Untracked 
|  25|0x0000000081900000, 0x0000000081a00000, 0x0000000081a00000|100%| O|  |TAMS 0x0000000081a00000, 0x0000000081900000| Untracked 
|  26|0x0000000081a00000, 0x0000000081b00000, 0x0000000081b00000|100%| O|  |TAMS 0x0000000081b00000, 0x0000000081a00000| Untracked 
|  27|0x0000000081b00000, 0x0000000081c00000, 0x0000000081c00000|100%| O|  |TAMS 0x0000000081c00000, 0x0000000081b00000| Untracked 
|  28|0x0000000081c00000, 0x0000000081d00000, 0x0000000081d00000|100%| O|  |TAMS 0x0000000081d00000, 0x0000000081c00000| Untracked 
|  29|0x0000000081d00000, 0x0000000081e00000, 0x0000000081e00000|100%| O|  |TAMS 0x0000000081e00000, 0x0000000081d00000| Untracked 
|  30|0x0000000081e00000, 0x0000000081f00000, 0x0000000081f00000|100%| O|  |TAMS 0x0000000081f00000, 0x0000000081e00000| Untracked 
|  31|0x0000000081f00000, 0x0000000082000000, 0x0000000082000000|100%| O|  |TAMS 0x0000000082000000, 0x0000000081f00000| Untracked 
|  32|0x0000000082000000, 0x0000000082100000, 0x0000000082100000|100%| O|  |TAMS 0x0000000082100000, 0x0000000082000000| Untracked 
|  33|0x0000000082100000, 0x0000000082200000, 0x0000000082200000|100%| O|  |TAMS 0x0000000082200000, 0x0000000082100000| Untracked 
|  34|0x0000000082200000, 0x0000000082300000, 0x0000000082300000|100%| O|  |TAMS 0x0000000082300000, 0x0000000082200000| Untracked 
|  35|0x0000000082300000, 0x0000000082400000, 0x0000000082400000|100%| O|  |TAMS 0x0000000082400000, 0x0000000082300000| Untracked 
|  36|0x0000000082400000, 0x0000000082500000, 0x0000000082500000|100%| O|  |TAMS 0x0000000082500000, 0x0000000082400000| Untracked 
|  37|0x0000000082500000, 0x0000000082600000, 0x0000000082600000|100%|HS|  |TAMS 0x0000000082600000, 0x0000000082500000| Complete 
|  38|0x0000000082600000, 0x0000000082700000, 0x0000000082700000|100%|HS|  |TAMS 0x0000000082700000, 0x0000000082600000| Complete 
|  39|0x0000000082700000, 0x0000000082800000, 0x0000000082800000|100%|HC|  |TAMS 0x0000000082800000, 0x0000000082700000| Complete 
|  40|0x0000000082800000, 0x0000000082900000, 0x0000000082900000|100%|HC|  |TAMS 0x0000000082900000, 0x0000000082800000| Complete 
|  41|0x0000000082900000, 0x0000000082a00000, 0x0000000082a00000|100%| O|  |TAMS 0x0000000082a00000, 0x0000000082900000| Untracked 
|  42|0x0000000082a00000, 0x0000000082b00000, 0x0000000082b00000|100%| O|  |TAMS 0x0000000082b00000, 0x0000000082a00000| Untracked 
|  43|0x0000000082b00000, 0x0000000082c00000, 0x0000000082c00000|100%| O|  |TAMS 0x0000000082c00000, 0x0000000082b00000| Untracked 
|  44|0x0000000082c00000, 0x0000000082d00000, 0x0000000082d00000|100%| O|  |TAMS 0x0000000082d00000, 0x0000000082c00000| Untracked 
|  45|0x0000000082d00000, 0x0000000082e00000, 0x0000000082e00000|100%| O|  |TAMS 0x0000000082e00000, 0x0000000082d00000| Untracked 
|  46|0x0000000082e00000, 0x0000000082f00000, 0x0000000082f00000|100%| O|  |TAMS 0x0000000082f00000, 0x0000000082e00000| Untracked 
|  47|0x0000000082f00000, 0x0000000083000000, 0x0000000083000000|100%| O|  |TAMS 0x0000000083000000, 0x0000000082f00000| Untracked 
|  48|0x0000000083000000, 0x0000000083100000, 0x0000000083100000|100%| O|  |TAMS 0x0000000083100000, 0x0000000083000000| Untracked 
|  49|0x0000000083100000, 0x0000000083200000, 0x0000000083200000|100%|HS|  |TAMS 0x0000000083200000, 0x0000000083100000| Complete 
|  50|0x0000000083200000, 0x0000000083300000, 0x0000000083300000|100%|HC|  |TAMS 0x0000000083300000, 0x0000000083200000| Complete 
|  51|0x0000000083300000, 0x0000000083400000, 0x0000000083400000|100%|HC|  |TAMS 0x0000000083400000, 0x0000000083300000| Complete 
|  52|0x0000000083400000, 0x0000000083500000, 0x0000000083500000|100%|HC|  |TAMS 0x0000000083500000, 0x0000000083400000| Complete 
|  53|0x0000000083500000, 0x0000000083600000, 0x0000000083600000|100%|HC|  |TAMS 0x0000000083600000, 0x0000000083500000| Complete 
|  54|0x0000000083600000, 0x0000000083700000, 0x0000000083700000|100%|HS|  |TAMS 0x0000000083700000, 0x0000000083600000| Complete 
|  55|0x0000000083700000, 0x0000000083800000, 0x0000000083800000|100%|HC|  |TAMS 0x0000000083800000, 0x0000000083700000| Complete 
|  56|0x0000000083800000, 0x0000000083900000, 0x0000000083900000|100%|HC|  |TAMS 0x0000000083900000, 0x0000000083800000| Complete 
|  57|0x0000000083900000, 0x0000000083a00000, 0x0000000083a00000|100%|HC|  |TAMS 0x0000000083a00000, 0x0000000083900000| Complete 
|  58|0x0000000083a00000, 0x0000000083b00000, 0x0000000083b00000|100%|HC|  |TAMS 0x0000000083b00000, 0x0000000083a00000| Complete 
|  59|0x0000000083b00000, 0x0000000083c00000, 0x0000000083c00000|100%| O|  |TAMS 0x0000000083c00000, 0x0000000083b00000| Untracked 
|  60|0x0000000083c00000, 0x0000000083d00000, 0x0000000083d00000|100%| O|  |TAMS 0x0000000083d00000, 0x0000000083c00000| Untracked 
|  61|0x0000000083d00000, 0x0000000083e00000, 0x0000000083e00000|100%| O|  |TAMS 0x0000000083e00000, 0x0000000083d00000| Untracked 
|  62|0x0000000083e00000, 0x0000000083f00000, 0x0000000083f00000|100%| O|  |TAMS 0x0000000083f00000, 0x0000000083e00000| Untracked 
|  63|0x0000000083f00000, 0x0000000084000000, 0x0000000084000000|100%| O|  |TAMS 0x0000000084000000, 0x0000000083f00000| Untracked 
|  64|0x0000000084000000, 0x0000000084000000, 0x0000000084100000|  0%| F|  |TAMS 0x0000000084000000, 0x0000000084000000| Untracked 
|  65|0x0000000084100000, 0x0000000084200000, 0x0000000084200000|100%| O|  |TAMS 0x0000000084200000, 0x0000000084100000| Untracked 
|  66|0x0000000084200000, 0x0000000084300000, 0x0000000084300000|100%| O|  |TAMS 0x0000000084300000, 0x0000000084200000| Untracked 
|  67|0x0000000084300000, 0x0000000084400000, 0x0000000084400000|100%| O|  |TAMS 0x0000000084400000, 0x0000000084300000| Untracked 
|  68|0x0000000084400000, 0x0000000084500000, 0x0000000084500000|100%|HS|  |TAMS 0x0000000084500000, 0x0000000084400000| Complete 
|  69|0x0000000084500000, 0x0000000084600000, 0x0000000084600000|100%|HC|  |TAMS 0x0000000084600000, 0x0000000084500000| Complete 
|  70|0x0000000084600000, 0x0000000084700000, 0x0000000084700000|100%|HC|  |TAMS 0x0000000084700000, 0x0000000084600000| Complete 
|  71|0x0000000084700000, 0x0000000084800000, 0x0000000084800000|100%|HC|  |TAMS 0x0000000084800000, 0x0000000084700000| Complete 
|  72|0x0000000084800000, 0x0000000084900000, 0x0000000084900000|100%|HC|  |TAMS 0x0000000084900000, 0x0000000084800000| Complete 
|  73|0x0000000084900000, 0x0000000084a00000, 0x0000000084a00000|100%|HC|  |TAMS 0x0000000084a00000, 0x0000000084900000| Complete 
|  74|0x0000000084a00000, 0x0000000084b00000, 0x0000000084b00000|100%|HS|  |TAMS 0x0000000084b00000, 0x0000000084a00000| Complete 
|  75|0x0000000084b00000, 0x0000000084c00000, 0x0000000084c00000|100%| O|  |TAMS 0x0000000084c00000, 0x0000000084b00000| Untracked 
|  76|0x0000000084c00000, 0x0000000084d00000, 0x0000000084d00000|100%| O|  |TAMS 0x0000000084d00000, 0x0000000084c00000| Untracked 
|  77|0x0000000084d00000, 0x0000000084e00000, 0x0000000084e00000|100%| O|  |TAMS 0x0000000084e00000, 0x0000000084d00000| Untracked 
|  78|0x0000000084e00000, 0x0000000084f00000, 0x0000000084f00000|100%| O|  |TAMS 0x0000000084f00000, 0x0000000084e00000| Untracked 
|  79|0x0000000084f00000, 0x0000000085000000, 0x0000000085000000|100%| O|  |TAMS 0x0000000085000000, 0x0000000084f00000| Untracked 
|  80|0x0000000085000000, 0x0000000085100000, 0x0000000085100000|100%| O|  |TAMS 0x0000000085100000, 0x0000000085000000| Untracked 
|  81|0x0000000085100000, 0x0000000085200000, 0x0000000085200000|100%| O|  |TAMS 0x0000000085200000, 0x0000000085100000| Untracked 
|  82|0x0000000085200000, 0x0000000085300000, 0x0000000085300000|100%| O|  |TAMS 0x0000000085300000, 0x0000000085200000| Untracked 
|  83|0x0000000085300000, 0x0000000085400000, 0x0000000085400000|100%| O|  |TAMS 0x0000000085400000, 0x0000000085300000| Untracked 
|  84|0x0000000085400000, 0x0000000085500000, 0x0000000085500000|100%| O|  |TAMS 0x0000000085500000, 0x0000000085400000| Untracked 
|  85|0x0000000085500000, 0x0000000085600000, 0x0000000085600000|100%| O|  |TAMS 0x0000000085600000, 0x0000000085500000| Untracked 
|  86|0x0000000085600000, 0x0000000085700000, 0x0000000085700000|100%| O|  |TAMS 0x0000000085700000, 0x0000000085600000| Untracked 
|  87|0x0000000085700000, 0x0000000085800000, 0x0000000085800000|100%| O|  |TAMS 0x0000000085800000, 0x0000000085700000| Untracked 
|  88|0x0000000085800000, 0x0000000085900000, 0x0000000085900000|100%| O|  |TAMS 0x0000000085900000, 0x0000000085800000| Untracked 
|  89|0x0000000085900000, 0x0000000085a00000, 0x0000000085a00000|100%| O|  |TAMS 0x0000000085a00000, 0x0000000085900000| Untracked 
|  90|0x0000000085a00000, 0x0000000085b00000, 0x0000000085b00000|100%| O|  |TAMS 0x0000000085b00000, 0x0000000085a00000| Untracked 
|  91|0x0000000085b00000, 0x0000000085c00000, 0x0000000085c00000|100%| O|  |TAMS 0x0000000085c00000, 0x0000000085b00000| Untracked 
|  92|0x0000000085c00000, 0x0000000085d00000, 0x0000000085d00000|100%| O|  |TAMS 0x0000000085d00000, 0x0000000085c00000| Untracked 
|  93|0x0000000085d00000, 0x0000000085e00000, 0x0000000085e00000|100%| O|  |TAMS 0x0000000085e00000, 0x0000000085d00000| Untracked 
|  94|0x0000000085e00000, 0x0000000085f00000, 0x0000000085f00000|100%| O|  |TAMS 0x0000000085f00000, 0x0000000085e00000| Untracked 
|  95|0x0000000085f00000, 0x0000000086000000, 0x0000000086000000|100%| O|  |TAMS 0x0000000086000000, 0x0000000085f00000| Untracked 
|  96|0x0000000086000000, 0x0000000086100000, 0x0000000086100000|100%| O|  |TAMS 0x0000000086100000, 0x0000000086000000| Untracked 
|  97|0x0000000086100000, 0x0000000086200000, 0x0000000086200000|100%| O|  |TAMS 0x0000000086200000, 0x0000000086100000| Untracked 
|  98|0x0000000086200000, 0x0000000086300000, 0x0000000086300000|100%| O|  |TAMS 0x0000000086300000, 0x0000000086200000| Untracked 
|  99|0x0000000086300000, 0x0000000086400000, 0x0000000086400000|100%| O|  |TAMS 0x0000000086400000, 0x0000000086300000| Untracked 
| 100|0x0000000086400000, 0x0000000086500000, 0x0000000086500000|100%| O|  |TAMS 0x0000000086500000, 0x0000000086400000| Untracked 
| 101|0x0000000086500000, 0x0000000086600000, 0x0000000086600000|100%| O|  |TAMS 0x0000000086600000, 0x0000000086500000| Untracked 
| 102|0x0000000086600000, 0x0000000086700000, 0x0000000086700000|100%| O|  |TAMS 0x0000000086700000, 0x0000000086600000| Untracked 
| 103|0x0000000086700000, 0x0000000086800000, 0x0000000086800000|100%| O|  |TAMS 0x0000000086800000, 0x0000000086700000| Untracked 
| 104|0x0000000086800000, 0x0000000086900000, 0x0000000086900000|100%| O|  |TAMS 0x0000000086900000, 0x0000000086800000| Untracked 
| 105|0x0000000086900000, 0x0000000086a00000, 0x0000000086a00000|100%| O|  |TAMS 0x0000000086a00000, 0x0000000086900000| Untracked 
| 106|0x0000000086a00000, 0x0000000086a2b000, 0x0000000086b00000| 16%| O|  |TAMS 0x0000000086a2b000, 0x0000000086a00000| Untracked 
| 107|0x0000000086b00000, 0x0000000086b00000, 0x0000000086c00000|  0%| F|  |TAMS 0x0000000086b00000, 0x0000000086b00000| Untracked 
| 108|0x0000000086c00000, 0x0000000086c00000, 0x0000000086d00000|  0%| F|  |TAMS 0x0000000086c00000, 0x0000000086c00000| Untracked 
| 109|0x0000000086d00000, 0x0000000086d00000, 0x0000000086e00000|  0%| F|  |TAMS 0x0000000086d00000, 0x0000000086d00000| Untracked 
| 110|0x0000000086e00000, 0x0000000086e00000, 0x0000000086f00000|  0%| F|  |TAMS 0x0000000086e00000, 0x0000000086e00000| Untracked 
| 111|0x0000000086f00000, 0x0000000086f00000, 0x0000000087000000|  0%| F|  |TAMS 0x0000000086f00000, 0x0000000086f00000| Untracked 
| 112|0x0000000087000000, 0x0000000087000000, 0x0000000087100000|  0%| F|  |TAMS 0x0000000087000000, 0x0000000087000000| Untracked 
| 113|0x0000000087100000, 0x0000000087100000, 0x0000000087200000|  0%| F|  |TAMS 0x0000000087100000, 0x0000000087100000| Untracked 
| 114|0x0000000087200000, 0x0000000087200000, 0x0000000087300000|  0%| F|  |TAMS 0x0000000087200000, 0x0000000087200000| Untracked 
| 115|0x0000000087300000, 0x0000000087300000, 0x0000000087400000|  0%| F|  |TAMS 0x0000000087300000, 0x0000000087300000| Untracked 
| 116|0x0000000087400000, 0x0000000087400000, 0x0000000087500000|  0%| F|  |TAMS 0x0000000087400000, 0x0000000087400000| Untracked 
| 117|0x0000000087500000, 0x0000000087500000, 0x0000000087600000|  0%| F|  |TAMS 0x0000000087500000, 0x0000000087500000| Untracked 
| 118|0x0000000087600000, 0x0000000087600000, 0x0000000087700000|  0%| F|  |TAMS 0x0000000087600000, 0x0000000087600000| Untracked 
| 119|0x0000000087700000, 0x0000000087700000, 0x0000000087800000|  0%| F|  |TAMS 0x0000000087700000, 0x0000000087700000| Untracked 
| 120|0x0000000087800000, 0x0000000087800000, 0x0000000087900000|  0%| F|  |TAMS 0x0000000087800000, 0x0000000087800000| Untracked 
| 121|0x0000000087900000, 0x0000000087900000, 0x0000000087a00000|  0%| F|  |TAMS 0x0000000087900000, 0x0000000087900000| Untracked 
| 122|0x0000000087a00000, 0x0000000087a00000, 0x0000000087b00000|  0%| F|  |TAMS 0x0000000087a00000, 0x0000000087a00000| Untracked 
| 123|0x0000000087b00000, 0x0000000087b00000, 0x0000000087c00000|  0%| F|  |TAMS 0x0000000087b00000, 0x0000000087b00000| Untracked 
| 124|0x0000000087c00000, 0x0000000087c00000, 0x0000000087d00000|  0%| F|  |TAMS 0x0000000087c00000, 0x0000000087c00000| Untracked 
| 125|0x0000000087d00000, 0x0000000087d00000, 0x0000000087e00000|  0%| F|  |TAMS 0x0000000087d00000, 0x0000000087d00000| Untracked 
| 126|0x0000000087e00000, 0x0000000087e00000, 0x0000000087f00000|  0%| F|  |TAMS 0x0000000087e00000, 0x0000000087e00000| Untracked 
| 127|0x0000000087f00000, 0x0000000087f00000, 0x0000000088000000|  0%| F|  |TAMS 0x0000000087f00000, 0x0000000087f00000| Untracked 
| 128|0x0000000088000000, 0x0000000088000000, 0x0000000088100000|  0%| F|  |TAMS 0x0000000088000000, 0x0000000088000000| Untracked 
| 129|0x0000000088100000, 0x0000000088100000, 0x0000000088200000|  0%| F|  |TAMS 0x0000000088100000, 0x0000000088100000| Untracked 
| 130|0x0000000088200000, 0x0000000088200000, 0x0000000088300000|  0%| F|  |TAMS 0x0000000088200000, 0x0000000088200000| Untracked 
| 131|0x0000000088300000, 0x0000000088300000, 0x0000000088400000|  0%| F|  |TAMS 0x0000000088300000, 0x0000000088300000| Untracked 
| 132|0x0000000088400000, 0x0000000088400000, 0x0000000088500000|  0%| F|  |TAMS 0x0000000088400000, 0x0000000088400000| Untracked 
| 133|0x0000000088500000, 0x0000000088500000, 0x0000000088600000|  0%| F|  |TAMS 0x0000000088500000, 0x0000000088500000| Untracked 
| 134|0x0000000088600000, 0x0000000088600000, 0x0000000088700000|  0%| F|  |TAMS 0x0000000088600000, 0x0000000088600000| Untracked 
| 135|0x0000000088700000, 0x0000000088700000, 0x0000000088800000|  0%| F|  |TAMS 0x0000000088700000, 0x0000000088700000| Untracked 
| 136|0x0000000088800000, 0x0000000088800000, 0x0000000088900000|  0%| F|  |TAMS 0x0000000088800000, 0x0000000088800000| Untracked 
| 137|0x0000000088900000, 0x0000000088900000, 0x0000000088a00000|  0%| F|  |TAMS 0x0000000088900000, 0x0000000088900000| Untracked 
| 138|0x0000000088a00000, 0x0000000088a00000, 0x0000000088b00000|  0%| F|  |TAMS 0x0000000088a00000, 0x0000000088a00000| Untracked 
| 139|0x0000000088b00000, 0x0000000088b00000, 0x0000000088c00000|  0%| F|  |TAMS 0x0000000088b00000, 0x0000000088b00000| Untracked 
| 140|0x0000000088c00000, 0x0000000088caac40, 0x0000000088d00000| 66%| S|CS|TAMS 0x0000000088c00000, 0x0000000088c00000| Complete 
| 141|0x0000000088d00000, 0x0000000088e00000, 0x0000000088e00000|100%| S|CS|TAMS 0x0000000088d00000, 0x0000000088d00000| Complete 
| 142|0x0000000088e00000, 0x0000000088f00000, 0x0000000088f00000|100%| S|CS|TAMS 0x0000000088e00000, 0x0000000088e00000| Complete 
| 143|0x0000000088f00000, 0x0000000088f00000, 0x0000000089000000|  0%| F|  |TAMS 0x0000000088f00000, 0x0000000088f00000| Untracked 
| 144|0x0000000089000000, 0x0000000089000000, 0x0000000089100000|  0%| F|  |TAMS 0x0000000089000000, 0x0000000089000000| Untracked 
| 145|0x0000000089100000, 0x0000000089100000, 0x0000000089200000|  0%| F|  |TAMS 0x0000000089100000, 0x0000000089100000| Untracked 
| 146|0x0000000089200000, 0x0000000089200000, 0x0000000089300000|  0%| F|  |TAMS 0x0000000089200000, 0x0000000089200000| Untracked 
| 147|0x0000000089300000, 0x0000000089300000, 0x0000000089400000|  0%| F|  |TAMS 0x0000000089300000, 0x0000000089300000| Untracked 
| 148|0x0000000089400000, 0x0000000089400000, 0x0000000089500000|  0%| F|  |TAMS 0x0000000089400000, 0x0000000089400000| Untracked 
| 149|0x0000000089500000, 0x0000000089500000, 0x0000000089600000|  0%| F|  |TAMS 0x0000000089500000, 0x0000000089500000| Untracked 
| 150|0x0000000089600000, 0x0000000089600000, 0x0000000089700000|  0%| F|  |TAMS 0x0000000089600000, 0x0000000089600000| Untracked 
| 151|0x0000000089700000, 0x0000000089700000, 0x0000000089800000|  0%| F|  |TAMS 0x0000000089700000, 0x0000000089700000| Untracked 
| 152|0x0000000089800000, 0x0000000089800000, 0x0000000089900000|  0%| F|  |TAMS 0x0000000089800000, 0x0000000089800000| Untracked 
| 153|0x0000000089900000, 0x0000000089900000, 0x0000000089a00000|  0%| F|  |TAMS 0x0000000089900000, 0x0000000089900000| Untracked 
| 154|0x0000000089a00000, 0x0000000089a00000, 0x0000000089b00000|  0%| F|  |TAMS 0x0000000089a00000, 0x0000000089a00000| Untracked 
| 155|0x0000000089b00000, 0x0000000089b00000, 0x0000000089c00000|  0%| F|  |TAMS 0x0000000089b00000, 0x0000000089b00000| Untracked 
| 156|0x0000000089c00000, 0x0000000089c00000, 0x0000000089d00000|  0%| F|  |TAMS 0x0000000089c00000, 0x0000000089c00000| Untracked 
| 157|0x0000000089d00000, 0x0000000089d00000, 0x0000000089e00000|  0%| F|  |TAMS 0x0000000089d00000, 0x0000000089d00000| Untracked 
| 158|0x0000000089e00000, 0x0000000089e00000, 0x0000000089f00000|  0%| F|  |TAMS 0x0000000089e00000, 0x0000000089e00000| Untracked 
| 159|0x0000000089f00000, 0x0000000089f00000, 0x000000008a000000|  0%| F|  |TAMS 0x0000000089f00000, 0x0000000089f00000| Untracked 
| 160|0x000000008a000000, 0x000000008a000000, 0x000000008a100000|  0%| F|  |TAMS 0x000000008a000000, 0x000000008a000000| Untracked 
| 161|0x000000008a100000, 0x000000008a100000, 0x000000008a200000|  0%| F|  |TAMS 0x000000008a100000, 0x000000008a100000| Untracked 
| 162|0x000000008a200000, 0x000000008a200000, 0x000000008a300000|  0%| F|  |TAMS 0x000000008a200000, 0x000000008a200000| Untracked 
| 163|0x000000008a300000, 0x000000008a300000, 0x000000008a400000|  0%| F|  |TAMS 0x000000008a300000, 0x000000008a300000| Untracked 
| 164|0x000000008a400000, 0x000000008a400000, 0x000000008a500000|  0%| F|  |TAMS 0x000000008a400000, 0x000000008a400000| Untracked 
| 165|0x000000008a500000, 0x000000008a500000, 0x000000008a600000|  0%| F|  |TAMS 0x000000008a500000, 0x000000008a500000| Untracked 
| 166|0x000000008a600000, 0x000000008a600000, 0x000000008a700000|  0%| F|  |TAMS 0x000000008a600000, 0x000000008a600000| Untracked 
| 167|0x000000008a700000, 0x000000008a700000, 0x000000008a800000|  0%| F|  |TAMS 0x000000008a700000, 0x000000008a700000| Untracked 
| 168|0x000000008a800000, 0x000000008a800000, 0x000000008a900000|  0%| F|  |TAMS 0x000000008a800000, 0x000000008a800000| Untracked 
| 169|0x000000008a900000, 0x000000008a900000, 0x000000008aa00000|  0%| F|  |TAMS 0x000000008a900000, 0x000000008a900000| Untracked 
| 170|0x000000008aa00000, 0x000000008aa00000, 0x000000008ab00000|  0%| F|  |TAMS 0x000000008aa00000, 0x000000008aa00000| Untracked 
| 171|0x000000008ab00000, 0x000000008ab00000, 0x000000008ac00000|  0%| F|  |TAMS 0x000000008ab00000, 0x000000008ab00000| Untracked 
| 172|0x000000008ac00000, 0x000000008ac00000, 0x000000008ad00000|  0%| F|  |TAMS 0x000000008ac00000, 0x000000008ac00000| Untracked 
| 173|0x000000008ad00000, 0x000000008ad00000, 0x000000008ae00000|  0%| F|  |TAMS 0x000000008ad00000, 0x000000008ad00000| Untracked 
| 174|0x000000008ae00000, 0x000000008ae00000, 0x000000008af00000|  0%| F|  |TAMS 0x000000008ae00000, 0x000000008ae00000| Untracked 
| 175|0x000000008af00000, 0x000000008af00000, 0x000000008b000000|  0%| F|  |TAMS 0x000000008af00000, 0x000000008af00000| Untracked 
| 176|0x000000008b000000, 0x000000008b000000, 0x000000008b100000|  0%| F|  |TAMS 0x000000008b000000, 0x000000008b000000| Untracked 
| 177|0x000000008b100000, 0x000000008b1a09c0, 0x000000008b200000| 62%| E|  |TAMS 0x000000008b100000, 0x000000008b100000| Complete 
| 178|0x000000008b200000, 0x000000008b300000, 0x000000008b300000|100%| E|CS|TAMS 0x000000008b200000, 0x000000008b200000| Complete 
| 179|0x000000008b300000, 0x000000008b400000, 0x000000008b400000|100%| E|CS|TAMS 0x000000008b300000, 0x000000008b300000| Complete 
| 180|0x000000008b400000, 0x000000008b500000, 0x000000008b500000|100%| E|CS|TAMS 0x000000008b400000, 0x000000008b400000| Complete 
| 181|0x000000008b500000, 0x000000008b600000, 0x000000008b600000|100%| E|CS|TAMS 0x000000008b500000, 0x000000008b500000| Complete 
| 182|0x000000008b600000, 0x000000008b700000, 0x000000008b700000|100%| E|CS|TAMS 0x000000008b600000, 0x000000008b600000| Complete 
| 183|0x000000008b700000, 0x000000008b800000, 0x000000008b800000|100%| E|CS|TAMS 0x000000008b700000, 0x000000008b700000| Complete 
| 184|0x000000008b800000, 0x000000008b900000, 0x000000008b900000|100%| E|CS|TAMS 0x000000008b800000, 0x000000008b800000| Complete 
| 185|0x000000008b900000, 0x000000008ba00000, 0x000000008ba00000|100%| E|CS|TAMS 0x000000008b900000, 0x000000008b900000| Complete 
| 186|0x000000008ba00000, 0x000000008bb00000, 0x000000008bb00000|100%| E|CS|TAMS 0x000000008ba00000, 0x000000008ba00000| Complete 
| 187|0x000000008bb00000, 0x000000008bc00000, 0x000000008bc00000|100%| E|CS|TAMS 0x000000008bb00000, 0x000000008bb00000| Complete 
| 188|0x000000008bc00000, 0x000000008bd00000, 0x000000008bd00000|100%| E|CS|TAMS 0x000000008bc00000, 0x000000008bc00000| Complete 
| 189|0x000000008bd00000, 0x000000008be00000, 0x000000008be00000|100%| E|CS|TAMS 0x000000008bd00000, 0x000000008bd00000| Complete 
| 190|0x000000008be00000, 0x000000008bf00000, 0x000000008bf00000|100%| E|CS|TAMS 0x000000008be00000, 0x000000008be00000| Complete 
| 191|0x000000008bf00000, 0x000000008c000000, 0x000000008c000000|100%| E|CS|TAMS 0x000000008bf00000, 0x000000008bf00000| Complete 
| 192|0x000000008c000000, 0x000000008c100000, 0x000000008c100000|100%| E|CS|TAMS 0x000000008c000000, 0x000000008c000000| Complete 
| 193|0x000000008c100000, 0x000000008c200000, 0x000000008c200000|100%| E|CS|TAMS 0x000000008c100000, 0x000000008c100000| Complete 
| 194|0x000000008c200000, 0x000000008c300000, 0x000000008c300000|100%| E|CS|TAMS 0x000000008c200000, 0x000000008c200000| Complete 
| 195|0x000000008c300000, 0x000000008c400000, 0x000000008c400000|100%| E|CS|TAMS 0x000000008c300000, 0x000000008c300000| Complete 
| 196|0x000000008c400000, 0x000000008c500000, 0x000000008c500000|100%| E|CS|TAMS 0x000000008c400000, 0x000000008c400000| Complete 
| 197|0x000000008c500000, 0x000000008c600000, 0x000000008c600000|100%| E|CS|TAMS 0x000000008c500000, 0x000000008c500000| Complete 
| 198|0x000000008c600000, 0x000000008c700000, 0x000000008c700000|100%| E|CS|TAMS 0x000000008c600000, 0x000000008c600000| Complete 
| 199|0x000000008c700000, 0x000000008c800000, 0x000000008c800000|100%| E|CS|TAMS 0x000000008c700000, 0x000000008c700000| Complete 
| 200|0x000000008c800000, 0x000000008c900000, 0x000000008c900000|100%| E|CS|TAMS 0x000000008c800000, 0x000000008c800000| Complete 
| 201|0x000000008c900000, 0x000000008ca00000, 0x000000008ca00000|100%| E|CS|TAMS 0x000000008c900000, 0x000000008c900000| Complete 
| 202|0x000000008ca00000, 0x000000008cb00000, 0x000000008cb00000|100%| E|CS|TAMS 0x000000008ca00000, 0x000000008ca00000| Complete 
| 203|0x000000008cb00000, 0x000000008cc00000, 0x000000008cc00000|100%| E|CS|TAMS 0x000000008cb00000, 0x000000008cb00000| Complete 
| 204|0x000000008cc00000, 0x000000008cd00000, 0x000000008cd00000|100%| E|CS|TAMS 0x000000008cc00000, 0x000000008cc00000| Complete 
| 205|0x000000008cd00000, 0x000000008ce00000, 0x000000008ce00000|100%| E|CS|TAMS 0x000000008cd00000, 0x000000008cd00000| Complete 
| 206|0x000000008ce00000, 0x000000008cf00000, 0x000000008cf00000|100%| E|CS|TAMS 0x000000008ce00000, 0x000000008ce00000| Complete 
| 207|0x000000008cf00000, 0x000000008d000000, 0x000000008d000000|100%| E|CS|TAMS 0x000000008cf00000, 0x000000008cf00000| Complete 
| 208|0x000000008d000000, 0x000000008d100000, 0x000000008d100000|100%| E|CS|TAMS 0x000000008d000000, 0x000000008d000000| Complete 
| 209|0x000000008d100000, 0x000000008d200000, 0x000000008d200000|100%| E|CS|TAMS 0x000000008d100000, 0x000000008d100000| Complete 
| 210|0x000000008d200000, 0x000000008d300000, 0x000000008d300000|100%| E|CS|TAMS 0x000000008d200000, 0x000000008d200000| Complete 
| 251|0x000000008fb00000, 0x000000008fc00000, 0x000000008fc00000|100%| E|CS|TAMS 0x000000008fb00000, 0x000000008fb00000| Complete 

Card table byte_map: [0x0000022ae23c0000,0x0000022ae27c0000] _byte_map_base: 0x0000022ae1fc0000

Marking Bits (Prev, Next): (CMBitMap*) 0x0000022acf2c8630, (CMBitMap*) 0x0000022acf2c85f0
 Prev Bits: [0x0000022ae4bc0000, 0x0000022ae6bc0000)
 Next Bits: [0x0000022ae2bc0000, 0x0000022ae4bc0000)

Polling page: 0x0000022accfb0000

Metaspace:

Usage:
  Non-class:    102.68 MB used.
      Class:     15.29 MB used.
       Both:    117.97 MB used.

Virtual space:
  Non-class space:      128.00 MB reserved,     103.12 MB ( 81%) committed,  2 nodes.
      Class space:        1.00 GB reserved,      15.62 MB (  2%) committed,  1 nodes.
             Both:        1.12 GB reserved,     118.75 MB ( 10%) committed. 

Chunk freelists:
   Non-Class:  8.85 MB
       Class:  202.00 KB
        Both:  9.05 MB

MaxMetaspaceSize: unlimited
CompressedClassSpaceSize: 1.00 GB
Initial GC threshold: 21.00 MB
Current GC threshold: 192.94 MB
CDS: off
MetaspaceReclaimPolicy: balanced
 - commit_granule_bytes: 65536.
 - commit_granule_words: 8192.
 - virtual_space_node_default_size: 8388608.
 - enlarge_chunks_in_place: 1.
 - new_chunks_are_fully_committed: 0.
 - uncommit_free_chunks: 1.
 - use_allocation_guard: 0.
 - handle_deallocations: 1.


Internal statistics:

num_allocs_failed_limit: 6.
num_arena_births: 912.
num_arena_deaths: 0.
num_vsnodes_births: 3.
num_vsnodes_deaths: 0.
num_space_committed: 1898.
num_space_uncommitted: 0.
num_chunks_returned_to_freelist: 6.
num_chunks_taken_from_freelist: 5028.
num_chunk_merges: 6.
num_chunk_splits: 3821.
num_chunks_enlarged: 3081.
num_inconsistent_stats: 0.

CodeHeap 'non-profiled nmethods': size=119168Kb used=4947Kb max_used=4947Kb free=114220Kb
 bounds [0x0000022ada2e0000, 0x0000022ada7c0000, 0x0000022ae1740000]
CodeHeap 'profiled nmethods': size=119104Kb used=20552Kb max_used=20552Kb free=98552Kb
 bounds [0x0000022ad2740000, 0x0000022ad3b60000, 0x0000022ad9b90000]
CodeHeap 'non-nmethods': size=7488Kb used=4201Kb max_used=4265Kb free=3287Kb
 bounds [0x0000022ad9b90000, 0x0000022ad9fd0000, 0x0000022ada2e0000]
 total_blobs=10223 nmethods=9154 adapters=975
 compilation: enabled
              stopped_count=0, restarted_count=0
 full_count=0

Compilation events (20 events):
Event: 6.123 Thread 0x0000022aea8334a0 nmethod 10446 0x0000022ad3b25e90 code [0x0000022ad3b26080, 0x0000022ad3b267a8]
Event: 6.123 Thread 0x0000022aea8334a0 10447       3       org.gradle.internal.snapshot.AbstractIncompleteFileSystemNode$2::<init> (26 bytes)
Event: 6.123 Thread 0x0000022ae9e1cbd0 nmethod 10443 0x0000022ad3b26a10 code [0x0000022ad3b26ce0, 0x0000022ad3b27c38]
Event: 6.123 Thread 0x0000022aea8334a0 nmethod 10447 0x0000022ad3b28190 code [0x0000022ad3b28340, 0x0000022ad3b28618]
Event: 6.123 Thread 0x0000022ae9e6b200 nmethod 10440 0x0000022ad3b28710 code [0x0000022ad3b28b60, 0x0000022ad3b2b558]
Event: 6.124 Thread 0x0000022ae9c87680 nmethod 10438 0x0000022ad3b2c190 code [0x0000022ad3b2c720, 0x0000022ad3b2f7e8]
Event: 6.124 Thread 0x0000022ae9e1cbd0 10448       3       org.gradle.internal.vfs.impl.AbstractVirtualFileSystem::findSnapshot (11 bytes)
Event: 6.124 Thread 0x0000022ae9c87680 10449       3       org.gradle.internal.snapshot.SnapshotHierarchy::findSnapshot (38 bytes)
Event: 6.124 Thread 0x0000022aea8334a0 10450       3       org.gradle.internal.snapshot.SnapshotHierarchy$$Lambda$312/0x0000000100451448::<init> (10 bytes)
Event: 6.124 Thread 0x0000022ae9e6b200 10451       3       org.gradle.internal.snapshot.SnapshotHierarchy$$Lambda$313/0x00000001004516c0::<init> (10 bytes)
Event: 6.124 Thread 0x0000022ae9e1cbd0 nmethod 10448 0x0000022ad3b30790 code [0x0000022ad3b30940, 0x0000022ad3b30b08]
Event: 6.124 Thread 0x0000022ae9e1cbd0 10452       1       sun.nio.fs.WindowsNativeDispatcher$FirstFile::handle (5 bytes)
Event: 6.124 Thread 0x0000022aea8334a0 nmethod 10450 0x0000022ad3b30c10 code [0x0000022ad3b30da0, 0x0000022ad3b30f58]
Event: 6.124 Thread 0x0000022aea8334a0 10453       1       sun.nio.fs.WindowsNativeDispatcher$FirstFile::name (5 bytes)
Event: 6.124 Thread 0x0000022ae9e6b200 nmethod 10451 0x0000022ad3b31010 code [0x0000022ad3b311a0, 0x0000022ad3b31358]
Event: 6.124 Thread 0x0000022aea8334a0 nmethod 10453 0x0000022ada60ff90 code [0x0000022ada610120, 0x0000022ada6101f8]
Event: 6.124 Thread 0x0000022ae9e1cbd0 nmethod 10452 0x0000022ada60fc90 code [0x0000022ada60fe20, 0x0000022ada60fef8]
Event: 6.125 Thread 0x0000022ae9c87680 nmethod 10449 0x0000022ad3b31410 code [0x0000022ad3b31760, 0x0000022ad3b32ee8]
Event: 6.126 Thread 0x0000022ae9e1cbd0 10454       3       org.gradle.internal.serialize.AbstractDecoder::<init> (5 bytes)
Event: 6.126 Thread 0x0000022ae9e1cbd0 nmethod 10454 0x0000022ad3b33590 code [0x0000022ad3b33720, 0x0000022ad3b33878]

GC Heap History (20 events):
Event: 3.473 GC heap before
{Heap before GC invocations=17 (full 0):
 garbage-first heap   total 180224K, used 148717K [0x0000000080000000, 0x0000000100000000)
  region size 1024K, 72 young (73728K), 4 survivors (4096K)
 Metaspace       used 72404K, committed 73088K, reserved 1114112K
  class space    used 10057K, committed 10368K, reserved 1048576K
}
Event: 3.478 GC heap after
{Heap after GC invocations=18 (full 0):
 garbage-first heap   total 180224K, used 88303K [0x0000000080000000, 0x0000000100000000)
  region size 1024K, 9 young (9216K), 9 survivors (9216K)
 Metaspace       used 72404K, committed 73088K, reserved 1114112K
  class space    used 10057K, committed 10368K, reserved 1048576K
}
Event: 3.664 GC heap before
{Heap before GC invocations=18 (full 0):
 garbage-first heap   total 180224K, used 129263K [0x0000000080000000, 0x0000000100000000)
  region size 1024K, 50 young (51200K), 9 survivors (9216K)
 Metaspace       used 76782K, committed 77440K, reserved 1179648K
  class space    used 10569K, committed 10880K, reserved 1048576K
}
Event: 3.668 GC heap after
{Heap after GC invocations=19 (full 0):
 garbage-first heap   total 180224K, used 84941K [0x0000000080000000, 0x0000000100000000)
  region size 1024K, 4 young (4096K), 4 survivors (4096K)
 Metaspace       used 76782K, committed 77440K, reserved 1179648K
  class space    used 10569K, committed 10880K, reserved 1048576K
}
Event: 3.912 GC heap before
{Heap before GC invocations=20 (full 0):
 garbage-first heap   total 180224K, used 146381K [0x0000000080000000, 0x0000000100000000)
  region size 1024K, 57 young (58368K), 4 survivors (4096K)
 Metaspace       used 82710K, committed 83392K, reserved 1179648K
  class space    used 11150K, committed 11456K, reserved 1048576K
}
Event: 3.915 GC heap after
{Heap after GC invocations=21 (full 0):
 garbage-first heap   total 180224K, used 96015K [0x0000000080000000, 0x0000000100000000)
  region size 1024K, 8 young (8192K), 8 survivors (8192K)
 Metaspace       used 82710K, committed 83392K, reserved 1179648K
  class space    used 11150K, committed 11456K, reserved 1048576K
}
Event: 4.167 GC heap before
{Heap before GC invocations=21 (full 0):
 garbage-first heap   total 180224K, used 143119K [0x0000000080000000, 0x0000000100000000)
  region size 1024K, 54 young (55296K), 8 survivors (8192K)
 Metaspace       used 88565K, committed 89216K, reserved 1179648K
  class space    used 11858K, committed 12160K, reserved 1048576K
}
Event: 4.172 GC heap after
{Heap after GC invocations=22 (full 0):
 garbage-first heap   total 180224K, used 98646K [0x0000000080000000, 0x0000000100000000)
  region size 1024K, 4 young (4096K), 4 survivors (4096K)
 Metaspace       used 88565K, committed 89216K, reserved 1179648K
  class space    used 11858K, committed 12160K, reserved 1048576K
}
Event: 4.362 GC heap before
{Heap before GC invocations=23 (full 0):
 garbage-first heap   total 180224K, used 146774K [0x0000000080000000, 0x0000000100000000)
  region size 1024K, 50 young (51200K), 4 survivors (4096K)
 Metaspace       used 91727K, committed 92288K, reserved 1179648K
  class space    used 12265K, committed 12544K, reserved 1048576K
}
Event: 4.365 GC heap after
{Heap after GC invocations=24 (full 0):
 garbage-first heap   total 180224K, used 100247K [0x0000000080000000, 0x0000000100000000)
  region size 1024K, 6 young (6144K), 6 survivors (6144K)
 Metaspace       used 91727K, committed 92288K, reserved 1179648K
  class space    used 12265K, committed 12544K, reserved 1048576K
}
Event: 4.383 GC heap before
{Heap before GC invocations=24 (full 0):
 garbage-first heap   total 180224K, used 102295K [0x0000000080000000, 0x0000000100000000)
  region size 1024K, 8 young (8192K), 6 survivors (6144K)
 Metaspace       used 91915K, committed 92480K, reserved 1179648K
  class space    used 12291K, committed 12544K, reserved 1048576K
}
Event: 4.385 GC heap after
{Heap after GC invocations=25 (full 0):
 garbage-first heap   total 217088K, used 100262K [0x0000000080000000, 0x0000000100000000)
  region size 1024K, 1 young (1024K), 1 survivors (1024K)
 Metaspace       used 91915K, committed 92480K, reserved 1179648K
  class space    used 12291K, committed 12544K, reserved 1048576K
}
Event: 4.898 GC heap before
{Heap before GC invocations=25 (full 0):
 garbage-first heap   total 217088K, used 173990K [0x0000000080000000, 0x0000000100000000)
  region size 1024K, 73 young (74752K), 1 survivors (1024K)
 Metaspace       used 98526K, committed 99136K, reserved 1179648K
  class space    used 12992K, committed 13248K, reserved 1048576K
}
Event: 4.900 GC heap after
{Heap after GC invocations=26 (full 0):
 garbage-first heap   total 217088K, used 104450K [0x0000000080000000, 0x0000000100000000)
  region size 1024K, 5 young (5120K), 5 survivors (5120K)
 Metaspace       used 98526K, committed 99136K, reserved 1179648K
  class space    used 12992K, committed 13248K, reserved 1048576K
}
Event: 5.313 GC heap before
{Heap before GC invocations=27 (full 0):
 garbage-first heap   total 217088K, used 175106K [0x0000000080000000, 0x0000000100000000)
  region size 1024K, 74 young (75776K), 5 survivors (5120K)
 Metaspace       used 107329K, committed 107968K, reserved 1179648K
  class space    used 13929K, committed 14208K, reserved 1048576K
}
Event: 5.317 GC heap after
{Heap after GC invocations=28 (full 0):
 garbage-first heap   total 217088K, used 108463K [0x0000000080000000, 0x0000000100000000)
  region size 1024K, 9 young (9216K), 9 survivors (9216K)
 Metaspace       used 107329K, committed 107968K, reserved 1179648K
  class space    used 13929K, committed 14208K, reserved 1048576K
}
Event: 5.330 GC heap before
{Heap before GC invocations=28 (full 0):
 garbage-first heap   total 217088K, used 109487K [0x0000000080000000, 0x0000000100000000)
  region size 1024K, 10 young (10240K), 9 survivors (9216K)
 Metaspace       used 107516K, committed 108096K, reserved 1179648K
  class space    used 13942K, committed 14208K, reserved 1048576K
}
Event: 5.333 GC heap after
{Heap after GC invocations=29 (full 0):
 garbage-first heap   total 217088K, used 109069K [0x0000000080000000, 0x0000000100000000)
  region size 1024K, 2 young (2048K), 2 survivors (2048K)
 Metaspace       used 107516K, committed 108096K, reserved 1179648K
  class space    used 13942K, committed 14208K, reserved 1048576K
}
Event: 5.821 GC heap before
{Heap before GC invocations=29 (full 0):
 garbage-first heap   total 217088K, used 176653K [0x0000000080000000, 0x0000000100000000)
  region size 1024K, 69 young (70656K), 2 survivors (2048K)
 Metaspace       used 117655K, committed 118272K, reserved 1179648K
  class space    used 15125K, committed 15424K, reserved 1048576K
}
Event: 5.822 GC heap after
{Heap after GC invocations=30 (full 0):
 garbage-first heap   total 217088K, used 110423K [0x0000000080000000, 0x0000000100000000)
  region size 1024K, 3 young (3072K), 3 survivors (3072K)
 Metaspace       used 117655K, committed 118272K, reserved 1179648K
  class space    used 15125K, committed 15424K, reserved 1048576K
}

Dll operation events (3 events):
Event: 0.004 Loaded shared library C:\Program Files\Android\Android Studio\jbr\bin\java.dll
Event: 0.077 Loaded shared library C:\Program Files\Android\Android Studio\jbr\bin\zip.dll
Event: 0.220 Loaded shared library C:\Program Files\Android\Android Studio\jbr\bin\verify.dll

Deoptimization events (20 events):
Event: 6.034 Thread 0x0000022af0abcc20 DEOPT PACKING pc=0x0000022ada560178 sp=0x000000de68bf7a30
Event: 6.034 Thread 0x0000022af0abcc20 DEOPT UNPACKING pc=0x0000022ad9be69a3 sp=0x000000de68bf7a18 mode 2
Event: 6.034 Thread 0x0000022af0abcc20 Uncommon trap: trap_request=0xffffffde fr.pc=0x0000022ada56a0b4 relative=0x0000000000001a14
Event: 6.034 Thread 0x0000022af0abcc20 Uncommon trap: reason=class_check action=maybe_recompile pc=0x0000022ada56a0b4 method=jdk.internal.loader.Resource.getBytes()[B @ 10 c2
Event: 6.034 Thread 0x0000022af0abcc20 DEOPT PACKING pc=0x0000022ada56a0b4 sp=0x000000de68bf7a20
Event: 6.034 Thread 0x0000022af0abcc20 DEOPT UNPACKING pc=0x0000022ad9be69a3 sp=0x000000de68bf7a40 mode 2
Event: 6.068 Thread 0x0000022af0abcc20 Uncommon trap: trap_request=0xffffff45 fr.pc=0x0000022ada4dc3a4 relative=0x0000000000000344
Event: 6.068 Thread 0x0000022af0abcc20 Uncommon trap: reason=unstable_if action=reinterpret pc=0x0000022ada4dc3a4 method=org.gradle.internal.reflect.PropertyAccessorType.isGetGetterName(Ljava/lang/String;)Z @ 14 c2
Event: 6.068 Thread 0x0000022af0abcc20 DEOPT PACKING pc=0x0000022ada4dc3a4 sp=0x000000de68bf85b0
Event: 6.068 Thread 0x0000022af0abcc20 DEOPT UNPACKING pc=0x0000022ad9be69a3 sp=0x000000de68bf8508 mode 2
Event: 6.073 Thread 0x0000022af0abcc20 Uncommon trap: trap_request=0xffffffbe fr.pc=0x0000022ada742240 relative=0x00000000000001a0
Event: 6.073 Thread 0x0000022af0abcc20 Uncommon trap: reason=profile_predicate action=maybe_recompile pc=0x0000022ada742240 method=java.util.LinkedHashMap.keysToArray([Ljava/lang/Object;)[Ljava/lang/Object; @ 12 c2
Event: 6.073 Thread 0x0000022af0abcc20 DEOPT PACKING pc=0x0000022ada742240 sp=0x000000de68bf8390
Event: 6.073 Thread 0x0000022af0abcc20 DEOPT UNPACKING pc=0x0000022ad9be69a3 sp=0x000000de68bf8348 mode 2
Event: 6.086 Thread 0x0000022af0abcc20 Uncommon trap: trap_request=0xffffff45 fr.pc=0x0000022ada382d38 relative=0x00000000000016d8
Event: 6.086 Thread 0x0000022af0abcc20 Uncommon trap: reason=unstable_if action=reinterpret pc=0x0000022ada382d38 method=java.util.concurrent.ConcurrentHashMap.computeIfAbsent(Ljava/lang/Object;Ljava/util/function/Function;)Ljava/lang/Object; @ 123 c2
Event: 6.086 Thread 0x0000022af0abcc20 DEOPT PACKING pc=0x0000022ada382d38 sp=0x000000de68bf9400
Event: 6.086 Thread 0x0000022af0abcc20 DEOPT UNPACKING pc=0x0000022ad9be69a3 sp=0x000000de68bf9390 mode 2
Event: 6.093 Thread 0x0000022af0abcc20 DEOPT PACKING pc=0x0000022ad2c3ffd4 sp=0x000000de68bf87c0
Event: 6.093 Thread 0x0000022af0abcc20 DEOPT UNPACKING pc=0x0000022ad9be7143 sp=0x000000de68bf7d18 mode 0

Classes unloaded (0 events):
No events

Classes redefined (0 events):
No events

Internal exceptions (20 events):
Event: 5.738 Thread 0x0000022af0abcc20 Exception <a 'java/lang/ClassNotFoundException'{0x0000000089b53018}: org/jetbrains/plugins/gradle/model/web/WebConfigurationCustomizer> (0x0000000089b53018) 
thrown [s\src\hotspot\share\classfile\systemDictionary.cpp, line 256]
Event: 5.741 Thread 0x0000022af0abcc20 Exception <a 'java/lang/ClassNotFoundException'{0x0000000089a6fef8}: java/lang/StringBeanInfo> (0x0000000089a6fef8) 
thrown [s\src\hotspot\share\classfile\systemDictionary.cpp, line 256]
Event: 5.741 Thread 0x0000022af0abcc20 Exception <a 'java/lang/ClassNotFoundException'{0x0000000089a74bf8}: java/lang/StringCustomizer> (0x0000000089a74bf8) 
thrown [s\src\hotspot\share\classfile\systemDictionary.cpp, line 256]
Event: 5.784 Thread 0x0000022af0abcc20 Exception <a 'sun/nio/fs/WindowsException'{0x0000000089453838}> (0x0000000089453838) 
thrown [s\src\hotspot\share\prims\jni.cpp, line 531]
Event: 5.784 Thread 0x0000022af0abcc20 Exception <a 'sun/nio/fs/WindowsException'{0x0000000089453b08}> (0x0000000089453b08) 
thrown [s\src\hotspot\share\prims\jni.cpp, line 531]
Event: 5.784 Thread 0x0000022af0abcc20 Exception <a 'sun/nio/fs/WindowsException'{0x0000000089456598}> (0x0000000089456598) 
thrown [s\src\hotspot\share\prims\jni.cpp, line 531]
Event: 5.784 Thread 0x0000022af0abcc20 Exception <a 'sun/nio/fs/WindowsException'{0x0000000089456968}> (0x0000000089456968) 
thrown [s\src\hotspot\share\prims\jni.cpp, line 531]
Event: 5.784 Thread 0x0000022af0abcc20 Exception <a 'sun/nio/fs/WindowsException'{0x0000000089466bf0}> (0x0000000089466bf0) 
thrown [s\src\hotspot\share\prims\jni.cpp, line 531]
Event: 5.784 Thread 0x0000022af0abcc20 Exception <a 'sun/nio/fs/WindowsException'{0x0000000089466fc0}> (0x0000000089466fc0) 
thrown [s\src\hotspot\share\prims\jni.cpp, line 531]
Event: 5.867 Thread 0x0000022af0abcc20 Exception <a 'java/lang/NoSuchMethodError'{0x000000008d030f50}: 'void java.lang.invoke.DirectMethodHandle$Holder.invokeStatic(java.lang.Object, java.lang.Object, java.lang.Object, java.lang.Object, java.lang.Object, java.lang.Object, java.lang.Object)'> (0x000000008d030f50) 
thrown [s\src\hotspot\share\interpreter\linkResolver.cpp, line 771]
Event: 5.972 Thread 0x0000022af0abcc20 Exception <a 'java/lang/ClassNotFoundException'{0x000000008c567778}: org/gradle/api/internal/project/DefaultProject_DecoratedBeanInfo> (0x000000008c567778) 
thrown [s\src\hotspot\share\classfile\systemDictionary.cpp, line 256]
Event: 5.972 Thread 0x0000022af0abcc20 Exception <a 'java/lang/ClassNotFoundException'{0x000000008c575948}: org/gradle/api/internal/project/DefaultProjectBeanInfo> (0x000000008c575948) 
thrown [s\src\hotspot\share\classfile\systemDictionary.cpp, line 256]
Event: 5.972 Thread 0x0000022af0abcc20 Exception <a 'java/lang/ClassNotFoundException'{0x000000008c583e48}: org/gradle/api/internal/project/DefaultProjectCustomizer> (0x000000008c583e48) 
thrown [s\src\hotspot\share\classfile\systemDictionary.cpp, line 256]
Event: 5.974 Thread 0x0000022af0abcc20 Exception <a 'java/lang/ClassNotFoundException'{0x000000008c42f618}: org/gradle/api/internal/project/DefaultProject_DecoratedCustomizer> (0x000000008c42f618) 
thrown [s\src\hotspot\share\classfile\systemDictionary.cpp, line 256]
Event: 6.066 Thread 0x0000022af0abcc20 Exception <a 'java/lang/NoSuchMethodError'{0x000000008bacb510}: 'long java.lang.invoke.DirectMethodHandle$Holder.invokeStatic(java.lang.Object, long)'> (0x000000008bacb510) 
thrown [s\src\hotspot\share\interpreter\linkResolver.cpp, line 771]
Event: 6.104 Thread 0x0000022af0abcc20 Exception <a 'java/lang/NoSuchMethodError'{0x000000008b548448}: 'java.lang.Object java.lang.invoke.DirectMethodHandle$Holder.invokeSpecial(java.lang.Object, java.lang.Object, java.lang.Object, java.lang.Object, java.lang.Object, java.lang.Object, java.lang.Object, java.lang.Object, java.lang.Object, java.lang.Object, java.lang.Object, java.lang.Object, java.lang.Object, java.lang.Object, java.lang.Object, java.lang.Object, java.lang.Object, java.lang.Object, java.lang.Object, java.lang.Object, java.lang.Ob
Event: 6.104 Thread 0x0000022af0abcc20 Exception <a 'java/lang/NoSuchMethodError'{0x000000008b54e958}: 'java.lang.Object java.lang.invoke.DelegatingMethodHandle$Holder.reinvoke_L(java.lang.Object, java.lang.Object, java.lang.Object, java.lang.Object, java.lang.Object, java.lang.Object, java.lang.Object, java.lang.Object, java.lang.Object, java.lang.Object, java.lang.Object, java.lang.Object, java.lang.Object, java.lang.Object, java.lang.Object, java.lang.Object, java.lang.Object, java.lang.Object, java.lang.Object, java.lang.Object, java.lang.O
Event: 6.105 Thread 0x0000022af0abcc20 Exception <a 'java/lang/NoSuchMethodError'{0x000000008b55a3a0}: 'java.lang.Object java.lang.invoke.Invokers$Holder.invoker(java.lang.Object, java.lang.Object, java.lang.Object, java.lang.Object, java.lang.Object, java.lang.Object, java.lang.Object, java.lang.Object, java.lang.Object, java.lang.Object, java.lang.Object, java.lang.Object, java.lang.Object, java.lang.Object, java.lang.Object, java.lang.Object, java.lang.Object, java.lang.Object, java.lang.Object, java.lang.Object, java.lang.Object, java.lang.
Event: 6.105 Thread 0x0000022af0abcc20 Exception <a 'java/lang/NoSuchMethodError'{0x000000008b560fa0}: 'java.lang.Object java.lang.invoke.DelegatingMethodHandle$Holder.delegate(java.lang.Object, java.lang.Object, java.lang.Object, java.lang.Object, java.lang.Object, java.lang.Object, java.lang.Object, java.lang.Object, java.lang.Object, java.lang.Object, java.lang.Object, java.lang.Object, java.lang.Object, java.lang.Object, java.lang.Object, java.lang.Object, java.lang.Object, java.lang.Object, java.lang.Object, java.lang.Object, java.lang.Obj
Event: 6.109 Thread 0x0000022af0abcc20 Exception <a 'java/lang/NoSuchMethodError'{0x000000008b4665e8}: 'java.lang.Object java.lang.invoke.DirectMethodHandle$Holder.invokeStatic(java.lang.Object, java.lang.Object, java.lang.Object, java.lang.Object, java.lang.Object, java.lang.Object, java.lang.Object, java.lang.Object, java.lang.Object, java.lang.Object, java.lang.Object, java.lang.Object, java.lang.Object, java.lang.Object, java.lang.Object, java.lang.Object, java.lang.Object, java.lang.Object, java.lang.Object, java.lang.Object, java.lang.Obj

VM Operations (20 events):
Event: 5.617 Executing VM operation: HandshakeAllThreads
Event: 5.617 Executing VM operation: HandshakeAllThreads done
Event: 5.659 Executing VM operation: HandshakeAllThreads
Event: 5.659 Executing VM operation: HandshakeAllThreads done
Event: 5.682 Executing VM operation: HandshakeAllThreads
Event: 5.682 Executing VM operation: HandshakeAllThreads done
Event: 5.717 Executing VM operation: ICBufferFull
Event: 5.717 Executing VM operation: ICBufferFull done
Event: 5.821 Executing VM operation: G1CollectForAllocation
Event: 5.823 Executing VM operation: G1CollectForAllocation done
Event: 5.845 Executing VM operation: G1PauseRemark
Event: 5.847 Executing VM operation: G1PauseRemark done
Event: 5.858 Executing VM operation: G1PauseCleanup
Event: 5.858 Executing VM operation: G1PauseCleanup done
Event: 5.879 Executing VM operation: HandshakeAllThreads
Event: 5.879 Executing VM operation: HandshakeAllThreads done
Event: 5.922 Executing VM operation: HandshakeAllThreads
Event: 5.922 Executing VM operation: HandshakeAllThreads done
Event: 6.049 Executing VM operation: ICBufferFull
Event: 6.049 Executing VM operation: ICBufferFull done

Events (20 events):
Event: 5.871 loading class java/util/Comparators$NaturalOrderComparator done
Event: 5.914 loading class java/nio/file/AtomicMoveNotSupportedException
Event: 5.914 loading class java/nio/file/AtomicMoveNotSupportedException done
Event: 5.922 loading class java/io/FileWriter
Event: 5.922 loading class java/io/FileWriter done
Event: 5.976 loading class org/xml/sax/Locator
Event: 5.976 loading class org/xml/sax/Locator done
Event: 5.976 loading class org/xml/sax/SAXParseException
Event: 5.976 loading class org/xml/sax/SAXParseException done
Event: 5.977 loading class org/xml/sax/Attributes
Event: 5.977 loading class org/xml/sax/Attributes done
Event: 6.029 loading class jdk/internal/loader/URLClassPath$FileLoader
Event: 6.029 loading class jdk/internal/loader/URLClassPath$FileLoader done
Event: 6.030 loading class jdk/internal/loader/URLClassPath$FileLoader$1
Event: 6.030 loading class jdk/internal/loader/URLClassPath$FileLoader$1 done
Event: 6.066 loading class java/util/function/LongUnaryOperator
Event: 6.066 loading class java/util/function/LongUnaryOperator done
Event: 6.102 Thread 0x0000022af63dd350 Thread added: 0x0000022af63dd350
Event: 6.109 loading class java/lang/invoke/BoundMethodHandle$Species_LLLLLLLLLLLLLLLLLLLLLLLL
Event: 6.109 loading class java/lang/invoke/BoundMethodHandle$Species_LLLLLLLLLLLLLLLLLLLLLLLL done


Dynamic libraries:
0x00007ff7dc300000 - 0x00007ff7dc30a000 	C:\Program Files\Android\Android Studio\jbr\bin\java.exe
0x00007ffad8770000 - 0x00007ffad8987000 	C:\windows\SYSTEM32\ntdll.dll
0x00007ffad6660000 - 0x00007ffad6724000 	C:\windows\System32\KERNEL32.DLL
0x00007ffad5dc0000 - 0x00007ffad616d000 	C:\windows\System32\KERNELBASE.dll
0x00007ffad5c00000 - 0x00007ffad5d11000 	C:\windows\System32\ucrtbase.dll
0x00007ffaa5000000 - 0x00007ffaa501b000 	C:\Program Files\Android\Android Studio\jbr\bin\VCRUNTIME140.dll
0x00007ffac5ac0000 - 0x00007ffac5ad7000 	C:\Program Files\Android\Android Studio\jbr\bin\jli.dll
0x00007ffad8120000 - 0x00007ffad82ce000 	C:\windows\System32\USER32.dll
0x00007ffad61a0000 - 0x00007ffad61c6000 	C:\windows\System32\win32u.dll
0x00007ffaaccc0000 - 0x00007ffaacf53000 	C:\windows\WinSxS\amd64_microsoft.windows.common-controls_6595b64144ccf1df_6.0.22621.3672_none_2713b9d173822955\COMCTL32.dll
0x00007ffad80f0000 - 0x00007ffad8119000 	C:\windows\System32\GDI32.dll
0x00007ffad6380000 - 0x00007ffad6499000 	C:\windows\System32\gdi32full.dll
0x00007ffad82d0000 - 0x00007ffad8377000 	C:\windows\System32\msvcrt.dll
0x00007ffad5d20000 - 0x00007ffad5dba000 	C:\windows\System32\msvcp_win.dll
0x00007ffad8400000 - 0x00007ffad8431000 	C:\windows\System32\IMM32.DLL
0x00007ffac4b80000 - 0x00007ffac4b8c000 	C:\Program Files\Android\Android Studio\jbr\bin\vcruntime140_1.dll
0x00007ffa8ce30000 - 0x00007ffa8cebd000 	C:\Program Files\Android\Android Studio\jbr\bin\msvcp140.dll
0x00007ffa7d5d0000 - 0x00007ffa7e253000 	C:\Program Files\Android\Android Studio\jbr\bin\server\jvm.dll
0x00007ffad7b40000 - 0x00007ffad7bf2000 	C:\windows\System32\ADVAPI32.dll
0x00007ffad7e30000 - 0x00007ffad7ed9000 	C:\windows\System32\sechost.dll
0x00007ffad6170000 - 0x00007ffad6198000 	C:\windows\System32\bcrypt.dll
0x00007ffad64a0000 - 0x00007ffad65b4000 	C:\windows\System32\RPCRT4.dll
0x00007ffad4dd0000 - 0x00007ffad4e1d000 	C:\windows\SYSTEM32\POWRPROF.dll
0x00007ffaa0b00000 - 0x00007ffaa0b09000 	C:\windows\SYSTEM32\WSOCK32.dll
0x00007ffad65e0000 - 0x00007ffad6651000 	C:\windows\System32\WS2_32.dll
0x00007ffacade0000 - 0x00007ffacae14000 	C:\windows\SYSTEM32\WINMM.dll
0x00007ffac5400000 - 0x00007ffac540a000 	C:\windows\SYSTEM32\VERSION.dll
0x00007ffad4d60000 - 0x00007ffad4d73000 	C:\windows\SYSTEM32\UMPDC.dll
0x00007ffad4a20000 - 0x00007ffad4a38000 	C:\windows\SYSTEM32\kernel.appcore.dll
0x00007ffad2870000 - 0x00007ffad287a000 	C:\Program Files\Android\Android Studio\jbr\bin\jimage.dll
0x00007ffaafd70000 - 0x00007ffaaffa2000 	C:\windows\SYSTEM32\DBGHELP.DLL
0x00007ffad6d80000 - 0x00007ffad710d000 	C:\windows\System32\combase.dll
0x00007ffad8650000 - 0x00007ffad8727000 	C:\windows\System32\OLEAUT32.dll
0x00007ffaa7340000 - 0x00007ffaa7372000 	C:\windows\SYSTEM32\dbgcore.DLL
0x00007ffad6300000 - 0x00007ffad637b000 	C:\windows\System32\bcryptPrimitives.dll
0x00007ffac6070000 - 0x00007ffac607e000 	C:\Program Files\Android\Android Studio\jbr\bin\instrument.dll
0x00007ffac6080000 - 0x00007ffac60a5000 	C:\Program Files\Android\Android Studio\jbr\bin\java.dll
0x00007ffac6560000 - 0x00007ffac6578000 	C:\Program Files\Android\Android Studio\jbr\bin\zip.dll
0x00007ffad7110000 - 0x00007ffad7978000 	C:\windows\System32\SHELL32.dll
0x00007ffad3990000 - 0x00007ffad428e000 	C:\windows\SYSTEM32\windows.storage.dll
0x00007ffad3850000 - 0x00007ffad398f000 	C:\windows\SYSTEM32\wintypes.dll
0x00007ffad6730000 - 0x00007ffad6829000 	C:\windows\System32\SHCORE.dll
0x00007ffad7d70000 - 0x00007ffad7dce000 	C:\windows\System32\shlwapi.dll
0x00007ffad59c0000 - 0x00007ffad59e1000 	C:\windows\SYSTEM32\profapi.dll
0x00007ffac6200000 - 0x00007ffac6219000 	C:\Program Files\Android\Android Studio\jbr\bin\net.dll
0x00007ffad0ac0000 - 0x00007ffad0bf6000 	C:\windows\SYSTEM32\WINHTTP.dll
0x00007ffad4fd0000 - 0x00007ffad5039000 	C:\windows\system32\mswsock.dll
0x00007ffac6110000 - 0x00007ffac6126000 	C:\Program Files\Android\Android Studio\jbr\bin\nio.dll
0x00007ffad0640000 - 0x00007ffad0650000 	C:\Program Files\Android\Android Studio\jbr\bin\verify.dll
0x00007ffaa0890000 - 0x00007ffaa08b7000 	C:\Users\user\.gradle\native\c067742578af261105cb4f569cf0c3c89f3d7b1fecec35dd04571415982c5e48\windows-amd64\native-platform.dll
0x00007ffa843a0000 - 0x00007ffa844e4000 	C:\Users\user\.gradle\native\38dada09dfb8b06ba9b0570ebf7e218e3eb74d4ef43ca46872605cf95ebc2f47\windows-amd64\native-platform-file-events.dll
0x00007ffad1c00000 - 0x00007ffad1c09000 	C:\Program Files\Android\Android Studio\jbr\bin\management.dll
0x00007ffad09a0000 - 0x00007ffad09ab000 	C:\Program Files\Android\Android Studio\jbr\bin\management_ext.dll
0x00007ffad83a0000 - 0x00007ffad83a8000 	C:\windows\System32\PSAPI.DLL
0x00007ffad5320000 - 0x00007ffad533b000 	C:\windows\SYSTEM32\CRYPTSP.dll
0x00007ffad49e0000 - 0x00007ffad4a15000 	C:\windows\system32\rsaenh.dll
0x00007ffad5070000 - 0x00007ffad5098000 	C:\windows\SYSTEM32\USERENV.dll
0x00007ffad5300000 - 0x00007ffad530c000 	C:\windows\SYSTEM32\CRYPTBASE.dll
0x00007ffad4530000 - 0x00007ffad455d000 	C:\windows\SYSTEM32\IPHLPAPI.DLL
0x00007ffad8390000 - 0x00007ffad8399000 	C:\windows\System32\NSI.dll
0x00007ffad10e0000 - 0x00007ffad10f9000 	C:\windows\SYSTEM32\dhcpcsvc6.DLL
0x00007ffad10a0000 - 0x00007ffad10bf000 	C:\windows\SYSTEM32\dhcpcsvc.DLL
0x00007ffad4560000 - 0x00007ffad4658000 	C:\windows\SYSTEM32\DNSAPI.dll
0x00007ffad2840000 - 0x00007ffad2849000 	C:\Program Files\Android\Android Studio\jbr\bin\extnet.dll
0x00007ffa9dc30000 - 0x00007ffa9dc38000 	C:\windows\system32\wshunix.dll

dbghelp: loaded successfully - version: 4.0.5 - missing functions: none
symbol engine: initialized successfully - sym options: 0x614 - pdb path: .;C:\Program Files\Android\Android Studio\jbr\bin;C:\windows\SYSTEM32;C:\windows\WinSxS\amd64_microsoft.windows.common-controls_6595b64144ccf1df_6.0.22621.3672_none_2713b9d173822955;C:\Program Files\Android\Android Studio\jbr\bin\server;C:\Users\user\.gradle\native\c067742578af261105cb4f569cf0c3c89f3d7b1fecec35dd04571415982c5e48\windows-amd64;C:\Users\user\.gradle\native\38dada09dfb8b06ba9b0570ebf7e218e3eb74d4ef43ca46872605cf95ebc2f47\windows-amd64

VM Arguments:
jvm_args: --add-opens=java.base/java.util=ALL-UNNAMED --add-opens=java.base/java.lang=ALL-UNNAMED --add-opens=java.base/java.lang.invoke=ALL-UNNAMED --add-opens=java.prefs/java.util.prefs=ALL-UNNAMED --add-opens=java.base/java.nio.charset=ALL-UNNAMED --add-opens=java.base/java.net=ALL-UNNAMED --add-opens=java.base/java.util.concurrent.atomic=ALL-UNNAMED -Xmx2048m -Dfile.encoding=UTF-8 -Duser.country=KR -Duser.language=ko -Duser.variant -javaagent:C:\Users\user\.gradle\wrapper\dists\gradle-8.7-bin\bhs2wmbdwecv87pi65oeuq5iu\gradle-8.7\lib\agents\gradle-instrumentation-agent-8.7.jar 
java_command: org.gradle.launcher.daemon.bootstrap.GradleDaemon 8.7
java_class_path (initial): C:\Users\user\.gradle\wrapper\dists\gradle-8.7-bin\bhs2wmbdwecv87pi65oeuq5iu\gradle-8.7\lib\gradle-launcher-8.7.jar
Launcher Type: SUN_STANDARD

[Global flags]
     intx CICompilerCount                          = 12                                        {product} {ergonomic}
     uint ConcGCThreads                            = 3                                         {product} {ergonomic}
     uint G1ConcRefinementThreads                  = 13                                        {product} {ergonomic}
   size_t G1HeapRegionSize                         = 1048576                                   {product} {ergonomic}
    uintx GCDrainStackTargetSize                   = 64                                        {product} {ergonomic}
   size_t InitialHeapSize                          = 264241152                                 {product} {ergonomic}
   size_t MarkStackSize                            = 4194304                                   {product} {ergonomic}
   size_t MaxHeapSize                              = 2147483648                                {product} {command line}
   size_t MaxNewSize                               = 1287651328                                {product} {ergonomic}
   size_t MinHeapDeltaBytes                        = 1048576                                   {product} {ergonomic}
   size_t MinHeapSize                              = 8388608                                   {product} {ergonomic}
    uintx NonNMethodCodeHeapSize                   = 7602480                                {pd product} {ergonomic}
    uintx NonProfiledCodeHeapSize                  = 122027880                              {pd product} {ergonomic}
    uintx ProfiledCodeHeapSize                     = 122027880                              {pd product} {ergonomic}
    uintx ReservedCodeCacheSize                    = 251658240                              {pd product} {ergonomic}
     bool SegmentedCodeCache                       = true                                      {product} {ergonomic}
   size_t SoftMaxHeapSize                          = 2147483648                             {manageable} {ergonomic}
     bool UseCompressedClassPointers               = true                           {product lp64_product} {ergonomic}
     bool UseCompressedOops                        = true                           {product lp64_product} {ergonomic}
     bool UseG1GC                                  = true                                      {product} {ergonomic}
     bool UseLargePagesIndividualAllocation        = false                                  {pd product} {ergonomic}

Logging:
Log output configuration:
 #0: stdout all=warning uptime,level,tags
 #1: stderr all=off uptime,level,tags

Environment Variables:
JAVA_HOME=C:\Users\user\playground\jdk-17.0.10
PATH=C:\oraclexe\app\oracle\product\10.2.0\server\bin;C:\windows\system32;C:\windows;C:\windows\System32\Wbem;C:\windows\System32\WindowsPowerShell\v1.0\;C:\windows\System32\OpenSSH\;C:\Program Files\Git\cmd;C:\Program Files\Bandizip\;C:\Program Files\dotnet\;C:\Program Files\nodejs\;C:\Users\user\AppData\Local\Microsoft\WindowsApps;C:\Users\user\AppData\Local\Programs\Microsoft VS Code\bin;C:\Users\user\AppData\Roaming\npm;C:\Users\user\playground\jdk-17.0.10\bin;
USERNAME=user
OS=Windows_NT
PROCESSOR_IDENTIFIER=Intel64 Family 6 Model 191 Stepping 2, GenuineIntel
TMP=C:\Users\user\AppData\Local\Temp
TEMP=C:\Users\user\AppData\Local\Temp



Periodic native trim disabled

JNI global refs:
JNI global refs: 36, weak refs: 0

JNI global refs memory usage: 843, weak refs: 841

Process memory usage:
Resident Set Size: 519564K (3% of 16446036K total physical memory with 813352K free physical memory)

OOME stack traces (most recent first):
Classloader memory used:
Loader org.gradle.internal.classloader.VisitableURLClassLoader                         : 11210K
Loader bootstrap                                                                       : 2541K
Loader org.gradle.initialization.MixInLegacyTypesClassLoader                           : 953K
Loader org.gradle.internal.classloader.VisitableURLClassLoader                         : 113K
Loader org.gradle.internal.classloader.VisitableURLClassLoader$InstrumentingVisitableURLClassLoader: 90309B
Loader jdk.internal.loader.ClassLoaders$PlatformClassLoader                            : 69371B
Loader jdk.internal.reflect.DelegatingClassLoader                                      : 44331B
Loader jdk.internal.jrtfs.JrtFileSystemProvider$JrtFsLoader                            : 41992B
Loader jdk.internal.loader.ClassLoaders$AppClassLoader                                 : 28771B
Loader org.gradle.groovy.scripts.internal.DefaultScriptCompilationHandler$ScriptClassLoader: 10734B
Loader org.codehaus.groovy.runtime.callsite.CallSiteClassLoader                        : 6077B

Classes loaded by more than one classloader:
Class org.gradle.internal.Cast                                                        : loaded 3 times (x 69B)
Class Program                                                                         : loaded 3 times (x 70B)
Class org.gradle.api.GradleException                                                  : loaded 3 times (x 80B)
Class org.jetbrains.plugins.gradle.model.MavenRepositoryModel                         : loaded 2 times (x 68B)
Class org.gradle.internal.classpath.ClassPath                                         : loaded 2 times (x 68B)
Class org.gradle.api.internal.classpath.DefaultModuleRegistry                         : loaded 2 times (x 84B)
Class org.gradle.internal.exceptions.NonGradleCauseExceptionsHolder                   : loaded 2 times (x 68B)
Class Settings_gradle$1$1                                                             : loaded 2 times (x 72B)
Class jdk.internal.jimage.BasicImageReader$1                                          : loaded 2 times (x 75B)
Class org.gradle.api.Action                                                           : loaded 2 times (x 68B)
Class org.jetbrains.kotlin.idea.gradleTooling.model.samWithReceiver.SamWithReceiverModel: loaded 2 times (x 68B)
Class org.jetbrains.plugins.gradle.model.ExternalProject                              : loaded 2 times (x 68B)
Class org.jetbrains.plugins.gradle.model.IntelliJSettings                             : loaded 2 times (x 68B)
Class jdk.internal.jimage.ImageBufferCache$1                                          : loaded 2 times (x 78B)
Class jdk.internal.jimage.ImageBufferCache$2                                          : loaded 2 times (x 89B)
Class org.jetbrains.kotlin.idea.gradleTooling.KotlinMPPGradleModel                    : loaded 2 times (x 68B)
Class org.gradle.api.internal.DefaultClassPathProvider                                : loaded 2 times (x 74B)
Class org.gradle.internal.installation.GradleInstallation$1                           : loaded 2 times (x 73B)
Class jdk.internal.jrtfs.SystemImage$1                                                : loaded 2 times (x 76B)
Class jdk.internal.jrtfs.SystemImage$2                                                : loaded 2 times (x 74B)
Class sync_studio_tooling7_5x4cvpy5rpwtudg0r6hgccv5x$_run_closure1                    : loaded 2 times (x 137B)
Class org.gradle.internal.exceptions.DefaultMultiCauseException                       : loaded 2 times (x 93B)
Class org.gradle.tooling.model.UnsupportedMethodException                             : loaded 2 times (x 80B)
Class org.gradle.internal.time.MonotonicClock                                         : loaded 2 times (x 75B)
Class org.gradle.internal.classloader.FilteringClassLoader                            : loaded 2 times (x 103B)
Class jdk.internal.jimage.ImageReader$Resource                                        : loaded 2 times (x 82B)
Class jdk.internal.jrtfs.SystemImage                                                  : loaded 2 times (x 72B)
Class org.gradle.tooling.model.Model                                                  : loaded 2 times (x 68B)
Class org.gradle.internal.classpath.DefaultClassPath$ImmutableUniqueList$Builder      : loaded 2 times (x 73B)
Class org.jetbrains.kotlin.idea.gradleTooling.KotlinSourceSetContainer                : loaded 2 times (x 68B)
Class jdk.internal.jrtfs.JrtDirectoryStream$1                                         : loaded 2 times (x 81B)
Class org.gradle.internal.classloader.ClassLoaderVisitor                              : loaded 2 times (x 74B)
Class org.gradle.internal.time.DefaultCountdownTimer                                  : loaded 2 times (x 86B)
Class org.gradle.internal.service.DefaultServiceLocator                               : loaded 2 times (x 81B)
Class org.jetbrains.plugins.gradle.model.jar.JarTaskManifestConfiguration             : loaded 2 times (x 68B)
Class org.gradle.internal.service.UnknownServiceException                             : loaded 2 times (x 81B)
Class org.jetbrains.plugins.gradle.model.DependencyAccessorsModel                     : loaded 2 times (x 68B)
Class org.gradle.internal.classloader.DefaultClassLoaderFactory                       : loaded 2 times (x 80B)
Class jdk.internal.jimage.ImageReader$SharedImageReader                               : loaded 2 times (x 93B)
Class org.jetbrains.plugins.gradle.model.GradleExtensions                             : loaded 2 times (x 68B)
Class jdk.internal.jimage.decompressor.ZipDecompressorFactory                         : loaded 2 times (x 72B)
Class org.jetbrains.plugins.gradle.model.VersionCatalogsModel                         : loaded 2 times (x 68B)
Class org.gradle.internal.classloader.VisitableURLClassLoader$Spec                    : loaded 2 times (x 72B)
Class org.gradle.tooling.model.ProjectModel                                           : loaded 2 times (x 68B)
Class sync_studio_tooling7_5x4cvpy5rpwtudg0r6hgccv5x                                  : loaded 2 times (x 177B)
Class org.gradle.util.GradleVersion                                                   : loaded 2 times (x 81B)
Class org.gradle.api.internal.classpath.ModuleRegistry                                : loaded 2 times (x 68B)
Class org.jetbrains.plugins.gradle.model.RepositoriesModel                            : loaded 2 times (x 68B)
Class kotlin.jvm.internal.markers.KMappedMarker                                       : loaded 2 times (x 68B)
Class org.gradle.api.internal.ClassPathProvider                                       : loaded 2 times (x 68B)
Class org.gradle.internal.classloader.ClasspathUtil$1                                 : loaded 2 times (x 74B)
Class org.gradle.internal.classloader.ClassLoaderFactory                              : loaded 2 times (x 68B)
Class jdk.internal.jimage.ImageHeader                                                 : loaded 2 times (x 69B)
Class org.gradle.api.internal.classpath.ManifestUtil                                  : loaded 2 times (x 69B)
Class org.gradle.api.specs.Spec                                                       : loaded 2 times (x 68B)
Class org.gradle.tooling.internal.gradle.GradleBuildIdentity                          : loaded 2 times (x 68B)
Class org.gradle.internal.IoActions                                                   : loaded 2 times (x 69B)
Class jdk.internal.jimage.decompressor.StringSharingDecompressorFactory               : loaded 2 times (x 72B)
Class org.gradle.api.internal.classpath.EffectiveClassPath                            : loaded 2 times (x 88B)
Class kotlin.jvm.internal.DefaultConstructorMarker                                    : loaded 2 times (x 69B)
Class org.gradle.internal.exceptions.ResolutionProvider                               : loaded 2 times (x 68B)
Class org.jetbrains.kotlin.idea.gradleTooling.model.annotation.AnnotationBasedPluginModel: loaded 2 times (x 68B)
Class org.jetbrains.kotlin.idea.gradleTooling.model.assignment.AssignmentModel        : loaded 2 times (x 68B)
Class org.gradle.internal.installation.CurrentGradleInstallation                      : loaded 2 times (x 71B)
Class org.gradle.internal.agents.InstrumentingClassLoader                             : loaded 2 times (x 68B)
Class org.gradle.internal.installation.CurrentGradleInstallationLocator               : loaded 2 times (x 69B)
Class org.gradle.api.internal.classpath.Module                                        : loaded 2 times (x 68B)
Class org.gradle.internal.service.CachingServiceLocator                               : loaded 2 times (x 80B)
Class org.gradle.internal.time.Timer                                                  : loaded 2 times (x 68B)
Class org.jetbrains.plugins.gradle.model.tests.ExternalTestsModel                     : loaded 2 times (x 68B)
Class org.jetbrains.kotlin.idea.gradleTooling.KotlinDslScriptAdditionalTask           : loaded 2 times (x 68B)
Class org.gradle.internal.classpath.DefaultClassPath                                  : loaded 2 times (x 88B)
Class jdk.internal.jimage.BasicImageReader                                            : loaded 2 times (x 93B)
Class com.intellij.openapi.externalSystem.model.project.dependencies.ProjectDependencies: loaded 2 times (x 68B)
Class org.jetbrains.kotlin.idea.gradleTooling.PrepareKotlinIdeImportTaskModel         : loaded 2 times (x 68B)
Class jdk.internal.jimage.ImageLocation                                               : loaded 2 times (x 88B)
Class org.gradle.internal.impldep.com.google.common.base.Preconditions                : loaded 2 times (x 69B)
Class kotlin.jvm.functions.Function1                                                  : loaded 2 times (x 68B)
Class jdk.internal.jimage.ImageReader$Node                                            : loaded 2 times (x 82B)
Class org.gradle.internal.time.Time                                                   : loaded 2 times (x 69B)
Class jdk.internal.jimage.decompressor.CompressedResourceHeader                       : loaded 2 times (x 69B)
Class org.gradle.internal.time.TimeSource$1                                           : loaded 2 times (x 75B)
Class jdk.internal.jrtfs.JrtPath                                                      : loaded 2 times (x 116B)
Class jdk.internal.jimage.ImageStrings                                                : loaded 2 times (x 68B)
Class jdk.internal.jrtfs.JrtFileAttributes                                            : loaded 2 times (x 81B)
Class org.gradle.internal.classloader.SystemClassLoaderSpec                           : loaded 2 times (x 69B)
Class jdk.internal.jimage.decompressor.ResourceDecompressorRepository                 : loaded 2 times (x 69B)
Class kotlin.Function                                                                 : loaded 2 times (x 68B)
Class org.gradle.api.UncheckedIOException                                             : loaded 2 times (x 80B)
Class jdk.internal.jimage.decompressor.ResourceDecompressor$StringsProvider           : loaded 2 times (x 68B)
Class org.gradle.tooling.internal.gradle.DefaultProjectIdentifier                     : loaded 2 times (x 84B)
Class jdk.internal.jimage.decompressor.Decompressor                                   : loaded 2 times (x 70B)
Class jdk.internal.jrtfs.JrtFileSystem                                                : loaded 2 times (x 100B)
Class org.gradle.tooling.internal.gradle.GradleProjectIdentity                        : loaded 2 times (x 68B)
Class jdk.internal.jrtfs.JrtFileSystemProvider                                        : loaded 2 times (x 97B)
Class org.gradle.internal.time.CountdownTimer                                         : loaded 2 times (x 68B)
Class org.gradle.internal.time.Clock                                                  : loaded 2 times (x 68B)
Class org.gradle.internal.classloader.ClasspathUtil                                   : loaded 2 times (x 69B)
Class jdk.internal.jrtfs.JrtDirectoryStream                                           : loaded 2 times (x 87B)
Class org.gradle.tooling.model.BuildIdentifier                                        : loaded 2 times (x 68B)
Class jdk.internal.jimage.decompressor.ResourceDecompressor                           : loaded 2 times (x 68B)
Class org.gradle.api.internal.DefaultClassPathRegistry                                : loaded 2 times (x 74B)
Class ijInit1_bf6mh7a1x9afcdw40dx5hzd0g                                               : loaded 2 times (x 177B)
Class org.gradle.api.internal.classpath.DefaultModuleRegistry$DefaultModule           : loaded 2 times (x 84B)
Class org.gradle.internal.time.TimeSource                                             : loaded 2 times (x 68B)
Class org.jetbrains.kotlin.android.synthetic.idea.AndroidExtensionsGradleModel        : loaded 2 times (x 68B)
Class org.gradle.api.internal.classpath.UnknownModuleException                        : loaded 2 times (x 80B)
Class org.jetbrains.plugins.gradle.model.IntelliJProjectSettings                      : loaded 2 times (x 68B)
Class org.gradle.internal.service.ServiceLookupException                              : loaded 2 times (x 80B)
Class jdk.internal.jimage.ImageStringsReader                                          : loaded 2 times (x 78B)
Class org.gradle.cache.GlobalCache                                                    : loaded 2 times (x 68B)
Class jdk.internal.jimage.decompressor.ResourceDecompressorFactory                    : loaded 2 times (x 72B)
Class org.jetbrains.kotlin.idea.gradleTooling.model.lombok.LombokModel                : loaded 2 times (x 68B)
Class org.gradle.tooling.model.ProjectIdentifier                                      : loaded 2 times (x 68B)
Class [Lorg.gradle.api.internal.ClassPathProvider;                                    : loaded 2 times (x 67B)
Class jdk.internal.jimage.ImageReader$SharedImageReader$LocationVisitor               : loaded 2 times (x 68B)
Class org.gradle.internal.operations.MultipleBuildOperationFailures                   : loaded 2 times (x 93B)
Class org.gradle.util.internal.GUtil                                                  : loaded 2 times (x 69B)
Class jdk.internal.jimage.decompressor.ZipDecompressor                                : loaded 2 times (x 73B)
Class org.jetbrains.plugins.gradle.model.AnnotationProcessingModel                    : loaded 2 times (x 68B)
Class org.gradle.internal.classloader.ClassLoaderSpec                                 : loaded 2 times (x 69B)
Class org.gradle.internal.classloader.VisitableURLClassLoader                         : loaded 2 times (x 115B)
Class org.gradle.internal.installation.GradleInstallation                             : loaded 2 times (x 73B)
Class org.gradle.api.internal.ClassPathRegistry                                       : loaded 2 times (x 68B)
Class org.gradle.internal.classloader.VisitableURLClassLoader$InstrumentingVisitableURLClassLoader: loaded 2 times (x 121B)
Class org.gradle.internal.classloader.ClassLoaderHierarchy                            : loaded 2 times (x 68B)
Class org.gradle.internal.exceptions.MultiCauseException                              : loaded 2 times (x 68B)
Class jdk.internal.jimage.ImageReader                                                 : loaded 2 times (x 73B)
Class org.jetbrains.kotlin.idea.gradleTooling.model.parcelize.ParcelizeGradleModel    : loaded 2 times (x 68B)
Class org.gradle.internal.InternalTransformer                                         : loaded 2 times (x 68B)
Class org.jetbrains.kotlin.idea.gradleTooling.model.noarg.NoArgModel                  : loaded 2 times (x 68B)
Class org.jetbrains.kotlin.idea.gradleTooling.KotlinGradleModel                       : loaded 2 times (x 68B)
Class org.gradle.tooling.internal.gradle.DefaultBuildIdentifier                       : loaded 2 times (x 77B)
Class org.gradle.internal.service.ServiceLocator                                      : loaded 2 times (x 68B)
Class Settings_gradle$1                                                               : loaded 2 times (x 72B)
Class org.jetbrains.kotlin.idea.gradleTooling.model.allopen.AllOpenModel              : loaded 2 times (x 68B)
Class org.gradle.internal.classpath.DefaultClassPath$ImmutableUniqueList              : loaded 2 times (x 159B)
Class jdk.internal.jimage.ImageBufferCache                                            : loaded 2 times (x 69B)
Class org.gradle.internal.time.DefaultTimer                                           : loaded 2 times (x 78B)
Class org.gradle.internal.classpath.TransformedClassPath                              : loaded 2 times (x 94B)
Class Settings_gradle                                                                 : loaded 2 times (x 126B)
Class jdk.internal.jimage.ImageReader$Directory                                       : loaded 2 times (x 82B)


---------------  S Y S T E M  ---------------

OS:
 Windows 11 , 64 bit Build 22621 (10.0.22621.3958)
OS uptime: 10 days 22:00 hours
Hyper-V role detected

CPU: total 16 (initial active 16) (8 cores per cpu, 2 threads per core) family 6 model 191 stepping 2 microcode 0x26, cx8, cmov, fxsr, ht, mmx, 3dnowpref, sse, sse2, sse3, ssse3, sse4.1, sse4.2, popcnt, lzcnt, tsc, tscinvbit, avx, avx2, aes, erms, clmul, bmi1, bmi2, adx, sha, fma, vzeroupper, clflush, clflushopt, clwb, hv
Processor Information for all 16 processors :
  Max Mhz: 2500, Current Mhz: 2500, Mhz Limit: 2500

Memory: 4k page, system-wide physical 16060M (794M free)
TotalPageFile size 44310M (AvailPageFile size 7M)
current process WorkingSet (physical memory assigned to process): 507M, peak: 509M
current process commit charge ("private bytes"): 553M, peak: 556M

vm_info: OpenJDK 64-Bit Server VM (17.0.11+0--11852314) for windows-amd64 JRE (17.0.11+0--11852314), built on May 16 2024 21:29:20 by "androidbuild" with MS VC++ 16.10 / 16.11 (VS2019)

END.
