#
# There is insufficient memory for the Java Runtime Environment to continue.
# Native memory allocation (malloc) failed to allocate 1194416 bytes. Error detail: Chunk::new
# Possible reasons:
#   The system is out of physical RAM or swap space
#   This process is running with CompressedOops enabled, and the Java Heap may be blocking the growth of the native heap
# Possible solutions:
#   Reduce memory load on the system
#   Increase physical memory or swap space
#   Check if swap backing store is full
#   Decrease Java heap size (-Xmx/-Xms)
#   Decrease number of Java threads
#   Decrease Java thread stack sizes (-Xss)
#   Set larger code cache with -XX:ReservedCodeCacheSize=
#   JVM is running with Unscaled Compressed Oops mode in which the Java heap is
#     placed in the first 4GB address space. The Java Heap base address is the
#     maximum limit for the native heap growth. Please use -XX:HeapBaseMinAddress
#     to set the Java Heap base and to place the Java Heap above 4GB virtual address.
# This output file may be truncated or incomplete.
#
#  Out of Memory Error (arena.cpp:191), pid=12900, tid=19244
#
# JRE version: OpenJDK Runtime Environment (17.0.11) (build 17.0.11+0--11852314)
# Java VM: OpenJDK 64-Bit Server VM (17.0.11+0--11852314, mixed mode, tiered, compressed oops, compressed class ptrs, g1 gc, windows-amd64)
# No core dump will be written. Minidumps are not enabled by default on client versions of Windows
#

---------------  S U M M A R Y ------------

Command Line: --add-opens=java.base/java.util=ALL-UNNAMED --add-opens=java.base/java.lang=ALL-UNNAMED --add-opens=java.base/java.lang.invoke=ALL-UNNAMED --add-opens=java.prefs/java.util.prefs=ALL-UNNAMED --add-opens=java.base/java.nio.charset=ALL-UNNAMED --add-opens=java.base/java.net=ALL-UNNAMED --add-opens=java.base/java.util.concurrent.atomic=ALL-UNNAMED -Xmx2048m -Dfile.encoding=UTF-8 -Duser.country=KR -Duser.language=ko -Duser.variant -javaagent:C:\Users\user\.gradle\wrapper\dists\gradle-8.7-bin\bhs2wmbdwecv87pi65oeuq5iu\gradle-8.7\lib\agents\gradle-instrumentation-agent-8.7.jar org.gradle.launcher.daemon.bootstrap.GradleDaemon 8.7

Host: 13th Gen Intel(R) Core(TM) i5-13400, 16 cores, 15G,  Windows 11 , 64 bit Build 22621 (10.0.22621.3958)
Time: Tue Aug 27 12:34:58 2024  Windows 11 , 64 bit Build 22621 (10.0.22621.3958) elapsed time: 4.640031 seconds (0d 0h 0m 4s)

---------------  T H R E A D  ---------------

Current thread (0x000001a6ebe3c890):  JavaThread "C2 CompilerThread2" daemon [_thread_in_native, id=19244, stack(0x0000000101c00000,0x0000000101d00000)]


Current CompileTask:
C2:   4640 6981       4       org.jetbrains.kotlin.metadata.ProtoBuf$Type$Argument::isInitialized (49 bytes)

Stack: [0x0000000101c00000,0x0000000101d00000]
Native frames: (J=compiled Java code, j=interpreted, Vv=VM code, C=native code)
V  [jvm.dll+0x687bb9]
V  [jvm.dll+0x84142a]
V  [jvm.dll+0x8430ae]
V  [jvm.dll+0x843713]
V  [jvm.dll+0x24a35f]
V  [jvm.dll+0xac544]
V  [jvm.dll+0xacb8c]
V  [jvm.dll+0x369be2]
V  [jvm.dll+0x33416a]
V  [jvm.dll+0x33360a]
V  [jvm.dll+0x21bed1]
V  [jvm.dll+0x21b311]
V  [jvm.dll+0x1a63ed]
V  [jvm.dll+0x22b1ee]
V  [jvm.dll+0x229375]
V  [jvm.dll+0x7f5647]
V  [jvm.dll+0x7efa4a]
V  [jvm.dll+0x686a35]
C  [ucrtbase.dll+0x29333]
C  [KERNEL32.DLL+0x1257d]
C  [ntdll.dll+0x5af28]


---------------  P R O C E S S  ---------------

Threads class SMR info:
_java_thread_list=0x000001a6ee9f0df0, length=68, elements={
0x000001a6c57bad70, 0x000001a6e226be00, 0x000001a6e226cc80, 0x000001a6e22e5010,
0x000001a6e22e58e0, 0x000001a6e22e87c0, 0x000001a6e22e9590, 0x000001a6e22ea330,
0x000001a6e22eade0, 0x000001a6e22f6830, 0x000001a6e2459060, 0x000001a6e249c670,
0x000001a6e24a1870, 0x000001a6e2545eb0, 0x000001a6e7c8e010, 0x000001a6e837c860,
0x000001a6e837cd70, 0x000001a6e8379ad0, 0x000001a6e8379fe0, 0x000001a6e837a4f0,
0x000001a6e837aa00, 0x000001a6e837af10, 0x000001a6e837b420, 0x000001a6e837b930,
0x000001a6e837be40, 0x000001a6e8978e80, 0x000001a6e8978460, 0x000001a6e897b1f0,
0x000001a6e897cb40, 0x000001a6e8979db0, 0x000001a6e897f3c0, 0x000001a6e897a7d0,
0x000001a6e897ace0, 0x000001a6e897b700, 0x000001a6e897a2c0, 0x000001a6e8978970,
0x000001a6e897c630, 0x000001a6e8979390, 0x000001a6e897bc10, 0x000001a6e8977f50,
0x000001a6e897d050, 0x000001a6e897d560, 0x000001a6e897e490, 0x000001a6e897c120,
0x000001a6e89798a0, 0x000001a6e897da70, 0x000001a6e897df80, 0x000001a6e897e9a0,
0x000001a6e897eeb0, 0x000001a6e897f8d0, 0x000001a6eb1940e0, 0x000001a6eb191350,
0x000001a6eb191d70, 0x000001a6eb190e40, 0x000001a6eb1936c0, 0x000001a6eb193bd0,
0x000001a6eb191860, 0x000001a6eb192790, 0x000001a6eb192ca0, 0x000001a6eb1931b0,
0x000001a6ebfbfcf0, 0x000001a6ebe388d0, 0x000001a6ebe3c890, 0x000001a6ebe39370,
0x000001a6ebe368f0, 0x000001a6ebe35900, 0x000001a6ebe3bdf0, 0x000001a6ebe3a8b0
}

Java Threads: ( => current thread )
  0x000001a6c57bad70 JavaThread "main" [_thread_blocked, id=16576, stack(0x0000000100600000,0x0000000100700000)]
  0x000001a6e226be00 JavaThread "Reference Handler" daemon [_thread_blocked, id=6724, stack(0x0000000100d00000,0x0000000100e00000)]
  0x000001a6e226cc80 JavaThread "Finalizer" daemon [_thread_blocked, id=8640, stack(0x0000000100e00000,0x0000000100f00000)]
  0x000001a6e22e5010 JavaThread "Signal Dispatcher" daemon [_thread_blocked, id=23672, stack(0x0000000100f00000,0x0000000101000000)]
  0x000001a6e22e58e0 JavaThread "Attach Listener" daemon [_thread_blocked, id=21284, stack(0x0000000101000000,0x0000000101100000)]
  0x000001a6e22e87c0 JavaThread "Service Thread" daemon [_thread_blocked, id=10764, stack(0x0000000101100000,0x0000000101200000)]
  0x000001a6e22e9590 JavaThread "Monitor Deflation Thread" daemon [_thread_blocked, id=3048, stack(0x0000000101200000,0x0000000101300000)]
  0x000001a6e22ea330 JavaThread "C2 CompilerThread0" daemon [_thread_in_native, id=16584, stack(0x0000000101300000,0x0000000101400000)]
  0x000001a6e22eade0 JavaThread "C1 CompilerThread0" daemon [_thread_in_native, id=6864, stack(0x0000000101400000,0x0000000101500000)]
  0x000001a6e22f6830 JavaThread "Sweeper thread" daemon [_thread_blocked, id=15584, stack(0x0000000101500000,0x0000000101600000)]
  0x000001a6e2459060 JavaThread "Common-Cleaner" daemon [_thread_blocked, id=13624, stack(0x0000000101600000,0x0000000101700000)]
  0x000001a6e249c670 JavaThread "C1 CompilerThread1" daemon [_thread_blocked, id=6828, stack(0x0000000101700000,0x0000000101800000)]
  0x000001a6e24a1870 JavaThread "C1 CompilerThread2" daemon [_thread_blocked, id=11036, stack(0x0000000101800000,0x0000000101900000)]
  0x000001a6e2545eb0 JavaThread "Notification Thread" daemon [_thread_blocked, id=11588, stack(0x0000000101900000,0x0000000101a00000)]
  0x000001a6e7c8e010 JavaThread "C1 CompilerThread3" daemon [_thread_blocked, id=17240, stack(0x0000000102200000,0x0000000102300000)]
  0x000001a6e837c860 JavaThread "Daemon health stats" [_thread_blocked, id=24216, stack(0x0000000102300000,0x0000000102400000)]
  0x000001a6e837cd70 JavaThread "Incoming local TCP Connector on port 64274" [_thread_in_native, id=5344, stack(0x0000000102400000,0x0000000102500000)]
  0x000001a6e8379ad0 JavaThread "Daemon periodic checks" [_thread_blocked, id=16236, stack(0x0000000102500000,0x0000000102600000)]
  0x000001a6e8379fe0 JavaThread "Daemon" [_thread_blocked, id=15716, stack(0x0000000102600000,0x0000000102700000)]
  0x000001a6e837a4f0 JavaThread "Handler for socket connection from /127.0.0.1:64274 to /127.0.0.1:64275" [_thread_in_native, id=18756, stack(0x0000000102700000,0x0000000102800000)]
  0x000001a6e837aa00 JavaThread "Cancel handler" [_thread_blocked, id=19684, stack(0x0000000102800000,0x0000000102900000)]
  0x000001a6e837af10 JavaThread "Daemon worker" [_thread_in_Java, id=17640, stack(0x0000000102900000,0x0000000102a00000)]
  0x000001a6e837b420 JavaThread "Asynchronous log dispatcher for DefaultDaemonConnection: socket connection from /127.0.0.1:64274 to /127.0.0.1:64275" [_thread_blocked, id=10168, stack(0x0000000102a00000,0x0000000102b00000)]
  0x000001a6e837b930 JavaThread "Stdin handler" [_thread_blocked, id=20868, stack(0x0000000102b00000,0x0000000102c00000)]
  0x000001a6e837be40 JavaThread "Daemon client event forwarder" [_thread_blocked, id=20876, stack(0x0000000102c00000,0x0000000102d00000)]
  0x000001a6e8978e80 JavaThread "Cache worker for journal cache (C:\Users\user\.gradle\caches\journal-1)" [_thread_blocked, id=12072, stack(0x0000000103600000,0x0000000103700000)]
  0x000001a6e8978460 JavaThread "File lock request listener" [_thread_in_native, id=22272, stack(0x0000000103700000,0x0000000103800000)]
  0x000001a6e897b1f0 JavaThread "Cache worker for file hash cache (C:\Users\user\.gradle\caches\8.7\fileHashes)" [_thread_blocked, id=3432, stack(0x0000000103800000,0x0000000103900000)]
  0x000001a6e897cb40 JavaThread "Cache worker for file hash cache (C:\Users\user\AndroidStudioProjects\MyProject\.gradle\8.7\fileHashes)" [_thread_blocked, id=22012, stack(0x0000000103900000,0x0000000103a00000)]
  0x000001a6e8979db0 JavaThread "File watcher server" daemon [_thread_in_native, id=7076, stack(0x0000000103c00000,0x0000000103d00000)]
  0x000001a6e897f3c0 JavaThread "File watcher consumer" daemon [_thread_blocked, id=14704, stack(0x0000000103d00000,0x0000000103e00000)]
  0x000001a6e897a7d0 JavaThread "jar transforms" [_thread_blocked, id=24052, stack(0x0000000103e00000,0x0000000103f00000)]
  0x000001a6e897ace0 JavaThread "jar transforms Thread 2" [_thread_blocked, id=13988, stack(0x0000000103f00000,0x0000000104000000)]
  0x000001a6e897b700 JavaThread "jar transforms Thread 3" [_thread_blocked, id=23996, stack(0x0000000104000000,0x0000000104100000)]
  0x000001a6e897a2c0 JavaThread "jar transforms Thread 4" [_thread_blocked, id=15712, stack(0x0000000104100000,0x0000000104200000)]
  0x000001a6e8978970 JavaThread "jar transforms Thread 5" [_thread_blocked, id=23940, stack(0x0000000104200000,0x0000000104300000)]
  0x000001a6e897c630 JavaThread "jar transforms Thread 6" [_thread_blocked, id=20312, stack(0x0000000104300000,0x0000000104400000)]
  0x000001a6e8979390 JavaThread "jar transforms Thread 7" [_thread_blocked, id=12524, stack(0x0000000104400000,0x0000000104500000)]
  0x000001a6e897bc10 JavaThread "jar transforms Thread 8" [_thread_blocked, id=7156, stack(0x0000000104500000,0x0000000104600000)]
  0x000001a6e8977f50 JavaThread "jar transforms Thread 9" [_thread_blocked, id=19384, stack(0x0000000104600000,0x0000000104700000)]
  0x000001a6e897d050 JavaThread "jar transforms Thread 10" [_thread_blocked, id=6908, stack(0x0000000104700000,0x0000000104800000)]
  0x000001a6e897d560 JavaThread "jar transforms Thread 11" [_thread_blocked, id=21192, stack(0x0000000104800000,0x0000000104900000)]
  0x000001a6e897e490 JavaThread "jar transforms Thread 12" [_thread_blocked, id=13244, stack(0x0000000104900000,0x0000000104a00000)]
  0x000001a6e897c120 JavaThread "jar transforms Thread 13" [_thread_blocked, id=19752, stack(0x0000000104a00000,0x0000000104b00000)]
  0x000001a6e89798a0 JavaThread "jar transforms Thread 14" [_thread_blocked, id=14664, stack(0x0000000104b00000,0x0000000104c00000)]
  0x000001a6e897da70 JavaThread "jar transforms Thread 15" [_thread_blocked, id=7248, stack(0x0000000104c00000,0x0000000104d00000)]
  0x000001a6e897df80 JavaThread "jar transforms Thread 16" [_thread_blocked, id=7268, stack(0x0000000104d00000,0x0000000104e00000)]
  0x000001a6e897e9a0 JavaThread "Cache worker for checksums cache (C:\Users\user\AndroidStudioProjects\MyProject\.gradle\8.7\checksums)" [_thread_blocked, id=18032, stack(0x0000000104e00000,0x0000000104f00000)]
  0x000001a6e897eeb0 JavaThread "Cache worker for cache directory md-supplier (C:\Users\user\.gradle\caches\8.7\md-supplier)" [_thread_blocked, id=24080, stack(0x0000000104f00000,0x0000000105000000)]
  0x000001a6e897f8d0 JavaThread "Cache worker for cache directory md-rule (C:\Users\user\.gradle\caches\8.7\md-rule)" [_thread_blocked, id=21852, stack(0x0000000105000000,0x0000000105100000)]
  0x000001a6eb1940e0 JavaThread "Cache worker for file content cache (C:\Users\user\.gradle\caches\8.7\fileContent)" [_thread_blocked, id=18648, stack(0x0000000105100000,0x0000000105200000)]
  0x000001a6eb191350 JavaThread "Unconstrained build operations" [_thread_blocked, id=3532, stack(0x0000000105200000,0x0000000105300000)]
  0x000001a6eb191d70 JavaThread "Unconstrained build operations Thread 2" [_thread_blocked, id=3772, stack(0x0000000105300000,0x0000000105400000)]
  0x000001a6eb190e40 JavaThread "Unconstrained build operations Thread 3" [_thread_blocked, id=11188, stack(0x0000000105400000,0x0000000105500000)]
  0x000001a6eb1936c0 JavaThread "Unconstrained build operations Thread 4" [_thread_blocked, id=5116, stack(0x0000000105500000,0x0000000105600000)]
  0x000001a6eb193bd0 JavaThread "Unconstrained build operations Thread 5" [_thread_blocked, id=17480, stack(0x0000000105600000,0x0000000105700000)]
  0x000001a6eb191860 JavaThread "Unconstrained build operations Thread 6" [_thread_blocked, id=22108, stack(0x0000000105700000,0x0000000105800000)]
  0x000001a6eb192790 JavaThread "Unconstrained build operations Thread 7" [_thread_blocked, id=19028, stack(0x0000000105800000,0x0000000105900000)]
  0x000001a6eb192ca0 JavaThread "Unconstrained build operations Thread 8" [_thread_blocked, id=12212, stack(0x0000000105900000,0x0000000105a00000)]
  0x000001a6eb1931b0 JavaThread "Unconstrained build operations Thread 9" [_thread_blocked, id=14548, stack(0x0000000105a00000,0x0000000105b00000)]
  0x000001a6ebfbfcf0 JavaThread "Unconstrained build operations Thread 10" [_thread_blocked, id=21552, stack(0x0000000105b00000,0x0000000105c00000)]
  0x000001a6ebe388d0 JavaThread "C2 CompilerThread1" daemon [_thread_blocked, id=19612, stack(0x0000000101b00000,0x0000000101c00000)]
=>0x000001a6ebe3c890 JavaThread "C2 CompilerThread2" daemon [_thread_in_native, id=19244, stack(0x0000000101c00000,0x0000000101d00000)]
  0x000001a6ebe39370 JavaThread "C2 CompilerThread3" daemon [_thread_in_native, id=7240, stack(0x0000000103a00000,0x0000000103b00000)]
  0x000001a6ebe368f0 JavaThread "C2 CompilerThread4" daemon [_thread_in_native, id=22636, stack(0x0000000103b00000,0x0000000103c00000)]
  0x000001a6ebe35900 JavaThread "C2 CompilerThread5" daemon [_thread_in_native, id=11564, stack(0x0000000105c00000,0x0000000105d00000)]
  0x000001a6ebe3bdf0 JavaThread "C2 CompilerThread6" daemon [_thread_in_native, id=24568, stack(0x0000000105f00000,0x0000000106000000)]
  0x000001a6ebe3a8b0 JavaThread "C2 CompilerThread7" daemon [_thread_in_native, id=14768, stack(0x0000000106000000,0x0000000106100000)]

Other Threads:
  0x000001a6e20ded00 VMThread "VM Thread" [stack: 0x0000000100c00000,0x0000000100d00000] [id=1448]
  0x000001a6e260eca0 WatcherThread [stack: 0x0000000101a00000,0x0000000101b00000] [id=24332]
  0x000001a6c5816de0 GCTaskThread "GC Thread#0" [stack: 0x0000000100700000,0x0000000100800000] [id=19380]
  0x000001a6e7e9d910 GCTaskThread "GC Thread#1" [stack: 0x0000000101d00000,0x0000000101e00000] [id=4040]
  0x000001a6e7e9dbd0 GCTaskThread "GC Thread#2" [stack: 0x0000000101e00000,0x0000000101f00000] [id=3304]
  0x000001a6e7e0b280 GCTaskThread "GC Thread#3" [stack: 0x0000000101f00000,0x0000000102000000] [id=11344]
  0x000001a6e7e0b540 GCTaskThread "GC Thread#4" [stack: 0x0000000102000000,0x0000000102100000] [id=22828]
  0x000001a6e766b740 GCTaskThread "GC Thread#5" [stack: 0x0000000102100000,0x0000000102200000] [id=22628]
  0x000001a6e7f87000 GCTaskThread "GC Thread#6" [stack: 0x0000000102d00000,0x0000000102e00000] [id=17604]
  0x000001a6e7b872c0 GCTaskThread "GC Thread#7" [stack: 0x0000000102e00000,0x0000000102f00000] [id=10172]
  0x000001a6e8f60a70 GCTaskThread "GC Thread#8" [stack: 0x0000000102f00000,0x0000000103000000] [id=3088]
  0x000001a6e915d860 GCTaskThread "GC Thread#9" [stack: 0x0000000103000000,0x0000000103100000] [id=22984]
  0x000001a6e7b379f0 GCTaskThread "GC Thread#10" [stack: 0x0000000103100000,0x0000000103200000] [id=7736]
  0x000001a6e7b37470 GCTaskThread "GC Thread#11" [stack: 0x0000000103200000,0x0000000103300000] [id=15152]
  0x000001a6e7b36c30 GCTaskThread "GC Thread#12" [stack: 0x0000000103300000,0x0000000103400000] [id=22700]
  0x000001a6c5827d30 ConcurrentGCThread "G1 Main Marker" [stack: 0x0000000100800000,0x0000000100900000] [id=18900]
  0x000001a6c5828750 ConcurrentGCThread "G1 Conc#0" [stack: 0x0000000100900000,0x0000000100a00000] [id=6000]
  0x000001a6e7b36ef0 ConcurrentGCThread "G1 Conc#1" [stack: 0x0000000103400000,0x0000000103500000] [id=10960]
  0x000001a6e7b36970 ConcurrentGCThread "G1 Conc#2" [stack: 0x0000000103500000,0x0000000103600000] [id=21540]
  0x000001a6c586ec10 ConcurrentGCThread "G1 Refine#0" [stack: 0x0000000100a00000,0x0000000100b00000] [id=20952]
  0x000001a6ec6fe5b0 ConcurrentGCThread "G1 Refine#1" [stack: 0x0000000105d00000,0x0000000105e00000] [id=17672]
  0x000001a6ec6ff750 ConcurrentGCThread "G1 Refine#2" [stack: 0x0000000105e00000,0x0000000105f00000] [id=5396]
  0x000001a6e1f8f9b0 ConcurrentGCThread "G1 Service" [stack: 0x0000000100b00000,0x0000000100c00000] [id=17284]

Threads with active compile tasks:
C2 CompilerThread0     4651 6922   !   4       org.jetbrains.kotlin.metadata.ProtoBuf$Function::<init> (1410 bytes)
C1 CompilerThread0     4651 7022       3       jdk.internal.jrtfs.JrtFileSystem::newByteChannel (44 bytes)
C1 CompilerThread1     4651 7024       3       jdk.internal.jrtfs.JrtFileSystem::getFileContent (49 bytes)
C1 CompilerThread2     4651 7023       3       jdk.internal.jrtfs.JrtFileSystem::checkOptions (101 bytes)
C1 CompilerThread3     4651 7019   !   3       java.nio.file.Files::readAllBytes (127 bytes)
C2 CompilerThread2     4651 6981       4       org.jetbrains.kotlin.metadata.ProtoBuf$Type$Argument::isInitialized (49 bytes)
C2 CompilerThread4     4651 7004       4       jdk.internal.jimage.ImageLocation::getAttributeString (54 bytes)
C2 CompilerThread5     4651 7005       4       jdk.internal.jimage.BasicImageReader::getString (35 bytes)
C2 CompilerThread6     4651 6985       4       org.jetbrains.kotlin.metadata.ProtoBuf$Function::getSerializedSize (512 bytes)
C2 CompilerThread7     4651 6962       4       org.jetbrains.kotlin.metadata.ProtoBuf$Type::writeTo (354 bytes)

VM state: not at safepoint (normal execution)

VM Mutex/Monitor currently owned by a thread: None

Heap address: 0x0000000080000000, size: 2048 MB, Compressed Oops mode: 32-bit

CDS archive(s) not mapped
Compressed class space mapped at: 0x000001a680000000-0x000001a6c0000000, reserved size: 1073741824
Narrow klass base: 0x000001a680000000, Narrow klass shift: 0, Narrow klass range: 0x40000000

GC Precious Log:
 CPUs: 16 total, 16 available
 Memory: 16060M
 Large Page Support: Disabled
 NUMA Support: Disabled
 Compressed Oops: Enabled (32-bit)
 Heap Region Size: 1M
 Heap Min Capacity: 8M
 Heap Initial Capacity: 252M
 Heap Max Capacity: 2G
 Pre-touch: Disabled
 Parallel Workers: 13
 Concurrent Workers: 3
 Concurrent Refinement Workers: 13
 Periodic GC: Disabled

Heap:
 garbage-first heap   total 198656K, used 126703K [0x0000000080000000, 0x0000000100000000)
  region size 1024K, 33 young (33792K), 5 survivors (5120K)
 Metaspace       used 91308K, committed 91904K, reserved 1179648K
  class space    used 12209K, committed 12480K, reserved 1048576K

Heap Regions: E=young(eden), S=young(survivor), O=old, HS=humongous(starts), HC=humongous(continues), CS=collection set, F=free, OA=open archive, CA=closed archive, TAMS=top-at-mark-start (previous, next)
|   0|0x0000000080000000, 0x0000000080100000, 0x0000000080100000|100%|HS|  |TAMS 0x0000000080100000, 0x0000000080000000| Complete 
|   1|0x0000000080100000, 0x0000000080200000, 0x0000000080200000|100%|HC|  |TAMS 0x0000000080200000, 0x0000000080100000| Complete 
|   2|0x0000000080200000, 0x0000000080300000, 0x0000000080300000|100%|HC|  |TAMS 0x0000000080300000, 0x0000000080200000| Complete 
|   3|0x0000000080300000, 0x0000000080400000, 0x0000000080400000|100%|HC|  |TAMS 0x0000000080400000, 0x0000000080300000| Complete 
|   4|0x0000000080400000, 0x0000000080500000, 0x0000000080500000|100%| O|  |TAMS 0x0000000080500000, 0x0000000080400000| Untracked 
|   5|0x0000000080500000, 0x0000000080600000, 0x0000000080600000|100%| O|  |TAMS 0x0000000080600000, 0x0000000080500000| Untracked 
|   6|0x0000000080600000, 0x0000000080700000, 0x0000000080700000|100%| O|  |TAMS 0x0000000080700000, 0x0000000080600000| Untracked 
|   7|0x0000000080700000, 0x0000000080800000, 0x0000000080800000|100%| O|  |TAMS 0x0000000080800000, 0x0000000080700000| Untracked 
|   8|0x0000000080800000, 0x0000000080900000, 0x0000000080900000|100%| O|  |TAMS 0x0000000080900000, 0x0000000080800000| Untracked 
|   9|0x0000000080900000, 0x0000000080a00000, 0x0000000080a00000|100%| O|  |TAMS 0x0000000080a00000, 0x0000000080900000| Untracked 
|  10|0x0000000080a00000, 0x0000000080b00000, 0x0000000080b00000|100%| O|  |TAMS 0x0000000080b00000, 0x0000000080a00000| Untracked 
|  11|0x0000000080b00000, 0x0000000080c00000, 0x0000000080c00000|100%| O|  |TAMS 0x0000000080c00000, 0x0000000080b00000| Untracked 
|  12|0x0000000080c00000, 0x0000000080d00000, 0x0000000080d00000|100%| O|  |TAMS 0x0000000080d00000, 0x0000000080c00000| Untracked 
|  13|0x0000000080d00000, 0x0000000080e00000, 0x0000000080e00000|100%|HS|  |TAMS 0x0000000080e00000, 0x0000000080d00000| Complete 
|  14|0x0000000080e00000, 0x0000000080f00000, 0x0000000080f00000|100%|HC|  |TAMS 0x0000000080f00000, 0x0000000080e00000| Complete 
|  15|0x0000000080f00000, 0x0000000081000000, 0x0000000081000000|100%|HC|  |TAMS 0x0000000081000000, 0x0000000080f00000| Complete 
|  16|0x0000000081000000, 0x0000000081100000, 0x0000000081100000|100%|HC|  |TAMS 0x0000000081100000, 0x0000000081000000| Complete 
|  17|0x0000000081100000, 0x0000000081200000, 0x0000000081200000|100%|HC|  |TAMS 0x0000000081200000, 0x0000000081100000| Complete 
|  18|0x0000000081200000, 0x0000000081300000, 0x0000000081300000|100%|HS|  |TAMS 0x0000000081300000, 0x0000000081200000| Complete 
|  19|0x0000000081300000, 0x0000000081400000, 0x0000000081400000|100%|HC|  |TAMS 0x0000000081400000, 0x0000000081300000| Complete 
|  20|0x0000000081400000, 0x0000000081500000, 0x0000000081500000|100%|HC|  |TAMS 0x0000000081500000, 0x0000000081400000| Complete 
|  21|0x0000000081500000, 0x0000000081600000, 0x0000000081600000|100%|HS|  |TAMS 0x0000000081600000, 0x0000000081500000| Complete 
|  22|0x0000000081600000, 0x0000000081700000, 0x0000000081700000|100%|HC|  |TAMS 0x0000000081700000, 0x0000000081600000| Complete 
|  23|0x0000000081700000, 0x0000000081800000, 0x0000000081800000|100%|HC|  |TAMS 0x0000000081800000, 0x0000000081700000| Complete 
|  24|0x0000000081800000, 0x0000000081900000, 0x0000000081900000|100%| O|  |TAMS 0x0000000081900000, 0x0000000081800000| Untracked 
|  25|0x0000000081900000, 0x0000000081a00000, 0x0000000081a00000|100%| O|  |TAMS 0x0000000081a00000, 0x0000000081900000| Untracked 
|  26|0x0000000081a00000, 0x0000000081b00000, 0x0000000081b00000|100%| O|  |TAMS 0x0000000081b00000, 0x0000000081a00000| Untracked 
|  27|0x0000000081b00000, 0x0000000081c00000, 0x0000000081c00000|100%| O|  |TAMS 0x0000000081c00000, 0x0000000081b00000| Untracked 
|  28|0x0000000081c00000, 0x0000000081d00000, 0x0000000081d00000|100%| O|  |TAMS 0x0000000081d00000, 0x0000000081c00000| Untracked 
|  29|0x0000000081d00000, 0x0000000081e00000, 0x0000000081e00000|100%| O|  |TAMS 0x0000000081e00000, 0x0000000081d00000| Untracked 
|  30|0x0000000081e00000, 0x0000000081f00000, 0x0000000081f00000|100%| O|  |TAMS 0x0000000081f00000, 0x0000000081e00000| Untracked 
|  31|0x0000000081f00000, 0x0000000082000000, 0x0000000082000000|100%| O|  |TAMS 0x0000000082000000, 0x0000000081f00000| Untracked 
|  32|0x0000000082000000, 0x0000000082100000, 0x0000000082100000|100%| O|  |TAMS 0x0000000082100000, 0x0000000082000000| Untracked 
|  33|0x0000000082100000, 0x0000000082200000, 0x0000000082200000|100%| O|  |TAMS 0x0000000082200000, 0x0000000082100000| Untracked 
|  34|0x0000000082200000, 0x0000000082300000, 0x0000000082300000|100%| O|  |TAMS 0x0000000082300000, 0x0000000082200000| Untracked 
|  35|0x0000000082300000, 0x0000000082400000, 0x0000000082400000|100%| O|  |TAMS 0x0000000082400000, 0x0000000082300000| Untracked 
|  36|0x0000000082400000, 0x000000008242c400, 0x0000000082500000| 17%| O|  |TAMS 0x000000008242c400, 0x0000000082400000| Untracked 
|  37|0x0000000082500000, 0x0000000082600000, 0x0000000082600000|100%|HS|  |TAMS 0x0000000082600000, 0x0000000082500000| Complete 
|  38|0x0000000082600000, 0x0000000082700000, 0x0000000082700000|100%|HS|  |TAMS 0x0000000082700000, 0x0000000082600000| Complete 
|  39|0x0000000082700000, 0x0000000082800000, 0x0000000082800000|100%|HC|  |TAMS 0x0000000082800000, 0x0000000082700000| Complete 
|  40|0x0000000082800000, 0x0000000082900000, 0x0000000082900000|100%|HC|  |TAMS 0x0000000082900000, 0x0000000082800000| Complete 
|  41|0x0000000082900000, 0x0000000082a00000, 0x0000000082a00000|100%| O|  |TAMS 0x0000000082a00000, 0x0000000082900000| Untracked 
|  42|0x0000000082a00000, 0x0000000082b00000, 0x0000000082b00000|100%| O|  |TAMS 0x0000000082b00000, 0x0000000082a00000| Untracked 
|  43|0x0000000082b00000, 0x0000000082c00000, 0x0000000082c00000|100%| O|  |TAMS 0x0000000082c00000, 0x0000000082b00000| Untracked 
|  44|0x0000000082c00000, 0x0000000082d00000, 0x0000000082d00000|100%| O|  |TAMS 0x0000000082d00000, 0x0000000082c00000| Untracked 
|  45|0x0000000082d00000, 0x0000000082e00000, 0x0000000082e00000|100%| O|  |TAMS 0x0000000082e00000, 0x0000000082d00000| Untracked 
|  46|0x0000000082e00000, 0x0000000082f00000, 0x0000000082f00000|100%| O|  |TAMS 0x0000000082f00000, 0x0000000082e00000| Untracked 
|  47|0x0000000082f00000, 0x0000000083000000, 0x0000000083000000|100%| O|  |TAMS 0x0000000083000000, 0x0000000082f00000| Untracked 
|  48|0x0000000083000000, 0x0000000083100000, 0x0000000083100000|100%| O|  |TAMS 0x0000000083100000, 0x0000000083000000| Untracked 
|  49|0x0000000083100000, 0x0000000083200000, 0x0000000083200000|100%|HS|  |TAMS 0x0000000083200000, 0x0000000083100000| Complete 
|  50|0x0000000083200000, 0x0000000083300000, 0x0000000083300000|100%|HC|  |TAMS 0x0000000083300000, 0x0000000083200000| Complete 
|  51|0x0000000083300000, 0x0000000083400000, 0x0000000083400000|100%|HC|  |TAMS 0x0000000083400000, 0x0000000083300000| Complete 
|  52|0x0000000083400000, 0x0000000083500000, 0x0000000083500000|100%|HC|  |TAMS 0x0000000083500000, 0x0000000083400000| Complete 
|  53|0x0000000083500000, 0x0000000083600000, 0x0000000083600000|100%|HC|  |TAMS 0x0000000083600000, 0x0000000083500000| Complete 
|  54|0x0000000083600000, 0x0000000083700000, 0x0000000083700000|100%|HS|  |TAMS 0x0000000083700000, 0x0000000083600000| Complete 
|  55|0x0000000083700000, 0x0000000083800000, 0x0000000083800000|100%|HC|  |TAMS 0x0000000083800000, 0x0000000083700000| Complete 
|  56|0x0000000083800000, 0x0000000083900000, 0x0000000083900000|100%|HC|  |TAMS 0x0000000083900000, 0x0000000083800000| Complete 
|  57|0x0000000083900000, 0x0000000083a00000, 0x0000000083a00000|100%|HC|  |TAMS 0x0000000083a00000, 0x0000000083900000| Complete 
|  58|0x0000000083a00000, 0x0000000083b00000, 0x0000000083b00000|100%|HC|  |TAMS 0x0000000083b00000, 0x0000000083a00000| Complete 
|  59|0x0000000083b00000, 0x0000000083c00000, 0x0000000083c00000|100%| O|  |TAMS 0x0000000083c00000, 0x0000000083b00000| Untracked 
|  60|0x0000000083c00000, 0x0000000083d00000, 0x0000000083d00000|100%| O|  |TAMS 0x0000000083d00000, 0x0000000083c00000| Untracked 
|  61|0x0000000083d00000, 0x0000000083e00000, 0x0000000083e00000|100%| O|  |TAMS 0x0000000083e00000, 0x0000000083d00000| Untracked 
|  62|0x0000000083e00000, 0x0000000083f00000, 0x0000000083f00000|100%| O|  |TAMS 0x0000000083f00000, 0x0000000083e00000| Untracked 
|  63|0x0000000083f00000, 0x0000000084000000, 0x0000000084000000|100%| O|  |TAMS 0x0000000084000000, 0x0000000083f00000| Untracked 
|  64|0x0000000084000000, 0x0000000084100000, 0x0000000084100000|100%| O|  |TAMS 0x0000000084100000, 0x0000000084000000| Untracked 
|  65|0x0000000084100000, 0x0000000084200000, 0x0000000084200000|100%| O|  |TAMS 0x0000000084200000, 0x0000000084100000| Untracked 
|  66|0x0000000084200000, 0x0000000084300000, 0x0000000084300000|100%| O|  |TAMS 0x0000000084300000, 0x0000000084200000| Untracked 
|  67|0x0000000084300000, 0x0000000084400000, 0x0000000084400000|100%| O|  |TAMS 0x0000000084400000, 0x0000000084300000| Untracked 
|  68|0x0000000084400000, 0x0000000084500000, 0x0000000084500000|100%|HS|  |TAMS 0x0000000084500000, 0x0000000084400000| Complete 
|  69|0x0000000084500000, 0x0000000084600000, 0x0000000084600000|100%|HC|  |TAMS 0x0000000084600000, 0x0000000084500000| Complete 
|  70|0x0000000084600000, 0x0000000084700000, 0x0000000084700000|100%|HC|  |TAMS 0x0000000084700000, 0x0000000084600000| Complete 
|  71|0x0000000084700000, 0x0000000084800000, 0x0000000084800000|100%|HC|  |TAMS 0x0000000084800000, 0x0000000084700000| Complete 
|  72|0x0000000084800000, 0x0000000084900000, 0x0000000084900000|100%|HC|  |TAMS 0x0000000084900000, 0x0000000084800000| Complete 
|  73|0x0000000084900000, 0x0000000084a00000, 0x0000000084a00000|100%|HC|  |TAMS 0x0000000084a00000, 0x0000000084900000| Complete 
|  74|0x0000000084a00000, 0x0000000084b00000, 0x0000000084b00000|100%|HS|  |TAMS 0x0000000084b00000, 0x0000000084a00000| Complete 
|  75|0x0000000084b00000, 0x0000000084c00000, 0x0000000084c00000|100%| O|  |TAMS 0x0000000084c00000, 0x0000000084b00000| Untracked 
|  76|0x0000000084c00000, 0x0000000084d00000, 0x0000000084d00000|100%| O|  |TAMS 0x0000000084d00000, 0x0000000084c00000| Untracked 
|  77|0x0000000084d00000, 0x0000000084e00000, 0x0000000084e00000|100%| O|  |TAMS 0x0000000084e00000, 0x0000000084d00000| Untracked 
|  78|0x0000000084e00000, 0x0000000084f00000, 0x0000000084f00000|100%| O|  |TAMS 0x0000000084f00000, 0x0000000084e00000| Untracked 
|  79|0x0000000084f00000, 0x0000000085000000, 0x0000000085000000|100%| O|  |TAMS 0x0000000085000000, 0x0000000084f00000| Untracked 
|  80|0x0000000085000000, 0x0000000085100000, 0x0000000085100000|100%| O|  |TAMS 0x0000000085100000, 0x0000000085000000| Untracked 
|  81|0x0000000085100000, 0x0000000085200000, 0x0000000085200000|100%| O|  |TAMS 0x0000000085200000, 0x0000000085100000| Untracked 
|  82|0x0000000085200000, 0x0000000085300000, 0x0000000085300000|100%| O|  |TAMS 0x0000000085300000, 0x0000000085200000| Untracked 
|  83|0x0000000085300000, 0x0000000085400000, 0x0000000085400000|100%| O|  |TAMS 0x0000000085400000, 0x0000000085300000| Untracked 
|  84|0x0000000085400000, 0x0000000085500000, 0x0000000085500000|100%| O|  |TAMS 0x0000000085500000, 0x0000000085400000| Untracked 
|  85|0x0000000085500000, 0x0000000085600000, 0x0000000085600000|100%| O|  |TAMS 0x0000000085600000, 0x0000000085500000| Untracked 
|  86|0x0000000085600000, 0x0000000085700000, 0x0000000085700000|100%| O|  |TAMS 0x0000000085700000, 0x0000000085600000| Untracked 
|  87|0x0000000085700000, 0x0000000085800000, 0x0000000085800000|100%| O|  |TAMS 0x0000000085779200, 0x0000000085700000| Untracked 
|  88|0x0000000085800000, 0x0000000085900000, 0x0000000085900000|100%| O|  |TAMS 0x0000000085800000, 0x0000000085800000| Untracked 
|  89|0x0000000085900000, 0x0000000085a00000, 0x0000000085a00000|100%| O|  |TAMS 0x0000000085900000, 0x0000000085900000| Untracked 
|  90|0x0000000085a00000, 0x0000000085b00000, 0x0000000085b00000|100%| O|  |TAMS 0x0000000085a00000, 0x0000000085a00000| Untracked 
|  91|0x0000000085b00000, 0x0000000085bf5a00, 0x0000000085c00000| 95%| O|  |TAMS 0x0000000085b00000, 0x0000000085b00000| Untracked 
|  92|0x0000000085c00000, 0x0000000085d00000, 0x0000000085d00000|100%|HS|  |TAMS 0x0000000085c00000, 0x0000000085c00000| Complete 
|  93|0x0000000085d00000, 0x0000000085d00000, 0x0000000085e00000|  0%| F|  |TAMS 0x0000000085d00000, 0x0000000085d00000| Untracked 
|  94|0x0000000085e00000, 0x0000000085e00000, 0x0000000085f00000|  0%| F|  |TAMS 0x0000000085e00000, 0x0000000085e00000| Untracked 
|  95|0x0000000085f00000, 0x0000000085f00000, 0x0000000086000000|  0%| F|  |TAMS 0x0000000085f00000, 0x0000000085f00000| Untracked 
|  96|0x0000000086000000, 0x0000000086000000, 0x0000000086100000|  0%| F|  |TAMS 0x0000000086000000, 0x0000000086000000| Untracked 
|  97|0x0000000086100000, 0x0000000086100000, 0x0000000086200000|  0%| F|  |TAMS 0x0000000086100000, 0x0000000086100000| Untracked 
|  98|0x0000000086200000, 0x0000000086200000, 0x0000000086300000|  0%| F|  |TAMS 0x0000000086200000, 0x0000000086200000| Untracked 
|  99|0x0000000086300000, 0x0000000086300000, 0x0000000086400000|  0%| F|  |TAMS 0x0000000086300000, 0x0000000086300000| Untracked 
| 100|0x0000000086400000, 0x0000000086400000, 0x0000000086500000|  0%| F|  |TAMS 0x0000000086400000, 0x0000000086400000| Untracked 
| 101|0x0000000086500000, 0x0000000086500000, 0x0000000086600000|  0%| F|  |TAMS 0x0000000086500000, 0x0000000086500000| Untracked 
| 102|0x0000000086600000, 0x0000000086600000, 0x0000000086700000|  0%| F|  |TAMS 0x0000000086600000, 0x0000000086600000| Untracked 
| 103|0x0000000086700000, 0x0000000086700000, 0x0000000086800000|  0%| F|  |TAMS 0x0000000086700000, 0x0000000086700000| Untracked 
| 104|0x0000000086800000, 0x0000000086800000, 0x0000000086900000|  0%| F|  |TAMS 0x0000000086800000, 0x0000000086800000| Untracked 
| 105|0x0000000086900000, 0x0000000086900000, 0x0000000086a00000|  0%| F|  |TAMS 0x0000000086900000, 0x0000000086900000| Untracked 
| 106|0x0000000086a00000, 0x0000000086a00000, 0x0000000086b00000|  0%| F|  |TAMS 0x0000000086a00000, 0x0000000086a00000| Untracked 
| 107|0x0000000086b00000, 0x0000000086b00000, 0x0000000086c00000|  0%| F|  |TAMS 0x0000000086b00000, 0x0000000086b00000| Untracked 
| 108|0x0000000086c00000, 0x0000000086c00000, 0x0000000086d00000|  0%| F|  |TAMS 0x0000000086c00000, 0x0000000086c00000| Untracked 
| 109|0x0000000086d00000, 0x0000000086d00000, 0x0000000086e00000|  0%| F|  |TAMS 0x0000000086d00000, 0x0000000086d00000| Untracked 
| 110|0x0000000086e00000, 0x0000000086e00000, 0x0000000086f00000|  0%| F|  |TAMS 0x0000000086e00000, 0x0000000086e00000| Untracked 
| 111|0x0000000086f00000, 0x0000000086f00000, 0x0000000087000000|  0%| F|  |TAMS 0x0000000086f00000, 0x0000000086f00000| Untracked 
| 112|0x0000000087000000, 0x0000000087000000, 0x0000000087100000|  0%| F|  |TAMS 0x0000000087000000, 0x0000000087000000| Untracked 
| 113|0x0000000087100000, 0x0000000087100000, 0x0000000087200000|  0%| F|  |TAMS 0x0000000087100000, 0x0000000087100000| Untracked 
| 114|0x0000000087200000, 0x0000000087200000, 0x0000000087300000|  0%| F|  |TAMS 0x0000000087200000, 0x0000000087200000| Untracked 
| 115|0x0000000087300000, 0x0000000087300000, 0x0000000087400000|  0%| F|  |TAMS 0x0000000087300000, 0x0000000087300000| Untracked 
| 116|0x0000000087400000, 0x0000000087400000, 0x0000000087500000|  0%| F|  |TAMS 0x0000000087400000, 0x0000000087400000| Untracked 
| 117|0x0000000087500000, 0x0000000087500000, 0x0000000087600000|  0%| F|  |TAMS 0x0000000087500000, 0x0000000087500000| Untracked 
| 118|0x0000000087600000, 0x0000000087600000, 0x0000000087700000|  0%| F|  |TAMS 0x0000000087600000, 0x0000000087600000| Untracked 
| 119|0x0000000087700000, 0x0000000087700000, 0x0000000087800000|  0%| F|  |TAMS 0x0000000087700000, 0x0000000087700000| Untracked 
| 120|0x0000000087800000, 0x0000000087800000, 0x0000000087900000|  0%| F|  |TAMS 0x0000000087800000, 0x0000000087800000| Untracked 
| 121|0x0000000087900000, 0x0000000087900000, 0x0000000087a00000|  0%| F|  |TAMS 0x0000000087900000, 0x0000000087900000| Untracked 
| 122|0x0000000087a00000, 0x0000000087a00000, 0x0000000087b00000|  0%| F|  |TAMS 0x0000000087a00000, 0x0000000087a00000| Untracked 
| 123|0x0000000087b00000, 0x0000000087b00000, 0x0000000087c00000|  0%| F|  |TAMS 0x0000000087b00000, 0x0000000087b00000| Untracked 
| 124|0x0000000087c00000, 0x0000000087c00000, 0x0000000087d00000|  0%| F|  |TAMS 0x0000000087c00000, 0x0000000087c00000| Untracked 
| 125|0x0000000087d00000, 0x0000000087d00000, 0x0000000087e00000|  0%| F|  |TAMS 0x0000000087d00000, 0x0000000087d00000| Untracked 
| 126|0x0000000087e00000, 0x0000000087e00000, 0x0000000087f00000|  0%| F|  |TAMS 0x0000000087e00000, 0x0000000087e00000| Untracked 
| 127|0x0000000087f00000, 0x0000000087f00000, 0x0000000088000000|  0%| F|  |TAMS 0x0000000087f00000, 0x0000000087f00000| Untracked 
| 128|0x0000000088000000, 0x0000000088000000, 0x0000000088100000|  0%| F|  |TAMS 0x0000000088000000, 0x0000000088000000| Untracked 
| 129|0x0000000088100000, 0x0000000088100000, 0x0000000088200000|  0%| F|  |TAMS 0x0000000088100000, 0x0000000088100000| Untracked 
| 130|0x0000000088200000, 0x0000000088200000, 0x0000000088300000|  0%| F|  |TAMS 0x0000000088200000, 0x0000000088200000| Untracked 
| 131|0x0000000088300000, 0x0000000088300000, 0x0000000088400000|  0%| F|  |TAMS 0x0000000088300000, 0x0000000088300000| Untracked 
| 132|0x0000000088400000, 0x0000000088400000, 0x0000000088500000|  0%| F|  |TAMS 0x0000000088400000, 0x0000000088400000| Untracked 
| 133|0x0000000088500000, 0x0000000088500000, 0x0000000088600000|  0%| F|  |TAMS 0x0000000088500000, 0x0000000088500000| Untracked 
| 134|0x0000000088600000, 0x0000000088600000, 0x0000000088700000|  0%| F|  |TAMS 0x0000000088600000, 0x0000000088600000| Untracked 
| 135|0x0000000088700000, 0x0000000088700000, 0x0000000088800000|  0%| F|  |TAMS 0x0000000088700000, 0x0000000088700000| Untracked 
| 136|0x0000000088800000, 0x0000000088800000, 0x0000000088900000|  0%| F|  |TAMS 0x0000000088800000, 0x0000000088800000| Untracked 
| 137|0x0000000088900000, 0x0000000088900000, 0x0000000088a00000|  0%| F|  |TAMS 0x0000000088900000, 0x0000000088900000| Untracked 
| 138|0x0000000088a00000, 0x0000000088a00000, 0x0000000088b00000|  0%| F|  |TAMS 0x0000000088a00000, 0x0000000088a00000| Untracked 
| 139|0x0000000088b00000, 0x0000000088b00000, 0x0000000088c00000|  0%| F|  |TAMS 0x0000000088b00000, 0x0000000088b00000| Untracked 
| 140|0x0000000088c00000, 0x0000000088c00000, 0x0000000088d00000|  0%| F|  |TAMS 0x0000000088c00000, 0x0000000088c00000| Untracked 
| 141|0x0000000088d00000, 0x0000000088d00000, 0x0000000088e00000|  0%| F|  |TAMS 0x0000000088d00000, 0x0000000088d00000| Untracked 
| 142|0x0000000088e00000, 0x0000000088e00000, 0x0000000088f00000|  0%| F|  |TAMS 0x0000000088e00000, 0x0000000088e00000| Untracked 
| 143|0x0000000088f00000, 0x0000000088f00000, 0x0000000089000000|  0%| F|  |TAMS 0x0000000088f00000, 0x0000000088f00000| Untracked 
| 144|0x0000000089000000, 0x0000000089000000, 0x0000000089100000|  0%| F|  |TAMS 0x0000000089000000, 0x0000000089000000| Untracked 
| 145|0x0000000089100000, 0x0000000089100000, 0x0000000089200000|  0%| F|  |TAMS 0x0000000089100000, 0x0000000089100000| Untracked 
| 146|0x0000000089200000, 0x0000000089200000, 0x0000000089300000|  0%| F|  |TAMS 0x0000000089200000, 0x0000000089200000| Untracked 
| 147|0x0000000089300000, 0x0000000089300000, 0x0000000089400000|  0%| F|  |TAMS 0x0000000089300000, 0x0000000089300000| Untracked 
| 148|0x0000000089400000, 0x0000000089400000, 0x0000000089500000|  0%| F|  |TAMS 0x0000000089400000, 0x0000000089400000| Untracked 
| 149|0x0000000089500000, 0x0000000089500000, 0x0000000089600000|  0%| F|  |TAMS 0x0000000089500000, 0x0000000089500000| Untracked 
| 150|0x0000000089600000, 0x0000000089600000, 0x0000000089700000|  0%| F|  |TAMS 0x0000000089600000, 0x0000000089600000| Untracked 
| 151|0x0000000089700000, 0x0000000089700000, 0x0000000089800000|  0%| F|  |TAMS 0x0000000089700000, 0x0000000089700000| Untracked 
| 152|0x0000000089800000, 0x0000000089800000, 0x0000000089900000|  0%| F|  |TAMS 0x0000000089800000, 0x0000000089800000| Untracked 
| 153|0x0000000089900000, 0x0000000089900000, 0x0000000089a00000|  0%| F|  |TAMS 0x0000000089900000, 0x0000000089900000| Untracked 
| 154|0x0000000089a00000, 0x0000000089a00000, 0x0000000089b00000|  0%| F|  |TAMS 0x0000000089a00000, 0x0000000089a00000| Untracked 
| 155|0x0000000089b00000, 0x0000000089b00000, 0x0000000089c00000|  0%| F|  |TAMS 0x0000000089b00000, 0x0000000089b00000| Untracked 
| 156|0x0000000089c00000, 0x0000000089c00000, 0x0000000089d00000|  0%| F|  |TAMS 0x0000000089c00000, 0x0000000089c00000| Untracked 
| 157|0x0000000089d00000, 0x0000000089d00000, 0x0000000089e00000|  0%| F|  |TAMS 0x0000000089d00000, 0x0000000089d00000| Untracked 
| 158|0x0000000089e00000, 0x0000000089e00000, 0x0000000089f00000|  0%| F|  |TAMS 0x0000000089e00000, 0x0000000089e00000| Untracked 
| 159|0x0000000089f00000, 0x0000000089f00000, 0x000000008a000000|  0%| F|  |TAMS 0x0000000089f00000, 0x0000000089f00000| Untracked 
| 160|0x000000008a000000, 0x000000008a000000, 0x000000008a100000|  0%| F|  |TAMS 0x000000008a000000, 0x000000008a000000| Untracked 
| 161|0x000000008a100000, 0x000000008a1beef0, 0x000000008a200000| 74%| E|  |TAMS 0x000000008a100000, 0x000000008a100000| Complete 
| 162|0x000000008a200000, 0x000000008a300000, 0x000000008a300000|100%| E|CS|TAMS 0x000000008a200000, 0x000000008a200000| Complete 
| 163|0x000000008a300000, 0x000000008a400000, 0x000000008a400000|100%| E|CS|TAMS 0x000000008a300000, 0x000000008a300000| Complete 
| 164|0x000000008a400000, 0x000000008a500000, 0x000000008a500000|100%| E|CS|TAMS 0x000000008a400000, 0x000000008a400000| Complete 
| 165|0x000000008a500000, 0x000000008a600000, 0x000000008a600000|100%| E|CS|TAMS 0x000000008a500000, 0x000000008a500000| Complete 
| 166|0x000000008a600000, 0x000000008a700000, 0x000000008a700000|100%| E|CS|TAMS 0x000000008a600000, 0x000000008a600000| Complete 
| 167|0x000000008a700000, 0x000000008a800000, 0x000000008a800000|100%| E|CS|TAMS 0x000000008a700000, 0x000000008a700000| Complete 
| 168|0x000000008a800000, 0x000000008a900000, 0x000000008a900000|100%| E|CS|TAMS 0x000000008a800000, 0x000000008a800000| Complete 
| 169|0x000000008a900000, 0x000000008aa00000, 0x000000008aa00000|100%| E|CS|TAMS 0x000000008a900000, 0x000000008a900000| Complete 
| 170|0x000000008aa00000, 0x000000008ab00000, 0x000000008ab00000|100%| E|CS|TAMS 0x000000008aa00000, 0x000000008aa00000| Complete 
| 171|0x000000008ab00000, 0x000000008ac00000, 0x000000008ac00000|100%| E|CS|TAMS 0x000000008ab00000, 0x000000008ab00000| Complete 
| 172|0x000000008ac00000, 0x000000008ad00000, 0x000000008ad00000|100%| E|CS|TAMS 0x000000008ac00000, 0x000000008ac00000| Complete 
| 173|0x000000008ad00000, 0x000000008ae00000, 0x000000008ae00000|100%| E|CS|TAMS 0x000000008ad00000, 0x000000008ad00000| Complete 
| 174|0x000000008ae00000, 0x000000008af00000, 0x000000008af00000|100%| E|CS|TAMS 0x000000008ae00000, 0x000000008ae00000| Complete 
| 175|0x000000008af00000, 0x000000008b000000, 0x000000008b000000|100%| E|CS|TAMS 0x000000008af00000, 0x000000008af00000| Complete 
| 176|0x000000008b000000, 0x000000008b100000, 0x000000008b100000|100%| E|CS|TAMS 0x000000008b000000, 0x000000008b000000| Complete 
| 177|0x000000008b100000, 0x000000008b200000, 0x000000008b200000|100%| E|CS|TAMS 0x000000008b100000, 0x000000008b100000| Complete 
| 178|0x000000008b200000, 0x000000008b299e10, 0x000000008b300000| 60%| S|CS|TAMS 0x000000008b200000, 0x000000008b200000| Complete 
| 179|0x000000008b300000, 0x000000008b400000, 0x000000008b400000|100%| S|CS|TAMS 0x000000008b300000, 0x000000008b300000| Complete 
| 180|0x000000008b400000, 0x000000008b500000, 0x000000008b500000|100%| S|CS|TAMS 0x000000008b400000, 0x000000008b400000| Complete 
| 181|0x000000008b500000, 0x000000008b600000, 0x000000008b600000|100%| S|CS|TAMS 0x000000008b500000, 0x000000008b500000| Complete 
| 182|0x000000008b600000, 0x000000008b700000, 0x000000008b700000|100%| S|CS|TAMS 0x000000008b600000, 0x000000008b600000| Complete 
| 183|0x000000008b700000, 0x000000008b800000, 0x000000008b800000|100%| E|CS|TAMS 0x000000008b700000, 0x000000008b700000| Complete 
| 184|0x000000008b800000, 0x000000008b900000, 0x000000008b900000|100%| E|CS|TAMS 0x000000008b800000, 0x000000008b800000| Complete 
| 185|0x000000008b900000, 0x000000008ba00000, 0x000000008ba00000|100%| E|CS|TAMS 0x000000008b900000, 0x000000008b900000| Complete 
| 186|0x000000008ba00000, 0x000000008bb00000, 0x000000008bb00000|100%| E|CS|TAMS 0x000000008ba00000, 0x000000008ba00000| Complete 
| 190|0x000000008be00000, 0x000000008bf00000, 0x000000008bf00000|100%| E|CS|TAMS 0x000000008be00000, 0x000000008be00000| Complete 
| 191|0x000000008bf00000, 0x000000008c000000, 0x000000008c000000|100%| E|CS|TAMS 0x000000008bf00000, 0x000000008bf00000| Complete 
| 192|0x000000008c000000, 0x000000008c100000, 0x000000008c100000|100%| E|CS|TAMS 0x000000008c000000, 0x000000008c000000| Complete 
| 193|0x000000008c100000, 0x000000008c200000, 0x000000008c200000|100%| E|CS|TAMS 0x000000008c100000, 0x000000008c100000| Complete 
| 194|0x000000008c200000, 0x000000008c300000, 0x000000008c300000|100%| E|CS|TAMS 0x000000008c200000, 0x000000008c200000| Complete 
| 195|0x000000008c300000, 0x000000008c400000, 0x000000008c400000|100%| E|CS|TAMS 0x000000008c300000, 0x000000008c300000| Complete 
| 251|0x000000008fb00000, 0x000000008fc00000, 0x000000008fc00000|100%| E|CS|TAMS 0x000000008fb00000, 0x000000008fb00000| Complete 

Card table byte_map: [0x000001a6da840000,0x000001a6dac40000] _byte_map_base: 0x000001a6da440000

Marking Bits (Prev, Next): (CMBitMap*) 0x000001a6c5817440, (CMBitMap*) 0x000001a6c5817400
 Prev Bits: [0x000001a6dd040000, 0x000001a6df040000)
 Next Bits: [0x000001a6db040000, 0x000001a6dd040000)

Polling page: 0x000001a6c5870000

Metaspace:

Usage:
  Non-class:     77.26 MB used.
      Class:     11.92 MB used.
       Both:     89.19 MB used.

Virtual space:
  Non-class space:      128.00 MB reserved,      77.56 MB ( 61%) committed,  2 nodes.
      Class space:        1.00 GB reserved,      12.19 MB (  1%) committed,  1 nodes.
             Both:        1.12 GB reserved,      89.75 MB (  8%) committed. 

Chunk freelists:
   Non-Class:  2.14 MB
       Class:  3.84 MB
        Both:  5.98 MB

MaxMetaspaceSize: unlimited
CompressedClassSpaceSize: 1.00 GB
Initial GC threshold: 21.00 MB
Current GC threshold: 148.88 MB
CDS: off
MetaspaceReclaimPolicy: balanced
 - commit_granule_bytes: 65536.
 - commit_granule_words: 8192.
 - virtual_space_node_default_size: 8388608.
 - enlarge_chunks_in_place: 1.
 - new_chunks_are_fully_committed: 0.
 - uncommit_free_chunks: 1.
 - use_allocation_guard: 0.
 - handle_deallocations: 1.


Internal statistics:

num_allocs_failed_limit: 9.
num_arena_births: 716.
num_arena_deaths: 0.
num_vsnodes_births: 3.
num_vsnodes_deaths: 0.
num_space_committed: 1434.
num_space_uncommitted: 0.
num_chunks_returned_to_freelist: 9.
num_chunks_taken_from_freelist: 3726.
num_chunk_merges: 9.
num_chunk_splits: 2770.
num_chunks_enlarged: 2193.
num_inconsistent_stats: 0.

CodeHeap 'non-profiled nmethods': size=119168Kb used=3740Kb max_used=3740Kb free=115427Kb
 bounds [0x000001a6d2030000, 0x000001a6d23e0000, 0x000001a6d9490000]
CodeHeap 'profiled nmethods': size=119104Kb used=13364Kb max_used=13364Kb free=105739Kb
 bounds [0x000001a6ca490000, 0x000001a6cb1a0000, 0x000001a6d18e0000]
CodeHeap 'non-nmethods': size=7488Kb used=4094Kb max_used=4180Kb free=3393Kb
 bounds [0x000001a6d18e0000, 0x000001a6d1d00000, 0x000001a6d2030000]
 total_blobs=7212 nmethods=6273 adapters=847
 compilation: enabled
              stopped_count=0, restarted_count=0
 full_count=0

Compilation events (20 events):
Event: 4.607 Thread 0x000001a6e249c670 nmethod 6994 0x000001a6cb186490 code [0x000001a6cb186640, 0x000001a6cb186868]
Event: 4.607 Thread 0x000001a6e24a1870 nmethod 6996 0x000001a6cb186910 code [0x000001a6cb186ae0, 0x000001a6cb186e78]
Event: 4.607 Thread 0x000001a6e7c8e010 nmethod 6995 0x000001a6cb186f90 code [0x000001a6cb187180, 0x000001a6cb187688]
Event: 4.607 Thread 0x000001a6e7c8e010 6997       3       kotlin.text.StringsKt__StringsKt::indexOf$default (26 bytes)
Event: 4.607 Thread 0x000001a6e22eade0 6998       3       kotlin.text.StringsKt__StringsKt::indexOf (48 bytes)
Event: 4.607 Thread 0x000001a6e7c8e010 nmethod 6997 0x000001a6cb187810 code [0x000001a6cb1879c0, 0x000001a6cb187b68]
Event: 4.607 Thread 0x000001a6e7c8e010 6999       1       org.jetbrains.kotlin.types.SimpleTypeImpl::getConstructor (5 bytes)
Event: 4.607 Thread 0x000001a6e7c8e010 nmethod 6999 0x000001a6d23ba490 code [0x000001a6d23ba620, 0x000001a6d23ba6f8]
Event: 4.607 Thread 0x000001a6e22eade0 nmethod 6998 0x000001a6cb187c10 code [0x000001a6cb187e80, 0x000001a6cb188a28]
Event: 4.611 Thread 0x000001a6e24a1870 7000       1       org.jetbrains.kotlin.load.java.lazy.JavaResolverComponents::getFinder (5 bytes)
Event: 4.611 Thread 0x000001a6e24a1870 nmethod 7000 0x000001a6d23ba790 code [0x000001a6d23ba920, 0x000001a6d23ba9f8]
Event: 4.614 Thread 0x000001a6e249c670 7001       3       java.nio.Buffer::discardMark (6 bytes)
Event: 4.614 Thread 0x000001a6e249c670 nmethod 7001 0x000001a6cb188d90 code [0x000001a6cb188f20, 0x000001a6cb189038]
Event: 4.620 Thread 0x000001a6ebe35900 nmethod 6969 0x000001a6d23baa90 code [0x000001a6d23bad00, 0x000001a6d23bb980]
Event: 4.620 Thread 0x000001a6ebe35900 6977       4       org.jetbrains.kotlin.metadata.ProtoBuf$Type$Argument$Projection::valueOf (50 bytes)
Event: 4.620 Thread 0x000001a6ebe35900 nmethod 6977 0x000001a6d23bc710 code [0x000001a6d23bc880, 0x000001a6d23bc918]
Event: 4.620 Thread 0x000001a6ebe35900 6970       4       org.jetbrains.kotlin.metadata.ProtoBuf$Type::<init> (7 bytes)
Event: 4.621 Thread 0x000001a6ebe35900 nmethod 6970 0x000001a6d23bca10 code [0x000001a6d23bcba0, 0x000001a6d23bcc48]
Event: 4.626 Thread 0x000001a6ebe39370 nmethod 6980 0x000001a6d23bcd10 code [0x000001a6d23bd000, 0x000001a6d23bf928]
Event: 4.636 Thread 0x000001a6ebe39370 7002       4       sun.invoke.util.BytecodeDescriptor::unparseSig (49 bytes)

GC Heap History (20 events):
Event: 2.089 GC heap before
{Heap before GC invocations=11 (full 0):
 garbage-first heap   total 140288K, used 93357K [0x0000000080000000, 0x0000000100000000)
  region size 1024K, 55 young (56320K), 2 survivors (2048K)
 Metaspace       used 44809K, committed 45248K, reserved 1114112K
  class space    used 6035K, committed 6272K, reserved 1048576K
}
Event: 2.092 GC heap after
{Heap after GC invocations=12 (full 0):
 garbage-first heap   total 140288K, used 44710K [0x0000000080000000, 0x0000000100000000)
  region size 1024K, 7 young (7168K), 7 survivors (7168K)
 Metaspace       used 44809K, committed 45248K, reserved 1114112K
  class space    used 6035K, committed 6272K, reserved 1048576K
}
Event: 2.368 GC heap before
{Heap before GC invocations=12 (full 0):
 garbage-first heap   total 140288K, used 101030K [0x0000000080000000, 0x0000000100000000)
  region size 1024K, 57 young (58368K), 7 survivors (7168K)
 Metaspace       used 49849K, committed 50304K, reserved 1114112K
  class space    used 6667K, committed 6848K, reserved 1048576K
}
Event: 2.371 GC heap after
{Heap after GC invocations=13 (full 0):
 garbage-first heap   total 140288K, used 48302K [0x0000000080000000, 0x0000000100000000)
  region size 1024K, 5 young (5120K), 5 survivors (5120K)
 Metaspace       used 49849K, committed 50304K, reserved 1114112K
  class space    used 6667K, committed 6848K, reserved 1048576K
}
Event: 2.676 GC heap before
{Heap before GC invocations=13 (full 0):
 garbage-first heap   total 140288K, used 113838K [0x0000000080000000, 0x0000000100000000)
  region size 1024K, 55 young (56320K), 5 survivors (5120K)
 Metaspace       used 53937K, committed 54464K, reserved 1114112K
  class space    used 7172K, committed 7424K, reserved 1048576K
}
Event: 2.678 GC heap after
{Heap after GC invocations=14 (full 0):
 garbage-first heap   total 140288K, used 68476K [0x0000000080000000, 0x0000000100000000)
  region size 1024K, 7 young (7168K), 7 survivors (7168K)
 Metaspace       used 53937K, committed 54464K, reserved 1114112K
  class space    used 7172K, committed 7424K, reserved 1048576K
}
Event: 2.906 GC heap before
{Heap before GC invocations=14 (full 0):
 garbage-first heap   total 140288K, used 106364K [0x0000000080000000, 0x0000000100000000)
  region size 1024K, 44 young (45056K), 7 survivors (7168K)
 Metaspace       used 59373K, committed 59968K, reserved 1114112K
  class space    used 8368K, committed 8640K, reserved 1048576K
}
Event: 2.909 GC heap after
{Heap after GC invocations=15 (full 0):
 garbage-first heap   total 140288K, used 69708K [0x0000000080000000, 0x0000000100000000)
  region size 1024K, 2 young (2048K), 2 survivors (2048K)
 Metaspace       used 59373K, committed 59968K, reserved 1114112K
  class space    used 8368K, committed 8640K, reserved 1048576K
}
Event: 2.917 GC heap before
{Heap before GC invocations=15 (full 0):
 garbage-first heap   total 140288K, used 70732K [0x0000000080000000, 0x0000000100000000)
  region size 1024K, 4 young (4096K), 2 survivors (2048K)
 Metaspace       used 59561K, committed 60096K, reserved 1114112K
  class space    used 8394K, committed 8640K, reserved 1048576K
}
Event: 2.918 GC heap after
{Heap after GC invocations=16 (full 0):
 garbage-first heap   total 140288K, used 69522K [0x0000000080000000, 0x0000000100000000)
  region size 1024K, 2 young (2048K), 2 survivors (2048K)
 Metaspace       used 59561K, committed 60096K, reserved 1114112K
  class space    used 8394K, committed 8640K, reserved 1048576K
}
Event: 3.139 GC heap before
{Heap before GC invocations=17 (full 0):
 garbage-first heap   total 140288K, used 110482K [0x0000000080000000, 0x0000000100000000)
  region size 1024K, 42 young (43008K), 2 survivors (2048K)
 Metaspace       used 64647K, committed 65216K, reserved 1114112K
  class space    used 9084K, committed 9344K, reserved 1048576K
}
Event: 3.141 GC heap after
{Heap after GC invocations=18 (full 0):
 garbage-first heap   total 198656K, used 70490K [0x0000000080000000, 0x0000000100000000)
  region size 1024K, 3 young (3072K), 3 survivors (3072K)
 Metaspace       used 64647K, committed 65216K, reserved 1114112K
  class space    used 9084K, committed 9344K, reserved 1048576K
}
Event: 3.605 GC heap before
{Heap before GC invocations=18 (full 0):
 garbage-first heap   total 198656K, used 167770K [0x0000000080000000, 0x0000000100000000)
  region size 1024K, 91 young (93184K), 3 survivors (3072K)
 Metaspace       used 72834K, committed 73408K, reserved 1114112K
  class space    used 10093K, committed 10368K, reserved 1048576K
}
Event: 3.610 GC heap after
{Heap after GC invocations=19 (full 0):
 garbage-first heap   total 198656K, used 81776K [0x0000000080000000, 0x0000000100000000)
  region size 1024K, 12 young (12288K), 12 survivors (12288K)
 Metaspace       used 72834K, committed 73408K, reserved 1114112K
  class space    used 10093K, committed 10368K, reserved 1048576K
}
Event: 4.067 GC heap before
{Heap before GC invocations=19 (full 0):
 garbage-first heap   total 198656K, used 163696K [0x0000000080000000, 0x0000000100000000)
  region size 1024K, 85 young (87040K), 12 survivors (12288K)
 Metaspace       used 81956K, committed 82560K, reserved 1179648K
  class space    used 11028K, committed 11328K, reserved 1048576K
}
Event: 4.071 GC heap after
{Heap after GC invocations=20 (full 0):
 garbage-first heap   total 198656K, used 93982K [0x0000000080000000, 0x0000000100000000)
  region size 1024K, 6 young (6144K), 6 survivors (6144K)
 Metaspace       used 81956K, committed 82560K, reserved 1179648K
  class space    used 11028K, committed 11328K, reserved 1048576K
}
Event: 4.472 GC heap before
{Heap before GC invocations=20 (full 0):
 garbage-first heap   total 198656K, used 157470K [0x0000000080000000, 0x0000000100000000)
  region size 1024K, 68 young (69632K), 6 survivors (6144K)
 Metaspace       used 89834K, committed 90432K, reserved 1179648K
  class space    used 12011K, committed 12288K, reserved 1048576K
}
Event: 4.475 GC heap after
{Heap after GC invocations=21 (full 0):
 garbage-first heap   total 198656K, used 97002K [0x0000000080000000, 0x0000000100000000)
  region size 1024K, 9 young (9216K), 9 survivors (9216K)
 Metaspace       used 89834K, committed 90432K, reserved 1179648K
  class space    used 12011K, committed 12288K, reserved 1048576K
}
Event: 4.555 GC heap before
{Heap before GC invocations=22 (full 0):
 garbage-first heap   total 198656K, used 107242K [0x0000000080000000, 0x0000000100000000)
  region size 1024K, 20 young (20480K), 9 survivors (9216K)
 Metaspace       used 90777K, committed 91392K, reserved 1179648K
  class space    used 12151K, committed 12416K, reserved 1048576K
}
Event: 4.557 GC heap after
{Heap after GC invocations=23 (full 0):
 garbage-first heap   total 198656K, used 98031K [0x0000000080000000, 0x0000000100000000)
  region size 1024K, 5 young (5120K), 5 survivors (5120K)
 Metaspace       used 90777K, committed 91392K, reserved 1179648K
  class space    used 12151K, committed 12416K, reserved 1048576K
}

Dll operation events (3 events):
Event: 0.004 Loaded shared library C:\Program Files\Android\Android Studio\jbr\bin\java.dll
Event: 0.090 Loaded shared library C:\Program Files\Android\Android Studio\jbr\bin\zip.dll
Event: 0.231 Loaded shared library C:\Program Files\Android\Android Studio\jbr\bin\verify.dll

Deoptimization events (20 events):
Event: 4.261 Thread 0x000001a6e837af10 Uncommon trap: trap_request=0xffffffc6 fr.pc=0x000001a6d233ecd0 relative=0x0000000000000570
Event: 4.261 Thread 0x000001a6e837af10 Uncommon trap: reason=bimorphic_or_optimized_type_check action=maybe_recompile pc=0x000001a6d233ecd0 method=org.jetbrains.kotlin.protobuf.CodedInputStream.tryRefillBuffer(I)Z @ 177 c2
Event: 4.261 Thread 0x000001a6e837af10 DEOPT PACKING pc=0x000001a6d233ecd0 sp=0x00000001029f4810
Event: 4.261 Thread 0x000001a6e837af10 DEOPT UNPACKING pc=0x000001a6d19369a3 sp=0x00000001029f46f0 mode 2
Event: 4.261 Thread 0x000001a6e837af10 Uncommon trap: trap_request=0xffffffc6 fr.pc=0x000001a6d233ecd0 relative=0x0000000000000570
Event: 4.261 Thread 0x000001a6e837af10 Uncommon trap: reason=bimorphic_or_optimized_type_check action=maybe_recompile pc=0x000001a6d233ecd0 method=org.jetbrains.kotlin.protobuf.CodedInputStream.tryRefillBuffer(I)Z @ 177 c2
Event: 4.261 Thread 0x000001a6e837af10 DEOPT PACKING pc=0x000001a6d233ecd0 sp=0x00000001029f4810
Event: 4.261 Thread 0x000001a6e837af10 DEOPT UNPACKING pc=0x000001a6d19369a3 sp=0x00000001029f46f0 mode 2
Event: 4.264 Thread 0x000001a6e837af10 Uncommon trap: trap_request=0xffffff45 fr.pc=0x000001a6d210ad18 relative=0x0000000000000578
Event: 4.264 Thread 0x000001a6e837af10 Uncommon trap: reason=unstable_if action=reinterpret pc=0x000001a6d210ad18 method=org.jetbrains.org.objectweb.asm.ClassReader.readUtf(II[C)Ljava/lang/String; @ 41 c2
Event: 4.264 Thread 0x000001a6e837af10 DEOPT PACKING pc=0x000001a6d210ad18 sp=0x00000001029f3fe0
Event: 4.264 Thread 0x000001a6e837af10 DEOPT UNPACKING pc=0x000001a6d19369a3 sp=0x00000001029f3fa8 mode 2
Event: 4.264 Thread 0x000001a6e837af10 Uncommon trap: trap_request=0xffffffc6 fr.pc=0x000001a6d233bf50 relative=0x0000000000000270
Event: 4.264 Thread 0x000001a6e837af10 Uncommon trap: reason=bimorphic_or_optimized_type_check action=maybe_recompile pc=0x000001a6d233bf50 method=org.jetbrains.kotlin.protobuf.CodedInputStream.tryRefillBuffer(I)Z @ 177 c2
Event: 4.264 Thread 0x000001a6e837af10 DEOPT PACKING pc=0x000001a6d233bf50 sp=0x00000001029f4310
Event: 4.264 Thread 0x000001a6e837af10 DEOPT UNPACKING pc=0x000001a6d19369a3 sp=0x00000001029f4248 mode 2
Event: 4.499 Thread 0x000001a6e837af10 Uncommon trap: trap_request=0xffffff45 fr.pc=0x000001a6d236ade4 relative=0x00000000000000c4
Event: 4.499 Thread 0x000001a6e837af10 Uncommon trap: reason=unstable_if action=reinterpret pc=0x000001a6d236ade4 method=java.text.StringCharacterIterator.current()C @ 19 c2
Event: 4.499 Thread 0x000001a6e837af10 DEOPT PACKING pc=0x000001a6d236ade4 sp=0x00000001029f2350
Event: 4.499 Thread 0x000001a6e837af10 DEOPT UNPACKING pc=0x000001a6d19369a3 sp=0x00000001029f22e8 mode 2

Classes unloaded (0 events):
No events

Classes redefined (0 events):
No events

Internal exceptions (20 events):
Event: 2.934 Thread 0x000001a6e837af10 Implicit null exception at 0x000001a6d2072972 to 0x000001a6d2072f48
Event: 2.972 Thread 0x000001a6e837af10 Implicit null exception at 0x000001a6d207be72 to 0x000001a6d207c458
Event: 3.048 Thread 0x000001a6e837af10 Exception <a 'sun/nio/fs/WindowsException'{0x0000000086d65740}> (0x0000000086d65740) 
thrown [s\src\hotspot\share\prims\jni.cpp, line 531]
Event: 3.048 Thread 0x000001a6e837af10 Exception <a 'sun/nio/fs/WindowsException'{0x0000000086d674f8}> (0x0000000086d674f8) 
thrown [s\src\hotspot\share\prims\jni.cpp, line 531]
Event: 3.116 Thread 0x000001a6e837af10 Exception <a 'java/lang/NoSuchMethodError'{0x00000000863ea440}: 'long java.lang.invoke.DirectMethodHandle$Holder.invokeStatic(java.lang.Object)'> (0x00000000863ea440) 
thrown [s\src\hotspot\share\interpreter\linkResolver.cpp, line 771]
Event: 3.117 Thread 0x000001a6e837af10 Exception <a 'java/lang/NoSuchMethodError'{0x00000000863ef028}: 'long java.lang.invoke.DirectMethodHandle$Holder.invokeStaticInit(java.lang.Object)'> (0x00000000863ef028) 
thrown [s\src\hotspot\share\interpreter\linkResolver.cpp, line 771]
Event: 3.149 Thread 0x000001a6e837af10 Exception <a 'java/lang/NoSuchMethodError'{0x000000008c337b68}: 'long java.lang.invoke.Invokers$Holder.invoke_MT(java.lang.Object, java.lang.Object, java.lang.Object, java.lang.Object)'> (0x000000008c337b68) 
thrown [s\src\hotspot\share\interpreter\linkResolver.cpp, line 771]
Event: 3.150 Thread 0x000001a6e837af10 Exception <a 'java/lang/NoSuchMethodError'{0x000000008c340f10}: 'int java.lang.invoke.Invokers$Holder.invoke_MT(java.lang.Object, java.lang.Object, java.lang.Object, java.lang.Object)'> (0x000000008c340f10) 
thrown [s\src\hotspot\share\interpreter\linkResolver.cpp, line 771]
Event: 3.150 Thread 0x000001a6e837af10 Exception <a 'java/lang/NoSuchMethodError'{0x000000008c3517c8}: 'void java.lang.invoke.DelegatingMethodHandle$Holder.reinvoke_L(java.lang.Object, java.lang.Object, java.lang.Object, long, java.lang.Object)'> (0x000000008c3517c8) 
thrown [s\src\hotspot\share\interpreter\linkResolver.cpp, line 771]
Event: 3.151 Thread 0x000001a6e837af10 Exception <a 'java/lang/NoSuchMethodError'{0x000000008c35a0f8}: 'java.lang.Object java.lang.invoke.DirectMethodHandle$Holder.invokeSpecial(java.lang.Object, java.lang.Object, java.lang.Object, java.lang.Object, long)'> (0x000000008c35a0f8) 
thrown [s\src\hotspot\share\interpreter\linkResolver.cpp, line 771]
Event: 3.151 Thread 0x000001a6e837af10 Exception <a 'java/lang/NoSuchMethodError'{0x000000008c36ab70}: 'int java.lang.invoke.DelegatingMethodHandle$Holder.reinvoke_L(java.lang.Object, java.lang.Object, java.lang.Object, long, java.lang.Object, java.lang.Object)'> (0x000000008c36ab70) 
thrown [s\src\hotspot\share\interpreter\linkResolver.cpp, line 771]
Event: 3.152 Thread 0x000001a6e837af10 Exception <a 'java/lang/NoSuchMethodError'{0x000000008c37b398}: 'int java.lang.invoke.DelegatingMethodHandle$Holder.reinvoke_L(java.lang.Object, java.lang.Object, java.lang.Object, long, int, int)'> (0x000000008c37b398) 
thrown [s\src\hotspot\share\interpreter\linkResolver.cpp, line 771]
Event: 3.152 Thread 0x000001a6e837af10 Exception <a 'java/lang/NoSuchMethodError'{0x000000008c38b4f8}: 'int java.lang.invoke.DelegatingMethodHandle$Holder.reinvoke_L(java.lang.Object, java.lang.Object, java.lang.Object, long, long, long)'> (0x000000008c38b4f8) 
thrown [s\src\hotspot\share\interpreter\linkResolver.cpp, line 771]
Event: 3.154 Thread 0x000001a6e837af10 Exception <a 'java/lang/NoSuchMethodError'{0x000000008c39b050}: 'int java.lang.invoke.DelegatingMethodHandle$Holder.reinvoke_L(java.lang.Object, java.lang.Object, java.lang.Object, long, int)'> (0x000000008c39b050) 
thrown [s\src\hotspot\share\interpreter\linkResolver.cpp, line 771]
Event: 3.337 Thread 0x000001a6e837af10 Exception <a 'java/lang/NoSuchMethodError'{0x000000008a5976a8}: 'void java.lang.invoke.DirectMethodHandle$Holder.invokeVirtual(java.lang.Object, java.lang.Object)'> (0x000000008a5976a8) 
thrown [s\src\hotspot\share\interpreter\linkResolver.cpp, line 771]
Event: 3.429 Thread 0x000001a6e837af10 Exception <a 'java/lang/NoSuchMethodError'{0x00000000897cd808}: 'java.lang.Object java.lang.invoke.Invokers$Holder.invokeExact_MT(java.lang.Object, java.lang.Object, long, java.lang.Object)'> (0x00000000897cd808) 
thrown [s\src\hotspot\share\interpreter\linkResolver.cpp, line 771]
Event: 3.448 Thread 0x000001a6e837af10 Exception <a 'java/lang/NoSuchMethodError'{0x000000008943e838}: 'java.lang.Object java.lang.invoke.Invokers$Holder.invoke_MT(java.lang.Object, java.lang.Object, java.lang.Object)'> (0x000000008943e838) 
thrown [s\src\hotspot\share\interpreter\linkResolver.cpp, line 771]
Event: 3.542 Thread 0x000001a6e837af10 Implicit null exception at 0x000001a6d2261da9 to 0x000001a6d226366c
Event: 3.542 Thread 0x000001a6e837af10 Implicit null exception at 0x000001a6d208e5f9 to 0x000001a6d208f588
Event: 4.453 Thread 0x000001a6e837af10 Exception <a 'java/lang/NoSuchMethodError'{0x0000000088692c38}: 'java.lang.Object java.lang.invoke.DirectMethodHandle$Holder.invokeStatic(java.lang.Object, java.lang.Object, java.lang.Object, java.lang.Object, int)'> (0x0000000088692c38) 
thrown [s\src\hotspot\share\interpreter\linkResolver.cpp, line 771]

VM Operations (20 events):
Event: 4.327 Executing VM operation: HandshakeAllThreads
Event: 4.327 Executing VM operation: HandshakeAllThreads done
Event: 4.356 Executing VM operation: ICBufferFull
Event: 4.356 Executing VM operation: ICBufferFull done
Event: 4.453 Executing VM operation: HandshakeAllThreads
Event: 4.453 Executing VM operation: HandshakeAllThreads done
Event: 4.472 Executing VM operation: G1CollectForAllocation
Event: 4.475 Executing VM operation: G1CollectForAllocation done
Event: 4.488 Executing VM operation: HandshakeAllThreads
Event: 4.488 Executing VM operation: HandshakeAllThreads done
Event: 4.490 Executing VM operation: G1PauseRemark
Event: 4.491 Executing VM operation: G1PauseRemark done
Event: 4.498 Executing VM operation: G1PauseCleanup
Event: 4.498 Executing VM operation: G1PauseCleanup done
Event: 4.555 Executing VM operation: G1TryInitiateConcMark
Event: 4.557 Executing VM operation: G1TryInitiateConcMark done
Event: 4.573 Executing VM operation: G1PauseRemark
Event: 4.574 Executing VM operation: G1PauseRemark done
Event: 4.582 Executing VM operation: G1PauseCleanup
Event: 4.582 Executing VM operation: G1PauseCleanup done

Events (20 events):
Event: 4.206 Thread 0x000001a6e22f6830 flushing nmethod 0x000001a6ca9e0190
Event: 4.284 loading class java/text/StringCharacterIterator
Event: 4.284 loading class java/text/CharacterIterator
Event: 4.284 loading class java/text/CharacterIterator done
Event: 4.284 loading class java/text/StringCharacterIterator done
Event: 4.310 loading class java/io/NotSerializableException
Event: 4.310 loading class java/io/NotSerializableException done
Event: 4.327 loading class java/util/AbstractList$ListItr
Event: 4.327 loading class java/util/AbstractList$ListItr done
Event: 4.418 loading class java/util/function/IntUnaryOperator
Event: 4.418 loading class java/util/function/IntUnaryOperator done
Event: 4.441 loading class java/util/AbstractList$SubList
Event: 4.442 loading class java/util/AbstractList$SubList done
Event: 4.442 loading class java/util/AbstractList$SubList$1
Event: 4.442 loading class java/util/AbstractList$SubList$1 done
Event: 4.578 Thread 0x000001a6ebe39370 Thread added: 0x000001a6ebe39370
Event: 4.578 Thread 0x000001a6ebe368f0 Thread added: 0x000001a6ebe368f0
Event: 4.583 Thread 0x000001a6ebe35900 Thread added: 0x000001a6ebe35900
Event: 4.583 Thread 0x000001a6ebe3bdf0 Thread added: 0x000001a6ebe3bdf0
Event: 4.583 Thread 0x000001a6ebe3a8b0 Thread added: 0x000001a6ebe3a8b0


Dynamic libraries:
0x00007ff7f4ed0000 - 0x00007ff7f4eda000 	C:\Program Files\Android\Android Studio\jbr\bin\java.exe
0x00007ffb881b0000 - 0x00007ffb883c7000 	C:\windows\SYSTEM32\ntdll.dll
0x00007ffb86da0000 - 0x00007ffb86e64000 	C:\windows\System32\KERNEL32.DLL
0x00007ffb85b30000 - 0x00007ffb85edd000 	C:\windows\System32\KERNELBASE.dll
0x00007ffb855a0000 - 0x00007ffb856b1000 	C:\windows\System32\ucrtbase.dll
0x00007ffb6f440000 - 0x00007ffb6f457000 	C:\Program Files\Android\Android Studio\jbr\bin\jli.dll
0x00007ffb5c140000 - 0x00007ffb5c15b000 	C:\Program Files\Android\Android Studio\jbr\bin\VCRUNTIME140.dll
0x00007ffb86bf0000 - 0x00007ffb86d9e000 	C:\windows\System32\USER32.dll
0x00007ffb85570000 - 0x00007ffb85596000 	C:\windows\System32\win32u.dll
0x00007ffb5d080000 - 0x00007ffb5d313000 	C:\windows\WinSxS\amd64_microsoft.windows.common-controls_6595b64144ccf1df_6.0.22621.3672_none_2713b9d173822955\COMCTL32.dll
0x00007ffb86ef0000 - 0x00007ffb86f19000 	C:\windows\System32\GDI32.dll
0x00007ffb87fc0000 - 0x00007ffb88067000 	C:\windows\System32\msvcrt.dll
0x00007ffb85730000 - 0x00007ffb85849000 	C:\windows\System32\gdi32full.dll
0x00007ffb854d0000 - 0x00007ffb8556a000 	C:\windows\System32\msvcp_win.dll
0x00007ffb87960000 - 0x00007ffb87991000 	C:\windows\System32\IMM32.DLL
0x00007ffb5c2d0000 - 0x00007ffb5c2dc000 	C:\Program Files\Android\Android Studio\jbr\bin\vcruntime140_1.dll
0x00007ffb4cc10000 - 0x00007ffb4cc9d000 	C:\Program Files\Android\Android Studio\jbr\bin\msvcp140.dll
0x00007ffb2b040000 - 0x00007ffb2bcc3000 	C:\Program Files\Android\Android Studio\jbr\bin\server\jvm.dll
0x00007ffb878a0000 - 0x00007ffb87952000 	C:\windows\System32\ADVAPI32.dll
0x00007ffb86770000 - 0x00007ffb86819000 	C:\windows\System32\sechost.dll
0x00007ffb859c0000 - 0x00007ffb859e8000 	C:\windows\System32\bcrypt.dll
0x00007ffb86090000 - 0x00007ffb861a4000 	C:\windows\System32\RPCRT4.dll
0x00007ffb7fa70000 - 0x00007ffb7fa79000 	C:\windows\SYSTEM32\WSOCK32.dll
0x00007ffb793d0000 - 0x00007ffb79404000 	C:\windows\SYSTEM32\WINMM.dll
0x00007ffb86e70000 - 0x00007ffb86ee1000 	C:\windows\System32\WS2_32.dll
0x00007ffb7d9d0000 - 0x00007ffb7d9da000 	C:\windows\SYSTEM32\VERSION.dll
0x00007ffb847c0000 - 0x00007ffb8480d000 	C:\windows\SYSTEM32\POWRPROF.dll
0x00007ffb847a0000 - 0x00007ffb847b3000 	C:\windows\SYSTEM32\UMPDC.dll
0x00007ffb84530000 - 0x00007ffb84548000 	C:\windows\SYSTEM32\kernel.appcore.dll
0x00007ffb7f370000 - 0x00007ffb7f37a000 	C:\Program Files\Android\Android Studio\jbr\bin\jimage.dll
0x00007ffb7f510000 - 0x00007ffb7f742000 	C:\windows\SYSTEM32\DBGHELP.DLL
0x00007ffb879a0000 - 0x00007ffb87d2d000 	C:\windows\System32\combase.dll
0x00007ffb87ee0000 - 0x00007ffb87fb7000 	C:\windows\System32\OLEAUT32.dll
0x00007ffb7f400000 - 0x00007ffb7f432000 	C:\windows\SYSTEM32\dbgcore.DLL
0x00007ffb859f0000 - 0x00007ffb85a6b000 	C:\windows\System32\bcryptPrimitives.dll
0x00007ffb7c810000 - 0x00007ffb7c81e000 	C:\Program Files\Android\Android Studio\jbr\bin\instrument.dll
0x00007ffb5e690000 - 0x00007ffb5e6b5000 	C:\Program Files\Android\Android Studio\jbr\bin\java.dll
0x00007ffb7efa0000 - 0x00007ffb7efb8000 	C:\Program Files\Android\Android Studio\jbr\bin\zip.dll
0x00007ffb87030000 - 0x00007ffb87898000 	C:\windows\System32\SHELL32.dll
0x00007ffb833d0000 - 0x00007ffb83cce000 	C:\windows\SYSTEM32\windows.storage.dll
0x00007ffb83290000 - 0x00007ffb833cf000 	C:\windows\SYSTEM32\wintypes.dll
0x00007ffb86f20000 - 0x00007ffb87019000 	C:\windows\System32\SHCORE.dll
0x00007ffb88070000 - 0x00007ffb880ce000 	C:\windows\System32\shlwapi.dll
0x00007ffb85400000 - 0x00007ffb85421000 	C:\windows\SYSTEM32\profapi.dll
0x00007ffb7e170000 - 0x00007ffb7e189000 	C:\Program Files\Android\Android Studio\jbr\bin\net.dll
0x00007ffb80660000 - 0x00007ffb80796000 	C:\windows\SYSTEM32\WINHTTP.dll
0x00007ffb84a10000 - 0x00007ffb84a79000 	C:\windows\system32\mswsock.dll
0x00007ffb7cce0000 - 0x00007ffb7ccf6000 	C:\Program Files\Android\Android Studio\jbr\bin\nio.dll
0x00007ffb7e110000 - 0x00007ffb7e120000 	C:\Program Files\Android\Android Studio\jbr\bin\verify.dll
0x00007ffb5b910000 - 0x00007ffb5b937000 	C:\Users\user\.gradle\native\c067742578af261105cb4f569cf0c3c89f3d7b1fecec35dd04571415982c5e48\windows-amd64\native-platform.dll
0x00007ffb2a820000 - 0x00007ffb2a964000 	C:\Users\user\.gradle\native\38dada09dfb8b06ba9b0570ebf7e218e3eb74d4ef43ca46872605cf95ebc2f47\windows-amd64\native-platform-file-events.dll
0x00007ffb7ebb0000 - 0x00007ffb7ebb9000 	C:\Program Files\Android\Android Studio\jbr\bin\management.dll
0x00007ffb7e1b0000 - 0x00007ffb7e1bb000 	C:\Program Files\Android\Android Studio\jbr\bin\management_ext.dll
0x00007ffb869f0000 - 0x00007ffb869f8000 	C:\windows\System32\PSAPI.DLL
0x00007ffb84d60000 - 0x00007ffb84d7b000 	C:\windows\SYSTEM32\CRYPTSP.dll
0x00007ffb84420000 - 0x00007ffb84455000 	C:\windows\system32\rsaenh.dll
0x00007ffb84ab0000 - 0x00007ffb84ad8000 	C:\windows\SYSTEM32\USERENV.dll
0x00007ffb84d40000 - 0x00007ffb84d4c000 	C:\windows\SYSTEM32\CRYPTBASE.dll
0x00007ffb83f30000 - 0x00007ffb83f5d000 	C:\windows\SYSTEM32\IPHLPAPI.DLL
0x00007ffb86a00000 - 0x00007ffb86a09000 	C:\windows\System32\NSI.dll
0x00007ffb807e0000 - 0x00007ffb807f9000 	C:\windows\SYSTEM32\dhcpcsvc6.DLL
0x00007ffb807c0000 - 0x00007ffb807df000 	C:\windows\SYSTEM32\dhcpcsvc.DLL
0x00007ffb83fa0000 - 0x00007ffb84098000 	C:\windows\SYSTEM32\DNSAPI.dll
0x00007ffb7f360000 - 0x00007ffb7f369000 	C:\Program Files\Android\Android Studio\jbr\bin\extnet.dll
0x00007ffb566e0000 - 0x00007ffb566e8000 	C:\windows\system32\wshunix.dll

dbghelp: loaded successfully - version: 4.0.5 - missing functions: none
symbol engine: initialized successfully - sym options: 0x614 - pdb path: .;C:\Program Files\Android\Android Studio\jbr\bin;C:\windows\SYSTEM32;C:\windows\WinSxS\amd64_microsoft.windows.common-controls_6595b64144ccf1df_6.0.22621.3672_none_2713b9d173822955;C:\Program Files\Android\Android Studio\jbr\bin\server;C:\Users\user\.gradle\native\c067742578af261105cb4f569cf0c3c89f3d7b1fecec35dd04571415982c5e48\windows-amd64;C:\Users\user\.gradle\native\38dada09dfb8b06ba9b0570ebf7e218e3eb74d4ef43ca46872605cf95ebc2f47\windows-amd64

VM Arguments:
jvm_args: --add-opens=java.base/java.util=ALL-UNNAMED --add-opens=java.base/java.lang=ALL-UNNAMED --add-opens=java.base/java.lang.invoke=ALL-UNNAMED --add-opens=java.prefs/java.util.prefs=ALL-UNNAMED --add-opens=java.base/java.nio.charset=ALL-UNNAMED --add-opens=java.base/java.net=ALL-UNNAMED --add-opens=java.base/java.util.concurrent.atomic=ALL-UNNAMED -Xmx2048m -Dfile.encoding=UTF-8 -Duser.country=KR -Duser.language=ko -Duser.variant -javaagent:C:\Users\user\.gradle\wrapper\dists\gradle-8.7-bin\bhs2wmbdwecv87pi65oeuq5iu\gradle-8.7\lib\agents\gradle-instrumentation-agent-8.7.jar 
java_command: org.gradle.launcher.daemon.bootstrap.GradleDaemon 8.7
java_class_path (initial): C:\Users\user\.gradle\wrapper\dists\gradle-8.7-bin\bhs2wmbdwecv87pi65oeuq5iu\gradle-8.7\lib\gradle-launcher-8.7.jar
Launcher Type: SUN_STANDARD

[Global flags]
     intx CICompilerCount                          = 12                                        {product} {ergonomic}
     uint ConcGCThreads                            = 3                                         {product} {ergonomic}
     uint G1ConcRefinementThreads                  = 13                                        {product} {ergonomic}
   size_t G1HeapRegionSize                         = 1048576                                   {product} {ergonomic}
    uintx GCDrainStackTargetSize                   = 64                                        {product} {ergonomic}
   size_t InitialHeapSize                          = 264241152                                 {product} {ergonomic}
   size_t MarkStackSize                            = 4194304                                   {product} {ergonomic}
   size_t MaxHeapSize                              = 2147483648                                {product} {command line}
   size_t MaxNewSize                               = 1287651328                                {product} {ergonomic}
   size_t MinHeapDeltaBytes                        = 1048576                                   {product} {ergonomic}
   size_t MinHeapSize                              = 8388608                                   {product} {ergonomic}
    uintx NonNMethodCodeHeapSize                   = 7602480                                {pd product} {ergonomic}
    uintx NonProfiledCodeHeapSize                  = 122027880                              {pd product} {ergonomic}
    uintx ProfiledCodeHeapSize                     = 122027880                              {pd product} {ergonomic}
    uintx ReservedCodeCacheSize                    = 251658240                              {pd product} {ergonomic}
     bool SegmentedCodeCache                       = true                                      {product} {ergonomic}
   size_t SoftMaxHeapSize                          = 2147483648                             {manageable} {ergonomic}
     bool UseCompressedClassPointers               = true                           {product lp64_product} {ergonomic}
     bool UseCompressedOops                        = true                           {product lp64_product} {ergonomic}
     bool UseG1GC                                  = true                                      {product} {ergonomic}
     bool UseLargePagesIndividualAllocation        = false                                  {pd product} {ergonomic}

Logging:
Log output configuration:
 #0: stdout all=warning uptime,level,tags
 #1: stderr all=off uptime,level,tags

Environment Variables:
JAVA_HOME=C:\Users\user\playground\jdk-17.0.10
PATH=C:\oraclexe\app\oracle\product\10.2.0\server\bin;C:\windows\system32;C:\windows;C:\windows\System32\Wbem;C:\windows\System32\WindowsPowerShell\v1.0\;C:\windows\System32\OpenSSH\;C:\Program Files\Git\cmd;C:\Program Files\Bandizip\;C:\Program Files\dotnet\;C:\Program Files\nodejs\;C:\Users\user\AppData\Local\Microsoft\WindowsApps;C:\Users\user\AppData\Local\Programs\Microsoft VS Code\bin;C:\Users\user\AppData\Roaming\npm;C:\Users\user\playground\jdk-17.0.10\bin;
USERNAME=user
OS=Windows_NT
PROCESSOR_IDENTIFIER=Intel64 Family 6 Model 191 Stepping 2, GenuineIntel
TMP=C:\Users\user\AppData\Local\Temp
TEMP=C:\Users\user\AppData\Local\Temp



Periodic native trim disabled

JNI global refs:
JNI global refs: 41, weak refs: 0

JNI global refs memory usage: 843, weak refs: 841

Process memory usage:
Resident Set Size: 484100K (2% of 16446036K total physical memory with 2834764K free physical memory)

OOME stack traces (most recent first):
Classloader memory used:
Loader org.gradle.internal.classloader.VisitableURLClassLoader                         : 7820K
Loader bootstrap                                                                       : 2496K
Loader org.gradle.initialization.MixInLegacyTypesClassLoader                           : 771K
Loader org.gradle.internal.classloader.VisitableURLClassLoader                         : 81089B
Loader org.gradle.internal.classloader.VisitableURLClassLoader$InstrumentingVisitableURLClassLoader: 75398B
Loader jdk.internal.loader.ClassLoaders$PlatformClassLoader                            : 69407B
Loader jdk.internal.jrtfs.JrtFileSystemProvider$JrtFsLoader                            : 42010B
Loader jdk.internal.loader.ClassLoaders$AppClassLoader                                 : 28764B
Loader jdk.internal.reflect.DelegatingClassLoader                                      : 28078B
Loader org.gradle.groovy.scripts.internal.DefaultScriptCompilationHandler$ScriptClassLoader: 10713B
Loader org.codehaus.groovy.runtime.callsite.CallSiteClassLoader                        : 6077B

Classes loaded by more than one classloader:
Class org.gradle.api.GradleException                                                  : loaded 3 times (x 80B)
Class org.gradle.util.GradleVersion                                                   : loaded 2 times (x 81B)
Class org.jetbrains.plugins.gradle.model.MavenRepositoryModel                         : loaded 2 times (x 68B)
Class org.gradle.internal.classpath.ClassPath                                         : loaded 2 times (x 68B)
Class org.gradle.api.internal.classpath.DefaultModuleRegistry                         : loaded 2 times (x 84B)
Class org.gradle.internal.exceptions.NonGradleCauseExceptionsHolder                   : loaded 2 times (x 68B)
Class jdk.internal.jimage.BasicImageReader$1                                          : loaded 2 times (x 75B)
Class org.gradle.api.Action                                                           : loaded 2 times (x 68B)
Class jdk.internal.jimage.ImageBufferCache$1                                          : loaded 2 times (x 78B)
Class jdk.internal.jimage.ImageBufferCache$2                                          : loaded 2 times (x 89B)
Class org.gradle.api.internal.DefaultClassPathProvider                                : loaded 2 times (x 74B)
Class org.gradle.internal.installation.GradleInstallation$1                           : loaded 2 times (x 73B)
Class jdk.internal.jrtfs.SystemImage$1                                                : loaded 2 times (x 76B)
Class jdk.internal.jrtfs.SystemImage$2                                                : loaded 2 times (x 74B)
Class org.gradle.internal.exceptions.DefaultMultiCauseException                       : loaded 2 times (x 93B)
Class org.gradle.internal.time.MonotonicClock                                         : loaded 2 times (x 75B)
Class org.gradle.internal.classloader.FilteringClassLoader                            : loaded 2 times (x 103B)
Class jdk.internal.jimage.ImageReader$Resource                                        : loaded 2 times (x 82B)
Class jdk.internal.jrtfs.SystemImage                                                  : loaded 2 times (x 72B)
Class org.gradle.internal.classpath.DefaultClassPath$ImmutableUniqueList$Builder      : loaded 2 times (x 73B)
Class jdk.internal.jrtfs.JrtDirectoryStream$1                                         : loaded 2 times (x 81B)
Class org.gradle.internal.classloader.ClassLoaderVisitor                              : loaded 2 times (x 74B)
Class org.gradle.internal.time.DefaultCountdownTimer                                  : loaded 2 times (x 86B)
Class org.gradle.internal.service.DefaultServiceLocator                               : loaded 2 times (x 81B)
Class org.gradle.internal.service.UnknownServiceException                             : loaded 2 times (x 81B)
Class org.gradle.internal.classloader.DefaultClassLoaderFactory                       : loaded 2 times (x 80B)
Class jdk.internal.jimage.ImageReader$SharedImageReader                               : loaded 2 times (x 93B)
Class jdk.internal.jimage.decompressor.ZipDecompressorFactory                         : loaded 2 times (x 72B)
Class org.gradle.internal.classloader.VisitableURLClassLoader$Spec                    : loaded 2 times (x 72B)
Class org.gradle.tooling.model.ProjectModel                                           : loaded 2 times (x 68B)
Class org.gradle.internal.installation.GradleInstallation                             : loaded 2 times (x 73B)
Class org.gradle.api.internal.classpath.ModuleRegistry                                : loaded 2 times (x 68B)
Class org.jetbrains.plugins.gradle.model.RepositoriesModel                            : loaded 2 times (x 68B)
Class kotlin.jvm.internal.markers.KMappedMarker                                       : loaded 2 times (x 68B)
Class org.gradle.api.internal.ClassPathProvider                                       : loaded 2 times (x 68B)
Class org.gradle.internal.classloader.ClasspathUtil$1                                 : loaded 2 times (x 74B)
Class ijInit2_29h9gt8mtwbpd29sfvvene1je                                               : loaded 2 times (x 177B)
Class org.gradle.internal.classloader.ClassLoaderFactory                              : loaded 2 times (x 68B)
Class jdk.internal.jimage.ImageHeader                                                 : loaded 2 times (x 69B)
Class org.gradle.api.internal.classpath.ManifestUtil                                  : loaded 2 times (x 69B)
Class org.gradle.api.specs.Spec                                                       : loaded 2 times (x 68B)
Class sync_studio_tooling11_bfp2y5a55z3edwnshw19yoelj                                 : loaded 2 times (x 177B)
Class org.gradle.internal.IoActions                                                   : loaded 2 times (x 69B)
Class jdk.internal.jimage.decompressor.StringSharingDecompressorFactory               : loaded 2 times (x 72B)
Class org.gradle.api.internal.classpath.EffectiveClassPath                            : loaded 2 times (x 88B)
Class kotlin.jvm.internal.DefaultConstructorMarker                                    : loaded 2 times (x 69B)
Class org.gradle.internal.exceptions.ResolutionProvider                               : loaded 2 times (x 68B)
Class org.gradle.internal.installation.CurrentGradleInstallation                      : loaded 2 times (x 71B)
Class org.gradle.internal.agents.InstrumentingClassLoader                             : loaded 2 times (x 68B)
Class org.gradle.internal.installation.CurrentGradleInstallationLocator               : loaded 2 times (x 69B)
Class org.gradle.api.internal.classpath.Module                                        : loaded 2 times (x 68B)
Class org.gradle.internal.service.CachingServiceLocator                               : loaded 2 times (x 80B)
Class org.gradle.internal.time.Timer                                                  : loaded 2 times (x 68B)
Class org.gradle.internal.classpath.DefaultClassPath                                  : loaded 2 times (x 88B)
Class jdk.internal.jimage.BasicImageReader                                            : loaded 2 times (x 93B)
Class sync_studio_tooling11_bfp2y5a55z3edwnshw19yoelj$_run_closure1                   : loaded 2 times (x 137B)
Class jdk.internal.jimage.ImageLocation                                               : loaded 2 times (x 88B)
Class kotlin.jvm.functions.Function1                                                  : loaded 2 times (x 68B)
Class jdk.internal.jimage.ImageReader$Node                                            : loaded 2 times (x 82B)
Class org.gradle.internal.time.Time                                                   : loaded 2 times (x 69B)
Class jdk.internal.jimage.decompressor.CompressedResourceHeader                       : loaded 2 times (x 69B)
Class org.gradle.internal.time.TimeSource$1                                           : loaded 2 times (x 75B)
Class jdk.internal.jrtfs.JrtPath                                                      : loaded 2 times (x 116B)
Class jdk.internal.jimage.ImageStrings                                                : loaded 2 times (x 68B)
Class jdk.internal.jrtfs.JrtFileAttributes                                            : loaded 2 times (x 81B)
Class org.gradle.internal.classloader.SystemClassLoaderSpec                           : loaded 2 times (x 69B)
Class jdk.internal.jimage.decompressor.ResourceDecompressorRepository                 : loaded 2 times (x 69B)
Class kotlin.Function                                                                 : loaded 2 times (x 68B)
Class org.gradle.api.UncheckedIOException                                             : loaded 2 times (x 80B)
Class jdk.internal.jimage.decompressor.ResourceDecompressor$StringsProvider           : loaded 2 times (x 68B)
Class jdk.internal.jimage.decompressor.Decompressor                                   : loaded 2 times (x 70B)
Class jdk.internal.jrtfs.JrtFileSystem                                                : loaded 2 times (x 100B)
Class jdk.internal.jrtfs.JrtFileSystemProvider                                        : loaded 2 times (x 97B)
Class org.gradle.internal.time.CountdownTimer                                         : loaded 2 times (x 68B)
Class org.gradle.internal.time.Clock                                                  : loaded 2 times (x 68B)
Class org.gradle.internal.classloader.ClasspathUtil                                   : loaded 2 times (x 69B)
Class jdk.internal.jrtfs.JrtDirectoryStream                                           : loaded 2 times (x 87B)
Class jdk.internal.jimage.decompressor.ResourceDecompressor                           : loaded 2 times (x 68B)
Class org.gradle.api.internal.DefaultClassPathRegistry                                : loaded 2 times (x 74B)
Class org.gradle.api.internal.classpath.DefaultModuleRegistry$DefaultModule           : loaded 2 times (x 84B)
Class org.gradle.internal.time.TimeSource                                             : loaded 2 times (x 68B)
Class org.gradle.api.internal.classpath.UnknownModuleException                        : loaded 2 times (x 80B)
Class org.gradle.internal.service.ServiceLookupException                              : loaded 2 times (x 80B)
Class jdk.internal.jimage.ImageStringsReader                                          : loaded 2 times (x 78B)
Class org.gradle.cache.GlobalCache                                                    : loaded 2 times (x 68B)
Class jdk.internal.jimage.decompressor.ResourceDecompressorFactory                    : loaded 2 times (x 72B)
Class [Lorg.gradle.api.internal.ClassPathProvider;                                    : loaded 2 times (x 67B)
Class jdk.internal.jimage.ImageReader$SharedImageReader$LocationVisitor               : loaded 2 times (x 68B)
Class org.gradle.internal.operations.MultipleBuildOperationFailures                   : loaded 2 times (x 93B)
Class org.gradle.util.internal.GUtil                                                  : loaded 2 times (x 69B)
Class jdk.internal.jimage.decompressor.ZipDecompressor                                : loaded 2 times (x 73B)
Class org.gradle.internal.classloader.ClassLoaderSpec                                 : loaded 2 times (x 69B)
Class org.gradle.internal.classloader.VisitableURLClassLoader                         : loaded 2 times (x 115B)
Class org.gradle.internal.Cast                                                        : loaded 2 times (x 69B)
Class org.gradle.api.internal.ClassPathRegistry                                       : loaded 2 times (x 68B)
Class org.gradle.internal.classloader.VisitableURLClassLoader$InstrumentingVisitableURLClassLoader: loaded 2 times (x 121B)
Class org.gradle.internal.classloader.ClassLoaderHierarchy                            : loaded 2 times (x 68B)
Class org.gradle.internal.exceptions.MultiCauseException                              : loaded 2 times (x 68B)
Class jdk.internal.jimage.ImageReader                                                 : loaded 2 times (x 73B)
Class org.gradle.internal.InternalTransformer                                         : loaded 2 times (x 68B)
Class org.gradle.internal.service.ServiceLocator                                      : loaded 2 times (x 68B)
Class org.gradle.internal.classpath.DefaultClassPath$ImmutableUniqueList              : loaded 2 times (x 159B)
Class jdk.internal.jimage.ImageBufferCache                                            : loaded 2 times (x 69B)
Class org.gradle.internal.time.DefaultTimer                                           : loaded 2 times (x 78B)
Class org.gradle.internal.classpath.TransformedClassPath                              : loaded 2 times (x 94B)
Class jdk.internal.jimage.ImageReader$Directory                                       : loaded 2 times (x 82B)


---------------  S Y S T E M  ---------------

OS:
 Windows 11 , 64 bit Build 22621 (10.0.22621.3958)
OS uptime: 12 days 18:09 hours
Hyper-V role detected

CPU: total 16 (initial active 16) (8 cores per cpu, 2 threads per core) family 6 model 191 stepping 2 microcode 0x26, cx8, cmov, fxsr, ht, mmx, 3dnowpref, sse, sse2, sse3, ssse3, sse4.1, sse4.2, popcnt, lzcnt, tsc, tscinvbit, avx, avx2, aes, erms, clmul, bmi1, bmi2, adx, sha, fma, vzeroupper, clflush, clflushopt, clwb, hv
Processor Information for all 16 processors :
  Max Mhz: 2500, Current Mhz: 2500, Mhz Limit: 2500

Memory: 4k page, system-wide physical 16060M (2768M free)
TotalPageFile size 44310M (AvailPageFile size 10M)
current process WorkingSet (physical memory assigned to process): 476M, peak: 479M
current process commit charge ("private bytes"): 521M, peak: 526M

vm_info: OpenJDK 64-Bit Server VM (17.0.11+0--11852314) for windows-amd64 JRE (17.0.11+0--11852314), built on May 16 2024 21:29:20 by "androidbuild" with MS VC++ 16.10 / 16.11 (VS2019)

END.
