#
# There is insufficient memory for the Java Runtime Environment to continue.
# Native memory allocation (mmap) failed to map 112197632 bytes. Error detail: G1 virtual space
# Possible reasons:
#   The system is out of physical RAM or swap space
#   This process is running with CompressedOops enabled, and the Java Heap may be blocking the growth of the native heap
# Possible solutions:
#   Reduce memory load on the system
#   Increase physical memory or swap space
#   Check if swap backing store is full
#   Decrease Java heap size (-Xmx/-Xms)
#   Decrease number of Java threads
#   Decrease Java thread stack sizes (-Xss)
#   Set larger code cache with -XX:ReservedCodeCacheSize=
#   JVM is running with Unscaled Compressed Oops mode in which the Java heap is
#     placed in the first 4GB address space. The Java Heap base address is the
#     maximum limit for the native heap growth. Please use -XX:HeapBaseMinAddress
#     to set the Java Heap base and to place the Java Heap above 4GB virtual address.
# This output file may be truncated or incomplete.
#
#  Out of Memory Error (os_windows.cpp:3825), pid=22920, tid=12220
#
# JRE version: OpenJDK Runtime Environment (17.0.11) (build 17.0.11+0--11852314)
# Java VM: OpenJDK 64-Bit Server VM (17.0.11+0--11852314, mixed mode, tiered, compressed oops, compressed class ptrs, g1 gc, windows-amd64)
# No core dump will be written. Minidumps are not enabled by default on client versions of Windows
#

---------------  S U M M A R Y ------------

Command Line: --add-opens=java.base/java.util=ALL-UNNAMED --add-opens=java.base/java.lang=ALL-UNNAMED --add-opens=java.base/java.lang.invoke=ALL-UNNAMED --add-opens=java.prefs/java.util.prefs=ALL-UNNAMED --add-opens=java.base/java.nio.charset=ALL-UNNAMED --add-opens=java.base/java.net=ALL-UNNAMED --add-opens=java.base/java.util.concurrent.atomic=ALL-UNNAMED -Xmx2048m -Dfile.encoding=UTF-8 -Duser.country=KR -Duser.language=ko -Duser.variant -javaagent:C:\Users\user\.gradle\wrapper\dists\gradle-8.7-bin\bhs2wmbdwecv87pi65oeuq5iu\gradle-8.7\lib\agents\gradle-instrumentation-agent-8.7.jar org.gradle.launcher.daemon.bootstrap.GradleDaemon 8.7

Host: 13th Gen Intel(R) Core(TM) i5-13400, 16 cores, 15G,  Windows 11 , 64 bit Build 22621 (10.0.22621.3958)
Time: Mon Sep  9 11:10:36 2024  Windows 11 , 64 bit Build 22621 (10.0.22621.3958) elapsed time: 7.838635 seconds (0d 0h 0m 7s)

---------------  T H R E A D  ---------------

Current thread (0x000001541d7ccb10):  VMThread "VM Thread" [stack: 0x0000001deaa00000,0x0000001deab00000] [id=12220]

Stack: [0x0000001deaa00000,0x0000001deab00000]
Native frames: (J=compiled Java code, j=interpreted, Vv=VM code, C=native code)
V  [jvm.dll+0x687bb9]
V  [jvm.dll+0x84142a]
V  [jvm.dll+0x8430ae]
V  [jvm.dll+0x843713]
V  [jvm.dll+0x24a35f]
V  [jvm.dll+0x684989]
V  [jvm.dll+0x67923a]
V  [jvm.dll+0x30af0b]
V  [jvm.dll+0x3123b6]
V  [jvm.dll+0x361dfe]
V  [jvm.dll+0x36202f]
V  [jvm.dll+0x2e0d38]
V  [jvm.dll+0x2df144]
V  [jvm.dll+0x2de74c]
V  [jvm.dll+0x32305b]
V  [jvm.dll+0x847e0b]
V  [jvm.dll+0x848b42]
V  [jvm.dll+0x84905d]
V  [jvm.dll+0x849434]
V  [jvm.dll+0x849500]
V  [jvm.dll+0x7efa4a]
V  [jvm.dll+0x686a35]
C  [ucrtbase.dll+0x29333]
C  [KERNEL32.DLL+0x1257d]
C  [ntdll.dll+0x5af28]

VM_Operation (0x0000001dec9f30c0): G1CollectForAllocation, mode: safepoint, requested by thread 0x00000154249f04e0


---------------  P R O C E S S  ---------------

Threads class SMR info:
_java_thread_list=0x00000154225ab310, length=63, elements={
0x0000015400d1b570, 0x000001541d7dc330, 0x000001541d7dd1b0, 0x000001541d80bfe0,
0x000001541d820ca0, 0x000001541d821760, 0x000001541d822120, 0x000001541d83d110,
0x000001541d83da20, 0x000001541d849490, 0x000001541d635b20, 0x000001541d7f7920,
0x000001541d90f5c0, 0x000001541d90fae0, 0x000001541db6bcd0, 0x000001542479e6b0,
0x0000015424811100, 0x0000015424389420, 0x00000154240278f0, 0x0000015423d55c00,
0x00000154249f0000, 0x00000154249f04e0, 0x00000154241f3a80, 0x00000154241f3060,
0x00000154241f44a0, 0x00000154248b5e00, 0x00000154248b3a90, 0x00000154248b6310,
0x00000154248b8680, 0x00000154248b3fa0, 0x00000154248b7240, 0x00000154248b44b0,
0x00000154248b9fd0, 0x00000154248b49c0, 0x00000154248b3070, 0x00000154248ba4e0,
0x00000154248b53e0, 0x00000154248b6820, 0x00000154248b58f0, 0x00000154248b90a0,
0x00000154248b8b90, 0x00000154248b4ed0, 0x00000154248b9ac0, 0x00000154248b7750,
0x00000154248b7c60, 0x00000154248b8170, 0x00000154248b95b0, 0x00000154248ba9f0,
0x00000154248b3580, 0x00000154267951f0, 0x0000015426798490, 0x00000154267947d0,
0x0000015426794ce0, 0x0000015426792970, 0x0000015426798eb0, 0x0000015426793390,
0x0000015426799de0, 0x00000154267938a0, 0x0000015426795700, 0x0000015426796630,
0x0000015426795c10, 0x00000154261ef5a0, 0x00000154261f4ff0
}

Java Threads: ( => current thread )
  0x0000015400d1b570 JavaThread "main" [_thread_blocked, id=22656, stack(0x0000001dea400000,0x0000001dea500000)]
  0x000001541d7dc330 JavaThread "Reference Handler" daemon [_thread_blocked, id=17780, stack(0x0000001deab00000,0x0000001deac00000)]
  0x000001541d7dd1b0 JavaThread "Finalizer" daemon [_thread_blocked, id=3468, stack(0x0000001deac00000,0x0000001dead00000)]
  0x000001541d80bfe0 JavaThread "Signal Dispatcher" daemon [_thread_blocked, id=14712, stack(0x0000001dead00000,0x0000001deae00000)]
  0x000001541d820ca0 JavaThread "Attach Listener" daemon [_thread_blocked, id=18636, stack(0x0000001deae00000,0x0000001deaf00000)]
  0x000001541d821760 JavaThread "Service Thread" daemon [_thread_blocked, id=15284, stack(0x0000001deaf00000,0x0000001deb000000)]
  0x000001541d822120 JavaThread "Monitor Deflation Thread" daemon [_thread_blocked, id=23152, stack(0x0000001deb000000,0x0000001deb100000)]
  0x000001541d83d110 JavaThread "C2 CompilerThread0" daemon [_thread_blocked, id=19164, stack(0x0000001deb100000,0x0000001deb200000)]
  0x000001541d83da20 JavaThread "C1 CompilerThread0" daemon [_thread_blocked, id=7580, stack(0x0000001deb200000,0x0000001deb300000)]
  0x000001541d849490 JavaThread "Sweeper thread" daemon [_thread_blocked, id=8344, stack(0x0000001deb300000,0x0000001deb400000)]
  0x000001541d635b20 JavaThread "Common-Cleaner" daemon [_thread_blocked, id=6548, stack(0x0000001deb400000,0x0000001deb500000)]
  0x000001541d7f7920 JavaThread "C1 CompilerThread1" daemon [_thread_blocked, id=16740, stack(0x0000001deb500000,0x0000001deb600000)]
  0x000001541d90f5c0 JavaThread "C1 CompilerThread2" daemon [_thread_blocked, id=9448, stack(0x0000001deb600000,0x0000001deb700000)]
  0x000001541d90fae0 JavaThread "C1 CompilerThread3" daemon [_thread_blocked, id=11992, stack(0x0000001deb700000,0x0000001deb800000)]
  0x000001541db6bcd0 JavaThread "Notification Thread" daemon [_thread_blocked, id=22908, stack(0x0000001deb800000,0x0000001deb900000)]
  0x000001542479e6b0 JavaThread "Daemon health stats" [_thread_blocked, id=2780, stack(0x0000001dec300000,0x0000001dec400000)]
  0x0000015424811100 JavaThread "Incoming local TCP Connector on port 51645" [_thread_in_native, id=13824, stack(0x0000001dec400000,0x0000001dec500000)]
  0x0000015424389420 JavaThread "Daemon periodic checks" [_thread_blocked, id=22404, stack(0x0000001dec500000,0x0000001dec600000)]
  0x00000154240278f0 JavaThread "Daemon" [_thread_blocked, id=10924, stack(0x0000001dec600000,0x0000001dec700000)]
  0x0000015423d55c00 JavaThread "Handler for socket connection from /127.0.0.1:51645 to /127.0.0.1:51646" [_thread_in_native, id=8848, stack(0x0000001dec700000,0x0000001dec800000)]
  0x00000154249f0000 JavaThread "Cancel handler" [_thread_blocked, id=20360, stack(0x0000001dec800000,0x0000001dec900000)]
  0x00000154249f04e0 JavaThread "Daemon worker" [_thread_blocked, id=4028, stack(0x0000001dec900000,0x0000001deca00000)]
  0x00000154241f3a80 JavaThread "Asynchronous log dispatcher for DefaultDaemonConnection: socket connection from /127.0.0.1:51645 to /127.0.0.1:51646" [_thread_blocked, id=20248, stack(0x0000001deca00000,0x0000001decb00000)]
  0x00000154241f3060 JavaThread "Stdin handler" [_thread_blocked, id=13776, stack(0x0000001decb00000,0x0000001decc00000)]
  0x00000154241f44a0 JavaThread "Daemon client event forwarder" [_thread_blocked, id=7836, stack(0x0000001decc00000,0x0000001decd00000)]
  0x00000154248b5e00 JavaThread "Cache worker for journal cache (C:\Users\user\.gradle\caches\journal-1)" [_thread_blocked, id=23448, stack(0x0000001debd00000,0x0000001debe00000)]
  0x00000154248b3a90 JavaThread "File lock request listener" [_thread_in_native, id=21164, stack(0x0000001ded600000,0x0000001ded700000)]
  0x00000154248b6310 JavaThread "Cache worker for file hash cache (C:\Users\user\.gradle\caches\8.7\fileHashes)" [_thread_blocked, id=9516, stack(0x0000001ded700000,0x0000001ded800000)]
  0x00000154248b8680 JavaThread "Cache worker for file hash cache (C:\Users\user\AndroidStudioProjects\MyProject\.gradle\8.7\fileHashes)" [_thread_blocked, id=1808, stack(0x0000001ded800000,0x0000001ded900000)]
  0x00000154248b3fa0 JavaThread "File watcher server" daemon [_thread_in_native, id=7884, stack(0x0000001ded900000,0x0000001deda00000)]
  0x00000154248b7240 JavaThread "File watcher consumer" daemon [_thread_blocked, id=15604, stack(0x0000001deda00000,0x0000001dedb00000)]
  0x00000154248b44b0 JavaThread "jar transforms" [_thread_blocked, id=8540, stack(0x0000001dedb00000,0x0000001dedc00000)]
  0x00000154248b9fd0 JavaThread "jar transforms Thread 2" [_thread_blocked, id=22848, stack(0x0000001dedc00000,0x0000001dedd00000)]
  0x00000154248b49c0 JavaThread "jar transforms Thread 3" [_thread_blocked, id=19796, stack(0x0000001dedd00000,0x0000001dede00000)]
  0x00000154248b3070 JavaThread "jar transforms Thread 4" [_thread_blocked, id=4132, stack(0x0000001dede00000,0x0000001dedf00000)]
  0x00000154248ba4e0 JavaThread "jar transforms Thread 5" [_thread_blocked, id=23192, stack(0x0000001dedf00000,0x0000001dee000000)]
  0x00000154248b53e0 JavaThread "jar transforms Thread 6" [_thread_blocked, id=4848, stack(0x0000001dee000000,0x0000001dee100000)]
  0x00000154248b6820 JavaThread "jar transforms Thread 7" [_thread_blocked, id=19484, stack(0x0000001dee100000,0x0000001dee200000)]
  0x00000154248b58f0 JavaThread "jar transforms Thread 8" [_thread_blocked, id=1648, stack(0x0000001dee200000,0x0000001dee300000)]
  0x00000154248b90a0 JavaThread "jar transforms Thread 9" [_thread_blocked, id=14688, stack(0x0000001dee300000,0x0000001dee400000)]
  0x00000154248b8b90 JavaThread "jar transforms Thread 10" [_thread_blocked, id=20316, stack(0x0000001dee400000,0x0000001dee500000)]
  0x00000154248b4ed0 JavaThread "jar transforms Thread 11" [_thread_blocked, id=19312, stack(0x0000001dee500000,0x0000001dee600000)]
  0x00000154248b9ac0 JavaThread "jar transforms Thread 12" [_thread_blocked, id=16804, stack(0x0000001dee600000,0x0000001dee700000)]
  0x00000154248b7750 JavaThread "jar transforms Thread 13" [_thread_blocked, id=6580, stack(0x0000001dee700000,0x0000001dee800000)]
  0x00000154248b7c60 JavaThread "jar transforms Thread 14" [_thread_blocked, id=7748, stack(0x0000001dee800000,0x0000001dee900000)]
  0x00000154248b8170 JavaThread "jar transforms Thread 15" [_thread_blocked, id=9848, stack(0x0000001dee900000,0x0000001deea00000)]
  0x00000154248b95b0 JavaThread "jar transforms Thread 16" [_thread_blocked, id=17940, stack(0x0000001deea00000,0x0000001deeb00000)]
  0x00000154248ba9f0 JavaThread "Cache worker for checksums cache (C:\Users\user\AndroidStudioProjects\MyProject\.gradle\8.7\checksums)" [_thread_blocked, id=4056, stack(0x0000001deeb00000,0x0000001deec00000)]
  0x00000154248b3580 JavaThread "Cache worker for cache directory md-supplier (C:\Users\user\.gradle\caches\8.7\md-supplier)" [_thread_blocked, id=8876, stack(0x0000001deec00000,0x0000001deed00000)]
  0x00000154267951f0 JavaThread "Cache worker for cache directory md-rule (C:\Users\user\.gradle\caches\8.7\md-rule)" [_thread_blocked, id=16484, stack(0x0000001deed00000,0x0000001deee00000)]
  0x0000015426798490 JavaThread "Cache worker for file content cache (C:\Users\user\.gradle\caches\8.7\fileContent)" [_thread_blocked, id=13216, stack(0x0000001deee00000,0x0000001deef00000)]
  0x00000154267947d0 JavaThread "Unconstrained build operations" [_thread_blocked, id=18068, stack(0x0000001deef00000,0x0000001def000000)]
  0x0000015426794ce0 JavaThread "Unconstrained build operations Thread 2" [_thread_blocked, id=15412, stack(0x0000001def000000,0x0000001def100000)]
  0x0000015426792970 JavaThread "Unconstrained build operations Thread 3" [_thread_blocked, id=22856, stack(0x0000001def100000,0x0000001def200000)]
  0x0000015426798eb0 JavaThread "Unconstrained build operations Thread 4" [_thread_blocked, id=23088, stack(0x0000001def200000,0x0000001def300000)]
  0x0000015426793390 JavaThread "Unconstrained build operations Thread 5" [_thread_blocked, id=23520, stack(0x0000001def300000,0x0000001def400000)]
  0x0000015426799de0 JavaThread "Unconstrained build operations Thread 6" [_thread_blocked, id=8620, stack(0x0000001def400000,0x0000001def500000)]
  0x00000154267938a0 JavaThread "Unconstrained build operations Thread 7" [_thread_blocked, id=1800, stack(0x0000001def500000,0x0000001def600000)]
  0x0000015426795700 JavaThread "Unconstrained build operations Thread 8" [_thread_blocked, id=11784, stack(0x0000001def600000,0x0000001def700000)]
  0x0000015426796630 JavaThread "Unconstrained build operations Thread 9" [_thread_blocked, id=13056, stack(0x0000001def700000,0x0000001def800000)]
  0x0000015426795c10 JavaThread "Unconstrained build operations Thread 10" [_thread_blocked, id=6836, stack(0x0000001def800000,0x0000001def900000)]
  0x00000154261ef5a0 JavaThread "C2 CompilerThread1" daemon [_thread_in_native, id=9576, stack(0x0000001deba00000,0x0000001debb00000)]
  0x00000154261f4ff0 JavaThread "C2 CompilerThread2" daemon [_thread_in_native, id=22896, stack(0x0000001debb00000,0x0000001debc00000)]

Other Threads:
=>0x000001541d7ccb10 VMThread "VM Thread" [stack: 0x0000001deaa00000,0x0000001deab00000] [id=12220]
  0x0000015400d1c3f0 WatcherThread [stack: 0x0000001deb900000,0x0000001deba00000] [id=16444]
  0x0000015400d78fd0 GCTaskThread "GC Thread#0" [stack: 0x0000001dea500000,0x0000001dea600000] [id=5196]
  0x0000015423cb7d00 GCTaskThread "GC Thread#1" [stack: 0x0000001debe00000,0x0000001debf00000] [id=17648]
  0x00000154220d6500 GCTaskThread "GC Thread#2" [stack: 0x0000001debf00000,0x0000001dec000000] [id=7240]
  0x0000015423bfb6c0 GCTaskThread "GC Thread#3" [stack: 0x0000001dec000000,0x0000001dec100000] [id=18480]
  0x00000154237e8ba0 GCTaskThread "GC Thread#4" [stack: 0x0000001dec100000,0x0000001dec200000] [id=11500]
  0x00000154237e9120 GCTaskThread "GC Thread#5" [stack: 0x0000001dec200000,0x0000001dec300000] [id=6500]
  0x00000154237e96a0 GCTaskThread "GC Thread#6" [stack: 0x0000001decd00000,0x0000001dece00000] [id=7800]
  0x00000154237e88e0 GCTaskThread "GC Thread#7" [stack: 0x0000001dece00000,0x0000001decf00000] [id=2328]
  0x00000154237e9960 GCTaskThread "GC Thread#8" [stack: 0x0000001decf00000,0x0000001ded000000] [id=6808]
  0x00000154237e9c20 GCTaskThread "GC Thread#9" [stack: 0x0000001ded000000,0x0000001ded100000] [id=20156]
  0x00000154237e80a0 GCTaskThread "GC Thread#10" [stack: 0x0000001ded100000,0x0000001ded200000] [id=8880]
  0x00000154237e8360 GCTaskThread "GC Thread#11" [stack: 0x0000001ded200000,0x0000001ded300000] [id=1984]
  0x0000015423fb6280 GCTaskThread "GC Thread#12" [stack: 0x0000001ded300000,0x0000001ded400000] [id=12840]
  0x0000015400d89f20 ConcurrentGCThread "G1 Main Marker" [stack: 0x0000001dea600000,0x0000001dea700000] [id=22132]
  0x0000015400d8a940 ConcurrentGCThread "G1 Conc#0" [stack: 0x0000001dea700000,0x0000001dea800000] [id=21788]
  0x0000015423fb6d80 ConcurrentGCThread "G1 Conc#1" [stack: 0x0000001ded400000,0x0000001ded500000] [id=11528]
  0x0000015423fb8900 ConcurrentGCThread "G1 Conc#2" [stack: 0x0000001ded500000,0x0000001ded600000] [id=12020]
  0x0000015400dcec50 ConcurrentGCThread "G1 Refine#0" [stack: 0x0000001dea800000,0x0000001dea900000] [id=17376]
  0x0000015426fc8780 ConcurrentGCThread "G1 Refine#1" [stack: 0x0000001debc00000,0x0000001debd00000] [id=19820]
  0x0000015426fc8a70 ConcurrentGCThread "G1 Refine#2" [stack: 0x0000001def900000,0x0000001defa00000] [id=13984]
  0x0000015426fc9920 ConcurrentGCThread "G1 Refine#3" [stack: 0x0000001defa00000,0x0000001defb00000] [id=3420]
  0x0000015426fc9c10 ConcurrentGCThread "G1 Refine#4" [stack: 0x0000001defb00000,0x0000001defc00000] [id=4488]
  0x0000015426fca4e0 ConcurrentGCThread "G1 Refine#5" [stack: 0x0000001defc00000,0x0000001defd00000] [id=16180]
  0x0000015426fc9f00 ConcurrentGCThread "G1 Refine#6" [stack: 0x0000001defd00000,0x0000001defe00000] [id=4048]
  0x0000015426fca1f0 ConcurrentGCThread "G1 Refine#7" [stack: 0x0000001defe00000,0x0000001deff00000] [id=12348]
  0x0000015426fca7d0 ConcurrentGCThread "G1 Refine#8" [stack: 0x0000001deff00000,0x0000001df0000000] [id=11388]
  0x0000015426fc7eb0 ConcurrentGCThread "G1 Refine#9" [stack: 0x0000001df0000000,0x0000001df0100000] [id=20104]
  0x000001541d502000 ConcurrentGCThread "G1 Service" [stack: 0x0000001dea900000,0x0000001deaa00000] [id=12748]

Threads with active compile tasks:
C2 CompilerThread0     7850 8969       4       java.lang.invoke.MethodType::makeImpl (109 bytes)
C2 CompilerThread1     7850 9045       4       org.objectweb.asm.Frame::execute (2318 bytes)
C2 CompilerThread2     7850 9042       4       org.objectweb.asm.SymbolTable::addConstantMemberReference (147 bytes)

VM state: at safepoint (normal execution)

VM Mutex/Monitor currently owned by a thread:  ([mutex/lock_event])
[0x0000015400d17840] Threads_lock - owner thread: 0x000001541d7ccb10
[0x0000015400d17690] Heap_lock - owner thread: 0x00000154249f04e0

Heap address: 0x0000000080000000, size: 2048 MB, Compressed Oops mode: 32-bit

CDS archive(s) not mapped
Compressed class space mapped at: 0x0000000100000000-0x0000000140000000, reserved size: 1073741824
Narrow klass base: 0x0000000000000000, Narrow klass shift: 3, Narrow klass range: 0x140000000

GC Precious Log:
 CPUs: 16 total, 16 available
 Memory: 16060M
 Large Page Support: Disabled
 NUMA Support: Disabled
 Compressed Oops: Enabled (32-bit)
 Heap Region Size: 1M
 Heap Min Capacity: 8M
 Heap Initial Capacity: 252M
 Heap Max Capacity: 2G
 Pre-touch: Disabled
 Parallel Workers: 13
 Concurrent Workers: 3
 Concurrent Refinement Workers: 13
 Periodic GC: Disabled

Heap:
 garbage-first heap   total 258048K, used 114293K [0x0000000080000000, 0x0000000100000000)
  region size 1024K, 5 young (5120K), 5 survivors (5120K)
 Metaspace       used 114266K, committed 114944K, reserved 1179648K
  class space    used 14654K, committed 14976K, reserved 1048576K

Heap Regions: E=young(eden), S=young(survivor), O=old, HS=humongous(starts), HC=humongous(continues), CS=collection set, F=free, OA=open archive, CA=closed archive, TAMS=top-at-mark-start (previous, next)
|   0|0x0000000080000000, 0x0000000080100000, 0x0000000080100000|100%|HS|  |TAMS 0x0000000080100000, 0x0000000080000000| Complete 
|   1|0x0000000080100000, 0x0000000080200000, 0x0000000080200000|100%|HC|  |TAMS 0x0000000080200000, 0x0000000080100000| Complete 
|   2|0x0000000080200000, 0x0000000080300000, 0x0000000080300000|100%|HC|  |TAMS 0x0000000080300000, 0x0000000080200000| Complete 
|   3|0x0000000080300000, 0x0000000080400000, 0x0000000080400000|100%|HC|  |TAMS 0x0000000080400000, 0x0000000080300000| Complete 
|   4|0x0000000080400000, 0x0000000080500000, 0x0000000080500000|100%| O|  |TAMS 0x0000000080500000, 0x0000000080400000| Untracked 
|   5|0x0000000080500000, 0x0000000080600000, 0x0000000080600000|100%| O|  |TAMS 0x0000000080600000, 0x0000000080500000| Untracked 
|   6|0x0000000080600000, 0x0000000080700000, 0x0000000080700000|100%| O|  |TAMS 0x0000000080700000, 0x0000000080600000| Untracked 
|   7|0x0000000080700000, 0x0000000080800000, 0x0000000080800000|100%| O|  |TAMS 0x0000000080800000, 0x0000000080700000| Untracked 
|   8|0x0000000080800000, 0x0000000080900000, 0x0000000080900000|100%| O|  |TAMS 0x0000000080900000, 0x0000000080800000| Untracked 
|   9|0x0000000080900000, 0x0000000080a00000, 0x0000000080a00000|100%| O|  |TAMS 0x0000000080a00000, 0x0000000080900000| Untracked 
|  10|0x0000000080a00000, 0x0000000080b00000, 0x0000000080b00000|100%| O|  |TAMS 0x0000000080b00000, 0x0000000080a00000| Untracked 
|  11|0x0000000080b00000, 0x0000000080c00000, 0x0000000080c00000|100%| O|  |TAMS 0x0000000080c00000, 0x0000000080b00000| Untracked 
|  12|0x0000000080c00000, 0x0000000080d00000, 0x0000000080d00000|100%| O|  |TAMS 0x0000000080d00000, 0x0000000080c00000| Untracked 
|  13|0x0000000080d00000, 0x0000000080e00000, 0x0000000080e00000|100%| O|  |TAMS 0x0000000080e00000, 0x0000000080d00000| Untracked 
|  14|0x0000000080e00000, 0x0000000080f00000, 0x0000000080f00000|100%| O|  |TAMS 0x0000000080f00000, 0x0000000080e00000| Untracked 
|  15|0x0000000080f00000, 0x0000000081000000, 0x0000000081000000|100%| O|  |TAMS 0x0000000081000000, 0x0000000080f00000| Untracked 
|  16|0x0000000081000000, 0x0000000081100000, 0x0000000081100000|100%| O|  |TAMS 0x0000000081100000, 0x0000000081000000| Untracked 
|  17|0x0000000081100000, 0x0000000081200000, 0x0000000081200000|100%| O|  |TAMS 0x0000000081200000, 0x0000000081100000| Untracked 
|  18|0x0000000081200000, 0x0000000081300000, 0x0000000081300000|100%| O|  |TAMS 0x0000000081300000, 0x0000000081200000| Untracked 
|  19|0x0000000081300000, 0x0000000081400000, 0x0000000081400000|100%| O|  |TAMS 0x0000000081400000, 0x0000000081300000| Untracked 
|  20|0x0000000081400000, 0x0000000081500000, 0x0000000081500000|100%| O|  |TAMS 0x0000000081500000, 0x0000000081400000| Untracked 
|  21|0x0000000081500000, 0x0000000081600000, 0x0000000081600000|100%| O|  |TAMS 0x0000000081600000, 0x0000000081500000| Untracked 
|  22|0x0000000081600000, 0x0000000081700000, 0x0000000081700000|100%|HS|  |TAMS 0x0000000081700000, 0x0000000081600000| Complete 
|  23|0x0000000081700000, 0x0000000081800000, 0x0000000081800000|100%|HC|  |TAMS 0x0000000081800000, 0x0000000081700000| Complete 
|  24|0x0000000081800000, 0x0000000081900000, 0x0000000081900000|100%|HC|  |TAMS 0x0000000081900000, 0x0000000081800000| Complete 
|  25|0x0000000081900000, 0x0000000081a00000, 0x0000000081a00000|100%|HC|  |TAMS 0x0000000081a00000, 0x0000000081900000| Complete 
|  26|0x0000000081a00000, 0x0000000081b00000, 0x0000000081b00000|100%|HC|  |TAMS 0x0000000081b00000, 0x0000000081a00000| Complete 
|  27|0x0000000081b00000, 0x0000000081c00000, 0x0000000081c00000|100%|HS|  |TAMS 0x0000000081c00000, 0x0000000081b00000| Complete 
|  28|0x0000000081c00000, 0x0000000081d00000, 0x0000000081d00000|100%|HC|  |TAMS 0x0000000081d00000, 0x0000000081c00000| Complete 
|  29|0x0000000081d00000, 0x0000000081e00000, 0x0000000081e00000|100%|HC|  |TAMS 0x0000000081e00000, 0x0000000081d00000| Complete 
|  30|0x0000000081e00000, 0x0000000081f00000, 0x0000000081f00000|100%|HS|  |TAMS 0x0000000081f00000, 0x0000000081e00000| Complete 
|  31|0x0000000081f00000, 0x0000000082000000, 0x0000000082000000|100%|HC|  |TAMS 0x0000000082000000, 0x0000000081f00000| Complete 
|  32|0x0000000082000000, 0x0000000082100000, 0x0000000082100000|100%|HC|  |TAMS 0x0000000082100000, 0x0000000082000000| Complete 
|  33|0x0000000082100000, 0x0000000082200000, 0x0000000082200000|100%| O|  |TAMS 0x0000000082200000, 0x0000000082100000| Untracked 
|  34|0x0000000082200000, 0x0000000082300000, 0x0000000082300000|100%| O|  |TAMS 0x0000000082300000, 0x0000000082200000| Untracked 
|  35|0x0000000082300000, 0x0000000082400000, 0x0000000082400000|100%| O|  |TAMS 0x0000000082400000, 0x0000000082300000| Untracked 
|  36|0x0000000082400000, 0x0000000082500000, 0x0000000082500000|100%| O|  |TAMS 0x0000000082500000, 0x0000000082400000| Untracked 
|  37|0x0000000082500000, 0x0000000082600000, 0x0000000082600000|100%|HS|  |TAMS 0x0000000082600000, 0x0000000082500000| Complete 
|  38|0x0000000082600000, 0x0000000082700000, 0x0000000082700000|100%| O|  |TAMS 0x0000000082700000, 0x0000000082600000| Untracked 
|  39|0x0000000082700000, 0x0000000082800000, 0x0000000082800000|100%| O|  |TAMS 0x0000000082800000, 0x0000000082700000| Untracked 
|  40|0x0000000082800000, 0x0000000082900000, 0x0000000082900000|100%| O|  |TAMS 0x0000000082900000, 0x0000000082800000| Untracked 
|  41|0x0000000082900000, 0x0000000082a00000, 0x0000000082a00000|100%|HS|  |TAMS 0x0000000082a00000, 0x0000000082900000| Complete 
|  42|0x0000000082a00000, 0x0000000082b00000, 0x0000000082b00000|100%|HC|  |TAMS 0x0000000082b00000, 0x0000000082a00000| Complete 
|  43|0x0000000082b00000, 0x0000000082c00000, 0x0000000082c00000|100%|HC|  |TAMS 0x0000000082c00000, 0x0000000082b00000| Complete 
|  44|0x0000000082c00000, 0x0000000082d00000, 0x0000000082d00000|100%| O|  |TAMS 0x0000000082d00000, 0x0000000082c00000| Untracked 
|  45|0x0000000082d00000, 0x0000000082e00000, 0x0000000082e00000|100%| O|  |TAMS 0x0000000082e00000, 0x0000000082d00000| Untracked 
|  46|0x0000000082e00000, 0x0000000082f00000, 0x0000000082f00000|100%| O|  |TAMS 0x0000000082f00000, 0x0000000082e00000| Untracked 
|  47|0x0000000082f00000, 0x0000000083000000, 0x0000000083000000|100%| O|  |TAMS 0x0000000083000000, 0x0000000082f00000| Untracked 
|  48|0x0000000083000000, 0x0000000083100000, 0x0000000083100000|100%|HS|  |TAMS 0x0000000083100000, 0x0000000083000000| Complete 
|  49|0x0000000083100000, 0x0000000083200000, 0x0000000083200000|100%|HC|  |TAMS 0x0000000083200000, 0x0000000083100000| Complete 
|  50|0x0000000083200000, 0x0000000083300000, 0x0000000083300000|100%|HC|  |TAMS 0x0000000083300000, 0x0000000083200000| Complete 
|  51|0x0000000083300000, 0x0000000083400000, 0x0000000083400000|100%|HC|  |TAMS 0x0000000083400000, 0x0000000083300000| Complete 
|  52|0x0000000083400000, 0x0000000083500000, 0x0000000083500000|100%|HC|  |TAMS 0x0000000083500000, 0x0000000083400000| Complete 
|  53|0x0000000083500000, 0x0000000083600000, 0x0000000083600000|100%| O|  |TAMS 0x0000000083600000, 0x0000000083500000| Untracked 
|  54|0x0000000083600000, 0x0000000083700000, 0x0000000083700000|100%| O|  |TAMS 0x0000000083700000, 0x0000000083600000| Untracked 
|  55|0x0000000083700000, 0x0000000083800000, 0x0000000083800000|100%|HS|  |TAMS 0x0000000083800000, 0x0000000083700000| Complete 
|  56|0x0000000083800000, 0x0000000083900000, 0x0000000083900000|100%|HC|  |TAMS 0x0000000083900000, 0x0000000083800000| Complete 
|  57|0x0000000083900000, 0x0000000083a00000, 0x0000000083a00000|100%|HC|  |TAMS 0x0000000083a00000, 0x0000000083900000| Complete 
|  58|0x0000000083a00000, 0x0000000083b00000, 0x0000000083b00000|100%|HC|  |TAMS 0x0000000083b00000, 0x0000000083a00000| Complete 
|  59|0x0000000083b00000, 0x0000000083c00000, 0x0000000083c00000|100%|HC|  |TAMS 0x0000000083c00000, 0x0000000083b00000| Complete 
|  60|0x0000000083c00000, 0x0000000083d00000, 0x0000000083d00000|100%| O|  |TAMS 0x0000000083d00000, 0x0000000083c00000| Untracked 
|  61|0x0000000083d00000, 0x0000000083e00000, 0x0000000083e00000|100%| O|  |TAMS 0x0000000083e00000, 0x0000000083d00000| Untracked 
|  62|0x0000000083e00000, 0x0000000083f00000, 0x0000000083f00000|100%| O|  |TAMS 0x0000000083f00000, 0x0000000083e00000| Untracked 
|  63|0x0000000083f00000, 0x0000000084000000, 0x0000000084000000|100%| O|  |TAMS 0x0000000084000000, 0x0000000083f00000| Untracked 
|  64|0x0000000084000000, 0x0000000084100000, 0x0000000084100000|100%| O|  |TAMS 0x0000000084100000, 0x0000000084000000| Untracked 
|  65|0x0000000084100000, 0x0000000084200000, 0x0000000084200000|100%| O|  |TAMS 0x0000000084100000, 0x0000000084100000| Untracked 
|  66|0x0000000084200000, 0x0000000084300000, 0x0000000084300000|100%| O|  |TAMS 0x0000000084300000, 0x0000000084200000| Untracked 
|  67|0x0000000084300000, 0x0000000084400000, 0x0000000084400000|100%| O|  |TAMS 0x0000000084400000, 0x0000000084300000| Untracked 
|  68|0x0000000084400000, 0x0000000084500000, 0x0000000084500000|100%| O|  |TAMS 0x0000000084500000, 0x0000000084400000| Untracked 
|  69|0x0000000084500000, 0x0000000084600000, 0x0000000084600000|100%|HS|  |TAMS 0x0000000084600000, 0x0000000084500000| Complete 
|  70|0x0000000084600000, 0x0000000084700000, 0x0000000084700000|100%|HC|  |TAMS 0x0000000084700000, 0x0000000084600000| Complete 
|  71|0x0000000084700000, 0x0000000084800000, 0x0000000084800000|100%|HC|  |TAMS 0x0000000084800000, 0x0000000084700000| Complete 
|  72|0x0000000084800000, 0x0000000084900000, 0x0000000084900000|100%|HC|  |TAMS 0x0000000084900000, 0x0000000084800000| Complete 
|  73|0x0000000084900000, 0x0000000084a00000, 0x0000000084a00000|100%|HC|  |TAMS 0x0000000084a00000, 0x0000000084900000| Complete 
|  74|0x0000000084a00000, 0x0000000084b00000, 0x0000000084b00000|100%|HC|  |TAMS 0x0000000084b00000, 0x0000000084a00000| Complete 
|  75|0x0000000084b00000, 0x0000000084c00000, 0x0000000084c00000|100%|HS|  |TAMS 0x0000000084c00000, 0x0000000084b00000| Complete 
|  76|0x0000000084c00000, 0x0000000084d00000, 0x0000000084d00000|100%| O|  |TAMS 0x0000000084d00000, 0x0000000084c00000| Untracked 
|  77|0x0000000084d00000, 0x0000000084e00000, 0x0000000084e00000|100%| O|  |TAMS 0x0000000084e00000, 0x0000000084d00000| Untracked 
|  78|0x0000000084e00000, 0x0000000084f00000, 0x0000000084f00000|100%| O|  |TAMS 0x0000000084f00000, 0x0000000084e00000| Untracked 
|  79|0x0000000084f00000, 0x0000000085000000, 0x0000000085000000|100%| O|  |TAMS 0x0000000085000000, 0x0000000084f00000| Untracked 
|  80|0x0000000085000000, 0x0000000085100000, 0x0000000085100000|100%| O|  |TAMS 0x0000000085100000, 0x0000000085000000| Untracked 
|  81|0x0000000085100000, 0x0000000085200000, 0x0000000085200000|100%| O|  |TAMS 0x0000000085200000, 0x0000000085100000| Untracked 
|  82|0x0000000085200000, 0x0000000085300000, 0x0000000085300000|100%| O|  |TAMS 0x0000000085300000, 0x0000000085200000| Untracked 
|  83|0x0000000085300000, 0x0000000085400000, 0x0000000085400000|100%| O|  |TAMS 0x0000000085400000, 0x0000000085300000| Untracked 
|  84|0x0000000085400000, 0x0000000085500000, 0x0000000085500000|100%| O|  |TAMS 0x0000000085500000, 0x0000000085400000| Untracked 
|  85|0x0000000085500000, 0x0000000085600000, 0x0000000085600000|100%| O|  |TAMS 0x0000000085600000, 0x0000000085500000| Untracked 
|  86|0x0000000085600000, 0x0000000085700000, 0x0000000085700000|100%| O|  |TAMS 0x0000000085700000, 0x0000000085600000| Untracked 
|  87|0x0000000085700000, 0x0000000085800000, 0x0000000085800000|100%| O|  |TAMS 0x0000000085800000, 0x0000000085700000| Untracked 
|  88|0x0000000085800000, 0x0000000085900000, 0x0000000085900000|100%| O|  |TAMS 0x0000000085900000, 0x0000000085800000| Untracked 
|  89|0x0000000085900000, 0x0000000085a00000, 0x0000000085a00000|100%| O|  |TAMS 0x0000000085a00000, 0x0000000085900000| Untracked 
|  90|0x0000000085a00000, 0x0000000085b00000, 0x0000000085b00000|100%| O|  |TAMS 0x0000000085b00000, 0x0000000085a00000| Untracked 
|  91|0x0000000085b00000, 0x0000000085c00000, 0x0000000085c00000|100%| O|  |TAMS 0x0000000085c00000, 0x0000000085b00000| Untracked 
|  92|0x0000000085c00000, 0x0000000085d00000, 0x0000000085d00000|100%| O|  |TAMS 0x0000000085d00000, 0x0000000085c00000| Untracked 
|  93|0x0000000085d00000, 0x0000000085e00000, 0x0000000085e00000|100%| O|  |TAMS 0x0000000085e00000, 0x0000000085d00000| Untracked 
|  94|0x0000000085e00000, 0x0000000085e00000, 0x0000000085f00000|  0%| F|  |TAMS 0x0000000085e00000, 0x0000000085e00000| Untracked 
|  95|0x0000000085f00000, 0x0000000086000000, 0x0000000086000000|100%| O|  |TAMS 0x0000000086000000, 0x0000000085f00000| Untracked 
|  96|0x0000000086000000, 0x0000000086100000, 0x0000000086100000|100%| O|  |TAMS 0x0000000086100000, 0x0000000086000000| Untracked 
|  97|0x0000000086100000, 0x0000000086200000, 0x0000000086200000|100%| O|  |TAMS 0x0000000086200000, 0x0000000086100000| Untracked 
|  98|0x0000000086200000, 0x0000000086300000, 0x0000000086300000|100%| O|  |TAMS 0x0000000086300000, 0x0000000086200000| Untracked 
|  99|0x0000000086300000, 0x0000000086400000, 0x0000000086400000|100%| O|  |TAMS 0x0000000086400000, 0x0000000086300000| Untracked 
| 100|0x0000000086400000, 0x0000000086500000, 0x0000000086500000|100%| O|  |TAMS 0x0000000086500000, 0x0000000086400000| Untracked 
| 101|0x0000000086500000, 0x0000000086600000, 0x0000000086600000|100%| O|  |TAMS 0x0000000086600000, 0x0000000086500000| Untracked 
| 102|0x0000000086600000, 0x0000000086700000, 0x0000000086700000|100%| O|  |TAMS 0x0000000086700000, 0x0000000086600000| Untracked 
| 103|0x0000000086700000, 0x0000000086800000, 0x0000000086800000|100%| O|  |TAMS 0x0000000086800000, 0x0000000086700000| Untracked 
| 104|0x0000000086800000, 0x0000000086900000, 0x0000000086900000|100%| O|  |TAMS 0x0000000086900000, 0x0000000086800000| Untracked 
| 105|0x0000000086900000, 0x0000000086a00000, 0x0000000086a00000|100%| O|  |TAMS 0x0000000086a00000, 0x0000000086900000| Untracked 
| 106|0x0000000086a00000, 0x0000000086b00000, 0x0000000086b00000|100%| O|  |TAMS 0x0000000086a0d800, 0x0000000086a00000| Untracked 
| 107|0x0000000086b00000, 0x0000000086c00000, 0x0000000086c00000|100%| O|  |TAMS 0x0000000086b00000, 0x0000000086b00000| Untracked 
| 108|0x0000000086c00000, 0x0000000086c02200, 0x0000000086d00000|  0%| O|  |TAMS 0x0000000086c00000, 0x0000000086c00000| Untracked 
| 109|0x0000000086d00000, 0x0000000086d00000, 0x0000000086e00000|  0%| F|  |TAMS 0x0000000086d00000, 0x0000000086d00000| Untracked 
| 110|0x0000000086e00000, 0x0000000086e00000, 0x0000000086f00000|  0%| F|  |TAMS 0x0000000086e00000, 0x0000000086e00000| Untracked 
| 111|0x0000000086f00000, 0x0000000086f00000, 0x0000000087000000|  0%| F|  |TAMS 0x0000000086f00000, 0x0000000086f00000| Untracked 
| 112|0x0000000087000000, 0x0000000087000000, 0x0000000087100000|  0%| F|  |TAMS 0x0000000087000000, 0x0000000087000000| Untracked 
| 113|0x0000000087100000, 0x0000000087100000, 0x0000000087200000|  0%| F|  |TAMS 0x0000000087100000, 0x0000000087100000| Untracked 
| 114|0x0000000087200000, 0x0000000087200000, 0x0000000087300000|  0%| F|  |TAMS 0x0000000087200000, 0x0000000087200000| Untracked 
| 115|0x0000000087300000, 0x0000000087300000, 0x0000000087400000|  0%| F|  |TAMS 0x0000000087300000, 0x0000000087300000| Untracked 
| 116|0x0000000087400000, 0x0000000087400000, 0x0000000087500000|  0%| F|  |TAMS 0x0000000087400000, 0x0000000087400000| Untracked 
| 117|0x0000000087500000, 0x0000000087500000, 0x0000000087600000|  0%| F|  |TAMS 0x0000000087500000, 0x0000000087500000| Untracked 
| 118|0x0000000087600000, 0x0000000087600000, 0x0000000087700000|  0%| F|  |TAMS 0x0000000087600000, 0x0000000087600000| Untracked 
| 119|0x0000000087700000, 0x0000000087700000, 0x0000000087800000|  0%| F|  |TAMS 0x0000000087700000, 0x0000000087700000| Untracked 
| 120|0x0000000087800000, 0x0000000087800000, 0x0000000087900000|  0%| F|  |TAMS 0x0000000087800000, 0x0000000087800000| Untracked 
| 121|0x0000000087900000, 0x0000000087900000, 0x0000000087a00000|  0%| F|  |TAMS 0x0000000087900000, 0x0000000087900000| Untracked 
| 122|0x0000000087a00000, 0x0000000087a00000, 0x0000000087b00000|  0%| F|  |TAMS 0x0000000087a00000, 0x0000000087a00000| Untracked 
| 123|0x0000000087b00000, 0x0000000087b00000, 0x0000000087c00000|  0%| F|  |TAMS 0x0000000087b00000, 0x0000000087b00000| Untracked 
| 124|0x0000000087c00000, 0x0000000087c00000, 0x0000000087d00000|  0%| F|  |TAMS 0x0000000087c00000, 0x0000000087c00000| Untracked 
| 125|0x0000000087d00000, 0x0000000087d00000, 0x0000000087e00000|  0%| F|  |TAMS 0x0000000087d00000, 0x0000000087d00000| Untracked 
| 126|0x0000000087e00000, 0x0000000087e00000, 0x0000000087f00000|  0%| F|  |TAMS 0x0000000087e00000, 0x0000000087e00000| Untracked 
| 127|0x0000000087f00000, 0x0000000087f00000, 0x0000000088000000|  0%| F|  |TAMS 0x0000000087f00000, 0x0000000087f00000| Untracked 
| 128|0x0000000088000000, 0x0000000088000000, 0x0000000088100000|  0%| F|  |TAMS 0x0000000088000000, 0x0000000088000000| Untracked 
| 129|0x0000000088100000, 0x0000000088100000, 0x0000000088200000|  0%| F|  |TAMS 0x0000000088100000, 0x0000000088100000| Untracked 
| 130|0x0000000088200000, 0x0000000088200000, 0x0000000088300000|  0%| F|  |TAMS 0x0000000088200000, 0x0000000088200000| Untracked 
| 131|0x0000000088300000, 0x0000000088300000, 0x0000000088400000|  0%| F|  |TAMS 0x0000000088300000, 0x0000000088300000| Untracked 
| 132|0x0000000088400000, 0x0000000088400000, 0x0000000088500000|  0%| F|  |TAMS 0x0000000088400000, 0x0000000088400000| Untracked 
| 133|0x0000000088500000, 0x000000008859b580, 0x0000000088600000| 60%| S|CS|TAMS 0x0000000088500000, 0x0000000088500000| Complete 
| 134|0x0000000088600000, 0x0000000088700000, 0x0000000088700000|100%| S|CS|TAMS 0x0000000088600000, 0x0000000088600000| Complete 
| 135|0x0000000088700000, 0x0000000088800000, 0x0000000088800000|100%| S|CS|TAMS 0x0000000088700000, 0x0000000088700000| Complete 
| 136|0x0000000088800000, 0x0000000088900000, 0x0000000088900000|100%| S|CS|TAMS 0x0000000088800000, 0x0000000088800000| Complete 
| 137|0x0000000088900000, 0x0000000088a00000, 0x0000000088a00000|100%| S|CS|TAMS 0x0000000088900000, 0x0000000088900000| Complete 
| 138|0x0000000088a00000, 0x0000000088a00000, 0x0000000088b00000|  0%| F|  |TAMS 0x0000000088a00000, 0x0000000088a00000| Untracked 
| 139|0x0000000088b00000, 0x0000000088b00000, 0x0000000088c00000|  0%| F|  |TAMS 0x0000000088b00000, 0x0000000088b00000| Untracked 
| 140|0x0000000088c00000, 0x0000000088c00000, 0x0000000088d00000|  0%| F|  |TAMS 0x0000000088c00000, 0x0000000088c00000| Untracked 
| 141|0x0000000088d00000, 0x0000000088d00000, 0x0000000088e00000|  0%| F|  |TAMS 0x0000000088d00000, 0x0000000088d00000| Untracked 
| 142|0x0000000088e00000, 0x0000000088e00000, 0x0000000088f00000|  0%| F|  |TAMS 0x0000000088e00000, 0x0000000088e00000| Untracked 
| 143|0x0000000088f00000, 0x0000000088f00000, 0x0000000089000000|  0%| F|  |TAMS 0x0000000088f00000, 0x0000000088f00000| Untracked 
| 144|0x0000000089000000, 0x0000000089000000, 0x0000000089100000|  0%| F|  |TAMS 0x0000000089000000, 0x0000000089000000| Untracked 
| 145|0x0000000089100000, 0x0000000089100000, 0x0000000089200000|  0%| F|  |TAMS 0x0000000089100000, 0x0000000089100000| Untracked 
| 146|0x0000000089200000, 0x0000000089200000, 0x0000000089300000|  0%| F|  |TAMS 0x0000000089200000, 0x0000000089200000| Untracked 
| 147|0x0000000089300000, 0x0000000089300000, 0x0000000089400000|  0%| F|  |TAMS 0x0000000089300000, 0x0000000089300000| Untracked 
| 148|0x0000000089400000, 0x0000000089400000, 0x0000000089500000|  0%| F|  |TAMS 0x0000000089400000, 0x0000000089400000| Untracked 
| 149|0x0000000089500000, 0x0000000089500000, 0x0000000089600000|  0%| F|  |TAMS 0x0000000089500000, 0x0000000089500000| Untracked 
| 150|0x0000000089600000, 0x0000000089600000, 0x0000000089700000|  0%| F|  |TAMS 0x0000000089600000, 0x0000000089600000| Untracked 
| 151|0x0000000089700000, 0x0000000089700000, 0x0000000089800000|  0%| F|  |TAMS 0x0000000089700000, 0x0000000089700000| Untracked 
| 152|0x0000000089800000, 0x0000000089800000, 0x0000000089900000|  0%| F|  |TAMS 0x0000000089800000, 0x0000000089800000| Untracked 
| 153|0x0000000089900000, 0x0000000089900000, 0x0000000089a00000|  0%| F|  |TAMS 0x0000000089900000, 0x0000000089900000| Untracked 
| 154|0x0000000089a00000, 0x0000000089a00000, 0x0000000089b00000|  0%| F|  |TAMS 0x0000000089a00000, 0x0000000089a00000| Untracked 
| 155|0x0000000089b00000, 0x0000000089b00000, 0x0000000089c00000|  0%| F|  |TAMS 0x0000000089b00000, 0x0000000089b00000| Untracked 
| 156|0x0000000089c00000, 0x0000000089c00000, 0x0000000089d00000|  0%| F|  |TAMS 0x0000000089c00000, 0x0000000089c00000| Untracked 
| 157|0x0000000089d00000, 0x0000000089d00000, 0x0000000089e00000|  0%| F|  |TAMS 0x0000000089d00000, 0x0000000089d00000| Untracked 
| 158|0x0000000089e00000, 0x0000000089e00000, 0x0000000089f00000|  0%| F|  |TAMS 0x0000000089e00000, 0x0000000089e00000| Untracked 
| 159|0x0000000089f00000, 0x0000000089f00000, 0x000000008a000000|  0%| F|  |TAMS 0x0000000089f00000, 0x0000000089f00000| Untracked 
| 160|0x000000008a000000, 0x000000008a000000, 0x000000008a100000|  0%| F|  |TAMS 0x000000008a000000, 0x000000008a000000| Untracked 
| 161|0x000000008a100000, 0x000000008a100000, 0x000000008a200000|  0%| F|  |TAMS 0x000000008a100000, 0x000000008a100000| Untracked 
| 162|0x000000008a200000, 0x000000008a200000, 0x000000008a300000|  0%| F|  |TAMS 0x000000008a200000, 0x000000008a200000| Untracked 
| 163|0x000000008a300000, 0x000000008a300000, 0x000000008a400000|  0%| F|  |TAMS 0x000000008a300000, 0x000000008a300000| Untracked 
| 164|0x000000008a400000, 0x000000008a400000, 0x000000008a500000|  0%| F|  |TAMS 0x000000008a400000, 0x000000008a400000| Untracked 
| 165|0x000000008a500000, 0x000000008a500000, 0x000000008a600000|  0%| F|  |TAMS 0x000000008a500000, 0x000000008a500000| Untracked 
| 166|0x000000008a600000, 0x000000008a600000, 0x000000008a700000|  0%| F|  |TAMS 0x000000008a600000, 0x000000008a600000| Untracked 
| 167|0x000000008a700000, 0x000000008a700000, 0x000000008a800000|  0%| F|  |TAMS 0x000000008a700000, 0x000000008a700000| Untracked 
| 168|0x000000008a800000, 0x000000008a800000, 0x000000008a900000|  0%| F|  |TAMS 0x000000008a800000, 0x000000008a800000| Untracked 
| 169|0x000000008a900000, 0x000000008a900000, 0x000000008aa00000|  0%| F|  |TAMS 0x000000008a900000, 0x000000008a900000| Untracked 
| 170|0x000000008aa00000, 0x000000008aa00000, 0x000000008ab00000|  0%| F|  |TAMS 0x000000008aa00000, 0x000000008aa00000| Untracked 
| 171|0x000000008ab00000, 0x000000008ab00000, 0x000000008ac00000|  0%| F|  |TAMS 0x000000008ab00000, 0x000000008ab00000| Untracked 
| 172|0x000000008ac00000, 0x000000008ac00000, 0x000000008ad00000|  0%| F|  |TAMS 0x000000008ac00000, 0x000000008ac00000| Untracked 
| 173|0x000000008ad00000, 0x000000008ad00000, 0x000000008ae00000|  0%| F|  |TAMS 0x000000008ad00000, 0x000000008ad00000| Untracked 
| 174|0x000000008ae00000, 0x000000008ae00000, 0x000000008af00000|  0%| F|  |TAMS 0x000000008ae00000, 0x000000008ae00000| Untracked 
| 175|0x000000008af00000, 0x000000008af00000, 0x000000008b000000|  0%| F|  |TAMS 0x000000008af00000, 0x000000008af00000| Untracked 
| 176|0x000000008b000000, 0x000000008b000000, 0x000000008b100000|  0%| F|  |TAMS 0x000000008b000000, 0x000000008b000000| Untracked 
| 177|0x000000008b100000, 0x000000008b100000, 0x000000008b200000|  0%| F|  |TAMS 0x000000008b100000, 0x000000008b100000| Untracked 
| 178|0x000000008b200000, 0x000000008b200000, 0x000000008b300000|  0%| F|  |TAMS 0x000000008b200000, 0x000000008b200000| Untracked 
| 179|0x000000008b300000, 0x000000008b300000, 0x000000008b400000|  0%| F|  |TAMS 0x000000008b300000, 0x000000008b300000| Untracked 
| 180|0x000000008b400000, 0x000000008b400000, 0x000000008b500000|  0%| F|  |TAMS 0x000000008b400000, 0x000000008b400000| Untracked 
| 181|0x000000008b500000, 0x000000008b500000, 0x000000008b600000|  0%| F|  |TAMS 0x000000008b500000, 0x000000008b500000| Untracked 
| 182|0x000000008b600000, 0x000000008b600000, 0x000000008b700000|  0%| F|  |TAMS 0x000000008b600000, 0x000000008b600000| Untracked 
| 183|0x000000008b700000, 0x000000008b700000, 0x000000008b800000|  0%| F|  |TAMS 0x000000008b700000, 0x000000008b700000| Untracked 
| 184|0x000000008b800000, 0x000000008b800000, 0x000000008b900000|  0%| F|  |TAMS 0x000000008b800000, 0x000000008b800000| Untracked 
| 185|0x000000008b900000, 0x000000008b900000, 0x000000008ba00000|  0%| F|  |TAMS 0x000000008b900000, 0x000000008b900000| Untracked 
| 186|0x000000008ba00000, 0x000000008ba00000, 0x000000008bb00000|  0%| F|  |TAMS 0x000000008ba00000, 0x000000008ba00000| Untracked 
| 187|0x000000008bb00000, 0x000000008bb00000, 0x000000008bc00000|  0%| F|  |TAMS 0x000000008bb00000, 0x000000008bb00000| Untracked 
| 188|0x000000008bc00000, 0x000000008bc00000, 0x000000008bd00000|  0%| F|  |TAMS 0x000000008bc00000, 0x000000008bc00000| Untracked 
| 189|0x000000008bd00000, 0x000000008bd00000, 0x000000008be00000|  0%| F|  |TAMS 0x000000008bd00000, 0x000000008bd00000| Untracked 
| 190|0x000000008be00000, 0x000000008be00000, 0x000000008bf00000|  0%| F|  |TAMS 0x000000008be00000, 0x000000008be00000| Untracked 
| 191|0x000000008bf00000, 0x000000008bf00000, 0x000000008c000000|  0%| F|  |TAMS 0x000000008bf00000, 0x000000008bf00000| Untracked 
| 192|0x000000008c000000, 0x000000008c000000, 0x000000008c100000|  0%| F|  |TAMS 0x000000008c000000, 0x000000008c000000| Untracked 
| 193|0x000000008c100000, 0x000000008c100000, 0x000000008c200000|  0%| F|  |TAMS 0x000000008c100000, 0x000000008c100000| Untracked 
| 194|0x000000008c200000, 0x000000008c200000, 0x000000008c300000|  0%| F|  |TAMS 0x000000008c200000, 0x000000008c200000| Untracked 
| 195|0x000000008c300000, 0x000000008c300000, 0x000000008c400000|  0%| F|  |TAMS 0x000000008c300000, 0x000000008c300000| Untracked 
| 196|0x000000008c400000, 0x000000008c400000, 0x000000008c500000|  0%| F|  |TAMS 0x000000008c400000, 0x000000008c400000| Untracked 
| 197|0x000000008c500000, 0x000000008c500000, 0x000000008c600000|  0%| F|  |TAMS 0x000000008c500000, 0x000000008c500000| Untracked 
| 198|0x000000008c600000, 0x000000008c600000, 0x000000008c700000|  0%| F|  |TAMS 0x000000008c600000, 0x000000008c600000| Untracked 
| 199|0x000000008c700000, 0x000000008c700000, 0x000000008c800000|  0%| F|  |TAMS 0x000000008c700000, 0x000000008c700000| Untracked 
| 200|0x000000008c800000, 0x000000008c800000, 0x000000008c900000|  0%| F|  |TAMS 0x000000008c800000, 0x000000008c800000| Untracked 
| 201|0x000000008c900000, 0x000000008c900000, 0x000000008ca00000|  0%| F|  |TAMS 0x000000008c900000, 0x000000008c900000| Untracked 
| 202|0x000000008ca00000, 0x000000008ca00000, 0x000000008cb00000|  0%| F|  |TAMS 0x000000008ca00000, 0x000000008ca00000| Untracked 
| 203|0x000000008cb00000, 0x000000008cb00000, 0x000000008cc00000|  0%| F|  |TAMS 0x000000008cb00000, 0x000000008cb00000| Untracked 
| 204|0x000000008cc00000, 0x000000008cc00000, 0x000000008cd00000|  0%| F|  |TAMS 0x000000008cc00000, 0x000000008cc00000| Untracked 
| 205|0x000000008cd00000, 0x000000008cd00000, 0x000000008ce00000|  0%| F|  |TAMS 0x000000008cd00000, 0x000000008cd00000| Untracked 
| 206|0x000000008ce00000, 0x000000008ce00000, 0x000000008cf00000|  0%| F|  |TAMS 0x000000008ce00000, 0x000000008ce00000| Untracked 
| 207|0x000000008cf00000, 0x000000008cf00000, 0x000000008d000000|  0%| F|  |TAMS 0x000000008cf00000, 0x000000008cf00000| Untracked 
| 208|0x000000008d000000, 0x000000008d000000, 0x000000008d100000|  0%| F|  |TAMS 0x000000008d000000, 0x000000008d000000| Untracked 
| 209|0x000000008d100000, 0x000000008d100000, 0x000000008d200000|  0%| F|  |TAMS 0x000000008d100000, 0x000000008d100000| Untracked 
| 210|0x000000008d200000, 0x000000008d200000, 0x000000008d300000|  0%| F|  |TAMS 0x000000008d200000, 0x000000008d200000| Untracked 
| 211|0x000000008d300000, 0x000000008d300000, 0x000000008d400000|  0%| F|  |TAMS 0x000000008d300000, 0x000000008d300000| Untracked 
| 212|0x000000008d400000, 0x000000008d400000, 0x000000008d500000|  0%| F|  |TAMS 0x000000008d400000, 0x000000008d400000| Untracked 
| 213|0x000000008d500000, 0x000000008d500000, 0x000000008d600000|  0%| F|  |TAMS 0x000000008d500000, 0x000000008d500000| Untracked 
| 214|0x000000008d600000, 0x000000008d600000, 0x000000008d700000|  0%| F|  |TAMS 0x000000008d600000, 0x000000008d600000| Untracked 
| 215|0x000000008d700000, 0x000000008d700000, 0x000000008d800000|  0%| F|  |TAMS 0x000000008d700000, 0x000000008d700000| Untracked 
| 216|0x000000008d800000, 0x000000008d800000, 0x000000008d900000|  0%| F|  |TAMS 0x000000008d800000, 0x000000008d800000| Untracked 
| 217|0x000000008d900000, 0x000000008d900000, 0x000000008da00000|  0%| F|  |TAMS 0x000000008d900000, 0x000000008d900000| Untracked 
| 218|0x000000008da00000, 0x000000008da00000, 0x000000008db00000|  0%| F|  |TAMS 0x000000008da00000, 0x000000008da00000| Untracked 
| 219|0x000000008db00000, 0x000000008db00000, 0x000000008dc00000|  0%| F|  |TAMS 0x000000008db00000, 0x000000008db00000| Untracked 
| 220|0x000000008dc00000, 0x000000008dc00000, 0x000000008dd00000|  0%| F|  |TAMS 0x000000008dc00000, 0x000000008dc00000| Untracked 
| 221|0x000000008dd00000, 0x000000008dd00000, 0x000000008de00000|  0%| F|  |TAMS 0x000000008dd00000, 0x000000008dd00000| Untracked 
| 222|0x000000008de00000, 0x000000008de00000, 0x000000008df00000|  0%| F|  |TAMS 0x000000008de00000, 0x000000008de00000| Untracked 
| 223|0x000000008df00000, 0x000000008df00000, 0x000000008e000000|  0%| F|  |TAMS 0x000000008df00000, 0x000000008df00000| Untracked 
| 224|0x000000008e000000, 0x000000008e000000, 0x000000008e100000|  0%| F|  |TAMS 0x000000008e000000, 0x000000008e000000| Untracked 
| 225|0x000000008e100000, 0x000000008e100000, 0x000000008e200000|  0%| F|  |TAMS 0x000000008e100000, 0x000000008e100000| Untracked 
| 226|0x000000008e200000, 0x000000008e200000, 0x000000008e300000|  0%| F|  |TAMS 0x000000008e200000, 0x000000008e200000| Untracked 
| 227|0x000000008e300000, 0x000000008e300000, 0x000000008e400000|  0%| F|  |TAMS 0x000000008e300000, 0x000000008e300000| Untracked 
| 228|0x000000008e400000, 0x000000008e400000, 0x000000008e500000|  0%| F|  |TAMS 0x000000008e400000, 0x000000008e400000| Untracked 
| 229|0x000000008e500000, 0x000000008e500000, 0x000000008e600000|  0%| F|  |TAMS 0x000000008e500000, 0x000000008e500000| Untracked 
| 230|0x000000008e600000, 0x000000008e600000, 0x000000008e700000|  0%| F|  |TAMS 0x000000008e600000, 0x000000008e600000| Untracked 
| 231|0x000000008e700000, 0x000000008e700000, 0x000000008e800000|  0%| F|  |TAMS 0x000000008e700000, 0x000000008e700000| Untracked 
| 232|0x000000008e800000, 0x000000008e800000, 0x000000008e900000|  0%| F|  |TAMS 0x000000008e800000, 0x000000008e800000| Untracked 
| 233|0x000000008e900000, 0x000000008e900000, 0x000000008ea00000|  0%| F|  |TAMS 0x000000008e900000, 0x000000008e900000| Untracked 
| 234|0x000000008ea00000, 0x000000008ea00000, 0x000000008eb00000|  0%| F|  |TAMS 0x000000008ea00000, 0x000000008ea00000| Untracked 
| 235|0x000000008eb00000, 0x000000008eb00000, 0x000000008ec00000|  0%| F|  |TAMS 0x000000008eb00000, 0x000000008eb00000| Untracked 
| 236|0x000000008ec00000, 0x000000008ec00000, 0x000000008ed00000|  0%| F|  |TAMS 0x000000008ec00000, 0x000000008ec00000| Untracked 
| 237|0x000000008ed00000, 0x000000008ed00000, 0x000000008ee00000|  0%| F|  |TAMS 0x000000008ed00000, 0x000000008ed00000| Untracked 
| 238|0x000000008ee00000, 0x000000008ee00000, 0x000000008ef00000|  0%| F|  |TAMS 0x000000008ee00000, 0x000000008ee00000| Untracked 
| 239|0x000000008ef00000, 0x000000008ef00000, 0x000000008f000000|  0%| F|  |TAMS 0x000000008ef00000, 0x000000008ef00000| Untracked 
| 240|0x000000008f000000, 0x000000008f000000, 0x000000008f100000|  0%| F|  |TAMS 0x000000008f000000, 0x000000008f000000| Untracked 
| 241|0x000000008f100000, 0x000000008f100000, 0x000000008f200000|  0%| F|  |TAMS 0x000000008f100000, 0x000000008f100000| Untracked 
| 242|0x000000008f200000, 0x000000008f200000, 0x000000008f300000|  0%| F|  |TAMS 0x000000008f200000, 0x000000008f200000| Untracked 
| 243|0x000000008f300000, 0x000000008f300000, 0x000000008f400000|  0%| F|  |TAMS 0x000000008f300000, 0x000000008f300000| Untracked 
| 244|0x000000008f400000, 0x000000008f400000, 0x000000008f500000|  0%| F|  |TAMS 0x000000008f400000, 0x000000008f400000| Untracked 
| 245|0x000000008f500000, 0x000000008f500000, 0x000000008f600000|  0%| F|  |TAMS 0x000000008f500000, 0x000000008f500000| Untracked 
| 246|0x000000008f600000, 0x000000008f600000, 0x000000008f700000|  0%| F|  |TAMS 0x000000008f600000, 0x000000008f600000| Untracked 
| 247|0x000000008f700000, 0x000000008f700000, 0x000000008f800000|  0%| F|  |TAMS 0x000000008f700000, 0x000000008f700000| Untracked 
| 248|0x000000008f800000, 0x000000008f800000, 0x000000008f900000|  0%| F|  |TAMS 0x000000008f800000, 0x000000008f800000| Untracked 
| 249|0x000000008f900000, 0x000000008f900000, 0x000000008fa00000|  0%| F|  |TAMS 0x000000008f900000, 0x000000008f900000| Untracked 
| 250|0x000000008fa00000, 0x000000008fa00000, 0x000000008fb00000|  0%| F|  |TAMS 0x000000008fa00000, 0x000000008fa00000| Untracked 
| 251|0x000000008fb00000, 0x000000008fb00000, 0x000000008fc00000|  0%| F|  |TAMS 0x000000008fb00000, 0x000000008fb00000| Untracked 

Card table byte_map: [0x0000015415da0000,0x00000154161a0000] _byte_map_base: 0x00000154159a0000

Marking Bits (Prev, Next): (CMBitMap*) 0x0000015400d79630, (CMBitMap*) 0x0000015400d795f0
 Prev Bits: [0x00000154185a0000, 0x000001541a5a0000)
 Next Bits: [0x00000154165a0000, 0x00000154185a0000)

Polling page: 0x0000015400dd0000

Metaspace:

Usage:
  Non-class:     97.28 MB used.
      Class:     14.31 MB used.
       Both:    111.59 MB used.

Virtual space:
  Non-class space:      128.00 MB reserved,      97.62 MB ( 76%) committed,  2 nodes.
      Class space:        1.00 GB reserved,      14.62 MB (  1%) committed,  1 nodes.
             Both:        1.12 GB reserved,     112.25 MB ( 10%) committed. 

Chunk freelists:
   Non-Class:  14.15 MB
       Class:  1.44 MB
        Both:  15.58 MB

MaxMetaspaceSize: unlimited
CompressedClassSpaceSize: 1.00 GB
Initial GC threshold: 21.00 MB
Current GC threshold: 167.12 MB
CDS: off
MetaspaceReclaimPolicy: balanced
 - commit_granule_bytes: 65536.
 - commit_granule_words: 8192.
 - virtual_space_node_default_size: 8388608.
 - enlarge_chunks_in_place: 1.
 - new_chunks_are_fully_committed: 0.
 - uncommit_free_chunks: 1.
 - use_allocation_guard: 0.
 - handle_deallocations: 1.


Internal statistics:

num_allocs_failed_limit: 6.
num_arena_births: 732.
num_arena_deaths: 0.
num_vsnodes_births: 3.
num_vsnodes_deaths: 0.
num_space_committed: 1794.
num_space_uncommitted: 0.
num_chunks_returned_to_freelist: 6.
num_chunks_taken_from_freelist: 4479.
num_chunk_merges: 6.
num_chunk_splits: 3501.
num_chunks_enlarged: 2897.
num_inconsistent_stats: 0.

CodeHeap 'non-profiled nmethods': size=119168Kb used=4036Kb max_used=4825Kb free=115131Kb
 bounds [0x000001540d580000, 0x000001540da40000, 0x00000154149e0000]
CodeHeap 'profiled nmethods': size=119104Kb used=17068Kb max_used=17110Kb free=102035Kb
 bounds [0x00000154059e0000, 0x0000015406aa0000, 0x000001540ce30000]
CodeHeap 'non-nmethods': size=7488Kb used=4237Kb max_used=4237Kb free=3250Kb
 bounds [0x000001540ce30000, 0x000001540d260000, 0x000001540d580000]
 total_blobs=8964 nmethods=7903 adapters=967
 compilation: enabled
              stopped_count=0, restarted_count=0
 full_count=0

Compilation events (20 events):
Event: 7.827 Thread 0x000001541d90f5c0 nmethod 9266 0x0000015406581610 code [0x00000154065817c0, 0x00000154065819c8]
Event: 7.827 Thread 0x000001541d7f7920 nmethod 9268 0x000001540666ef10 code [0x000001540666f100, 0x000001540666f5c8]
Event: 7.827 Thread 0x000001541d7f7920 9270       3       org.jetbrains.kotlin.descriptors.impl.LazyPackageViewDescriptorImpl$empty$2::invoke (5 bytes)
Event: 7.827 Thread 0x000001541d90fae0 nmethod 9267 0x0000015406760290 code [0x0000015406760480, 0x0000015406760a48]
Event: 7.827 Thread 0x000001541d83da20 nmethod 9269 0x000001540687ff10 code [0x00000154068800e0, 0x0000015406880518]
Event: 7.827 Thread 0x000001541d83da20 9271       3       org.jetbrains.kotlin.descriptors.impl.LazyPackageViewDescriptorImpl$empty$2::invoke (24 bytes)
Event: 7.828 Thread 0x000001541d83da20 nmethod 9271 0x0000015406414390 code [0x00000154064145a0, 0x0000015406414b88]
Event: 7.828 Thread 0x000001541d7f7920 nmethod 9270 0x0000015406413890 code [0x0000015406413aa0, 0x00000154064140e8]
Event: 7.828 Thread 0x000001541d7f7920 9272       2       org.jetbrains.kotlin.utils.WrappedValues::unescapeExceptionOrNull (16 bytes)
Event: 7.828 Thread 0x000001541d83da20 9273       2       org.jetbrains.kotlin.utils.WrappedValues::unescapeNull (19 bytes)
Event: 7.828 Thread 0x000001541d83da20 nmethod 9273 0x0000015406557990 code [0x0000015406557b40, 0x0000015406557ca8]
Event: 7.828 Thread 0x000001541d7f7920 nmethod 9272 0x0000015406316a10 code [0x0000015406316bc0, 0x0000015406316d48]
Event: 7.829 Thread 0x000001541d90f5c0 9274       3       org.jetbrains.kotlin.metadata.ProtoBuf$Function::writeTo (448 bytes)
Event: 7.830 Thread 0x000001541d83da20 9275       3       org.jetbrains.kotlin.com.intellij.util.containers.IntArrayList::isEmpty (13 bytes)
Event: 7.830 Thread 0x000001541d83da20 nmethod 9275 0x0000015406177890 code [0x0000015406177a20, 0x0000015406177b98]
Event: 7.831 Thread 0x000001541d90f5c0 nmethod 9274 0x000001540640d390 code [0x000001540640dbe0, 0x0000015406411f18]
Event: 7.832 Thread 0x000001541d90f5c0 9278       3       org.jetbrains.kotlin.load.java.lazy.LazyJavaPackageFragmentProvider::isEmpty (32 bytes)
Event: 7.832 Thread 0x000001541d90f5c0 nmethod 9278 0x000001540640c690 code [0x000001540640c8c0, 0x000001540640d008]
Event: 7.832 Thread 0x000001541d90fae0 9279       1       org.jetbrains.kotlin.load.java.lazy.JavaResolverComponents::getKotlinTypeChecker (5 bytes)
Event: 7.832 Thread 0x000001541d90fae0 nmethod 9279 0x000001540d5c2a10 code [0x000001540d5c2ba0, 0x000001540d5c2c78]

GC Heap History (20 events):
Event: 5.396 GC heap after
{Heap after GC invocations=35 (full 0):
 garbage-first heap   total 175104K, used 95212K [0x0000000080000000, 0x0000000100000000)
  region size 1024K, 7 young (7168K), 7 survivors (7168K)
 Metaspace       used 81853K, committed 82432K, reserved 1179648K
  class space    used 11031K, committed 11328K, reserved 1048576K
}
Event: 5.718 GC heap before
{Heap before GC invocations=35 (full 0):
 garbage-first heap   total 175104K, used 138220K [0x0000000080000000, 0x0000000100000000)
  region size 1024K, 49 young (50176K), 7 survivors (7168K)
 Metaspace       used 86707K, committed 87360K, reserved 1179648K
  class space    used 11622K, committed 11904K, reserved 1048576K
}
Event: 5.721 GC heap after
{Heap after GC invocations=36 (full 0):
 garbage-first heap   total 175104K, used 97978K [0x0000000080000000, 0x0000000100000000)
  region size 1024K, 7 young (7168K), 7 survivors (7168K)
 Metaspace       used 86707K, committed 87360K, reserved 1179648K
  class space    used 11622K, committed 11904K, reserved 1048576K
}
Event: 5.989 GC heap before
{Heap before GC invocations=37 (full 0):
 garbage-first heap   total 175104K, used 140986K [0x0000000080000000, 0x0000000100000000)
  region size 1024K, 48 young (49152K), 7 survivors (7168K)
 Metaspace       used 90855K, committed 91456K, reserved 1179648K
  class space    used 12150K, committed 12416K, reserved 1048576K
}
Event: 5.992 GC heap after
{Heap after GC invocations=38 (full 0):
 garbage-first heap   total 175104K, used 102468K [0x0000000080000000, 0x0000000100000000)
  region size 1024K, 6 young (6144K), 6 survivors (6144K)
 Metaspace       used 90855K, committed 91456K, reserved 1179648K
  class space    used 12150K, committed 12416K, reserved 1048576K
}
Event: 6.001 GC heap before
{Heap before GC invocations=38 (full 0):
 garbage-first heap   total 175104K, used 104516K [0x0000000080000000, 0x0000000100000000)
  region size 1024K, 8 young (8192K), 6 survivors (6144K)
 Metaspace       used 90867K, committed 91456K, reserved 1179648K
  class space    used 12150K, committed 12416K, reserved 1048576K
}
Event: 6.003 GC heap after
{Heap after GC invocations=39 (full 0):
 garbage-first heap   total 175104K, used 103210K [0x0000000080000000, 0x0000000100000000)
  region size 1024K, 1 young (1024K), 1 survivors (1024K)
 Metaspace       used 90867K, committed 91456K, reserved 1179648K
  class space    used 12150K, committed 12416K, reserved 1048576K
}
Event: 6.256 GC heap before
{Heap before GC invocations=39 (full 0):
 garbage-first heap   total 175104K, used 142122K [0x0000000080000000, 0x0000000100000000)
  region size 1024K, 39 young (39936K), 1 survivors (1024K)
 Metaspace       used 93261K, committed 93824K, reserved 1179648K
  class space    used 12412K, committed 12672K, reserved 1048576K
}
Event: 6.258 GC heap after
{Heap after GC invocations=40 (full 0):
 garbage-first heap   total 175104K, used 105701K [0x0000000080000000, 0x0000000100000000)
  region size 1024K, 4 young (4096K), 4 survivors (4096K)
 Metaspace       used 93261K, committed 93824K, reserved 1179648K
  class space    used 12412K, committed 12672K, reserved 1048576K
}
Event: 6.575 GC heap before
{Heap before GC invocations=41 (full 0):
 garbage-first heap   total 188416K, used 143589K [0x0000000080000000, 0x0000000100000000)
  region size 1024K, 41 young (41984K), 4 survivors (4096K)
 Metaspace       used 96137K, committed 96768K, reserved 1179648K
  class space    used 12711K, committed 12992K, reserved 1048576K
}
Event: 6.577 GC heap after
{Heap after GC invocations=42 (full 0):
 garbage-first heap   total 188416K, used 108103K [0x0000000080000000, 0x0000000100000000)
  region size 1024K, 6 young (6144K), 6 survivors (6144K)
 Metaspace       used 96137K, committed 96768K, reserved 1179648K
  class space    used 12711K, committed 12992K, reserved 1048576K
}
Event: 6.603 GC heap before
{Heap before GC invocations=42 (full 0):
 garbage-first heap   total 188416K, used 111175K [0x0000000080000000, 0x0000000100000000)
  region size 1024K, 9 young (9216K), 6 survivors (6144K)
 Metaspace       used 96497K, committed 97152K, reserved 1179648K
  class space    used 12769K, committed 13056K, reserved 1048576K
}
Event: 6.605 GC heap after
{Heap after GC invocations=43 (full 0):
 garbage-first heap   total 188416K, used 108494K [0x0000000080000000, 0x0000000100000000)
  region size 1024K, 1 young (1024K), 1 survivors (1024K)
 Metaspace       used 96497K, committed 97152K, reserved 1179648K
  class space    used 12769K, committed 13056K, reserved 1048576K
}
Event: 7.015 GC heap before
{Heap before GC invocations=43 (full 0):
 garbage-first heap   total 188416K, used 154574K [0x0000000080000000, 0x0000000100000000)
  region size 1024K, 46 young (47104K), 1 survivors (1024K)
 Metaspace       used 101774K, committed 102400K, reserved 1179648K
  class space    used 13324K, committed 13568K, reserved 1048576K
}
Event: 7.017 GC heap after
{Heap after GC invocations=44 (full 0):
 garbage-first heap   total 188416K, used 110719K [0x0000000080000000, 0x0000000100000000)
  region size 1024K, 4 young (4096K), 4 survivors (4096K)
 Metaspace       used 101774K, committed 102400K, reserved 1179648K
  class space    used 13324K, committed 13568K, reserved 1048576K
}
Event: 7.369 GC heap before
{Heap before GC invocations=45 (full 0):
 garbage-first heap   total 193536K, used 154751K [0x0000000080000000, 0x0000000100000000)
  region size 1024K, 47 young (48128K), 4 survivors (4096K)
 Metaspace       used 108017K, committed 108672K, reserved 1179648K
  class space    used 14000K, committed 14272K, reserved 1048576K
}
Event: 7.371 GC heap after
{Heap after GC invocations=46 (full 0):
 garbage-first heap   total 193536K, used 111787K [0x0000000080000000, 0x0000000100000000)
  region size 1024K, 5 young (5120K), 5 survivors (5120K)
 Metaspace       used 108017K, committed 108672K, reserved 1179648K
  class space    used 14000K, committed 14272K, reserved 1048576K
}
Event: 7.403 GC heap before
{Heap before GC invocations=46 (full 0):
 garbage-first heap   total 193536K, used 114859K [0x0000000080000000, 0x0000000100000000)
  region size 1024K, 9 young (9216K), 5 survivors (5120K)
 Metaspace       used 108737K, committed 109376K, reserved 1179648K
  class space    used 14078K, committed 14336K, reserved 1048576K
}
Event: 7.405 GC heap after
{Heap after GC invocations=47 (full 0):
 garbage-first heap   total 193536K, used 110933K [0x0000000080000000, 0x0000000100000000)
  region size 1024K, 2 young (2048K), 2 survivors (2048K)
 Metaspace       used 108737K, committed 109376K, reserved 1179648K
  class space    used 14078K, committed 14336K, reserved 1048576K
}
Event: 7.833 GC heap before
{Heap before GC invocations=47 (full 0):
 garbage-first heap   total 193536K, used 161109K [0x0000000080000000, 0x0000000100000000)
  region size 1024K, 51 young (52224K), 2 survivors (2048K)
 Metaspace       used 114266K, committed 114944K, reserved 1179648K
  class space    used 14654K, committed 14976K, reserved 1048576K
}

Dll operation events (3 events):
Event: 0.005 Loaded shared library C:\Program Files\Android\Android Studio\jbr\bin\java.dll
Event: 0.081 Loaded shared library C:\Program Files\Android\Android Studio\jbr\bin\zip.dll
Event: 0.275 Loaded shared library C:\Program Files\Android\Android Studio\jbr\bin\verify.dll

Deoptimization events (20 events):
Event: 7.809 Thread 0x00000154249f04e0 Uncommon trap: trap_request=0xffffff45 fr.pc=0x000001540da148d0 relative=0x0000000000003590
Event: 7.809 Thread 0x00000154249f04e0 Uncommon trap: reason=unstable_if action=reinterpret pc=0x000001540da148d0 method=org.jetbrains.kotlin.metadata.ProtoBuf$ValueParameter.writeTo(Lorg/jetbrains/kotlin/protobuf/CodedOutputStream;)V @ 118 c2
Event: 7.809 Thread 0x00000154249f04e0 DEOPT PACKING pc=0x000001540da148d0 sp=0x0000001dec9f5960
Event: 7.809 Thread 0x00000154249f04e0 DEOPT UNPACKING pc=0x000001540ce869a3 sp=0x0000001dec9f5810 mode 2
Event: 7.809 Thread 0x00000154249f04e0 Uncommon trap: trap_request=0xffffffde fr.pc=0x000001540d989c00 relative=0x0000000000000840
Event: 7.809 Thread 0x00000154249f04e0 Uncommon trap: reason=class_check action=maybe_recompile pc=0x000001540d989c00 method=org.jetbrains.kotlin.metadata.ProtoBuf$TypeParameter.getSerializedSize()I @ 153 c2
Event: 7.809 Thread 0x00000154249f04e0 DEOPT PACKING pc=0x000001540d989c00 sp=0x0000001dec9f5820
Event: 7.809 Thread 0x00000154249f04e0 DEOPT UNPACKING pc=0x000001540ce869a3 sp=0x0000001dec9f57d8 mode 2
Event: 7.810 Thread 0x00000154249f04e0 Uncommon trap: trap_request=0xffffffde fr.pc=0x000001540d989c00 relative=0x0000000000000840
Event: 7.810 Thread 0x00000154249f04e0 Uncommon trap: reason=class_check action=maybe_recompile pc=0x000001540d989c00 method=org.jetbrains.kotlin.metadata.ProtoBuf$TypeParameter.getSerializedSize()I @ 153 c2
Event: 7.810 Thread 0x00000154249f04e0 DEOPT PACKING pc=0x000001540d989c00 sp=0x0000001dec9f5820
Event: 7.810 Thread 0x00000154249f04e0 DEOPT UNPACKING pc=0x000001540ce869a3 sp=0x0000001dec9f57d8 mode 2
Event: 7.816 Thread 0x00000154249f04e0 Uncommon trap: trap_request=0xffffffde fr.pc=0x000001540d8ad814 relative=0x0000000000000c14
Event: 7.816 Thread 0x00000154249f04e0 Uncommon trap: reason=class_check action=maybe_recompile pc=0x000001540d8ad814 method=java.util.HashMap.computeIfAbsent(Ljava/lang/Object;Ljava/util/function/Function;)Ljava/lang/Object; @ 142 c2
Event: 7.816 Thread 0x00000154249f04e0 DEOPT PACKING pc=0x000001540d8ad814 sp=0x0000001dec9f5b90
Event: 7.816 Thread 0x00000154249f04e0 DEOPT UNPACKING pc=0x000001540ce869a3 sp=0x0000001dec9f5b40 mode 2
Event: 7.819 Thread 0x00000154249f04e0 Uncommon trap: trap_request=0xffffffde fr.pc=0x000001540d8ad814 relative=0x0000000000000c14
Event: 7.819 Thread 0x00000154249f04e0 Uncommon trap: reason=class_check action=maybe_recompile pc=0x000001540d8ad814 method=java.util.HashMap.computeIfAbsent(Ljava/lang/Object;Ljava/util/function/Function;)Ljava/lang/Object; @ 142 c2
Event: 7.819 Thread 0x00000154249f04e0 DEOPT PACKING pc=0x000001540d8ad814 sp=0x0000001dec9f5b90
Event: 7.819 Thread 0x00000154249f04e0 DEOPT UNPACKING pc=0x000001540ce869a3 sp=0x0000001dec9f5b40 mode 2

Classes unloaded (0 events):
No events

Classes redefined (0 events):
No events

Internal exceptions (20 events):
Event: 4.240 Thread 0x00000154249f04e0 Exception <a 'java/lang/NoSuchMethodError'{0x000000008c0958c0}: 'void java.lang.invoke.DelegatingMethodHandle$Holder.reinvoke_L(java.lang.Object, java.lang.Object, java.lang.Object, long, java.lang.Object)'> (0x000000008c0958c0) 
thrown [s\src\hotspot\share\interpreter\linkResolver.cpp, line 771]
Event: 4.240 Thread 0x00000154249f04e0 Exception <a 'java/lang/NoSuchMethodError'{0x000000008c09e1f0}: 'java.lang.Object java.lang.invoke.DirectMethodHandle$Holder.invokeSpecial(java.lang.Object, java.lang.Object, java.lang.Object, java.lang.Object, long)'> (0x000000008c09e1f0) 
thrown [s\src\hotspot\share\interpreter\linkResolver.cpp, line 771]
Event: 4.240 Thread 0x00000154249f04e0 Exception <a 'java/lang/NoSuchMethodError'{0x000000008c0aec68}: 'int java.lang.invoke.DelegatingMethodHandle$Holder.reinvoke_L(java.lang.Object, java.lang.Object, java.lang.Object, long, java.lang.Object, java.lang.Object)'> (0x000000008c0aec68) 
thrown [s\src\hotspot\share\interpreter\linkResolver.cpp, line 771]
Event: 4.241 Thread 0x00000154249f04e0 Exception <a 'java/lang/NoSuchMethodError'{0x000000008c0bf490}: 'int java.lang.invoke.DelegatingMethodHandle$Holder.reinvoke_L(java.lang.Object, java.lang.Object, java.lang.Object, long, int, int)'> (0x000000008c0bf490) 
thrown [s\src\hotspot\share\interpreter\linkResolver.cpp, line 771]
Event: 4.241 Thread 0x00000154249f04e0 Exception <a 'java/lang/NoSuchMethodError'{0x000000008c0cf308}: 'int java.lang.invoke.DelegatingMethodHandle$Holder.reinvoke_L(java.lang.Object, java.lang.Object, java.lang.Object, long, long, long)'> (0x000000008c0cf308) 
thrown [s\src\hotspot\share\interpreter\linkResolver.cpp, line 771]
Event: 4.242 Thread 0x00000154249f04e0 Exception <a 'java/lang/NoSuchMethodError'{0x000000008c0dee60}: 'int java.lang.invoke.DelegatingMethodHandle$Holder.reinvoke_L(java.lang.Object, java.lang.Object, java.lang.Object, long, int)'> (0x000000008c0dee60) 
thrown [s\src\hotspot\share\interpreter\linkResolver.cpp, line 771]
Event: 4.461 Thread 0x00000154249f04e0 Exception <a 'java/lang/NoSuchMethodError'{0x000000008c0dfda0}: 'void java.lang.invoke.DirectMethodHandle$Holder.invokeVirtual(java.lang.Object, java.lang.Object)'> (0x000000008c0dfda0) 
thrown [s\src\hotspot\share\interpreter\linkResolver.cpp, line 771]
Event: 4.573 Thread 0x00000154249f04e0 Exception <a 'java/lang/NoSuchMethodError'{0x000000008611f4e8}: 'java.lang.Object java.lang.invoke.Invokers$Holder.invokeExact_MT(java.lang.Object, java.lang.Object, long, java.lang.Object)'> (0x000000008611f4e8) 
thrown [s\src\hotspot\share\interpreter\linkResolver.cpp, line 771]
Event: 4.595 Thread 0x00000154249f04e0 Exception <a 'java/lang/NoSuchMethodError'{0x0000000085f90df8}: 'java.lang.Object java.lang.invoke.Invokers$Holder.invoke_MT(java.lang.Object, java.lang.Object, java.lang.Object)'> (0x0000000085f90df8) 
thrown [s\src\hotspot\share\interpreter\linkResolver.cpp, line 771]
Event: 4.727 Thread 0x00000154249f04e0 Implicit null exception at 0x000001540d5f6479 to 0x000001540d5f73f8
Event: 4.733 Thread 0x00000154249f04e0 Implicit null exception at 0x000001540d878429 to 0x000001540d879cf8
Event: 5.856 Thread 0x00000154249f04e0 Exception <a 'java/lang/NoSuchMethodError'{0x0000000089934e28}: 'java.lang.Object java.lang.invoke.DirectMethodHandle$Holder.invokeStatic(java.lang.Object, java.lang.Object, java.lang.Object, java.lang.Object, int)'> (0x0000000089934e28) 
thrown [s\src\hotspot\share\interpreter\linkResolver.cpp, line 771]
Event: 6.910 Thread 0x00000154249f04e0 Exception <a 'java/lang/NoSuchMethodError'{0x000000008956ecb8}: 'java.lang.Object java.lang.invoke.DirectMethodHandle$Holder.newInvokeSpecial(java.lang.Object, java.lang.Object, java.lang.Object, int, int, java.lang.Object, java.lang.Object)'> (0x000000008956ecb8) 
thrown [s\src\hotspot\share\interpreter\linkResolver.cpp, line 771]
Event: 7.696 Thread 0x00000154249f04e0 Exception <a 'sun/nio/fs/WindowsException'{0x0000000089bba110}> (0x0000000089bba110) 
thrown [s\src\hotspot\share\prims\jni.cpp, line 531]
Event: 7.696 Thread 0x00000154249f04e0 Exception <a 'sun/nio/fs/WindowsException'{0x0000000089bbba10}> (0x0000000089bbba10) 
thrown [s\src\hotspot\share\prims\jni.cpp, line 531]
Event: 7.711 Thread 0x00000154249f04e0 Exception <a 'sun/nio/fs/WindowsException'{0x0000000089acce20}> (0x0000000089acce20) 
thrown [s\src\hotspot\share\prims\jni.cpp, line 531]
Event: 7.711 Thread 0x00000154249f04e0 Exception <a 'sun/nio/fs/WindowsException'{0x0000000089acd018}> (0x0000000089acd018) 
thrown [s\src\hotspot\share\prims\jni.cpp, line 531]
Event: 7.777 Thread 0x00000154249f04e0 Exception <a 'java/lang/IncompatibleClassChangeError'{0x0000000089413168}: Found class java.lang.Object, but interface was expected> (0x0000000089413168) 
thrown [s\src\hotspot\share\interpreter\linkResolver.cpp, line 838]
Event: 7.789 Thread 0x00000154249f04e0 Exception <a 'sun/nio/fs/WindowsException'{0x00000000894b9620}> (0x00000000894b9620) 
thrown [s\src\hotspot\share\prims\jni.cpp, line 531]
Event: 7.790 Thread 0x00000154249f04e0 Exception <a 'sun/nio/fs/WindowsException'{0x00000000894bb130}> (0x00000000894bb130) 
thrown [s\src\hotspot\share\prims\jni.cpp, line 531]

VM Operations (20 events):
Event: 7.336 Executing VM operation: HandshakeAllThreads done
Event: 7.369 Executing VM operation: G1CollectForAllocation
Event: 7.371 Executing VM operation: G1CollectForAllocation done
Event: 7.403 Executing VM operation: G1CollectForAllocation
Event: 7.405 Executing VM operation: G1CollectForAllocation done
Event: 7.471 Executing VM operation: HandshakeAllThreads
Event: 7.471 Executing VM operation: HandshakeAllThreads done
Event: 7.502 Executing VM operation: HandshakeAllThreads
Event: 7.502 Executing VM operation: HandshakeAllThreads done
Event: 7.523 Executing VM operation: HandshakeAllThreads
Event: 7.523 Executing VM operation: HandshakeAllThreads done
Event: 7.568 Executing VM operation: HandshakeAllThreads
Event: 7.568 Executing VM operation: HandshakeAllThreads done
Event: 7.684 Executing VM operation: HandshakeAllThreads
Event: 7.684 Executing VM operation: HandshakeAllThreads done
Event: 7.716 Executing VM operation: HandshakeAllThreads
Event: 7.716 Executing VM operation: HandshakeAllThreads done
Event: 7.751 Executing VM operation: ICBufferFull
Event: 7.751 Executing VM operation: ICBufferFull done
Event: 7.833 Executing VM operation: G1CollectForAllocation

Events (20 events):
Event: 7.291 Thread 0x000001541d849490 flushing nmethod 0x0000015406842010
Event: 7.291 Thread 0x000001541d849490 flushing nmethod 0x0000015406847e10
Event: 7.292 Thread 0x000001541d849490 flushing nmethod 0x000001540687ff10
Event: 7.292 Thread 0x000001541d849490 flushing nmethod 0x00000154068f5990
Event: 7.292 Thread 0x000001541d849490 flushing nmethod 0x0000015406908710
Event: 7.292 Thread 0x000001541d849490 flushing nmethod 0x000001540696c410
Event: 7.292 Thread 0x000001541d849490 flushing nmethod 0x000001540699e910
Event: 7.292 Thread 0x000001541d849490 flushing nmethod 0x00000154069a2710
Event: 7.292 Thread 0x000001541d849490 flushing nmethod 0x00000154069a3c10
Event: 7.292 Thread 0x000001541d849490 flushing nmethod 0x00000154069c9d10
Event: 7.292 Thread 0x000001541d849490 flushing nmethod 0x00000154069e2910
Event: 7.292 Thread 0x000001541d849490 flushing nmethod 0x00000154069e5090
Event: 7.292 Thread 0x000001541d849490 flushing nmethod 0x00000154069fbd10
Event: 7.327 Thread 0x000001541da1a4d0 Thread exited: 0x000001541da1a4d0
Event: 7.627 loading class java/util/Vector$Itr
Event: 7.627 loading class java/util/Vector$Itr done
Event: 7.687 loading class java/lang/Byte$ByteCache
Event: 7.687 loading class java/lang/Byte$ByteCache done
Event: 7.722 Thread 0x00000154261ef5a0 Thread added: 0x00000154261ef5a0
Event: 7.722 Thread 0x00000154261f4ff0 Thread added: 0x00000154261f4ff0


Dynamic libraries:
0x00007ff7dc300000 - 0x00007ff7dc30a000 	C:\Program Files\Android\Android Studio\jbr\bin\java.exe
0x00007ffad8770000 - 0x00007ffad8987000 	C:\windows\SYSTEM32\ntdll.dll
0x00007ffad6660000 - 0x00007ffad6724000 	C:\windows\System32\KERNEL32.DLL
0x00007ffad5dc0000 - 0x00007ffad616d000 	C:\windows\System32\KERNELBASE.dll
0x00007ffad5c00000 - 0x00007ffad5d11000 	C:\windows\System32\ucrtbase.dll
0x00007ffaa5000000 - 0x00007ffaa501b000 	C:\Program Files\Android\Android Studio\jbr\bin\VCRUNTIME140.dll
0x00007ffac5ac0000 - 0x00007ffac5ad7000 	C:\Program Files\Android\Android Studio\jbr\bin\jli.dll
0x00007ffad8120000 - 0x00007ffad82ce000 	C:\windows\System32\USER32.dll
0x00007ffaaccc0000 - 0x00007ffaacf53000 	C:\windows\WinSxS\amd64_microsoft.windows.common-controls_6595b64144ccf1df_6.0.22621.3672_none_2713b9d173822955\COMCTL32.dll
0x00007ffad61a0000 - 0x00007ffad61c6000 	C:\windows\System32\win32u.dll
0x00007ffad82d0000 - 0x00007ffad8377000 	C:\windows\System32\msvcrt.dll
0x00007ffad80f0000 - 0x00007ffad8119000 	C:\windows\System32\GDI32.dll
0x00007ffad6380000 - 0x00007ffad6499000 	C:\windows\System32\gdi32full.dll
0x00007ffad5d20000 - 0x00007ffad5dba000 	C:\windows\System32\msvcp_win.dll
0x00007ffad8400000 - 0x00007ffad8431000 	C:\windows\System32\IMM32.DLL
0x00007ffac4b80000 - 0x00007ffac4b8c000 	C:\Program Files\Android\Android Studio\jbr\bin\vcruntime140_1.dll
0x00007ffa8ce70000 - 0x00007ffa8cefd000 	C:\Program Files\Android\Android Studio\jbr\bin\msvcp140.dll
0x00007ffa7d5d0000 - 0x00007ffa7e253000 	C:\Program Files\Android\Android Studio\jbr\bin\server\jvm.dll
0x00007ffad7b40000 - 0x00007ffad7bf2000 	C:\windows\System32\ADVAPI32.dll
0x00007ffad7e30000 - 0x00007ffad7ed9000 	C:\windows\System32\sechost.dll
0x00007ffad6170000 - 0x00007ffad6198000 	C:\windows\System32\bcrypt.dll
0x00007ffad64a0000 - 0x00007ffad65b4000 	C:\windows\System32\RPCRT4.dll
0x00007ffaa0b00000 - 0x00007ffaa0b09000 	C:\windows\SYSTEM32\WSOCK32.dll
0x00007ffad65e0000 - 0x00007ffad6651000 	C:\windows\System32\WS2_32.dll
0x00007ffacade0000 - 0x00007ffacae14000 	C:\windows\SYSTEM32\WINMM.dll
0x00007ffad4dd0000 - 0x00007ffad4e1d000 	C:\windows\SYSTEM32\POWRPROF.dll
0x00007ffac5400000 - 0x00007ffac540a000 	C:\windows\SYSTEM32\VERSION.dll
0x00007ffad4d60000 - 0x00007ffad4d73000 	C:\windows\SYSTEM32\UMPDC.dll
0x00007ffad4a20000 - 0x00007ffad4a38000 	C:\windows\SYSTEM32\kernel.appcore.dll
0x00007ffad2870000 - 0x00007ffad287a000 	C:\Program Files\Android\Android Studio\jbr\bin\jimage.dll
0x00007ffaafd70000 - 0x00007ffaaffa2000 	C:\windows\SYSTEM32\DBGHELP.DLL
0x00007ffad6d80000 - 0x00007ffad710d000 	C:\windows\System32\combase.dll
0x00007ffad8650000 - 0x00007ffad8727000 	C:\windows\System32\OLEAUT32.dll
0x00007ffaa7340000 - 0x00007ffaa7372000 	C:\windows\SYSTEM32\dbgcore.DLL
0x00007ffad6300000 - 0x00007ffad637b000 	C:\windows\System32\bcryptPrimitives.dll
0x00007ffac6070000 - 0x00007ffac607e000 	C:\Program Files\Android\Android Studio\jbr\bin\instrument.dll
0x00007ffac6080000 - 0x00007ffac60a5000 	C:\Program Files\Android\Android Studio\jbr\bin\java.dll
0x00007ffac6560000 - 0x00007ffac6578000 	C:\Program Files\Android\Android Studio\jbr\bin\zip.dll
0x00007ffad7110000 - 0x00007ffad7978000 	C:\windows\System32\SHELL32.dll
0x00007ffad3990000 - 0x00007ffad428e000 	C:\windows\SYSTEM32\windows.storage.dll
0x00007ffad3850000 - 0x00007ffad398f000 	C:\windows\SYSTEM32\wintypes.dll
0x00007ffad6730000 - 0x00007ffad6829000 	C:\windows\System32\SHCORE.dll
0x00007ffad7d70000 - 0x00007ffad7dce000 	C:\windows\System32\shlwapi.dll
0x00007ffad59c0000 - 0x00007ffad59e1000 	C:\windows\SYSTEM32\profapi.dll
0x00007ffac6200000 - 0x00007ffac6219000 	C:\Program Files\Android\Android Studio\jbr\bin\net.dll
0x00007ffad0ac0000 - 0x00007ffad0bf6000 	C:\windows\SYSTEM32\WINHTTP.dll
0x00007ffad4fd0000 - 0x00007ffad5039000 	C:\windows\system32\mswsock.dll
0x00007ffac6110000 - 0x00007ffac6126000 	C:\Program Files\Android\Android Studio\jbr\bin\nio.dll
0x00007ffad0640000 - 0x00007ffad0650000 	C:\Program Files\Android\Android Studio\jbr\bin\verify.dll
0x00007ffaa0890000 - 0x00007ffaa08b7000 	C:\Users\user\.gradle\native\c067742578af261105cb4f569cf0c3c89f3d7b1fecec35dd04571415982c5e48\windows-amd64\native-platform.dll
0x00007ffa843a0000 - 0x00007ffa844e4000 	C:\Users\user\.gradle\native\38dada09dfb8b06ba9b0570ebf7e218e3eb74d4ef43ca46872605cf95ebc2f47\windows-amd64\native-platform-file-events.dll
0x00007ffad1c00000 - 0x00007ffad1c09000 	C:\Program Files\Android\Android Studio\jbr\bin\management.dll
0x00007ffad09a0000 - 0x00007ffad09ab000 	C:\Program Files\Android\Android Studio\jbr\bin\management_ext.dll
0x00007ffad83a0000 - 0x00007ffad83a8000 	C:\windows\System32\PSAPI.DLL
0x00007ffad5320000 - 0x00007ffad533b000 	C:\windows\SYSTEM32\CRYPTSP.dll
0x00007ffad49e0000 - 0x00007ffad4a15000 	C:\windows\system32\rsaenh.dll
0x00007ffad5070000 - 0x00007ffad5098000 	C:\windows\SYSTEM32\USERENV.dll
0x00007ffad5300000 - 0x00007ffad530c000 	C:\windows\SYSTEM32\CRYPTBASE.dll
0x00007ffad4530000 - 0x00007ffad455d000 	C:\windows\SYSTEM32\IPHLPAPI.DLL
0x00007ffad8390000 - 0x00007ffad8399000 	C:\windows\System32\NSI.dll
0x00007ffad10e0000 - 0x00007ffad10f9000 	C:\windows\SYSTEM32\dhcpcsvc6.DLL
0x00007ffad10a0000 - 0x00007ffad10bf000 	C:\windows\SYSTEM32\dhcpcsvc.DLL
0x00007ffad4560000 - 0x00007ffad4658000 	C:\windows\SYSTEM32\DNSAPI.dll
0x00007ffad2840000 - 0x00007ffad2849000 	C:\Program Files\Android\Android Studio\jbr\bin\extnet.dll
0x00007ffa9dc30000 - 0x00007ffa9dc38000 	C:\windows\system32\wshunix.dll

dbghelp: loaded successfully - version: 4.0.5 - missing functions: none
symbol engine: initialized successfully - sym options: 0x614 - pdb path: .;C:\Program Files\Android\Android Studio\jbr\bin;C:\windows\SYSTEM32;C:\windows\WinSxS\amd64_microsoft.windows.common-controls_6595b64144ccf1df_6.0.22621.3672_none_2713b9d173822955;C:\Program Files\Android\Android Studio\jbr\bin\server;C:\Users\user\.gradle\native\c067742578af261105cb4f569cf0c3c89f3d7b1fecec35dd04571415982c5e48\windows-amd64;C:\Users\user\.gradle\native\38dada09dfb8b06ba9b0570ebf7e218e3eb74d4ef43ca46872605cf95ebc2f47\windows-amd64

VM Arguments:
jvm_args: --add-opens=java.base/java.util=ALL-UNNAMED --add-opens=java.base/java.lang=ALL-UNNAMED --add-opens=java.base/java.lang.invoke=ALL-UNNAMED --add-opens=java.prefs/java.util.prefs=ALL-UNNAMED --add-opens=java.base/java.nio.charset=ALL-UNNAMED --add-opens=java.base/java.net=ALL-UNNAMED --add-opens=java.base/java.util.concurrent.atomic=ALL-UNNAMED -Xmx2048m -Dfile.encoding=UTF-8 -Duser.country=KR -Duser.language=ko -Duser.variant -javaagent:C:\Users\user\.gradle\wrapper\dists\gradle-8.7-bin\bhs2wmbdwecv87pi65oeuq5iu\gradle-8.7\lib\agents\gradle-instrumentation-agent-8.7.jar 
java_command: org.gradle.launcher.daemon.bootstrap.GradleDaemon 8.7
java_class_path (initial): C:\Users\user\.gradle\wrapper\dists\gradle-8.7-bin\bhs2wmbdwecv87pi65oeuq5iu\gradle-8.7\lib\gradle-launcher-8.7.jar
Launcher Type: SUN_STANDARD

[Global flags]
     intx CICompilerCount                          = 12                                        {product} {ergonomic}
     uint ConcGCThreads                            = 3                                         {product} {ergonomic}
     uint G1ConcRefinementThreads                  = 13                                        {product} {ergonomic}
   size_t G1HeapRegionSize                         = 1048576                                   {product} {ergonomic}
    uintx GCDrainStackTargetSize                   = 64                                        {product} {ergonomic}
   size_t InitialHeapSize                          = 264241152                                 {product} {ergonomic}
   size_t MarkStackSize                            = 4194304                                   {product} {ergonomic}
   size_t MaxHeapSize                              = 2147483648                                {product} {command line}
   size_t MaxNewSize                               = 1287651328                                {product} {ergonomic}
   size_t MinHeapDeltaBytes                        = 1048576                                   {product} {ergonomic}
   size_t MinHeapSize                              = 8388608                                   {product} {ergonomic}
    uintx NonNMethodCodeHeapSize                   = 7602480                                {pd product} {ergonomic}
    uintx NonProfiledCodeHeapSize                  = 122027880                              {pd product} {ergonomic}
    uintx ProfiledCodeHeapSize                     = 122027880                              {pd product} {ergonomic}
    uintx ReservedCodeCacheSize                    = 251658240                              {pd product} {ergonomic}
     bool SegmentedCodeCache                       = true                                      {product} {ergonomic}
   size_t SoftMaxHeapSize                          = 2147483648                             {manageable} {ergonomic}
     bool UseCompressedClassPointers               = true                           {product lp64_product} {ergonomic}
     bool UseCompressedOops                        = true                           {product lp64_product} {ergonomic}
     bool UseG1GC                                  = true                                      {product} {ergonomic}
     bool UseLargePagesIndividualAllocation        = false                                  {pd product} {ergonomic}

Logging:
Log output configuration:
 #0: stdout all=warning uptime,level,tags
 #1: stderr all=off uptime,level,tags

Environment Variables:
JAVA_HOME=C:\Users\user\playground\jdk-17.0.10
PATH=C:\oraclexe\app\oracle\product\10.2.0\server\bin;C:\windows\system32;C:\windows;C:\windows\System32\Wbem;C:\windows\System32\WindowsPowerShell\v1.0\;C:\windows\System32\OpenSSH\;C:\Program Files\Git\cmd;C:\Program Files\Bandizip\;C:\Program Files\dotnet\;C:\Program Files\nodejs\;C:\Users\user\AppData\Local\Microsoft\WindowsApps;C:\Users\user\AppData\Local\Programs\Microsoft VS Code\bin;C:\Users\user\AppData\Roaming\npm;C:\Users\user\playground\jdk-17.0.10\bin;
USERNAME=user
OS=Windows_NT
PROCESSOR_IDENTIFIER=Intel64 Family 6 Model 191 Stepping 2, GenuineIntel
TMP=C:\Users\user\AppData\Local\Temp
TEMP=C:\Users\user\AppData\Local\Temp



Periodic native trim disabled

JNI global refs:
JNI global refs: 36, weak refs: 11

JNI global refs memory usage: 843, weak refs: 841

Process memory usage:
Resident Set Size: 496200K (3% of 16446036K total physical memory with 633380K free physical memory)

OOME stack traces (most recent first):
Classloader memory used:
Loader org.gradle.internal.classloader.VisitableURLClassLoader                         : 10641K
Loader bootstrap                                                                       : 2506K
Loader org.gradle.initialization.MixInLegacyTypesClassLoader                           : 798K
Loader org.gradle.internal.classloader.VisitableURLClassLoader                         : 83404B
Loader org.gradle.internal.classloader.VisitableURLClassLoader$InstrumentingVisitableURLClassLoader: 74275B
Loader jdk.internal.loader.ClassLoaders$PlatformClassLoader                            : 69403B
Loader jdk.internal.jrtfs.JrtFileSystemProvider$JrtFsLoader                            : 42400B
Loader jdk.internal.reflect.DelegatingClassLoader                                      : 28948B
Loader jdk.internal.loader.ClassLoaders$AppClassLoader                                 : 28771B
Loader org.gradle.groovy.scripts.internal.DefaultScriptCompilationHandler$ScriptClassLoader: 10755B
Loader org.codehaus.groovy.runtime.callsite.CallSiteClassLoader                        : 6077B

Classes loaded by more than one classloader:
Class org.gradle.api.GradleException                                                  : loaded 3 times (x 80B)
Class org.gradle.util.GradleVersion                                                   : loaded 2 times (x 81B)
Class sync_studio_tooling4_42t3ezq1j3li2ceqhmqb9o7nq$_run_closure1                    : loaded 2 times (x 137B)
Class org.jetbrains.plugins.gradle.model.MavenRepositoryModel                         : loaded 2 times (x 68B)
Class org.gradle.internal.classpath.ClassPath                                         : loaded 2 times (x 68B)
Class org.gradle.api.internal.classpath.DefaultModuleRegistry                         : loaded 2 times (x 84B)
Class org.gradle.internal.exceptions.NonGradleCauseExceptionsHolder                   : loaded 2 times (x 68B)
Class jdk.internal.jimage.BasicImageReader$1                                          : loaded 2 times (x 75B)
Class org.gradle.api.Action                                                           : loaded 2 times (x 68B)
Class jdk.internal.jimage.ImageBufferCache$1                                          : loaded 2 times (x 78B)
Class jdk.internal.jimage.ImageBufferCache$2                                          : loaded 2 times (x 89B)
Class org.gradle.api.internal.DefaultClassPathProvider                                : loaded 2 times (x 74B)
Class org.gradle.internal.installation.GradleInstallation$1                           : loaded 2 times (x 73B)
Class jdk.internal.jrtfs.SystemImage$1                                                : loaded 2 times (x 76B)
Class jdk.internal.jrtfs.SystemImage$2                                                : loaded 2 times (x 74B)
Class org.gradle.internal.exceptions.DefaultMultiCauseException                       : loaded 2 times (x 93B)
Class org.gradle.internal.time.MonotonicClock                                         : loaded 2 times (x 75B)
Class org.gradle.internal.classloader.FilteringClassLoader                            : loaded 2 times (x 103B)
Class jdk.internal.jimage.ImageReader$Resource                                        : loaded 2 times (x 82B)
Class jdk.internal.jrtfs.SystemImage                                                  : loaded 2 times (x 72B)
Class org.gradle.internal.classpath.DefaultClassPath$ImmutableUniqueList$Builder      : loaded 2 times (x 73B)
Class jdk.internal.jrtfs.JrtDirectoryStream$1                                         : loaded 2 times (x 81B)
Class org.gradle.internal.classloader.ClassLoaderVisitor                              : loaded 2 times (x 74B)
Class org.gradle.internal.time.DefaultCountdownTimer                                  : loaded 2 times (x 86B)
Class org.gradle.internal.service.DefaultServiceLocator                               : loaded 2 times (x 81B)
Class org.gradle.internal.service.UnknownServiceException                             : loaded 2 times (x 81B)
Class org.gradle.internal.classloader.DefaultClassLoaderFactory                       : loaded 2 times (x 80B)
Class jdk.internal.jimage.ImageReader$SharedImageReader                               : loaded 2 times (x 93B)
Class jdk.internal.jimage.decompressor.ZipDecompressorFactory                         : loaded 2 times (x 72B)
Class org.gradle.internal.classloader.VisitableURLClassLoader$Spec                    : loaded 2 times (x 72B)
Class org.gradle.tooling.model.ProjectModel                                           : loaded 2 times (x 68B)
Class org.gradle.internal.installation.GradleInstallation                             : loaded 2 times (x 73B)
Class org.gradle.api.internal.classpath.ModuleRegistry                                : loaded 2 times (x 68B)
Class org.jetbrains.plugins.gradle.model.RepositoriesModel                            : loaded 2 times (x 68B)
Class kotlin.jvm.internal.markers.KMappedMarker                                       : loaded 2 times (x 68B)
Class org.gradle.api.internal.ClassPathProvider                                       : loaded 2 times (x 68B)
Class org.gradle.internal.classloader.ClasspathUtil$1                                 : loaded 2 times (x 74B)
Class org.gradle.internal.classloader.ClassLoaderFactory                              : loaded 2 times (x 68B)
Class jdk.internal.jimage.ImageHeader                                                 : loaded 2 times (x 69B)
Class org.gradle.api.internal.classpath.ManifestUtil                                  : loaded 2 times (x 69B)
Class org.gradle.api.specs.Spec                                                       : loaded 2 times (x 68B)
Class org.gradle.internal.IoActions                                                   : loaded 2 times (x 69B)
Class jdk.internal.jimage.decompressor.StringSharingDecompressorFactory               : loaded 2 times (x 72B)
Class org.gradle.api.internal.classpath.EffectiveClassPath                            : loaded 2 times (x 88B)
Class kotlin.jvm.internal.DefaultConstructorMarker                                    : loaded 2 times (x 69B)
Class org.gradle.internal.exceptions.ResolutionProvider                               : loaded 2 times (x 68B)
Class org.gradle.internal.installation.CurrentGradleInstallation                      : loaded 2 times (x 71B)
Class org.gradle.internal.agents.InstrumentingClassLoader                             : loaded 2 times (x 68B)
Class org.gradle.internal.installation.CurrentGradleInstallationLocator               : loaded 2 times (x 69B)
Class org.gradle.api.internal.classpath.Module                                        : loaded 2 times (x 68B)
Class org.gradle.internal.service.CachingServiceLocator                               : loaded 2 times (x 80B)
Class org.gradle.internal.time.Timer                                                  : loaded 2 times (x 68B)
Class org.gradle.internal.classpath.DefaultClassPath                                  : loaded 2 times (x 88B)
Class jdk.internal.jimage.BasicImageReader                                            : loaded 2 times (x 93B)
Class jdk.internal.jimage.ImageLocation                                               : loaded 2 times (x 88B)
Class kotlin.jvm.functions.Function1                                                  : loaded 2 times (x 68B)
Class jdk.internal.jimage.ImageReader$Node                                            : loaded 2 times (x 82B)
Class org.gradle.internal.time.Time                                                   : loaded 2 times (x 69B)
Class jdk.internal.jimage.decompressor.CompressedResourceHeader                       : loaded 2 times (x 69B)
Class org.gradle.internal.time.TimeSource$1                                           : loaded 2 times (x 75B)
Class jdk.internal.jrtfs.JrtPath                                                      : loaded 2 times (x 116B)
Class jdk.internal.jimage.ImageStrings                                                : loaded 2 times (x 68B)
Class jdk.internal.jrtfs.JrtFileAttributes                                            : loaded 2 times (x 81B)
Class org.gradle.internal.classloader.SystemClassLoaderSpec                           : loaded 2 times (x 69B)
Class jdk.internal.jimage.decompressor.ResourceDecompressorRepository                 : loaded 2 times (x 69B)
Class kotlin.Function                                                                 : loaded 2 times (x 68B)
Class org.gradle.api.UncheckedIOException                                             : loaded 2 times (x 80B)
Class jdk.internal.jimage.decompressor.ResourceDecompressor$StringsProvider           : loaded 2 times (x 68B)
Class jdk.internal.jimage.decompressor.Decompressor                                   : loaded 2 times (x 70B)
Class jdk.internal.jrtfs.JrtFileSystem                                                : loaded 2 times (x 100B)
Class jdk.internal.jrtfs.JrtFileSystemProvider                                        : loaded 2 times (x 97B)
Class org.gradle.internal.time.CountdownTimer                                         : loaded 2 times (x 68B)
Class org.gradle.internal.time.Clock                                                  : loaded 2 times (x 68B)
Class org.gradle.internal.classloader.ClasspathUtil                                   : loaded 2 times (x 69B)
Class jdk.internal.jrtfs.JrtDirectoryStream                                           : loaded 2 times (x 87B)
Class jdk.internal.jimage.decompressor.ResourceDecompressor                           : loaded 2 times (x 68B)
Class org.gradle.api.internal.DefaultClassPathRegistry                                : loaded 2 times (x 74B)
Class ijInit1_bf6mh7a1x9afcdw40dx5hzd0g                                               : loaded 2 times (x 177B)
Class org.gradle.api.internal.classpath.DefaultModuleRegistry$DefaultModule           : loaded 2 times (x 84B)
Class org.gradle.internal.time.TimeSource                                             : loaded 2 times (x 68B)
Class org.gradle.api.internal.classpath.UnknownModuleException                        : loaded 2 times (x 80B)
Class org.gradle.internal.service.ServiceLookupException                              : loaded 2 times (x 80B)
Class jdk.internal.jimage.ImageStringsReader                                          : loaded 2 times (x 78B)
Class org.gradle.cache.GlobalCache                                                    : loaded 2 times (x 68B)
Class jdk.internal.jimage.decompressor.ResourceDecompressorFactory                    : loaded 2 times (x 72B)
Class [Lorg.gradle.api.internal.ClassPathProvider;                                    : loaded 2 times (x 67B)
Class jdk.internal.jimage.ImageReader$SharedImageReader$LocationVisitor               : loaded 2 times (x 68B)
Class org.gradle.internal.operations.MultipleBuildOperationFailures                   : loaded 2 times (x 93B)
Class org.gradle.util.internal.GUtil                                                  : loaded 2 times (x 69B)
Class jdk.internal.jimage.decompressor.ZipDecompressor                                : loaded 2 times (x 73B)
Class sync_studio_tooling4_42t3ezq1j3li2ceqhmqb9o7nq                                  : loaded 2 times (x 177B)
Class org.gradle.internal.classloader.ClassLoaderSpec                                 : loaded 2 times (x 69B)
Class org.gradle.internal.classloader.VisitableURLClassLoader                         : loaded 2 times (x 115B)
Class org.gradle.internal.Cast                                                        : loaded 2 times (x 69B)
Class org.gradle.api.internal.ClassPathRegistry                                       : loaded 2 times (x 68B)
Class org.gradle.internal.classloader.VisitableURLClassLoader$InstrumentingVisitableURLClassLoader: loaded 2 times (x 121B)
Class org.gradle.internal.classloader.ClassLoaderHierarchy                            : loaded 2 times (x 68B)
Class org.gradle.internal.exceptions.MultiCauseException                              : loaded 2 times (x 68B)
Class jdk.internal.jimage.ImageReader                                                 : loaded 2 times (x 73B)
Class org.gradle.internal.InternalTransformer                                         : loaded 2 times (x 68B)
Class org.gradle.internal.service.ServiceLocator                                      : loaded 2 times (x 68B)
Class org.gradle.internal.classpath.DefaultClassPath$ImmutableUniqueList              : loaded 2 times (x 159B)
Class jdk.internal.jimage.ImageBufferCache                                            : loaded 2 times (x 69B)
Class org.gradle.internal.time.DefaultTimer                                           : loaded 2 times (x 78B)
Class org.gradle.internal.classpath.TransformedClassPath                              : loaded 2 times (x 94B)
Class jdk.internal.jimage.ImageReader$Directory                                       : loaded 2 times (x 82B)


---------------  S Y S T E M  ---------------

OS:
 Windows 11 , 64 bit Build 22621 (10.0.22621.3958)
OS uptime: 10 days 22:00 hours
Hyper-V role detected

CPU: total 16 (initial active 16) (8 cores per cpu, 2 threads per core) family 6 model 191 stepping 2 microcode 0x26, cx8, cmov, fxsr, ht, mmx, 3dnowpref, sse, sse2, sse3, ssse3, sse4.1, sse4.2, popcnt, lzcnt, tsc, tscinvbit, avx, avx2, aes, erms, clmul, bmi1, bmi2, adx, sha, fma, vzeroupper, clflush, clflushopt, clwb, hv
Processor Information for all 16 processors :
  Max Mhz: 2500, Current Mhz: 2500, Mhz Limit: 2500

Memory: 4k page, system-wide physical 16060M (618M free)
TotalPageFile size 44310M (AvailPageFile size 25M)
current process WorkingSet (physical memory assigned to process): 482M, peak: 485M
current process commit charge ("private bytes"): 590M, peak: 698M

vm_info: OpenJDK 64-Bit Server VM (17.0.11+0--11852314) for windows-amd64 JRE (17.0.11+0--11852314), built on May 16 2024 21:29:20 by "androidbuild" with MS VC++ 16.10 / 16.11 (VS2019)

END.
